[ 2018-05-09T18:28:06+08:00 ] ::1 /paper/index.php/Teacher
INFO: [ app_init ] --START--
INFO: Run Behavior\BuildLiteBehavior [ RunTime:0.000024s ]
INFO: [ app_init ] --END-- [ RunTime:0.000830s ]
INFO: [ app_begin ] --START--
INFO: Run Behavior\ReadHtmlCacheBehavior [ RunTime:0.001088s ]
INFO: [ app_begin ] --END-- [ RunTime:0.001146s ]

[ 2018-05-09T18:28:06+08:00 ] ::1 /paper/index.php/Teacher/login/index.html
INFO: [ app_init ] --START--
INFO: Run Behavior\BuildLiteBehavior [ RunTime:0.000015s ]
INFO: [ app_init ] --END-- [ RunTime:0.000505s ]
INFO: [ app_begin ] --START--
INFO: Run Behavior\ReadHtmlCacheBehavior [ RunTime:0.000876s ]
INFO: [ app_begin ] --END-- [ RunTime:0.001206s ]
INFO: [ view_parse ] --START--
INFO: [ template_filter ] --START--
INFO: Run Behavior\ContentReplaceBehavior [ RunTime:0.000060s ]
INFO: [ template_filter ] --END-- [ RunTime:0.000111s ]
INFO: Run Behavior\ParseTemplateBehavior [ RunTime:0.019796s ]
INFO: [ view_parse ] --END-- [ RunTime:0.019886s ]
INFO: [ view_filter ] --START--
INFO: Run Behavior\WriteHtmlCacheBehavior [ RunTime:0.002816s ]
INFO: [ view_filter ] --END-- [ RunTime:0.002868s ]
INFO: [ app_end ] --START--
INFO: Run Behavior\ShowPageTraceBehavior [ RunTime:0.001111s ]
INFO: [ app_end ] --END-- [ RunTime:0.001156s ]

[ 2018-05-09T18:28:06+08:00 ] ::1 /paper/index.php/Teacher/login/favicon.ico
INFO: [ app_init ] --START--
INFO: Run Behavior\BuildLiteBehavior [ RunTime:0.000017s ]
INFO: [ app_init ] --END-- [ RunTime:0.001066s ]

[ 2018-05-09T18:28:36+08:00 ] ::1 /paper/index.php/Teacher/Results/lst
INFO: [ app_init ] --START--
INFO: Run Behavior\BuildLiteBehavior [ RunTime:0.000017s ]
INFO: [ app_init ] --END-- [ RunTime:0.002536s ]
INFO: [ app_begin ] --START--
INFO: Run Behavior\ReadHtmlCacheBehavior [ RunTime:0.000891s ]
INFO: [ app_begin ] --END-- [ RunTime:0.000953s ]

[ 2018-05-09T18:28:36+08:00 ] ::1 /paper/index.php/Teacher/login/index.html
INFO: [ app_init ] --START--
INFO: Run Behavior\BuildLiteBehavior [ RunTime:0.000016s ]
INFO: [ app_init ] --END-- [ RunTime:0.000646s ]
INFO: [ app_begin ] --START--
INFO: Run Behavior\ReadHtmlCacheBehavior [ RunTime:0.000665s ]
INFO: [ app_begin ] --END-- [ RunTime:0.000770s ]
INFO: [ view_parse ] --START--
INFO: [ template_filter ] --START--
INFO: Run Behavior\ContentReplaceBehavior [ RunTime:0.000063s ]
INFO: [ template_filter ] --END-- [ RunTime:0.000139s ]
INFO: Run Behavior\ParseTemplateBehavior [ RunTime:0.010024s ]
INFO: [ view_parse ] --END-- [ RunTime:0.010682s ]
INFO: [ view_filter ] --START--
INFO: Run Behavior\WriteHtmlCacheBehavior [ RunTime:0.002343s ]
INFO: [ view_filter ] --END-- [ RunTime:0.002461s ]
INFO: [ app_end ] --START--
INFO: Run Behavior\ShowPageTraceBehavior [ RunTime:0.001312s ]
INFO: [ app_end ] --END-- [ RunTime:0.001388s ]

[ 2018-05-09T18:43:56+08:00 ] ::1 /paper/index.php/Teacher/Login/Login_check?kind=%27paper_teacher%27
INFO: [ app_init ] --START--
INFO: Run Behavior\BuildLiteBehavior [ RunTime:0.000014s ]
INFO: [ app_init ] --END-- [ RunTime:0.000519s ]
INFO: [ app_begin ] --START--
INFO: Run Behavior\ReadHtmlCacheBehavior [ RunTime:0.000705s ]
INFO: [ app_begin ] --END-- [ RunTime:0.000777s ]
SQL: SHOW COLUMNS FROM `paper_teacher` [ RunTime:0.0089s ]
SQL: SELECT * FROM `paper_teacher` WHERE `id` = '1630090244' LIMIT 1   [ RunTime:0.0003s ]
SQL: SHOW COLUMNS FROM `paper_system` [ RunTime:0.0087s ]
SQL: SELECT * FROM `paper_system` WHERE `id` = 'r0003' LIMIT 1   [ RunTime:0.0003s ]
SQL: SHOW COLUMNS FROM `paper_teacher` [ RunTime:0.0089s ]
SQL: SELECT * FROM `paper_teacher` WHERE `id` = '1630090244' LIMIT 1   [ RunTime:0.0003s ]
NOTIC: [8] Undefined index: username D:\phpStudy\WWW\paper\Application\Teacher\Controller\LoginController.class.php 第 53 行.
NOTIC: [8] Undefined variable: kind D:\phpStudy\WWW\paper\Application\Teacher\Controller\LoginController.class.php 第 57 行.
INFO: [ view_parse ] --START--
INFO: [ template_filter ] --START--
INFO: Run Behavior\ContentReplaceBehavior [ RunTime:0.000061s ]
INFO: [ template_filter ] --END-- [ RunTime:0.000128s ]
INFO: Run Behavior\ParseTemplateBehavior [ RunTime:0.010797s ]
INFO: [ view_parse ] --END-- [ RunTime:0.010865s ]
INFO: [ view_filter ] --START--
INFO: Run Behavior\WriteHtmlCacheBehavior [ RunTime:0.000666s ]
INFO: [ view_filter ] --END-- [ RunTime:0.000715s ]
INFO: [ app_end ] --START--
INFO: Run Behavior\ShowPageTraceBehavior [ RunTime:0.001026s ]
INFO: [ app_end ] --END-- [ RunTime:0.001077s ]

[ 2018-05-09T18:43:58+08:00 ] ::1 /paper/index.php/Teacher/Examine/lst.html
INFO: [ app_init ] --START--
INFO: Run Behavior\BuildLiteBehavior [ RunTime:0.000013s ]
INFO: [ app_init ] --END-- [ RunTime:0.000473s ]
INFO: [ app_begin ] --START--
INFO: Run Behavior\ReadHtmlCacheBehavior [ RunTime:0.000809s ]
INFO: [ app_begin ] --END-- [ RunTime:0.000878s ]
SQL: SHOW COLUMNS FROM `paper_student` [ RunTime:0.0124s ]
SQL: SELECT * FROM `paper_student` WHERE ( id = '1630090241' ) LIMIT 1   [ RunTime:0.0004s ]
INFO: [ view_parse ] --START--
INFO: [ template_filter ] --START--
INFO: Run Behavior\ContentReplaceBehavior [ RunTime:0.000071s ]
INFO: [ template_filter ] --END-- [ RunTime:0.000113s ]
INFO: Run Behavior\ParseTemplateBehavior [ RunTime:0.013741s ]
INFO: [ view_parse ] --END-- [ RunTime:0.013830s ]
INFO: [ view_filter ] --START--
INFO: Run Behavior\WriteHtmlCacheBehavior [ RunTime:0.000409s ]
INFO: [ view_filter ] --END-- [ RunTime:0.000444s ]
INFO: [ app_end ] --START--
INFO: Run Behavior\ShowPageTraceBehavior [ RunTime:0.000674s ]
INFO: [ app_end ] --END-- [ RunTime:0.000716s ]

[ 2018-05-09T18:44:45+08:00 ] ::1 /paper/index.php/Teacher/Login/Login_check?kind=%27paper_teacher%27
INFO: [ app_init ] --START--
INFO: Run Behavior\BuildLiteBehavior [ RunTime:0.000093s ]
INFO: [ app_init ] --END-- [ RunTime:0.001240s ]
INFO: [ app_begin ] --START--
INFO: Run Behavior\ReadHtmlCacheBehavior [ RunTime:0.001172s ]
INFO: [ app_begin ] --END-- [ RunTime:0.001248s ]
SQL: SHOW COLUMNS FROM `paper_teacher` [ RunTime:0.0090s ]
SQL: SELECT * FROM `paper_teacher` WHERE `id` = '1630090244' LIMIT 1   [ RunTime:0.0003s ]
SQL: SHOW COLUMNS FROM `paper_system` [ RunTime:0.0074s ]
SQL: SELECT * FROM `paper_system` WHERE `id` = 'r0003' LIMIT 1   [ RunTime:0.0003s ]
SQL: SHOW COLUMNS FROM `paper_teacher` [ RunTime:0.0093s ]
SQL: SELECT * FROM `paper_teacher` WHERE `id` = '1630090244' LIMIT 1   [ RunTime:0.0004s ]
NOTIC: [8] Undefined index: username D:\phpStudy\WWW\paper\Application\Teacher\Controller\LoginController.class.php 第 53 行.
NOTIC: [8] Undefined variable: kind D:\phpStudy\WWW\paper\Application\Teacher\Controller\LoginController.class.php 第 57 行.
INFO: [ view_parse ] --START--
INFO: [ template_filter ] --START--
INFO: Run Behavior\ContentReplaceBehavior [ RunTime:0.000044s ]
INFO: [ template_filter ] --END-- [ RunTime:0.000093s ]
INFO: Run Behavior\ParseTemplateBehavior [ RunTime:0.006527s ]
INFO: [ view_parse ] --END-- [ RunTime:0.006594s ]
INFO: [ view_filter ] --START--
INFO: Run Behavior\WriteHtmlCacheBehavior [ RunTime:0.000363s ]
INFO: [ view_filter ] --END-- [ RunTime:0.000397s ]
INFO: [ app_end ] --START--
INFO: Run Behavior\ShowPageTraceBehavior [ RunTime:0.000620s ]
INFO: [ app_end ] --END-- [ RunTime:0.000658s ]

[ 2018-05-09T18:44:47+08:00 ] ::1 /paper/index.php/Teacher/Examine/lst.html
INFO: [ app_init ] --START--
INFO: Run Behavior\BuildLiteBehavior [ RunTime:0.000014s ]
INFO: [ app_init ] --END-- [ RunTime:0.000484s ]
INFO: [ app_begin ] --START--
INFO: Run Behavior\ReadHtmlCacheBehavior [ RunTime:0.000686s ]
INFO: [ app_begin ] --END-- [ RunTime:0.000735s ]
SQL: SHOW COLUMNS FROM `paper_student` [ RunTime:0.0105s ]
SQL: SELECT * FROM `paper_student` WHERE ( id = '1630090241' ) LIMIT 1   [ RunTime:0.0004s ]
INFO: [ view_parse ] --START--
INFO: [ template_filter ] --START--
INFO: Run Behavior\ContentReplaceBehavior [ RunTime:0.000078s ]
INFO: [ template_filter ] --END-- [ RunTime:0.000134s ]
INFO: Run Behavior\ParseTemplateBehavior [ RunTime:0.012016s ]
INFO: [ view_parse ] --END-- [ RunTime:0.012097s ]
INFO: [ view_filter ] --START--
INFO: Run Behavior\WriteHtmlCacheBehavior [ RunTime:0.000365s ]
INFO: [ view_filter ] --END-- [ RunTime:0.000400s ]
INFO: [ app_end ] --START--
INFO: Run Behavior\ShowPageTraceBehavior [ RunTime:0.000631s ]
INFO: [ app_end ] --END-- [ RunTime:0.000667s ]

