[ 2019-08-09T08:42:33+08:00 ] ::1 /weixin/index.php/Teacher/Results/lst
INFO: [ app_init ] --START--
INFO: Run Behavior\BuildLiteBehavior [ RunTime:0.000010s ]
INFO: [ app_init ] --END-- [ RunTime:0.007071s ]
INFO: [ app_begin ] --START--
INFO: Run Behavior\ReadHtmlCacheBehavior [ RunTime:0.012779s ]
INFO: [ app_begin ] --END-- [ RunTime:0.012820s ]

[ 2019-08-09T08:42:34+08:00 ] ::1 /weixin/index.php/Teacher/login/index.html
INFO: [ app_init ] --START--
INFO: Run Behavior\BuildLiteBehavior [ RunTime:0.000008s ]
INFO: [ app_init ] --END-- [ RunTime:0.000305s ]
INFO: [ app_begin ] --START--
INFO: Run Behavior\ReadHtmlCacheBehavior [ RunTime:0.000629s ]
INFO: [ app_begin ] --END-- [ RunTime:0.000676s ]
INFO: [ view_parse ] --START--
INFO: [ template_filter ] --START--
INFO: Run Behavior\ContentReplaceBehavior [ RunTime:0.000041s ]
INFO: [ template_filter ] --END-- [ RunTime:0.000076s ]
INFO: Run Behavior\ParseTemplateBehavior [ RunTime:0.054614s ]
INFO: [ view_parse ] --END-- [ RunTime:0.054704s ]
INFO: [ view_filter ] --START--
INFO: Run Behavior\WriteHtmlCacheBehavior [ RunTime:0.014747s ]
INFO: [ view_filter ] --END-- [ RunTime:0.014797s ]
INFO: [ app_end ] --START--
INFO: Run Behavior\ShowPageTraceBehavior [ RunTime:0.018535s ]
INFO: [ app_end ] --END-- [ RunTime:0.018566s ]

[ 2019-08-09T08:42:34+08:00 ] ::1 /weixin/index.php/Teacher/login/favicon.ico
INFO: [ app_init ] --START--
INFO: Run Behavior\BuildLiteBehavior [ RunTime:0.000009s ]
INFO: [ app_init ] --END-- [ RunTime:0.000299s ]

[ 2019-08-09T08:42:44+08:00 ] ::1 /weixin/index.php/Teacher/login/index.html
INFO: [ app_init ] --START--
INFO: Run Behavior\BuildLiteBehavior [ RunTime:0.000009s ]
INFO: [ app_init ] --END-- [ RunTime:0.000632s ]
INFO: [ app_begin ] --START--
INFO: Run Behavior\ReadHtmlCacheBehavior [ RunTime:0.000957s ]
INFO: [ app_begin ] --END-- [ RunTime:0.000990s ]
INFO: [ view_parse ] --START--
INFO: [ template_filter ] --START--
INFO: Run Behavior\ContentReplaceBehavior [ RunTime:0.000042s ]
INFO: [ template_filter ] --END-- [ RunTime:0.000076s ]
INFO: Run Behavior\ParseTemplateBehavior [ RunTime:0.007401s ]
INFO: [ view_parse ] --END-- [ RunTime:0.007434s ]
INFO: [ view_filter ] --START--
INFO: Run Behavior\WriteHtmlCacheBehavior [ RunTime:0.000808s ]
INFO: [ view_filter ] --END-- [ RunTime:0.000832s ]
INFO: [ app_end ] --START--
INFO: Run Behavior\ShowPageTraceBehavior [ RunTime:0.000932s ]
INFO: [ app_end ] --END-- [ RunTime:0.000958s ]

[ 2019-08-09T08:42:45+08:00 ] ::1 /weixin/index.php/Teacher/login/favicon.ico
INFO: [ app_init ] --START--
INFO: Run Behavior\BuildLiteBehavior [ RunTime:0.000015s ]
INFO: [ app_init ] --END-- [ RunTime:0.000980s ]

[ 2019-08-09T08:43:10+08:00 ] ::1 /weixin/index.php/Teacher/Login/Login_check?kind=%27paper_teacher%27
INFO: [ app_init ] --START--
INFO: Run Behavior\BuildLiteBehavior [ RunTime:0.000009s ]
INFO: [ app_init ] --END-- [ RunTime:0.000651s ]
INFO: [ app_begin ] --START--
INFO: Run Behavior\ReadHtmlCacheBehavior [ RunTime:0.000937s ]
INFO: [ app_begin ] --END-- [ RunTime:0.000974s ]
SQL: SHOW COLUMNS FROM `paper_teacher` [ RunTime:0.1130s ]
SQL: SELECT * FROM `paper_teacher` WHERE `id` = '1730090206' LIMIT 1   [ RunTime:0.0005s ]
SQL: SHOW COLUMNS FROM `paper_system` [ RunTime:0.0333s ]
SQL: SELECT * FROM `paper_system` WHERE `id` = null LIMIT 1   [ RunTime:0.0003s ]
INFO: [ view_parse ] --START--
INFO: [ template_filter ] --START--
INFO: Run Behavior\ContentReplaceBehavior [ RunTime:0.000027s ]
INFO: [ template_filter ] --END-- [ RunTime:0.000060s ]
INFO: Run Behavior\ParseTemplateBehavior [ RunTime:0.053937s ]
INFO: [ view_parse ] --END-- [ RunTime:0.053976s ]
INFO: [ view_filter ] --START--
INFO: Run Behavior\WriteHtmlCacheBehavior [ RunTime:0.000923s ]
INFO: [ view_filter ] --END-- [ RunTime:0.000946s ]

[ 2019-08-09T15:47:30+08:00 ] ::1 /weixin/index.php/Teacher/Results/lst
INFO: [ app_init ] --START--
INFO: Run Behavior\BuildLiteBehavior [ RunTime:0.000011s ]
INFO: [ app_init ] --END-- [ RunTime:0.007816s ]
INFO: [ app_begin ] --START--
INFO: Run Behavior\ReadHtmlCacheBehavior [ RunTime:0.016519s ]
INFO: [ app_begin ] --END-- [ RunTime:0.016591s ]

[ 2019-08-09T15:47:30+08:00 ] ::1 /weixin/index.php/Teacher/login/index.html
INFO: [ app_init ] --START--
INFO: Run Behavior\BuildLiteBehavior [ RunTime:0.000008s ]
INFO: [ app_init ] --END-- [ RunTime:0.000298s ]
INFO: [ app_begin ] --START--
INFO: Run Behavior\ReadHtmlCacheBehavior [ RunTime:0.000277s ]
INFO: [ app_begin ] --END-- [ RunTime:0.000308s ]
INFO: [ view_parse ] --START--
INFO: [ template_filter ] --START--
INFO: Run Behavior\ContentReplaceBehavior [ RunTime:0.002667s ]
INFO: [ template_filter ] --END-- [ RunTime:0.002713s ]
INFO: Run Behavior\ParseTemplateBehavior [ RunTime:0.066231s ]
INFO: [ view_parse ] --END-- [ RunTime:0.066265s ]
INFO: [ view_filter ] --START--
INFO: Run Behavior\WriteHtmlCacheBehavior [ RunTime:0.007973s ]
INFO: [ view_filter ] --END-- [ RunTime:0.008020s ]
INFO: [ app_end ] --START--
INFO: Run Behavior\ShowPageTraceBehavior [ RunTime:0.007509s ]
INFO: [ app_end ] --END-- [ RunTime:0.007548s ]

[ 2019-08-09T15:47:30+08:00 ] ::1 /weixin/index.php/Teacher/login/favicon.ico
INFO: [ app_init ] --START--
INFO: Run Behavior\BuildLiteBehavior [ RunTime:0.000022s ]
INFO: [ app_init ] --END-- [ RunTime:0.000738s ]

[ 2019-08-09T15:51:44+08:00 ] ::1 /weixin/index.php/Teacher/Results/lst
INFO: [ app_init ] --START--
INFO: Run Behavior\BuildLiteBehavior [ RunTime:0.000008s ]
INFO: [ app_init ] --END-- [ RunTime:0.000351s ]
INFO: [ app_begin ] --START--
INFO: Run Behavior\ReadHtmlCacheBehavior [ RunTime:0.000483s ]
INFO: [ app_begin ] --END-- [ RunTime:0.000517s ]

[ 2019-08-09T15:51:44+08:00 ] ::1 /weixin/index.php/Teacher/login/index.html
INFO: [ app_init ] --START--
INFO: Run Behavior\BuildLiteBehavior [ RunTime:0.000009s ]
INFO: [ app_init ] --END-- [ RunTime:0.000437s ]
INFO: [ app_begin ] --START--
INFO: Run Behavior\ReadHtmlCacheBehavior [ RunTime:0.001485s ]
INFO: [ app_begin ] --END-- [ RunTime:0.001579s ]
INFO: [ view_parse ] --START--
INFO: [ template_filter ] --START--
INFO: Run Behavior\ContentReplaceBehavior [ RunTime:0.000040s ]
INFO: [ template_filter ] --END-- [ RunTime:0.000077s ]
INFO: Run Behavior\ParseTemplateBehavior [ RunTime:0.007394s ]
INFO: [ view_parse ] --END-- [ RunTime:0.007432s ]
INFO: [ view_filter ] --START--
INFO: Run Behavior\WriteHtmlCacheBehavior [ RunTime:0.000386s ]
INFO: [ view_filter ] --END-- [ RunTime:0.000410s ]
INFO: [ app_end ] --START--
INFO: Run Behavior\ShowPageTraceBehavior [ RunTime:0.000557s ]
INFO: [ app_end ] --END-- [ RunTime:0.000581s ]

[ 2019-08-09T15:51:51+08:00 ] ::1 /weixin/index.php/Teacher/Login/Login_check?kind=%27paper_teacher%27
INFO: [ app_init ] --START--
INFO: Run Behavior\BuildLiteBehavior [ RunTime:0.000035s ]
INFO: [ app_init ] --END-- [ RunTime:0.000721s ]
INFO: [ app_begin ] --START--
INFO: Run Behavior\ReadHtmlCacheBehavior [ RunTime:0.000503s ]
INFO: [ app_begin ] --END-- [ RunTime:0.000539s ]
SQL: SHOW COLUMNS FROM `paper_teacher` [ RunTime:0.0060s ]
SQL: SELECT * FROM `paper_teacher` WHERE `id` = '1630090228' LIMIT 1   [ RunTime:0.0004s ]
SQL: SHOW COLUMNS FROM `paper_system` [ RunTime:0.0039s ]
SQL: SELECT * FROM `paper_system` WHERE `id` = 'r0006' LIMIT 1   [ RunTime:0.0002s ]
SQL: SHOW COLUMNS FROM `paper_teacher` [ RunTime:0.0050s ]
SQL: SELECT * FROM `paper_teacher` WHERE `id` = '1630090228' LIMIT 1   [ RunTime:0.0003s ]
NOTIC: [8] Undefined index: username E:\phpstudy\PHPTutorial\WWW\weixin\Application\Teacher\Controller\LoginController.class.php 第 53 行.
NOTIC: [8] Undefined variable: kind E:\phpstudy\PHPTutorial\WWW\weixin\Application\Teacher\Controller\LoginController.class.php 第 57 行.
INFO: [ view_parse ] --START--
INFO: [ template_filter ] --START--
INFO: Run Behavior\ContentReplaceBehavior [ RunTime:0.000026s ]
INFO: [ template_filter ] --END-- [ RunTime:0.000055s ]
INFO: Run Behavior\ParseTemplateBehavior [ RunTime:0.004934s ]
INFO: [ view_parse ] --END-- [ RunTime:0.004965s ]
INFO: [ view_filter ] --START--
INFO: Run Behavior\WriteHtmlCacheBehavior [ RunTime:0.000371s ]
INFO: [ view_filter ] --END-- [ RunTime:0.000394s ]
INFO: [ app_end ] --START--
INFO: Run Behavior\ShowPageTraceBehavior [ RunTime:0.000456s ]
INFO: [ app_end ] --END-- [ RunTime:0.000479s ]

[ 2019-08-09T15:51:54+08:00 ] ::1 /weixin/index.php/Teacher/Examine/lst.html
INFO: [ app_init ] --START--
INFO: Run Behavior\BuildLiteBehavior [ RunTime:0.000010s ]
INFO: [ app_init ] --END-- [ RunTime:0.000414s ]
INFO: [ app_begin ] --START--
INFO: Run Behavior\ReadHtmlCacheBehavior [ RunTime:0.000614s ]
INFO: [ app_begin ] --END-- [ RunTime:0.000667s ]
SQL: SHOW COLUMNS FROM `paper_student` [ RunTime:0.0071s ]
SQL: SELECT * FROM `paper_student` WHERE ( id = '1630090225' ) LIMIT 1   [ RunTime:0.0003s ]
SQL: SELECT * FROM `paper_student` WHERE ( id = '1630090277' ) LIMIT 1   [ RunTime:0.0003s ]
INFO: [ view_parse ] --START--
INFO: [ template_filter ] --START--
INFO: Run Behavior\ContentReplaceBehavior [ RunTime:0.000054s ]
INFO: [ template_filter ] --END-- [ RunTime:0.000087s ]
INFO: Run Behavior\ParseTemplateBehavior [ RunTime:0.087904s ]
INFO: [ view_parse ] --END-- [ RunTime:0.087995s ]
INFO: [ view_filter ] --START--
INFO: Run Behavior\WriteHtmlCacheBehavior [ RunTime:0.000356s ]
INFO: [ view_filter ] --END-- [ RunTime:0.000380s ]
INFO: [ app_end ] --START--
INFO: Run Behavior\ShowPageTraceBehavior [ RunTime:0.000555s ]
INFO: [ app_end ] --END-- [ RunTime:0.000579s ]

[ 2019-08-09T15:52:15+08:00 ] ::1 /weixin/index.php/Teacher/Examine/edit/id/1630090225
INFO: [ app_init ] --START--
INFO: Run Behavior\BuildLiteBehavior [ RunTime:0.000009s ]
INFO: [ app_init ] --END-- [ RunTime:0.000401s ]
INFO: [ app_begin ] --START--
INFO: Run Behavior\ReadHtmlCacheBehavior [ RunTime:0.000484s ]
INFO: [ app_begin ] --END-- [ RunTime:0.000519s ]
SQL: SHOW COLUMNS FROM `paper_student` [ RunTime:0.0067s ]
SQL: SELECT * FROM `paper_student` WHERE `id` = '1630090225' LIMIT 1   [ RunTime:0.0003s ]
NOTIC: [8] Undefined index: validate E:\phpstudy\PHPTutorial\WWW\weixin\ThinkPHP\Library\Think\Model.class.php 第 1185 行.
NOTIC: [8] Undefined index: auto E:\phpstudy\PHPTutorial\WWW\weixin\ThinkPHP\Library\Think\Model.class.php 第 1128 行.
SQL: UPDATE `paper_student` SET `state`='3' WHERE `id` = '1630090225' [ RunTime:0.1446s ]
INFO: [ view_parse ] --START--
INFO: [ template_filter ] --START--
INFO: Run Behavior\ContentReplaceBehavior [ RunTime:0.000056s ]
INFO: [ template_filter ] --END-- [ RunTime:0.000087s ]
INFO: Run Behavior\ParseTemplateBehavior [ RunTime:0.029560s ]
INFO: [ view_parse ] --END-- [ RunTime:0.029614s ]
INFO: [ view_filter ] --START--
INFO: Run Behavior\WriteHtmlCacheBehavior [ RunTime:0.000493s ]
INFO: [ view_filter ] --END-- [ RunTime:0.000516s ]
INFO: [ app_end ] --START--
INFO: Run Behavior\ShowPageTraceBehavior [ RunTime:0.000467s ]
INFO: [ app_end ] --END-- [ RunTime:0.000492s ]

[ 2019-08-09T15:52:23+08:00 ] ::1 /weixin/index.php/Teacher/Examine/lst
INFO: [ app_init ] --START--
INFO: Run Behavior\BuildLiteBehavior [ RunTime:0.000010s ]
INFO: [ app_init ] --END-- [ RunTime:0.000405s ]
INFO: [ app_begin ] --START--
INFO: Run Behavior\ReadHtmlCacheBehavior [ RunTime:0.000564s ]
INFO: [ app_begin ] --END-- [ RunTime:0.000599s ]
SQL: SHOW COLUMNS FROM `paper_student` [ RunTime:0.0069s ]
SQL: SELECT * FROM `paper_student` WHERE ( id = '1630090225' ) LIMIT 1   [ RunTime:0.0007s ]
SQL: SELECT * FROM `paper_student` WHERE ( id = '1630090277' ) LIMIT 1   [ RunTime:0.0004s ]
INFO: [ view_parse ] --START--
INFO: [ template_filter ] --START--
INFO: Run Behavior\ContentReplaceBehavior [ RunTime:0.000053s ]
INFO: [ template_filter ] --END-- [ RunTime:0.000084s ]
INFO: Run Behavior\ParseTemplateBehavior [ RunTime:0.007339s ]
INFO: [ view_parse ] --END-- [ RunTime:0.007394s ]
INFO: [ view_filter ] --START--
INFO: Run Behavior\WriteHtmlCacheBehavior [ RunTime:0.000790s ]
INFO: [ view_filter ] --END-- [ RunTime:0.000818s ]
INFO: [ app_end ] --START--
INFO: Run Behavior\ShowPageTraceBehavior [ RunTime:0.000655s ]
INFO: [ app_end ] --END-- [ RunTime:0.000705s ]

[ 2019-08-09T15:52:30+08:00 ] ::1 /weixin/index.php/Teacher/Examine/edit/id/1630090225
INFO: [ app_init ] --START--
INFO: Run Behavior\BuildLiteBehavior [ RunTime:0.000011s ]
INFO: [ app_init ] --END-- [ RunTime:0.000526s ]
INFO: [ app_begin ] --START--
INFO: Run Behavior\ReadHtmlCacheBehavior [ RunTime:0.000802s ]
INFO: [ app_begin ] --END-- [ RunTime:0.000843s ]
SQL: SHOW COLUMNS FROM `paper_student` [ RunTime:0.0048s ]
SQL: SELECT * FROM `paper_student` WHERE `id` = '1630090225' LIMIT 1   [ RunTime:0.0004s ]
NOTIC: [8] Undefined index: validate E:\phpstudy\PHPTutorial\WWW\weixin\ThinkPHP\Library\Think\Model.class.php 第 1185 行.
NOTIC: [8] Undefined index: auto E:\phpstudy\PHPTutorial\WWW\weixin\ThinkPHP\Library\Think\Model.class.php 第 1128 行.
SQL: UPDATE `paper_student` SET `state`='3' WHERE `id` = '1630090225' [ RunTime:0.1251s ]
INFO: [ view_parse ] --START--
INFO: [ template_filter ] --START--
INFO: Run Behavior\ContentReplaceBehavior [ RunTime:0.000054s ]
INFO: [ template_filter ] --END-- [ RunTime:0.000085s ]
INFO: Run Behavior\ParseTemplateBehavior [ RunTime:0.007687s ]
INFO: [ view_parse ] --END-- [ RunTime:0.007719s ]
INFO: [ view_filter ] --START--
INFO: Run Behavior\WriteHtmlCacheBehavior [ RunTime:0.000338s ]
INFO: [ view_filter ] --END-- [ RunTime:0.000360s ]
INFO: [ app_end ] --START--
INFO: Run Behavior\ShowPageTraceBehavior [ RunTime:0.000455s ]
INFO: [ app_end ] --END-- [ RunTime:0.000477s ]

[ 2019-08-09T15:52:33+08:00 ] ::1 /weixin/index.php/Teacher/Examine/edit/id/1630090225
INFO: [ app_init ] --START--
INFO: Run Behavior\BuildLiteBehavior [ RunTime:0.000009s ]
INFO: [ app_init ] --END-- [ RunTime:0.000407s ]
INFO: [ app_begin ] --START--
INFO: Run Behavior\ReadHtmlCacheBehavior [ RunTime:0.000512s ]
INFO: [ app_begin ] --END-- [ RunTime:0.000546s ]
SQL: SHOW COLUMNS FROM `paper_student` [ RunTime:0.0042s ]
NOTIC: [8] Undefined index: validate E:\phpstudy\PHPTutorial\WWW\weixin\ThinkPHP\Library\Think\Model.class.php 第 1185 行.
NOTIC: [8] Undefined index: auto E:\phpstudy\PHPTutorial\WWW\weixin\ThinkPHP\Library\Think\Model.class.php 第 1128 行.
SQL: UPDATE `paper_student` SET `topic_state1`='1' WHERE `id` = '1630090225' [ RunTime:0.1270s ]
INFO: [ view_parse ] --START--
INFO: [ template_filter ] --START--
INFO: Run Behavior\ContentReplaceBehavior [ RunTime:0.000027s ]
INFO: [ template_filter ] --END-- [ RunTime:0.000057s ]
INFO: Run Behavior\ParseTemplateBehavior [ RunTime:0.005173s ]
INFO: [ view_parse ] --END-- [ RunTime:0.005224s ]
INFO: [ view_filter ] --START--
INFO: Run Behavior\WriteHtmlCacheBehavior [ RunTime:0.000658s ]
INFO: [ view_filter ] --END-- [ RunTime:0.000684s ]
INFO: [ app_end ] --START--
INFO: Run Behavior\ShowPageTraceBehavior [ RunTime:0.000816s ]
INFO: [ app_end ] --END-- [ RunTime:0.000862s ]

[ 2019-08-09T15:52:35+08:00 ] ::1 /weixin/index.php/Teacher/Examine/lst.html
INFO: [ app_init ] --START--
INFO: Run Behavior\BuildLiteBehavior [ RunTime:0.000010s ]
INFO: [ app_init ] --END-- [ RunTime:0.000569s ]
INFO: [ app_begin ] --START--
INFO: Run Behavior\ReadHtmlCacheBehavior [ RunTime:0.000597s ]
INFO: [ app_begin ] --END-- [ RunTime:0.000653s ]
SQL: SHOW COLUMNS FROM `paper_student` [ RunTime:0.0062s ]
SQL: SELECT * FROM `paper_student` WHERE ( id = '1630090225' ) LIMIT 1   [ RunTime:0.0003s ]
SQL: SELECT * FROM `paper_student` WHERE ( id = '1630090277' ) LIMIT 1   [ RunTime:0.0002s ]
INFO: [ view_parse ] --START--
INFO: [ template_filter ] --START--
INFO: Run Behavior\ContentReplaceBehavior [ RunTime:0.000054s ]
INFO: [ template_filter ] --END-- [ RunTime:0.000084s ]
INFO: Run Behavior\ParseTemplateBehavior [ RunTime:0.007816s ]
INFO: [ view_parse ] --END-- [ RunTime:0.007844s ]
INFO: [ view_filter ] --START--
INFO: Run Behavior\WriteHtmlCacheBehavior [ RunTime:0.000351s ]
INFO: [ view_filter ] --END-- [ RunTime:0.000374s ]
INFO: [ app_end ] --START--
INFO: Run Behavior\ShowPageTraceBehavior [ RunTime:0.000481s ]
INFO: [ app_end ] --END-- [ RunTime:0.000505s ]

[ 2019-08-09T15:53:29+08:00 ] ::1 /weixin/index.php/Teacher/Examine/edit/id/1630090225
INFO: [ app_init ] --START--
INFO: Run Behavior\BuildLiteBehavior [ RunTime:0.000009s ]
INFO: [ app_init ] --END-- [ RunTime:0.000305s ]
INFO: [ app_begin ] --START--
INFO: Run Behavior\ReadHtmlCacheBehavior [ RunTime:0.000478s ]
INFO: [ app_begin ] --END-- [ RunTime:0.000513s ]
SQL: SHOW COLUMNS FROM `paper_student` [ RunTime:0.0075s ]
SQL: SELECT * FROM `paper_student` WHERE `id` = '1630090225' LIMIT 1   [ RunTime:0.0004s ]
NOTIC: [8] Undefined index: validate E:\phpstudy\PHPTutorial\WWW\weixin\ThinkPHP\Library\Think\Model.class.php 第 1185 行.
NOTIC: [8] Undefined index: auto E:\phpstudy\PHPTutorial\WWW\weixin\ThinkPHP\Library\Think\Model.class.php 第 1128 行.
SQL: UPDATE `paper_student` SET `state`='3' WHERE `id` = '1630090225' [ RunTime:0.1225s ]
INFO: [ view_parse ] --START--
INFO: [ template_filter ] --START--
INFO: Run Behavior\ContentReplaceBehavior [ RunTime:0.000055s ]
INFO: [ template_filter ] --END-- [ RunTime:0.000083s ]
INFO: Run Behavior\ParseTemplateBehavior [ RunTime:0.006130s ]
INFO: [ view_parse ] --END-- [ RunTime:0.006159s ]
INFO: [ view_filter ] --START--
INFO: Run Behavior\WriteHtmlCacheBehavior [ RunTime:0.000461s ]
INFO: [ view_filter ] --END-- [ RunTime:0.000484s ]
INFO: [ app_end ] --START--
INFO: Run Behavior\ShowPageTraceBehavior [ RunTime:0.000516s ]
INFO: [ app_end ] --END-- [ RunTime:0.000540s ]

[ 2019-08-09T15:53:33+08:00 ] ::1 /weixin/index.php/Teacher/Examine/edit/id/1630090225
INFO: [ app_init ] --START--
INFO: Run Behavior\BuildLiteBehavior [ RunTime:0.000008s ]
INFO: [ app_init ] --END-- [ RunTime:0.000296s ]
INFO: [ app_begin ] --START--
INFO: Run Behavior\ReadHtmlCacheBehavior [ RunTime:0.000617s ]
INFO: [ app_begin ] --END-- [ RunTime:0.000690s ]
SQL: SHOW COLUMNS FROM `paper_student` [ RunTime:0.0078s ]
NOTIC: [8] Undefined index: validate E:\phpstudy\PHPTutorial\WWW\weixin\ThinkPHP\Library\Think\Model.class.php 第 1185 行.
NOTIC: [8] Undefined index: auto E:\phpstudy\PHPTutorial\WWW\weixin\ThinkPHP\Library\Think\Model.class.php 第 1128 行.
SQL: UPDATE `paper_student` SET `topic_state1`='0' WHERE `id` = '1630090225' [ RunTime:0.1221s ]
INFO: [ view_parse ] --START--
INFO: [ template_filter ] --START--
INFO: Run Behavior\ContentReplaceBehavior [ RunTime:0.000060s ]
INFO: [ template_filter ] --END-- [ RunTime:0.000089s ]
INFO: Run Behavior\ParseTemplateBehavior [ RunTime:0.005319s ]
INFO: [ view_parse ] --END-- [ RunTime:0.005347s ]
INFO: [ view_filter ] --START--
INFO: Run Behavior\WriteHtmlCacheBehavior [ RunTime:0.000347s ]
INFO: [ view_filter ] --END-- [ RunTime:0.000369s ]
INFO: [ app_end ] --START--
INFO: Run Behavior\ShowPageTraceBehavior [ RunTime:0.000478s ]
INFO: [ app_end ] --END-- [ RunTime:0.000520s ]

[ 2019-08-09T15:53:35+08:00 ] ::1 /weixin/index.php/Teacher/Examine/lst.html
INFO: [ app_init ] --START--
INFO: Run Behavior\BuildLiteBehavior [ RunTime:0.000009s ]
INFO: [ app_init ] --END-- [ RunTime:0.000300s ]
INFO: [ app_begin ] --START--
INFO: Run Behavior\ReadHtmlCacheBehavior [ RunTime:0.000518s ]
INFO: [ app_begin ] --END-- [ RunTime:0.000551s ]
SQL: SHOW COLUMNS FROM `paper_student` [ RunTime:0.0082s ]
SQL: SELECT * FROM `paper_student` WHERE ( id = '1630090225' ) LIMIT 1   [ RunTime:0.0004s ]
SQL: SELECT * FROM `paper_student` WHERE ( id = '1630090277' ) LIMIT 1   [ RunTime:0.0002s ]
INFO: [ view_parse ] --START--
INFO: [ template_filter ] --START--
INFO: Run Behavior\ContentReplaceBehavior [ RunTime:0.000055s ]
INFO: [ template_filter ] --END-- [ RunTime:0.000121s ]
INFO: Run Behavior\ParseTemplateBehavior [ RunTime:0.008336s ]
INFO: [ view_parse ] --END-- [ RunTime:0.008365s ]
INFO: [ view_filter ] --START--
INFO: Run Behavior\WriteHtmlCacheBehavior [ RunTime:0.000403s ]
INFO: [ view_filter ] --END-- [ RunTime:0.000443s ]
INFO: [ app_end ] --START--
INFO: Run Behavior\ShowPageTraceBehavior [ RunTime:0.000661s ]
INFO: [ app_end ] --END-- [ RunTime:0.000684s ]

[ 2019-08-09T15:53:40+08:00 ] ::1 /weixin/index.php/Teacher/Index/index
INFO: [ app_init ] --START--
INFO: Run Behavior\BuildLiteBehavior [ RunTime:0.000028s ]
INFO: [ app_init ] --END-- [ RunTime:0.000695s ]
INFO: [ app_begin ] --START--
INFO: Run Behavior\ReadHtmlCacheBehavior [ RunTime:0.000469s ]
INFO: [ app_begin ] --END-- [ RunTime:0.000500s ]
SQL: SHOW COLUMNS FROM `paper_student` [ RunTime:0.0067s ]
SQL: SELECT * FROM `paper_student` WHERE ( id = '1630090225' ) LIMIT 1   [ RunTime:0.0003s ]
SQL: SELECT * FROM `paper_student` WHERE ( id = '1630090277' ) LIMIT 1   [ RunTime:0.0002s ]
INFO: [ view_parse ] --START--
INFO: [ template_filter ] --START--
INFO: Run Behavior\ContentReplaceBehavior [ RunTime:0.000052s ]
INFO: [ template_filter ] --END-- [ RunTime:0.000082s ]
INFO: Run Behavior\ParseTemplateBehavior [ RunTime:0.007937s ]
INFO: [ view_parse ] --END-- [ RunTime:0.007985s ]
INFO: [ view_filter ] --START--
INFO: Run Behavior\WriteHtmlCacheBehavior [ RunTime:0.000796s ]
INFO: [ view_filter ] --END-- [ RunTime:0.000860s ]
INFO: [ app_end ] --START--
INFO: Run Behavior\ShowPageTraceBehavior [ RunTime:0.000700s ]
INFO: [ app_end ] --END-- [ RunTime:0.000740s ]

[ 2019-08-09T15:53:43+08:00 ] ::1 /weixin/index.php/Teacher/Presentation/lst
INFO: [ app_init ] --START--
INFO: Run Behavior\BuildLiteBehavior [ RunTime:0.000008s ]
INFO: [ app_init ] --END-- [ RunTime:0.000337s ]
INFO: [ app_begin ] --START--
INFO: Run Behavior\ReadHtmlCacheBehavior [ RunTime:0.001368s ]
INFO: [ app_begin ] --END-- [ RunTime:0.001423s ]
SQL: SHOW COLUMNS FROM `paper_student` [ RunTime:0.0049s ]
SQL: SELECT * FROM `paper_student` WHERE ( id = '1630090225' ) LIMIT 1   [ RunTime:0.0004s ]
SQL: SELECT * FROM `paper_student` WHERE ( id = '1630090277' ) LIMIT 1   [ RunTime:0.0003s ]
INFO: [ view_parse ] --START--
INFO: [ template_filter ] --START--
INFO: Run Behavior\ContentReplaceBehavior [ RunTime:0.000049s ]
INFO: [ template_filter ] --END-- [ RunTime:0.000082s ]
INFO: Run Behavior\ParseTemplateBehavior [ RunTime:0.013548s ]
INFO: [ view_parse ] --END-- [ RunTime:0.013584s ]
INFO: [ view_filter ] --START--
INFO: Run Behavior\WriteHtmlCacheBehavior [ RunTime:0.000344s ]
INFO: [ view_filter ] --END-- [ RunTime:0.000366s ]
INFO: [ app_end ] --START--
INFO: Run Behavior\ShowPageTraceBehavior [ RunTime:0.000504s ]
INFO: [ app_end ] --END-- [ RunTime:0.000530s ]

[ 2019-08-09T15:53:45+08:00 ] ::1 /weixin/index.php/Teacher/Index/index
INFO: [ app_init ] --START--
INFO: Run Behavior\BuildLiteBehavior [ RunTime:0.000009s ]
INFO: [ app_init ] --END-- [ RunTime:0.000305s ]
INFO: [ app_begin ] --START--
INFO: Run Behavior\ReadHtmlCacheBehavior [ RunTime:0.000570s ]
INFO: [ app_begin ] --END-- [ RunTime:0.000622s ]
SQL: SHOW COLUMNS FROM `paper_student` [ RunTime:0.0046s ]
SQL: SELECT * FROM `paper_student` WHERE ( id = '1630090225' ) LIMIT 1   [ RunTime:0.0003s ]
SQL: SELECT * FROM `paper_student` WHERE ( id = '1630090277' ) LIMIT 1   [ RunTime:0.0002s ]
INFO: [ view_parse ] --START--
INFO: [ template_filter ] --START--
INFO: Run Behavior\ContentReplaceBehavior [ RunTime:0.000054s ]
INFO: [ template_filter ] --END-- [ RunTime:0.000088s ]
INFO: Run Behavior\ParseTemplateBehavior [ RunTime:0.007390s ]
INFO: [ view_parse ] --END-- [ RunTime:0.007424s ]
INFO: [ view_filter ] --START--
INFO: Run Behavior\WriteHtmlCacheBehavior [ RunTime:0.000352s ]
INFO: [ view_filter ] --END-- [ RunTime:0.000375s ]
INFO: [ app_end ] --START--
INFO: Run Behavior\ShowPageTraceBehavior [ RunTime:0.000474s ]
INFO: [ app_end ] --END-- [ RunTime:0.000498s ]

[ 2019-08-09T15:53:46+08:00 ] ::1 /weixin/index.php/Teacher/Examine/lst
INFO: [ app_init ] --START--
INFO: Run Behavior\BuildLiteBehavior [ RunTime:0.000008s ]
INFO: [ app_init ] --END-- [ RunTime:0.000343s ]
INFO: [ app_begin ] --START--
INFO: Run Behavior\ReadHtmlCacheBehavior [ RunTime:0.000524s ]
INFO: [ app_begin ] --END-- [ RunTime:0.000557s ]
SQL: SHOW COLUMNS FROM `paper_student` [ RunTime:0.0051s ]
SQL: SELECT * FROM `paper_student` WHERE ( id = '1630090225' ) LIMIT 1   [ RunTime:0.0003s ]
SQL: SELECT * FROM `paper_student` WHERE ( id = '1630090277' ) LIMIT 1   [ RunTime:0.0003s ]
INFO: [ view_parse ] --START--
INFO: [ template_filter ] --START--
INFO: Run Behavior\ContentReplaceBehavior [ RunTime:0.000053s ]
INFO: [ template_filter ] --END-- [ RunTime:0.000085s ]
INFO: Run Behavior\ParseTemplateBehavior [ RunTime:0.017217s ]
INFO: [ view_parse ] --END-- [ RunTime:0.017271s ]
INFO: [ view_filter ] --START--
INFO: Run Behavior\WriteHtmlCacheBehavior [ RunTime:0.000512s ]
INFO: [ view_filter ] --END-- [ RunTime:0.000537s ]
INFO: [ app_end ] --START--
INFO: Run Behavior\ShowPageTraceBehavior [ RunTime:0.000731s ]
INFO: [ app_end ] --END-- [ RunTime:0.000779s ]

[ 2019-08-09T15:53:53+08:00 ] ::1 /weixin/index.php/Teacher/Examine/edit/id/1630090225
INFO: [ app_init ] --START--
INFO: Run Behavior\BuildLiteBehavior [ RunTime:0.000032s ]
INFO: [ app_init ] --END-- [ RunTime:0.000691s ]
INFO: [ app_begin ] --START--
INFO: Run Behavior\ReadHtmlCacheBehavior [ RunTime:0.000909s ]
INFO: [ app_begin ] --END-- [ RunTime:0.000987s ]
SQL: SHOW COLUMNS FROM `paper_student` [ RunTime:0.0073s ]
SQL: SELECT * FROM `paper_student` WHERE `id` = '1630090225' LIMIT 1   [ RunTime:0.0003s ]
NOTIC: [8] Undefined index: validate E:\phpstudy\PHPTutorial\WWW\weixin\ThinkPHP\Library\Think\Model.class.php 第 1185 行.
NOTIC: [8] Undefined index: auto E:\phpstudy\PHPTutorial\WWW\weixin\ThinkPHP\Library\Think\Model.class.php 第 1128 行.
SQL: UPDATE `paper_student` SET `state`='3' WHERE `id` = '1630090225' [ RunTime:0.1144s ]
INFO: [ view_parse ] --START--
INFO: [ template_filter ] --START--
INFO: Run Behavior\ContentReplaceBehavior [ RunTime:0.000053s ]
INFO: [ template_filter ] --END-- [ RunTime:0.000083s ]
INFO: Run Behavior\ParseTemplateBehavior [ RunTime:0.008830s ]
INFO: [ view_parse ] --END-- [ RunTime:0.008861s ]
INFO: [ view_filter ] --START--
INFO: Run Behavior\WriteHtmlCacheBehavior [ RunTime:0.000363s ]
INFO: [ view_filter ] --END-- [ RunTime:0.000386s ]
INFO: [ app_end ] --START--
INFO: Run Behavior\ShowPageTraceBehavior [ RunTime:0.000493s ]
INFO: [ app_end ] --END-- [ RunTime:0.000532s ]

[ 2019-08-09T15:54:48+08:00 ] ::1 /weixin/index.php/Teacher/Examine/lst
INFO: [ app_init ] --START--
INFO: Run Behavior\BuildLiteBehavior [ RunTime:0.000008s ]
INFO: [ app_init ] --END-- [ RunTime:0.000302s ]
INFO: [ app_begin ] --START--
INFO: Run Behavior\ReadHtmlCacheBehavior [ RunTime:0.000467s ]
INFO: [ app_begin ] --END-- [ RunTime:0.000497s ]
SQL: SHOW COLUMNS FROM `paper_student` [ RunTime:0.0066s ]
SQL: SELECT * FROM `paper_student` WHERE ( id = '1630090225' ) LIMIT 1   [ RunTime:0.0006s ]
SQL: SELECT * FROM `paper_student` WHERE ( id = '1630090277' ) LIMIT 1   [ RunTime:0.0003s ]
INFO: [ view_parse ] --START--
INFO: [ template_filter ] --START--
INFO: Run Behavior\ContentReplaceBehavior [ RunTime:0.000054s ]
INFO: [ template_filter ] --END-- [ RunTime:0.000086s ]
INFO: Run Behavior\ParseTemplateBehavior [ RunTime:0.007352s ]
INFO: [ view_parse ] --END-- [ RunTime:0.007381s ]
INFO: [ view_filter ] --START--
INFO: Run Behavior\WriteHtmlCacheBehavior [ RunTime:0.000361s ]
INFO: [ view_filter ] --END-- [ RunTime:0.000384s ]
INFO: [ app_end ] --START--
INFO: Run Behavior\ShowPageTraceBehavior [ RunTime:0.000473s ]
INFO: [ app_end ] --END-- [ RunTime:0.000496s ]

[ 2019-08-09T15:54:52+08:00 ] ::1 /weixin/index.php/Teacher/Examine/edit/id/1630090225
INFO: [ app_init ] --START--
INFO: Run Behavior\BuildLiteBehavior [ RunTime:0.000009s ]
INFO: [ app_init ] --END-- [ RunTime:0.000326s ]
INFO: [ app_begin ] --START--
INFO: Run Behavior\ReadHtmlCacheBehavior [ RunTime:0.000485s ]
INFO: [ app_begin ] --END-- [ RunTime:0.000519s ]
SQL: SHOW COLUMNS FROM `paper_student` [ RunTime:0.0076s ]
SQL: SELECT * FROM `paper_student` WHERE `id` = '1630090225' LIMIT 1   [ RunTime:0.0004s ]
NOTIC: [8] Undefined index: validate E:\phpstudy\PHPTutorial\WWW\weixin\ThinkPHP\Library\Think\Model.class.php 第 1185 行.
NOTIC: [8] Undefined index: auto E:\phpstudy\PHPTutorial\WWW\weixin\ThinkPHP\Library\Think\Model.class.php 第 1128 行.
SQL: UPDATE `paper_student` SET `state`='3' WHERE `id` = '1630090225' [ RunTime:0.1305s ]
INFO: [ view_parse ] --START--
INFO: [ template_filter ] --START--
INFO: Run Behavior\ContentReplaceBehavior [ RunTime:0.000054s ]
INFO: [ template_filter ] --END-- [ RunTime:0.000082s ]
INFO: Run Behavior\ParseTemplateBehavior [ RunTime:0.007966s ]
INFO: [ view_parse ] --END-- [ RunTime:0.008021s ]
INFO: [ view_filter ] --START--
INFO: Run Behavior\WriteHtmlCacheBehavior [ RunTime:0.000354s ]
INFO: [ view_filter ] --END-- [ RunTime:0.000376s ]
INFO: [ app_end ] --START--
INFO: Run Behavior\ShowPageTraceBehavior [ RunTime:0.000470s ]
INFO: [ app_end ] --END-- [ RunTime:0.000495s ]

[ 2019-08-09T15:55:26+08:00 ] ::1 /weixin/index.php/Teacher/Examine/edit/id/1630090225
INFO: [ app_init ] --START--
INFO: Run Behavior\BuildLiteBehavior [ RunTime:0.000009s ]
INFO: [ app_init ] --END-- [ RunTime:0.000359s ]
INFO: [ app_begin ] --START--
INFO: Run Behavior\ReadHtmlCacheBehavior [ RunTime:0.000471s ]
INFO: [ app_begin ] --END-- [ RunTime:0.000506s ]
SQL: SHOW COLUMNS FROM `paper_student` [ RunTime:0.0065s ]
SQL: SELECT * FROM `paper_student` WHERE `id` = '1630090225' LIMIT 1   [ RunTime:0.0003s ]
NOTIC: [8] Undefined index: validate E:\phpstudy\PHPTutorial\WWW\weixin\ThinkPHP\Library\Think\Model.class.php 第 1185 行.
NOTIC: [8] Undefined index: auto E:\phpstudy\PHPTutorial\WWW\weixin\ThinkPHP\Library\Think\Model.class.php 第 1128 行.
SQL: UPDATE `paper_student` SET `state`='3' WHERE `id` = '1630090225' [ RunTime:0.3774s ]
INFO: [ view_parse ] --START--
INFO: [ template_filter ] --START--
INFO: Run Behavior\ContentReplaceBehavior [ RunTime:0.000138s ]
INFO: [ template_filter ] --END-- [ RunTime:0.000166s ]
INFO: Run Behavior\ParseTemplateBehavior [ RunTime:0.006838s ]
INFO: [ view_parse ] --END-- [ RunTime:0.006871s ]
INFO: [ view_filter ] --START--
INFO: Run Behavior\WriteHtmlCacheBehavior [ RunTime:0.000672s ]
INFO: [ view_filter ] --END-- [ RunTime:0.000696s ]
INFO: [ app_end ] --START--
INFO: Run Behavior\ShowPageTraceBehavior [ RunTime:0.000645s ]
INFO: [ app_end ] --END-- [ RunTime:0.000678s ]

[ 2019-08-09T15:55:28+08:00 ] ::1 /weixin/index.php/Teacher/Examine/edit/id/1630090225
INFO: [ app_init ] --START--
INFO: Run Behavior\BuildLiteBehavior [ RunTime:0.000010s ]
INFO: [ app_init ] --END-- [ RunTime:0.000523s ]
INFO: [ app_begin ] --START--
INFO: Run Behavior\ReadHtmlCacheBehavior [ RunTime:0.000638s ]
INFO: [ app_begin ] --END-- [ RunTime:0.000673s ]
SQL: SHOW COLUMNS FROM `paper_student` [ RunTime:0.0063s ]
NOTIC: [8] Undefined index: validate E:\phpstudy\PHPTutorial\WWW\weixin\ThinkPHP\Library\Think\Model.class.php 第 1185 行.
NOTIC: [8] Undefined index: auto E:\phpstudy\PHPTutorial\WWW\weixin\ThinkPHP\Library\Think\Model.class.php 第 1128 行.
SQL: UPDATE `paper_student` SET `topic_state1`='1' WHERE `id` = '1630090225' [ RunTime:0.1222s ]
INFO: [ view_parse ] --START--
INFO: [ template_filter ] --START--
INFO: Run Behavior\ContentReplaceBehavior [ RunTime:0.000028s ]
INFO: [ template_filter ] --END-- [ RunTime:0.000059s ]
INFO: Run Behavior\ParseTemplateBehavior [ RunTime:0.005721s ]
INFO: [ view_parse ] --END-- [ RunTime:0.005750s ]
INFO: [ view_filter ] --START--
INFO: Run Behavior\WriteHtmlCacheBehavior [ RunTime:0.000467s ]
INFO: [ view_filter ] --END-- [ RunTime:0.000505s ]
INFO: [ app_end ] --START--
INFO: Run Behavior\ShowPageTraceBehavior [ RunTime:0.000638s ]
INFO: [ app_end ] --END-- [ RunTime:0.000662s ]

[ 2019-08-09T15:55:30+08:00 ] ::1 /weixin/index.php/Teacher/Examine/lst.html
INFO: [ app_init ] --START--
INFO: Run Behavior\BuildLiteBehavior [ RunTime:0.000009s ]
INFO: [ app_init ] --END-- [ RunTime:0.000407s ]
INFO: [ app_begin ] --START--
INFO: Run Behavior\ReadHtmlCacheBehavior [ RunTime:0.000493s ]
INFO: [ app_begin ] --END-- [ RunTime:0.000527s ]
SQL: SHOW COLUMNS FROM `paper_student` [ RunTime:0.0068s ]
SQL: SELECT * FROM `paper_student` WHERE ( id = '1630090225' ) LIMIT 1   [ RunTime:0.0004s ]
SQL: SELECT * FROM `paper_student` WHERE ( id = '1630090277' ) LIMIT 1   [ RunTime:0.0003s ]
INFO: [ view_parse ] --START--
INFO: [ template_filter ] --START--
INFO: Run Behavior\ContentReplaceBehavior [ RunTime:0.000054s ]
INFO: [ template_filter ] --END-- [ RunTime:0.000085s ]
INFO: Run Behavior\ParseTemplateBehavior [ RunTime:0.007706s ]
INFO: [ view_parse ] --END-- [ RunTime:0.007734s ]
INFO: [ view_filter ] --START--
INFO: Run Behavior\WriteHtmlCacheBehavior [ RunTime:0.000356s ]
INFO: [ view_filter ] --END-- [ RunTime:0.000378s ]
INFO: [ app_end ] --START--
INFO: Run Behavior\ShowPageTraceBehavior [ RunTime:0.000486s ]
INFO: [ app_end ] --END-- [ RunTime:0.000510s ]

[ 2019-08-09T16:00:08+08:00 ] ::1 /weixin/index.php/Teacher/Examine/lst.html
INFO: [ app_init ] --START--
INFO: Run Behavior\BuildLiteBehavior [ RunTime:0.000009s ]
INFO: [ app_init ] --END-- [ RunTime:0.000357s ]
INFO: [ app_begin ] --START--
INFO: Run Behavior\ReadHtmlCacheBehavior [ RunTime:0.000389s ]
INFO: [ app_begin ] --END-- [ RunTime:0.000423s ]
SQL: SHOW COLUMNS FROM `paper_student` [ RunTime:0.0065s ]
SQL: SELECT * FROM `paper_student` WHERE ( id = '1630090225' ) LIMIT 1   [ RunTime:0.0004s ]
SQL: SELECT * FROM `paper_student` WHERE ( id = '1630090277' ) LIMIT 1   [ RunTime:0.0003s ]
INFO: [ view_parse ] --START--
INFO: [ template_filter ] --START--
INFO: Run Behavior\ContentReplaceBehavior [ RunTime:0.000054s ]
INFO: [ template_filter ] --END-- [ RunTime:0.000084s ]
INFO: Run Behavior\ParseTemplateBehavior [ RunTime:0.006825s ]
INFO: [ view_parse ] --END-- [ RunTime:0.006858s ]
INFO: [ view_filter ] --START--
INFO: Run Behavior\WriteHtmlCacheBehavior [ RunTime:0.000376s ]
INFO: [ view_filter ] --END-- [ RunTime:0.000403s ]
INFO: [ app_end ] --START--
INFO: Run Behavior\ShowPageTraceBehavior [ RunTime:0.000814s ]
INFO: [ app_end ] --END-- [ RunTime:0.000864s ]

[ 2019-08-09T16:00:09+08:00 ] ::1 /weixin/index.php/Teacher/Index/index
INFO: [ app_init ] --START--
INFO: Run Behavior\BuildLiteBehavior [ RunTime:0.000008s ]
INFO: [ app_init ] --END-- [ RunTime:0.000385s ]
INFO: [ app_begin ] --START--
INFO: Run Behavior\ReadHtmlCacheBehavior [ RunTime:0.000542s ]
INFO: [ app_begin ] --END-- [ RunTime:0.000582s ]
SQL: SHOW COLUMNS FROM `paper_student` [ RunTime:0.0064s ]
SQL: SELECT * FROM `paper_student` WHERE ( id = '1630090225' ) LIMIT 1   [ RunTime:0.0003s ]
SQL: SELECT * FROM `paper_student` WHERE ( id = '1630090277' ) LIMIT 1   [ RunTime:0.0003s ]
INFO: [ view_parse ] --START--
INFO: [ template_filter ] --START--
INFO: Run Behavior\ContentReplaceBehavior [ RunTime:0.000097s ]
INFO: [ template_filter ] --END-- [ RunTime:0.000172s ]
INFO: Run Behavior\ParseTemplateBehavior [ RunTime:0.007424s ]
INFO: [ view_parse ] --END-- [ RunTime:0.007459s ]
INFO: [ view_filter ] --START--
INFO: Run Behavior\WriteHtmlCacheBehavior [ RunTime:0.000347s ]
INFO: [ view_filter ] --END-- [ RunTime:0.000371s ]
INFO: [ app_end ] --START--
INFO: Run Behavior\ShowPageTraceBehavior [ RunTime:0.000662s ]
INFO: [ app_end ] --END-- [ RunTime:0.000717s ]

[ 2019-08-09T16:00:54+08:00 ] ::1 /weixin/index.php/Teacher/Presentation/lst
INFO: [ app_init ] --START--
INFO: Run Behavior\BuildLiteBehavior [ RunTime:0.000008s ]
INFO: [ app_init ] --END-- [ RunTime:0.000648s ]
INFO: [ app_begin ] --START--
INFO: Run Behavior\ReadHtmlCacheBehavior [ RunTime:0.000968s ]
INFO: [ app_begin ] --END-- [ RunTime:0.001003s ]
SQL: SHOW COLUMNS FROM `paper_student` [ RunTime:0.0062s ]
SQL: SELECT * FROM `paper_student` WHERE ( id = '1630090225' ) LIMIT 1   [ RunTime:0.0004s ]
SQL: SELECT * FROM `paper_student` WHERE ( id = '1630090277' ) LIMIT 1   [ RunTime:0.0002s ]
INFO: [ view_parse ] --START--
INFO: [ template_filter ] --START--
INFO: Run Behavior\ContentReplaceBehavior [ RunTime:0.000050s ]
INFO: [ template_filter ] --END-- [ RunTime:0.000083s ]
INFO: Run Behavior\ParseTemplateBehavior [ RunTime:0.017955s ]
INFO: [ view_parse ] --END-- [ RunTime:0.017987s ]
INFO: [ view_filter ] --START--
INFO: Run Behavior\WriteHtmlCacheBehavior [ RunTime:0.000903s ]
INFO: [ view_filter ] --END-- [ RunTime:0.000929s ]
INFO: [ app_end ] --START--
INFO: Run Behavior\ShowPageTraceBehavior [ RunTime:0.000986s ]
INFO: [ app_end ] --END-- [ RunTime:0.001010s ]

[ 2019-08-09T16:03:39+08:00 ] ::1 /weixin/index.php/Teacher/Admin/logout
INFO: [ app_init ] --START--
INFO: Run Behavior\BuildLiteBehavior [ RunTime:0.000010s ]
INFO: [ app_init ] --END-- [ RunTime:0.000738s ]
INFO: [ app_begin ] --START--
INFO: Run Behavior\ReadHtmlCacheBehavior [ RunTime:0.000401s ]
INFO: [ app_begin ] --END-- [ RunTime:0.000433s ]

[ 2019-08-09T16:03:39+08:00 ] ::1 /weixin/index.php/Teacher/login/index.html
INFO: [ app_init ] --START--
INFO: Run Behavior\BuildLiteBehavior [ RunTime:0.000008s ]
INFO: [ app_init ] --END-- [ RunTime:0.000292s ]
INFO: [ app_begin ] --START--
INFO: Run Behavior\ReadHtmlCacheBehavior [ RunTime:0.000380s ]
INFO: [ app_begin ] --END-- [ RunTime:0.000413s ]
INFO: [ view_parse ] --START--
INFO: [ template_filter ] --START--
INFO: Run Behavior\ContentReplaceBehavior [ RunTime:0.000050s ]
INFO: [ template_filter ] --END-- [ RunTime:0.000095s ]
INFO: Run Behavior\ParseTemplateBehavior [ RunTime:0.004557s ]
INFO: [ view_parse ] --END-- [ RunTime:0.004586s ]
INFO: [ view_filter ] --START--
INFO: Run Behavior\WriteHtmlCacheBehavior [ RunTime:0.000255s ]
INFO: [ view_filter ] --END-- [ RunTime:0.000276s ]
INFO: [ app_end ] --START--
INFO: Run Behavior\ShowPageTraceBehavior [ RunTime:0.000376s ]
INFO: [ app_end ] --END-- [ RunTime:0.000398s ]

[ 2019-08-09T16:03:46+08:00 ] ::1 /weixin/index.php/Teacher/Login/Login_check?kind=%27paper_teacher%27
INFO: [ app_init ] --START--
INFO: Run Behavior\BuildLiteBehavior [ RunTime:0.000009s ]
INFO: [ app_init ] --END-- [ RunTime:0.000365s ]
INFO: [ app_begin ] --START--
INFO: Run Behavior\ReadHtmlCacheBehavior [ RunTime:0.000396s ]
INFO: [ app_begin ] --END-- [ RunTime:0.000432s ]
SQL: SHOW COLUMNS FROM `paper_teacher` [ RunTime:0.0068s ]
SQL: SELECT * FROM `paper_teacher` WHERE `id` = '1630090135' LIMIT 1   [ RunTime:0.0003s ]
SQL: SHOW COLUMNS FROM `paper_system` [ RunTime:0.0033s ]
SQL: SELECT * FROM `paper_system` WHERE `id` = 'r0002' LIMIT 1   [ RunTime:0.0002s ]
SQL: SHOW COLUMNS FROM `paper_teacher` [ RunTime:0.0047s ]
SQL: SELECT * FROM `paper_teacher` WHERE `id` = '1630090135' LIMIT 1   [ RunTime:0.0003s ]
NOTIC: [8] Undefined index: username E:\phpstudy\PHPTutorial\WWW\weixin\Application\Teacher\Controller\LoginController.class.php 第 53 行.
NOTIC: [8] Undefined variable: kind E:\phpstudy\PHPTutorial\WWW\weixin\Application\Teacher\Controller\LoginController.class.php 第 57 行.
INFO: [ view_parse ] --START--
INFO: [ template_filter ] --START--
INFO: Run Behavior\ContentReplaceBehavior [ RunTime:0.000028s ]
INFO: [ template_filter ] --END-- [ RunTime:0.000059s ]
INFO: Run Behavior\ParseTemplateBehavior [ RunTime:0.004521s ]
INFO: [ view_parse ] --END-- [ RunTime:0.004550s ]
INFO: [ view_filter ] --START--
INFO: Run Behavior\WriteHtmlCacheBehavior [ RunTime:0.000300s ]
INFO: [ view_filter ] --END-- [ RunTime:0.000320s ]
INFO: [ app_end ] --START--
INFO: Run Behavior\ShowPageTraceBehavior [ RunTime:0.000426s ]
INFO: [ app_end ] --END-- [ RunTime:0.000451s ]

[ 2019-08-09T16:03:48+08:00 ] ::1 /weixin/index.php/Teacher/Examine/lst.html
INFO: [ app_init ] --START--
INFO: Run Behavior\BuildLiteBehavior [ RunTime:0.000029s ]
INFO: [ app_init ] --END-- [ RunTime:0.000456s ]
INFO: [ app_begin ] --START--
INFO: Run Behavior\ReadHtmlCacheBehavior [ RunTime:0.000444s ]
INFO: [ app_begin ] --END-- [ RunTime:0.000479s ]
SQL: SHOW COLUMNS FROM `paper_student` [ RunTime:0.0054s ]
SQL: SELECT * FROM `paper_student` WHERE ( id = '1630090205' ) LIMIT 1   [ RunTime:0.0003s ]
SQL: SELECT * FROM `paper_student` WHERE ( id = '1630000000' ) LIMIT 1   [ RunTime:0.0002s ]
INFO: [ view_parse ] --START--
INFO: [ template_filter ] --START--
INFO: Run Behavior\ContentReplaceBehavior [ RunTime:0.000057s ]
INFO: [ template_filter ] --END-- [ RunTime:0.000091s ]
INFO: Run Behavior\ParseTemplateBehavior [ RunTime:0.007725s ]
INFO: [ view_parse ] --END-- [ RunTime:0.007784s ]
INFO: [ view_filter ] --START--
INFO: Run Behavior\WriteHtmlCacheBehavior [ RunTime:0.000331s ]
INFO: [ view_filter ] --END-- [ RunTime:0.000354s ]
INFO: [ app_end ] --START--
INFO: Run Behavior\ShowPageTraceBehavior [ RunTime:0.000415s ]
INFO: [ app_end ] --END-- [ RunTime:0.000440s ]

[ 2019-08-09T16:04:33+08:00 ] ::1 /weixin/index.php/Teacher/Index/index
INFO: [ app_init ] --START--
INFO: Run Behavior\BuildLiteBehavior [ RunTime:0.000010s ]
INFO: [ app_init ] --END-- [ RunTime:0.000428s ]
INFO: [ app_begin ] --START--
INFO: Run Behavior\ReadHtmlCacheBehavior [ RunTime:0.000503s ]
INFO: [ app_begin ] --END-- [ RunTime:0.000540s ]
SQL: SHOW COLUMNS FROM `paper_student` [ RunTime:0.0061s ]
SQL: SELECT * FROM `paper_student` WHERE ( id = '1630090205' ) LIMIT 1   [ RunTime:0.0003s ]
SQL: SELECT * FROM `paper_student` WHERE ( id = '1630000000' ) LIMIT 1   [ RunTime:0.0002s ]
INFO: [ view_parse ] --START--
INFO: [ template_filter ] --START--
INFO: Run Behavior\ContentReplaceBehavior [ RunTime:0.000051s ]
INFO: [ template_filter ] --END-- [ RunTime:0.000085s ]
INFO: Run Behavior\ParseTemplateBehavior [ RunTime:0.008163s ]
INFO: [ view_parse ] --END-- [ RunTime:0.008194s ]
INFO: [ view_filter ] --START--
INFO: Run Behavior\WriteHtmlCacheBehavior [ RunTime:0.000271s ]
INFO: [ view_filter ] --END-- [ RunTime:0.000293s ]
INFO: [ app_end ] --START--
INFO: Run Behavior\ShowPageTraceBehavior [ RunTime:0.000420s ]
INFO: [ app_end ] --END-- [ RunTime:0.000444s ]

[ 2019-08-09T16:08:00+08:00 ] ::1 /weixin/index.php/Teacher
INFO: [ app_init ] --START--
INFO: Run Behavior\BuildLiteBehavior [ RunTime:0.000009s ]
INFO: [ app_init ] --END-- [ RunTime:0.000670s ]
INFO: [ app_begin ] --START--
INFO: Run Behavior\ReadHtmlCacheBehavior [ RunTime:0.002544s ]
INFO: [ app_begin ] --END-- [ RunTime:0.002697s ]
SQL: SHOW COLUMNS FROM `paper_student` [ RunTime:0.0058s ]
SQL: SELECT * FROM `paper_student` WHERE ( id = '1630090205' ) LIMIT 1   [ RunTime:0.0005s ]
SQL: SELECT * FROM `paper_student` WHERE ( id = '1630000000' ) LIMIT 1   [ RunTime:0.0002s ]
INFO: [ view_parse ] --START--
INFO: [ template_filter ] --START--
INFO: Run Behavior\ContentReplaceBehavior [ RunTime:0.000051s ]
INFO: [ template_filter ] --END-- [ RunTime:0.000082s ]
INFO: Run Behavior\ParseTemplateBehavior [ RunTime:0.011654s ]
INFO: [ view_parse ] --END-- [ RunTime:0.011685s ]
INFO: [ view_filter ] --START--
INFO: Run Behavior\WriteHtmlCacheBehavior [ RunTime:0.000927s ]
INFO: [ view_filter ] --END-- [ RunTime:0.000950s ]
INFO: [ app_end ] --START--
INFO: Run Behavior\ShowPageTraceBehavior [ RunTime:0.001040s ]
INFO: [ app_end ] --END-- [ RunTime:0.001064s ]

[ 2019-08-09T16:16:23+08:00 ] ::1 /weixin/index.php/Teacher/Presentation/lst
INFO: [ app_init ] --START--
INFO: Run Behavior\BuildLiteBehavior [ RunTime:0.000009s ]
INFO: [ app_init ] --END-- [ RunTime:0.000461s ]
INFO: [ app_begin ] --START--
INFO: Run Behavior\ReadHtmlCacheBehavior [ RunTime:0.000455s ]
INFO: [ app_begin ] --END-- [ RunTime:0.000492s ]
SQL: SHOW COLUMNS FROM `paper_student` [ RunTime:0.0061s ]
SQL: SELECT * FROM `paper_student` WHERE ( id = '1630090205' ) LIMIT 1   [ RunTime:0.0004s ]
SQL: SELECT * FROM `paper_student` WHERE ( id = '1630000000' ) LIMIT 1   [ RunTime:0.0002s ]
INFO: [ view_parse ] --START--
INFO: [ template_filter ] --START--
INFO: Run Behavior\ContentReplaceBehavior [ RunTime:0.000061s ]
INFO: [ template_filter ] --END-- [ RunTime:0.000094s ]
INFO: Run Behavior\ParseTemplateBehavior [ RunTime:0.013566s ]
INFO: [ view_parse ] --END-- [ RunTime:0.013598s ]
INFO: [ view_filter ] --START--
INFO: Run Behavior\WriteHtmlCacheBehavior [ RunTime:0.000458s ]
INFO: [ view_filter ] --END-- [ RunTime:0.000480s ]
INFO: [ app_end ] --START--
INFO: Run Behavior\ShowPageTraceBehavior [ RunTime:0.000731s ]
INFO: [ app_end ] --END-- [ RunTime:0.000771s ]

[ 2019-08-09T16:16:26+08:00 ] ::1 /weixin/index.php/Teacher/Defense/lst
INFO: [ app_init ] --START--
INFO: Run Behavior\BuildLiteBehavior [ RunTime:0.000008s ]
INFO: [ app_init ] --END-- [ RunTime:0.000308s ]
INFO: [ app_begin ] --START--
INFO: Run Behavior\ReadHtmlCacheBehavior [ RunTime:0.000421s ]
INFO: [ app_begin ] --END-- [ RunTime:0.000457s ]
SQL: SHOW COLUMNS FROM `paper_student` [ RunTime:0.0043s ]
SQL: SELECT * FROM `paper_student` WHERE ( id = '1630090205' ) LIMIT 1   [ RunTime:0.0003s ]
SQL: SELECT * FROM `paper_student` WHERE ( id = '1630000000' ) LIMIT 1   [ RunTime:0.0002s ]
INFO: [ view_parse ] --START--
INFO: [ template_filter ] --START--
INFO: Run Behavior\ContentReplaceBehavior [ RunTime:0.000053s ]
INFO: [ template_filter ] --END-- [ RunTime:0.000085s ]
INFO: Run Behavior\ParseTemplateBehavior [ RunTime:0.054416s ]
INFO: [ view_parse ] --END-- [ RunTime:0.054449s ]
INFO: [ view_filter ] --START--
INFO: Run Behavior\WriteHtmlCacheBehavior [ RunTime:0.000260s ]
INFO: [ view_filter ] --END-- [ RunTime:0.000282s ]
INFO: [ app_end ] --START--
INFO: Run Behavior\ShowPageTraceBehavior [ RunTime:0.000548s ]
INFO: [ app_end ] --END-- [ RunTime:0.000603s ]

[ 2019-08-09T16:16:29+08:00 ] ::1 /weixin/index.php/Teacher/ResultsIndex/lst
INFO: [ app_init ] --START--
INFO: Run Behavior\BuildLiteBehavior [ RunTime:0.000022s ]
INFO: [ app_init ] --END-- [ RunTime:0.000334s ]
INFO: [ app_begin ] --START--
INFO: Run Behavior\ReadHtmlCacheBehavior [ RunTime:0.000518s ]
INFO: [ app_begin ] --END-- [ RunTime:0.000551s ]
ERR: 无法加载控制器:ResultsIndex

[ 2019-08-09T16:16:57+08:00 ] ::1 /weixin/index.php/Teacher/ResultsDefense/lst
INFO: [ app_init ] --START--
INFO: Run Behavior\BuildLiteBehavior [ RunTime:0.000009s ]
INFO: [ app_init ] --END-- [ RunTime:0.000358s ]
INFO: [ app_begin ] --START--
INFO: Run Behavior\ReadHtmlCacheBehavior [ RunTime:0.000403s ]
INFO: [ app_begin ] --END-- [ RunTime:0.000438s ]
ERR: 无法加载控制器:ResultsDefense

[ 2019-08-09T16:30:03+08:00 ] ::1 /weixin/index.php/Teacher/ResultsDefense/lst
INFO: [ app_init ] --START--
INFO: Run Behavior\BuildLiteBehavior [ RunTime:0.000011s ]
INFO: [ app_init ] --END-- [ RunTime:0.000519s ]
INFO: [ app_begin ] --START--
INFO: Run Behavior\ReadHtmlCacheBehavior [ RunTime:0.000825s ]
INFO: [ app_begin ] --END-- [ RunTime:0.000864s ]
ERR: 无法加载控制器:ResultsDefense

[ 2019-08-09T16:30:15+08:00 ] ::1 /weixin/index.php/Teacher/Results/lst
INFO: [ app_init ] --START--
INFO: Run Behavior\BuildLiteBehavior [ RunTime:0.000010s ]
INFO: [ app_init ] --END-- [ RunTime:0.000447s ]
INFO: [ app_begin ] --START--
INFO: Run Behavior\ReadHtmlCacheBehavior [ RunTime:0.000687s ]
INFO: [ app_begin ] --END-- [ RunTime:0.000720s ]
SQL: SHOW COLUMNS FROM `paper_student` [ RunTime:0.0059s ]
SQL: SELECT * FROM `paper_student` WHERE ( id = '1630090205' ) LIMIT 1   [ RunTime:0.0003s ]
SQL: SELECT * FROM `paper_student` WHERE ( id = '1630000000' ) LIMIT 1   [ RunTime:0.0002s ]
INFO: [ view_parse ] --START--
INFO: [ template_filter ] --START--
INFO: Run Behavior\ContentReplaceBehavior [ RunTime:0.000056s ]
INFO: [ template_filter ] --END-- [ RunTime:0.000091s ]
INFO: Run Behavior\ParseTemplateBehavior [ RunTime:0.113581s ]
INFO: [ view_parse ] --END-- [ RunTime:0.113623s ]
INFO: [ view_filter ] --START--
INFO: Run Behavior\WriteHtmlCacheBehavior [ RunTime:0.000547s ]
INFO: [ view_filter ] --END-- [ RunTime:0.000573s ]
INFO: [ app_end ] --START--
INFO: Run Behavior\ShowPageTraceBehavior [ RunTime:0.000714s ]
INFO: [ app_end ] --END-- [ RunTime:0.000739s ]

[ 2019-08-09T16:30:28+08:00 ] ::1 /weixin/index.php/Teacher/Examine/lst
INFO: [ app_init ] --START--
INFO: Run Behavior\BuildLiteBehavior [ RunTime:0.000009s ]
INFO: [ app_init ] --END-- [ RunTime:0.000513s ]
INFO: [ app_begin ] --START--
INFO: Run Behavior\ReadHtmlCacheBehavior [ RunTime:0.000755s ]
INFO: [ app_begin ] --END-- [ RunTime:0.000791s ]
SQL: SHOW COLUMNS FROM `paper_student` [ RunTime:0.0068s ]
SQL: SELECT * FROM `paper_student` WHERE ( id = '1630090205' ) LIMIT 1   [ RunTime:0.0004s ]
SQL: SELECT * FROM `paper_student` WHERE ( id = '1630000000' ) LIMIT 1   [ RunTime:0.0002s ]
INFO: [ view_parse ] --START--
INFO: [ template_filter ] --START--
INFO: Run Behavior\ContentReplaceBehavior [ RunTime:0.000055s ]
INFO: [ template_filter ] --END-- [ RunTime:0.000087s ]
INFO: Run Behavior\ParseTemplateBehavior [ RunTime:0.009402s ]
INFO: [ view_parse ] --END-- [ RunTime:0.009433s ]
INFO: [ view_filter ] --START--
INFO: Run Behavior\WriteHtmlCacheBehavior [ RunTime:0.000672s ]
INFO: [ view_filter ] --END-- [ RunTime:0.000696s ]
INFO: [ app_end ] --START--
INFO: Run Behavior\ShowPageTraceBehavior [ RunTime:0.000761s ]
INFO: [ app_end ] --END-- [ RunTime:0.000786s ]

[ 2019-08-09T16:30:31+08:00 ] ::1 /weixin/index.php/Teacher/Index/index
INFO: [ app_init ] --START--
INFO: Run Behavior\BuildLiteBehavior [ RunTime:0.000016s ]
INFO: [ app_init ] --END-- [ RunTime:0.000726s ]
INFO: [ app_begin ] --START--
INFO: Run Behavior\ReadHtmlCacheBehavior [ RunTime:0.001046s ]
INFO: [ app_begin ] --END-- [ RunTime:0.001118s ]
SQL: SHOW COLUMNS FROM `paper_student` [ RunTime:0.0046s ]
SQL: SELECT * FROM `paper_student` WHERE ( id = '1630090205' ) LIMIT 1   [ RunTime:0.0004s ]
SQL: SELECT * FROM `paper_student` WHERE ( id = '1630000000' ) LIMIT 1   [ RunTime:0.0003s ]
INFO: [ view_parse ] --START--
INFO: [ template_filter ] --START--
INFO: Run Behavior\ContentReplaceBehavior [ RunTime:0.000054s ]
INFO: [ template_filter ] --END-- [ RunTime:0.000083s ]
INFO: Run Behavior\ParseTemplateBehavior [ RunTime:0.008635s ]
INFO: [ view_parse ] --END-- [ RunTime:0.008692s ]
INFO: [ view_filter ] --START--
INFO: Run Behavior\WriteHtmlCacheBehavior [ RunTime:0.000659s ]
INFO: [ view_filter ] --END-- [ RunTime:0.000687s ]
INFO: [ app_end ] --START--
INFO: Run Behavior\ShowPageTraceBehavior [ RunTime:0.000717s ]
INFO: [ app_end ] --END-- [ RunTime:0.000741s ]

[ 2019-08-09T16:30:33+08:00 ] ::1 /weixin/index.php/Teacher/Presentation/lst
INFO: [ app_init ] --START--
INFO: Run Behavior\BuildLiteBehavior [ RunTime:0.000010s ]
INFO: [ app_init ] --END-- [ RunTime:0.000639s ]
INFO: [ app_begin ] --START--
INFO: Run Behavior\ReadHtmlCacheBehavior [ RunTime:0.000833s ]
INFO: [ app_begin ] --END-- [ RunTime:0.000883s ]
SQL: SHOW COLUMNS FROM `paper_student` [ RunTime:0.0059s ]
SQL: SELECT * FROM `paper_student` WHERE ( id = '1630090205' ) LIMIT 1   [ RunTime:0.0003s ]
SQL: SELECT * FROM `paper_student` WHERE ( id = '1630000000' ) LIMIT 1   [ RunTime:0.0002s ]
INFO: [ view_parse ] --START--
INFO: [ template_filter ] --START--
INFO: Run Behavior\ContentReplaceBehavior [ RunTime:0.000052s ]
INFO: [ template_filter ] --END-- [ RunTime:0.000089s ]
INFO: Run Behavior\ParseTemplateBehavior [ RunTime:0.010451s ]
INFO: [ view_parse ] --END-- [ RunTime:0.010486s ]
INFO: [ view_filter ] --START--
INFO: Run Behavior\WriteHtmlCacheBehavior [ RunTime:0.000582s ]
INFO: [ view_filter ] --END-- [ RunTime:0.000607s ]
INFO: [ app_end ] --START--
INFO: Run Behavior\ShowPageTraceBehavior [ RunTime:0.000752s ]
INFO: [ app_end ] --END-- [ RunTime:0.000779s ]

[ 2019-08-09T16:30:35+08:00 ] ::1 /weixin/index.php/Teacher/Paper/lst
INFO: [ app_init ] --START--
INFO: Run Behavior\BuildLiteBehavior [ RunTime:0.000009s ]
INFO: [ app_init ] --END-- [ RunTime:0.000464s ]
INFO: [ app_begin ] --START--
INFO: Run Behavior\ReadHtmlCacheBehavior [ RunTime:0.000869s ]
INFO: [ app_begin ] --END-- [ RunTime:0.000905s ]
SQL: SHOW COLUMNS FROM `paper_student` [ RunTime:0.0056s ]
SQL: SELECT * FROM `paper_student` WHERE ( id = '1630090205' ) LIMIT 1   [ RunTime:0.0004s ]
SQL: SELECT * FROM `paper_student` WHERE ( id = '1630000000' ) LIMIT 1   [ RunTime:0.0003s ]
INFO: [ view_parse ] --START--
INFO: [ template_filter ] --START--
INFO: Run Behavior\ContentReplaceBehavior [ RunTime:0.000053s ]
INFO: [ template_filter ] --END-- [ RunTime:0.000086s ]
INFO: Run Behavior\ParseTemplateBehavior [ RunTime:0.018054s ]
INFO: [ view_parse ] --END-- [ RunTime:0.018092s ]
INFO: [ view_filter ] --START--
INFO: Run Behavior\WriteHtmlCacheBehavior [ RunTime:0.000615s ]
INFO: [ view_filter ] --END-- [ RunTime:0.000645s ]
INFO: [ app_end ] --START--
INFO: Run Behavior\ShowPageTraceBehavior [ RunTime:0.001073s ]
INFO: [ app_end ] --END-- [ RunTime:0.001105s ]

[ 2019-08-09T16:30:36+08:00 ] ::1 /weixin/index.php/Teacher/ResultsIndex/lst
INFO: [ app_init ] --START--
INFO: Run Behavior\BuildLiteBehavior [ RunTime:0.000009s ]
INFO: [ app_init ] --END-- [ RunTime:0.000463s ]
INFO: [ app_begin ] --START--
INFO: Run Behavior\ReadHtmlCacheBehavior [ RunTime:0.000724s ]
INFO: [ app_begin ] --END-- [ RunTime:0.000758s ]
ERR: 无法加载控制器:ResultsIndex

[ 2019-08-09T16:30:42+08:00 ] ::1 /weixin/index.php/Teacher/Defense/lst
INFO: [ app_init ] --START--
INFO: Run Behavior\BuildLiteBehavior [ RunTime:0.000011s ]
INFO: [ app_init ] --END-- [ RunTime:0.000485s ]
INFO: [ app_begin ] --START--
INFO: Run Behavior\ReadHtmlCacheBehavior [ RunTime:0.000761s ]
INFO: [ app_begin ] --END-- [ RunTime:0.000797s ]
SQL: SHOW COLUMNS FROM `paper_student` [ RunTime:0.0041s ]
SQL: SELECT * FROM `paper_student` WHERE ( id = '1630090205' ) LIMIT 1   [ RunTime:0.0006s ]
SQL: SELECT * FROM `paper_student` WHERE ( id = '1630000000' ) LIMIT 1   [ RunTime:0.0002s ]
INFO: [ view_parse ] --START--
INFO: [ template_filter ] --START--
INFO: Run Behavior\ContentReplaceBehavior [ RunTime:0.000055s ]
INFO: [ template_filter ] --END-- [ RunTime:0.000089s ]
INFO: Run Behavior\ParseTemplateBehavior [ RunTime:0.009301s ]
INFO: [ view_parse ] --END-- [ RunTime:0.009370s ]
INFO: [ view_filter ] --START--
INFO: Run Behavior\WriteHtmlCacheBehavior [ RunTime:0.000656s ]
INFO: [ view_filter ] --END-- [ RunTime:0.000709s ]
INFO: [ app_end ] --START--
INFO: Run Behavior\ShowPageTraceBehavior [ RunTime:0.000863s ]
INFO: [ app_end ] --END-- [ RunTime:0.000892s ]

[ 2019-08-09T16:30:47+08:00 ] ::1 /weixin/index.php/Teacher/Paper/lst
INFO: [ app_init ] --START--
INFO: Run Behavior\BuildLiteBehavior [ RunTime:0.000011s ]
INFO: [ app_init ] --END-- [ RunTime:0.000454s ]
INFO: [ app_begin ] --START--
INFO: Run Behavior\ReadHtmlCacheBehavior [ RunTime:0.000592s ]
INFO: [ app_begin ] --END-- [ RunTime:0.000630s ]
SQL: SHOW COLUMNS FROM `paper_student` [ RunTime:0.0069s ]
SQL: SELECT * FROM `paper_student` WHERE ( id = '1630090205' ) LIMIT 1   [ RunTime:0.0003s ]
SQL: SELECT * FROM `paper_student` WHERE ( id = '1630000000' ) LIMIT 1   [ RunTime:0.0002s ]
INFO: [ view_parse ] --START--
INFO: [ template_filter ] --START--
INFO: Run Behavior\ContentReplaceBehavior [ RunTime:0.000048s ]
INFO: [ template_filter ] --END-- [ RunTime:0.000075s ]
INFO: Run Behavior\ParseTemplateBehavior [ RunTime:0.008144s ]
INFO: [ view_parse ] --END-- [ RunTime:0.008179s ]
INFO: [ view_filter ] --START--
INFO: Run Behavior\WriteHtmlCacheBehavior [ RunTime:0.000417s ]
INFO: [ view_filter ] --END-- [ RunTime:0.000444s ]
INFO: [ app_end ] --START--
INFO: Run Behavior\ShowPageTraceBehavior [ RunTime:0.000671s ]
INFO: [ app_end ] --END-- [ RunTime:0.000706s ]

[ 2019-08-09T16:30:49+08:00 ] ::1 /weixin/index.php/Teacher/ResultsIndex/lst
INFO: [ app_init ] --START--
INFO: Run Behavior\BuildLiteBehavior [ RunTime:0.000011s ]
INFO: [ app_init ] --END-- [ RunTime:0.000446s ]
INFO: [ app_begin ] --START--
INFO: Run Behavior\ReadHtmlCacheBehavior [ RunTime:0.000800s ]
INFO: [ app_begin ] --END-- [ RunTime:0.000856s ]
ERR: 无法加载控制器:ResultsIndex

[ 2019-08-09T16:30:54+08:00 ] ::1 /weixin/index.php/Teacher/ResultsDefense/lst
INFO: [ app_init ] --START--
INFO: Run Behavior\BuildLiteBehavior [ RunTime:0.000011s ]
INFO: [ app_init ] --END-- [ RunTime:0.000440s ]
INFO: [ app_begin ] --START--
INFO: Run Behavior\ReadHtmlCacheBehavior [ RunTime:0.000692s ]
INFO: [ app_begin ] --END-- [ RunTime:0.000726s ]
ERR: 无法加载控制器:ResultsDefense

[ 2019-08-09T16:31:18+08:00 ] ::1 /weixin/index.php/Teacher/Results/lst
INFO: [ app_init ] --START--
INFO: Run Behavior\BuildLiteBehavior [ RunTime:0.000011s ]
INFO: [ app_init ] --END-- [ RunTime:0.000407s ]
INFO: [ app_begin ] --START--
INFO: Run Behavior\ReadHtmlCacheBehavior [ RunTime:0.000555s ]
INFO: [ app_begin ] --END-- [ RunTime:0.000589s ]
SQL: SHOW COLUMNS FROM `paper_student` [ RunTime:0.0074s ]
SQL: SELECT * FROM `paper_student` WHERE ( id = '1630090205' ) LIMIT 1   [ RunTime:0.0003s ]
SQL: SELECT * FROM `paper_student` WHERE ( id = '1630000000' ) LIMIT 1   [ RunTime:0.0002s ]
INFO: [ view_parse ] --START--
INFO: [ template_filter ] --START--
INFO: Run Behavior\ContentReplaceBehavior [ RunTime:0.000051s ]
INFO: [ template_filter ] --END-- [ RunTime:0.000085s ]
INFO: Run Behavior\ParseTemplateBehavior [ RunTime:0.008355s ]
INFO: [ view_parse ] --END-- [ RunTime:0.008398s ]
INFO: [ view_filter ] --START--
INFO: Run Behavior\WriteHtmlCacheBehavior [ RunTime:0.000476s ]
INFO: [ view_filter ] --END-- [ RunTime:0.000501s ]
INFO: [ app_end ] --START--
INFO: Run Behavior\ShowPageTraceBehavior [ RunTime:0.000551s ]
INFO: [ app_end ] --END-- [ RunTime:0.000576s ]

[ 2019-08-09T16:31:19+08:00 ] ::1 /weixin/index.php/Teacher/ResultsDefense/lst
INFO: [ app_init ] --START--
INFO: Run Behavior\BuildLiteBehavior [ RunTime:0.000012s ]
INFO: [ app_init ] --END-- [ RunTime:0.000422s ]
INFO: [ app_begin ] --START--
INFO: Run Behavior\ReadHtmlCacheBehavior [ RunTime:0.000610s ]
INFO: [ app_begin ] --END-- [ RunTime:0.000648s ]
ERR: 无法加载控制器:ResultsDefense

[ 2019-08-09T16:31:22+08:00 ] ::1 /weixin/index.php/Teacher/ResultsIndex/lst
INFO: [ app_init ] --START--
INFO: Run Behavior\BuildLiteBehavior [ RunTime:0.000011s ]
INFO: [ app_init ] --END-- [ RunTime:0.000488s ]
INFO: [ app_begin ] --START--
INFO: Run Behavior\ReadHtmlCacheBehavior [ RunTime:0.000701s ]
INFO: [ app_begin ] --END-- [ RunTime:0.000743s ]
ERR: 无法加载控制器:ResultsIndex

