[ 2019-09-25T19:09:04+08:00 ] 222.135.77.242 /index.php/Leader
INFO: [ app_init ] --START--
INFO: Run Behavior\BuildLiteBehavior [ RunTime:0.000010s ]
INFO: [ app_init ] --END-- [ RunTime:0.000239s ]
INFO: [ app_begin ] --START--
INFO: Run Behavior\ReadHtmlCacheBehavior [ RunTime:0.000292s ]
INFO: [ app_begin ] --END-- [ RunTime:0.000320s ]

[ 2019-09-25T19:09:05+08:00 ] 222.135.77.242 /index.php/Leader/login/login.html
INFO: [ app_init ] --START--
INFO: Run Behavior\BuildLiteBehavior [ RunTime:0.000010s ]
INFO: [ app_init ] --END-- [ RunTime:0.000230s ]
INFO: [ app_begin ] --START--
INFO: Run Behavior\ReadHtmlCacheBehavior [ RunTime:0.000407s ]
INFO: [ app_begin ] --END-- [ RunTime:0.000444s ]
INFO: [ view_parse ] --START--
INFO: [ template_filter ] --START--
INFO: Run Behavior\ContentReplaceBehavior [ RunTime:0.000051s ]
INFO: [ template_filter ] --END-- [ RunTime:0.000086s ]
INFO: Run Behavior\ParseTemplateBehavior [ RunTime:0.003733s ]
INFO: [ view_parse ] --END-- [ RunTime:0.003759s ]
INFO: [ view_filter ] --START--
INFO: Run Behavior\WriteHtmlCacheBehavior [ RunTime:0.000119s ]
INFO: [ view_filter ] --END-- [ RunTime:0.000137s ]
INFO: [ app_end ] --START--
INFO: Run Behavior\ShowPageTraceBehavior [ RunTime:0.000346s ]
INFO: [ app_end ] --END-- [ RunTime:0.000372s ]

[ 2019-09-25T19:09:05+08:00 ] 222.135.77.242 /index.php/Leader/login/favicon.ico
INFO: [ app_init ] --START--
INFO: Run Behavior\BuildLiteBehavior [ RunTime:0.000009s ]
INFO: [ app_init ] --END-- [ RunTime:0.000233s ]

[ 2019-09-25T19:09:33+08:00 ] 222.135.77.242 /index.php/Leader/login/logincheck.html?username=1630090239&password=123456
INFO: [ app_init ] --START--
INFO: Run Behavior\BuildLiteBehavior [ RunTime:0.000009s ]
INFO: [ app_init ] --END-- [ RunTime:0.000231s ]
INFO: [ app_begin ] --START--
INFO: Run Behavior\ReadHtmlCacheBehavior [ RunTime:0.000272s ]
INFO: [ app_begin ] --END-- [ RunTime:0.000299s ]
SQL: SHOW COLUMNS FROM `paper_leader` [ RunTime:0.0008s ]
SQL: SELECT * FROM `paper_leader` WHERE `id` = '1630090239' LIMIT 1   [ RunTime:0.0004s ]
SQL: SHOW COLUMNS FROM `paper_system` [ RunTime:0.0006s ]
SQL: SELECT * FROM `paper_system` WHERE `id` = 'r0007' LIMIT 1   [ RunTime:0.0004s ]
INFO: [ view_parse ] --START--
INFO: [ template_filter ] --START--
INFO: Run Behavior\ContentReplaceBehavior [ RunTime:0.000027s ]
INFO: [ template_filter ] --END-- [ RunTime:0.000052s ]
INFO: Run Behavior\ParseTemplateBehavior [ RunTime:0.003498s ]
INFO: [ view_parse ] --END-- [ RunTime:0.003525s ]
INFO: [ view_filter ] --START--
INFO: Run Behavior\WriteHtmlCacheBehavior [ RunTime:0.000117s ]
INFO: [ view_filter ] --END-- [ RunTime:0.000137s ]
INFO: [ app_end ] --START--
INFO: Run Behavior\ShowPageTraceBehavior [ RunTime:0.000300s ]
INFO: [ app_end ] --END-- [ RunTime:0.000321s ]

[ 2019-09-25T19:09:34+08:00 ] 222.135.77.242 /index.php/Leader/index/index.html
INFO: [ app_init ] --START--
INFO: Run Behavior\BuildLiteBehavior [ RunTime:0.000009s ]
INFO: [ app_init ] --END-- [ RunTime:0.000232s ]
INFO: [ app_begin ] --START--
INFO: Run Behavior\ReadHtmlCacheBehavior [ RunTime:0.000284s ]
INFO: [ app_begin ] --END-- [ RunTime:0.000312s ]
INFO: [ view_parse ] --START--
INFO: [ template_filter ] --START--
INFO: Run Behavior\ContentReplaceBehavior [ RunTime:0.000058s ]
INFO: [ template_filter ] --END-- [ RunTime:0.000090s ]
INFO: Run Behavior\ParseTemplateBehavior [ RunTime:0.006317s ]
INFO: [ view_parse ] --END-- [ RunTime:0.006343s ]
INFO: [ view_filter ] --START--
INFO: Run Behavior\WriteHtmlCacheBehavior [ RunTime:0.000129s ]
INFO: [ view_filter ] --END-- [ RunTime:0.000167s ]
INFO: [ app_end ] --START--
INFO: Run Behavior\ShowPageTraceBehavior [ RunTime:0.000340s ]
INFO: [ app_end ] --END-- [ RunTime:0.000472s ]

[ 2019-09-25T19:09:36+08:00 ] 222.135.77.242 /index.php/Leader/Title/title.html
INFO: [ app_init ] --START--
INFO: Run Behavior\BuildLiteBehavior [ RunTime:0.000009s ]
INFO: [ app_init ] --END-- [ RunTime:0.000250s ]
INFO: [ app_begin ] --START--
INFO: Run Behavior\ReadHtmlCacheBehavior [ RunTime:0.000273s ]
INFO: [ app_begin ] --END-- [ RunTime:0.000300s ]
SQL: SHOW COLUMNS FROM `paper_name` [ RunTime:0.0010s ]
SQL: SELECT * FROM `paper_name` WHERE `sid` = 'r0007' ORDER BY id asc LIMIT 0,10   [ RunTime:0.0006s ]
SQL: SELECT COUNT(*) AS tp_count FROM `paper_name` WHERE `sid` = 'r0007' LIMIT 1   [ RunTime:0.0005s ]
INFO: [ view_parse ] --START--
INFO: [ template_filter ] --START--
INFO: Run Behavior\ContentReplaceBehavior [ RunTime:0.000072s ]
INFO: [ template_filter ] --END-- [ RunTime:0.000096s ]
INFO: Run Behavior\ParseTemplateBehavior [ RunTime:0.004970s ]
INFO: [ view_parse ] --END-- [ RunTime:0.004999s ]
INFO: [ view_filter ] --START--
INFO: Run Behavior\WriteHtmlCacheBehavior [ RunTime:0.000149s ]
INFO: [ view_filter ] --END-- [ RunTime:0.000171s ]
INFO: [ app_end ] --START--
INFO: Run Behavior\ShowPageTraceBehavior [ RunTime:0.000312s ]
INFO: [ app_end ] --END-- [ RunTime:0.000334s ]

[ 2019-09-25T19:09:44+08:00 ] 222.135.77.242 /index.php/Leader/Title/upload
INFO: [ app_init ] --START--
INFO: Run Behavior\BuildLiteBehavior [ RunTime:0.000011s ]
INFO: [ app_init ] --END-- [ RunTime:0.000289s ]
INFO: [ app_begin ] --START--
INFO: Run Behavior\ReadHtmlCacheBehavior [ RunTime:0.000283s ]
INFO: [ app_begin ] --END-- [ RunTime:0.000312s ]
NOTIC: [2] call_user_func() expects parameter 1 to be a valid callback, no array or string given /home/bae/app/ThinkPHP/Library/Think/Upload.class.php 第 170 行.
SQL: SHOW COLUMNS FROM `paper_name` [ RunTime:0.0007s ]
SQL: SELECT * FROM `paper_name` WHERE `name` = '测试' AND `sid` = 'r0007' LIMIT 1   [ RunTime:0.0006s ]
SQL: INSERT INTO `paper_name` (`name`,`sid`) VALUES ('测试','r0007') [ RunTime:0.0013s ]
SQL: SELECT * FROM `paper_name` WHERE `name` = '测试45' AND `sid` = 'r0007' LIMIT 1   [ RunTime:0.0005s ]
SQL: INSERT INTO `paper_name` (`name`,`sid`) VALUES ('测试45','r0007') [ RunTime:0.0011s ]
SQL: SELECT * FROM `paper_name` WHERE `name` = '测试67' AND `sid` = 'r0007' LIMIT 1   [ RunTime:0.0006s ]
SQL: INSERT INTO `paper_name` (`name`,`sid`) VALUES ('测试67','r0007') [ RunTime:0.0021s ]
INFO: [ view_parse ] --START--
INFO: [ template_filter ] --START--
INFO: Run Behavior\ContentReplaceBehavior [ RunTime:0.000032s ]
INFO: [ template_filter ] --END-- [ RunTime:0.000059s ]
INFO: Run Behavior\ParseTemplateBehavior [ RunTime:0.003330s ]
INFO: [ view_parse ] --END-- [ RunTime:0.003357s ]
INFO: [ view_filter ] --START--
INFO: Run Behavior\WriteHtmlCacheBehavior [ RunTime:0.000148s ]
INFO: [ view_filter ] --END-- [ RunTime:0.000166s ]
INFO: [ app_end ] --START--
INFO: Run Behavior\ShowPageTraceBehavior [ RunTime:0.000359s ]
INFO: [ app_end ] --END-- [ RunTime:0.000385s ]

[ 2019-09-25T19:09:45+08:00 ] 222.135.77.242 /index.php/Leader/Title/title.html
INFO: [ app_init ] --START--
INFO: Run Behavior\BuildLiteBehavior [ RunTime:0.000009s ]
INFO: [ app_init ] --END-- [ RunTime:0.000235s ]
INFO: [ app_begin ] --START--
INFO: Run Behavior\ReadHtmlCacheBehavior [ RunTime:0.000278s ]
INFO: [ app_begin ] --END-- [ RunTime:0.000305s ]
SQL: SHOW COLUMNS FROM `paper_name` [ RunTime:0.0012s ]
SQL: SELECT * FROM `paper_name` WHERE `sid` = 'r0007' ORDER BY id asc LIMIT 0,10   [ RunTime:0.0007s ]
SQL: SELECT COUNT(*) AS tp_count FROM `paper_name` WHERE `sid` = 'r0007' LIMIT 1   [ RunTime:0.0005s ]
INFO: [ view_parse ] --START--
INFO: [ template_filter ] --START--
INFO: Run Behavior\ContentReplaceBehavior [ RunTime:0.000084s ]
INFO: [ template_filter ] --END-- [ RunTime:0.000112s ]
INFO: Run Behavior\ParseTemplateBehavior [ RunTime:0.004548s ]
INFO: [ view_parse ] --END-- [ RunTime:0.004575s ]
INFO: [ view_filter ] --START--
INFO: Run Behavior\WriteHtmlCacheBehavior [ RunTime:0.000116s ]
INFO: [ view_filter ] --END-- [ RunTime:0.000135s ]
INFO: [ app_end ] --START--
INFO: Run Behavior\ShowPageTraceBehavior [ RunTime:0.000353s ]
INFO: [ app_end ] --END-- [ RunTime:0.000380s ]

[ 2019-09-25T19:09:48+08:00 ] 222.135.77.242 /index.php/Leader/Title/title.html
INFO: [ app_init ] --START--
INFO: Run Behavior\BuildLiteBehavior [ RunTime:0.000009s ]
INFO: [ app_init ] --END-- [ RunTime:0.000220s ]
INFO: [ app_begin ] --START--
INFO: Run Behavior\ReadHtmlCacheBehavior [ RunTime:0.000293s ]
INFO: [ app_begin ] --END-- [ RunTime:0.000319s ]
SQL: SHOW COLUMNS FROM `paper_name` [ RunTime:0.0010s ]
SQL: SELECT * FROM `paper_name` WHERE `sid` = 'r0007' ORDER BY id asc LIMIT 0,10   [ RunTime:0.0005s ]
SQL: SELECT COUNT(*) AS tp_count FROM `paper_name` WHERE `sid` = 'r0007' LIMIT 1   [ RunTime:0.0005s ]
INFO: [ view_parse ] --START--
INFO: [ template_filter ] --START--
INFO: Run Behavior\ContentReplaceBehavior [ RunTime:0.000075s ]
INFO: [ template_filter ] --END-- [ RunTime:0.000112s ]
INFO: Run Behavior\ParseTemplateBehavior [ RunTime:0.006068s ]
INFO: [ view_parse ] --END-- [ RunTime:0.006099s ]
INFO: [ view_filter ] --START--
INFO: Run Behavior\WriteHtmlCacheBehavior [ RunTime:0.000148s ]
INFO: [ view_filter ] --END-- [ RunTime:0.000170s ]
INFO: [ app_end ] --START--
INFO: Run Behavior\ShowPageTraceBehavior [ RunTime:0.000337s ]
INFO: [ app_end ] --END-- [ RunTime:0.000363s ]

[ 2019-09-25T19:09:50+08:00 ] 222.135.77.242 /index.php/Leader/Student/auditingtitle.html
INFO: [ app_init ] --START--
INFO: Run Behavior\BuildLiteBehavior [ RunTime:0.000011s ]
INFO: [ app_init ] --END-- [ RunTime:0.000239s ]
INFO: [ app_begin ] --START--
INFO: Run Behavior\ReadHtmlCacheBehavior [ RunTime:0.000323s ]
INFO: [ app_begin ] --END-- [ RunTime:0.000358s ]
NOTIC: [2] Declaration of Leader\Controller\StudentController::success() should be compatible with Think\Controller::success($message = '', $jumpUrl = '', $ajax = false) /home/bae/app/Application/Leader/Controller/StudentController.class.php 第 4 行.
SQL: SHOW COLUMNS FROM `paper_student` [ RunTime:0.0010s ]
SQL: SELECT * FROM `paper_student` WHERE `sid` = 'r0007' ORDER BY id asc LIMIT 0,10   [ RunTime:0.0008s ]
SQL: SELECT COUNT(*) AS tp_count FROM `paper_student` WHERE `sid` = 'r0007' LIMIT 1   [ RunTime:0.0005s ]
INFO: [ view_parse ] --START--
INFO: [ template_filter ] --START--
INFO: Run Behavior\ContentReplaceBehavior [ RunTime:0.000080s ]
INFO: [ template_filter ] --END-- [ RunTime:0.000109s ]
INFO: Run Behavior\ParseTemplateBehavior [ RunTime:0.005328s ]
INFO: [ view_parse ] --END-- [ RunTime:0.005357s ]
INFO: [ view_filter ] --START--
INFO: Run Behavior\WriteHtmlCacheBehavior [ RunTime:0.000149s ]
INFO: [ view_filter ] --END-- [ RunTime:0.000172s ]
INFO: [ app_end ] --START--
INFO: Run Behavior\ShowPageTraceBehavior [ RunTime:0.000357s ]
INFO: [ app_end ] --END-- [ RunTime:0.000389s ]

[ 2019-09-25T19:14:47+08:00 ] 222.135.77.242 /index.php/Leader/Title/title.html
INFO: [ app_init ] --START--
INFO: Run Behavior\BuildLiteBehavior [ RunTime:0.000009s ]
INFO: [ app_init ] --END-- [ RunTime:0.000241s ]
INFO: [ app_begin ] --START--
INFO: Run Behavior\ReadHtmlCacheBehavior [ RunTime:0.000280s ]
INFO: [ app_begin ] --END-- [ RunTime:0.000307s ]

[ 2019-09-25T19:14:47+08:00 ] 222.135.77.242 /index.php/Leader/login/login.html
INFO: [ app_init ] --START--
INFO: Run Behavior\BuildLiteBehavior [ RunTime:0.000009s ]
INFO: [ app_init ] --END-- [ RunTime:0.000300s ]
INFO: [ app_begin ] --START--
INFO: Run Behavior\ReadHtmlCacheBehavior [ RunTime:0.000284s ]
INFO: [ app_begin ] --END-- [ RunTime:0.000313s ]
INFO: [ view_parse ] --START--
INFO: [ template_filter ] --START--
INFO: Run Behavior\ContentReplaceBehavior [ RunTime:0.000059s ]
INFO: [ template_filter ] --END-- [ RunTime:0.000087s ]
INFO: Run Behavior\ParseTemplateBehavior [ RunTime:0.003219s ]
INFO: [ view_parse ] --END-- [ RunTime:0.003244s ]
INFO: [ view_filter ] --START--
INFO: Run Behavior\WriteHtmlCacheBehavior [ RunTime:0.000116s ]
INFO: [ view_filter ] --END-- [ RunTime:0.000134s ]
INFO: [ app_end ] --START--
INFO: Run Behavior\ShowPageTraceBehavior [ RunTime:0.000317s ]
INFO: [ app_end ] --END-- [ RunTime:0.000339s ]

[ 2019-09-25T19:15:01+08:00 ] 222.135.77.242 /index.php/Leader/login/logincheck.html?username=1630090239&password=123456
INFO: [ app_init ] --START--
INFO: Run Behavior\BuildLiteBehavior [ RunTime:0.000009s ]
INFO: [ app_init ] --END-- [ RunTime:0.000217s ]
INFO: [ app_begin ] --START--
INFO: Run Behavior\ReadHtmlCacheBehavior [ RunTime:0.000303s ]
INFO: [ app_begin ] --END-- [ RunTime:0.000330s ]
SQL: SHOW COLUMNS FROM `paper_leader` [ RunTime:0.0008s ]
SQL: SELECT * FROM `paper_leader` WHERE `id` = '1630090239' LIMIT 1   [ RunTime:0.0005s ]
SQL: SHOW COLUMNS FROM `paper_system` [ RunTime:0.0005s ]
SQL: SELECT * FROM `paper_system` WHERE `id` = 'r0007' LIMIT 1   [ RunTime:0.0004s ]
INFO: [ view_parse ] --START--
INFO: [ template_filter ] --START--
INFO: Run Behavior\ContentReplaceBehavior [ RunTime:0.000030s ]
INFO: [ template_filter ] --END-- [ RunTime:0.000060s ]
INFO: Run Behavior\ParseTemplateBehavior [ RunTime:0.003542s ]
INFO: [ view_parse ] --END-- [ RunTime:0.003589s ]
INFO: [ view_filter ] --START--
INFO: Run Behavior\WriteHtmlCacheBehavior [ RunTime:0.000125s ]
INFO: [ view_filter ] --END-- [ RunTime:0.000144s ]
INFO: [ app_end ] --START--
INFO: Run Behavior\ShowPageTraceBehavior [ RunTime:0.000315s ]
INFO: [ app_end ] --END-- [ RunTime:0.000336s ]

[ 2019-09-25T19:15:02+08:00 ] 222.135.77.242 /index.php/Leader/index/index.html
INFO: [ app_init ] --START--
INFO: Run Behavior\BuildLiteBehavior [ RunTime:0.000009s ]
INFO: [ app_init ] --END-- [ RunTime:0.000285s ]
INFO: [ app_begin ] --START--
INFO: Run Behavior\ReadHtmlCacheBehavior [ RunTime:0.000339s ]
INFO: [ app_begin ] --END-- [ RunTime:0.000375s ]
INFO: [ view_parse ] --START--
INFO: [ template_filter ] --START--
INFO: Run Behavior\ContentReplaceBehavior [ RunTime:0.000062s ]
INFO: [ template_filter ] --END-- [ RunTime:0.000089s ]
INFO: Run Behavior\ParseTemplateBehavior [ RunTime:0.004190s ]
INFO: [ view_parse ] --END-- [ RunTime:0.004220s ]
INFO: [ view_filter ] --START--
INFO: Run Behavior\WriteHtmlCacheBehavior [ RunTime:0.000140s ]
INFO: [ view_filter ] --END-- [ RunTime:0.000164s ]
INFO: [ app_end ] --START--
INFO: Run Behavior\ShowPageTraceBehavior [ RunTime:0.000420s ]
INFO: [ app_end ] --END-- [ RunTime:0.000452s ]

[ 2019-09-25T19:15:04+08:00 ] 222.135.77.242 /index.php/Leader/Title/title.html
INFO: [ app_init ] --START--
INFO: Run Behavior\BuildLiteBehavior [ RunTime:0.000009s ]
INFO: [ app_init ] --END-- [ RunTime:0.000235s ]
INFO: [ app_begin ] --START--
INFO: Run Behavior\ReadHtmlCacheBehavior [ RunTime:0.000311s ]
INFO: [ app_begin ] --END-- [ RunTime:0.000340s ]
SQL: SHOW COLUMNS FROM `paper_name` [ RunTime:0.0008s ]
SQL: SELECT * FROM `paper_name` WHERE `sid` = 'r0007' ORDER BY id asc LIMIT 0,10   [ RunTime:0.0005s ]
SQL: SELECT COUNT(*) AS tp_count FROM `paper_name` WHERE `sid` = 'r0007' LIMIT 1   [ RunTime:0.0005s ]
INFO: [ view_parse ] --START--
INFO: [ template_filter ] --START--
INFO: Run Behavior\ContentReplaceBehavior [ RunTime:0.000077s ]
INFO: [ template_filter ] --END-- [ RunTime:0.000110s ]
INFO: Run Behavior\ParseTemplateBehavior [ RunTime:0.006937s ]
INFO: [ view_parse ] --END-- [ RunTime:0.006968s ]
INFO: [ view_filter ] --START--
INFO: Run Behavior\WriteHtmlCacheBehavior [ RunTime:0.000141s ]
INFO: [ view_filter ] --END-- [ RunTime:0.000162s ]
INFO: [ app_end ] --START--
INFO: Run Behavior\ShowPageTraceBehavior [ RunTime:0.000376s ]
INFO: [ app_end ] --END-- [ RunTime:0.000410s ]

[ 2019-09-25T19:15:07+08:00 ] 222.135.77.242 /index.php/Leader/Student/auditingtitle.html
INFO: [ app_init ] --START--
INFO: Run Behavior\BuildLiteBehavior [ RunTime:0.000010s ]
INFO: [ app_init ] --END-- [ RunTime:0.000240s ]
INFO: [ app_begin ] --START--
INFO: Run Behavior\ReadHtmlCacheBehavior [ RunTime:0.000288s ]
INFO: [ app_begin ] --END-- [ RunTime:0.000316s ]
NOTIC: [2] Declaration of Leader\Controller\StudentController::success() should be compatible with Think\Controller::success($message = '', $jumpUrl = '', $ajax = false) /home/bae/app/Application/Leader/Controller/StudentController.class.php 第 4 行.
SQL: SHOW COLUMNS FROM `paper_student` [ RunTime:0.0009s ]
SQL: SELECT * FROM `paper_student` WHERE `sid` = 'r0007' ORDER BY id asc LIMIT 0,10   [ RunTime:0.0008s ]
SQL: SELECT COUNT(*) AS tp_count FROM `paper_student` WHERE `sid` = 'r0007' LIMIT 1   [ RunTime:0.0005s ]
INFO: [ view_parse ] --START--
INFO: [ template_filter ] --START--
INFO: Run Behavior\ContentReplaceBehavior [ RunTime:0.000083s ]
INFO: [ template_filter ] --END-- [ RunTime:0.000119s ]
INFO: Run Behavior\ParseTemplateBehavior [ RunTime:0.005633s ]
INFO: [ view_parse ] --END-- [ RunTime:0.005677s ]
INFO: [ view_filter ] --START--
INFO: Run Behavior\WriteHtmlCacheBehavior [ RunTime:0.000170s ]
INFO: [ view_filter ] --END-- [ RunTime:0.000203s ]
INFO: [ app_end ] --START--
INFO: Run Behavior\ShowPageTraceBehavior [ RunTime:0.000581s ]
INFO: [ app_end ] --END-- [ RunTime:0.000624s ]

[ 2019-09-25T19:15:10+08:00 ] 222.135.77.242 /index.php/Leader/Student/revisionreview/id/1630090257/status/1
INFO: [ app_init ] --START--
INFO: Run Behavior\BuildLiteBehavior [ RunTime:0.000010s ]
INFO: [ app_init ] --END-- [ RunTime:0.000271s ]
INFO: [ app_begin ] --START--
INFO: Run Behavior\ReadHtmlCacheBehavior [ RunTime:0.000322s ]
INFO: [ app_begin ] --END-- [ RunTime:0.000350s ]
NOTIC: [2] Declaration of Leader\Controller\StudentController::success() should be compatible with Think\Controller::success($message = '', $jumpUrl = '', $ajax = false) /home/bae/app/Application/Leader/Controller/StudentController.class.php 第 4 行.
SQL: SHOW COLUMNS FROM `paper_student` [ RunTime:0.0010s ]
SQL: UPDATE `paper_student` SET `topic_state2`='1' WHERE `id` = '1630090257' [ RunTime:0.0018s ]
SQL: SELECT * FROM `paper_student` WHERE `id` = '1630090257' LIMIT 1   [ RunTime:0.0008s ]
SQL: UPDATE `paper_student` SET `topic_state2`='1',`state`='3' WHERE `id` = '1630090257' [ RunTime:0.0012s ]

[ 2019-09-25T19:15:10+08:00 ] 222.135.77.242 /index.php/Leader/Student/auditingtitle.html
INFO: [ app_init ] --START--
INFO: Run Behavior\BuildLiteBehavior [ RunTime:0.000012s ]
INFO: [ app_init ] --END-- [ RunTime:0.000249s ]
INFO: [ app_begin ] --START--
INFO: Run Behavior\ReadHtmlCacheBehavior [ RunTime:0.000280s ]
INFO: [ app_begin ] --END-- [ RunTime:0.000308s ]
NOTIC: [2] Declaration of Leader\Controller\StudentController::success() should be compatible with Think\Controller::success($message = '', $jumpUrl = '', $ajax = false) /home/bae/app/Application/Leader/Controller/StudentController.class.php 第 4 行.
SQL: SHOW COLUMNS FROM `paper_student` [ RunTime:0.0012s ]
SQL: SELECT * FROM `paper_student` WHERE `sid` = 'r0007' ORDER BY id asc LIMIT 0,10   [ RunTime:0.0008s ]
SQL: SELECT COUNT(*) AS tp_count FROM `paper_student` WHERE `sid` = 'r0007' LIMIT 1   [ RunTime:0.0006s ]
INFO: [ view_parse ] --START--
INFO: [ template_filter ] --START--
INFO: Run Behavior\ContentReplaceBehavior [ RunTime:0.000071s ]
INFO: [ template_filter ] --END-- [ RunTime:0.000098s ]
INFO: Run Behavior\ParseTemplateBehavior [ RunTime:0.004988s ]
INFO: [ view_parse ] --END-- [ RunTime:0.005014s ]
INFO: [ view_filter ] --START--
INFO: Run Behavior\WriteHtmlCacheBehavior [ RunTime:0.000127s ]
INFO: [ view_filter ] --END-- [ RunTime:0.000147s ]
INFO: [ app_end ] --START--
INFO: Run Behavior\ShowPageTraceBehavior [ RunTime:0.000386s ]
INFO: [ app_end ] --END-- [ RunTime:0.000416s ]

[ 2019-09-25T19:15:33+08:00 ] 222.135.77.242 /index.php/Leader/Student/revisionreview/id/1630090257/status/2
INFO: [ app_init ] --START--
INFO: Run Behavior\BuildLiteBehavior [ RunTime:0.000010s ]
INFO: [ app_init ] --END-- [ RunTime:0.000223s ]
INFO: [ app_begin ] --START--
INFO: Run Behavior\ReadHtmlCacheBehavior [ RunTime:0.000288s ]
INFO: [ app_begin ] --END-- [ RunTime:0.000314s ]
NOTIC: [2] Declaration of Leader\Controller\StudentController::success() should be compatible with Think\Controller::success($message = '', $jumpUrl = '', $ajax = false) /home/bae/app/Application/Leader/Controller/StudentController.class.php 第 4 行.
SQL: SHOW COLUMNS FROM `paper_student` [ RunTime:0.0009s ]
SQL: UPDATE `paper_student` SET `topic_state2`='2' WHERE `id` = '1630090257' [ RunTime:0.0015s ]
SQL: SELECT * FROM `paper_student` WHERE `id` = '1630090257' LIMIT 1   [ RunTime:0.0005s ]
SQL: UPDATE `paper_student` SET `topic_state2`='2',`state`='3' WHERE `id` = '1630090257' [ RunTime:0.0011s ]

[ 2019-09-25T19:15:34+08:00 ] 222.135.77.242 /index.php/Leader/Student/auditingtitle.html
INFO: [ app_init ] --START--
INFO: Run Behavior\BuildLiteBehavior [ RunTime:0.000010s ]
INFO: [ app_init ] --END-- [ RunTime:0.000229s ]
INFO: [ app_begin ] --START--
INFO: Run Behavior\ReadHtmlCacheBehavior [ RunTime:0.000301s ]
INFO: [ app_begin ] --END-- [ RunTime:0.000332s ]
NOTIC: [2] Declaration of Leader\Controller\StudentController::success() should be compatible with Think\Controller::success($message = '', $jumpUrl = '', $ajax = false) /home/bae/app/Application/Leader/Controller/StudentController.class.php 第 4 行.
SQL: SHOW COLUMNS FROM `paper_student` [ RunTime:0.0007s ]
SQL: SELECT * FROM `paper_student` WHERE `sid` = 'r0007' ORDER BY id asc LIMIT 0,10   [ RunTime:0.0007s ]
SQL: SELECT COUNT(*) AS tp_count FROM `paper_student` WHERE `sid` = 'r0007' LIMIT 1   [ RunTime:0.0005s ]
INFO: [ view_parse ] --START--
INFO: [ template_filter ] --START--
INFO: Run Behavior\ContentReplaceBehavior [ RunTime:0.000073s ]
INFO: [ template_filter ] --END-- [ RunTime:0.000099s ]
INFO: Run Behavior\ParseTemplateBehavior [ RunTime:0.004997s ]
INFO: [ view_parse ] --END-- [ RunTime:0.005024s ]
INFO: [ view_filter ] --START--
INFO: Run Behavior\WriteHtmlCacheBehavior [ RunTime:0.000125s ]
INFO: [ view_filter ] --END-- [ RunTime:0.000145s ]
INFO: [ app_end ] --START--
INFO: Run Behavior\ShowPageTraceBehavior [ RunTime:0.000332s ]
INFO: [ app_end ] --END-- [ RunTime:0.000365s ]

[ 2019-09-25T19:15:38+08:00 ] 222.135.77.242 /index.php/Leader/Student/revisionreview/id/1630090257/status/1
INFO: [ app_init ] --START--
INFO: Run Behavior\BuildLiteBehavior [ RunTime:0.000010s ]
INFO: [ app_init ] --END-- [ RunTime:0.000230s ]
INFO: [ app_begin ] --START--
INFO: Run Behavior\ReadHtmlCacheBehavior [ RunTime:0.000279s ]
INFO: [ app_begin ] --END-- [ RunTime:0.000306s ]
NOTIC: [2] Declaration of Leader\Controller\StudentController::success() should be compatible with Think\Controller::success($message = '', $jumpUrl = '', $ajax = false) /home/bae/app/Application/Leader/Controller/StudentController.class.php 第 4 行.
SQL: SHOW COLUMNS FROM `paper_student` [ RunTime:0.0010s ]
SQL: UPDATE `paper_student` SET `topic_state2`='1' WHERE `id` = '1630090257' [ RunTime:0.0013s ]
SQL: SELECT * FROM `paper_student` WHERE `id` = '1630090257' LIMIT 1   [ RunTime:0.0005s ]
SQL: UPDATE `paper_student` SET `topic_state2`='1',`state`='3' WHERE `id` = '1630090257' [ RunTime:0.0011s ]

[ 2019-09-25T19:15:38+08:00 ] 222.135.77.242 /index.php/Leader/Student/auditingtitle.html
INFO: [ app_init ] --START--
INFO: Run Behavior\BuildLiteBehavior [ RunTime:0.000010s ]
INFO: [ app_init ] --END-- [ RunTime:0.000278s ]
INFO: [ app_begin ] --START--
INFO: Run Behavior\ReadHtmlCacheBehavior [ RunTime:0.000333s ]
INFO: [ app_begin ] --END-- [ RunTime:0.000378s ]
NOTIC: [2] Declaration of Leader\Controller\StudentController::success() should be compatible with Think\Controller::success($message = '', $jumpUrl = '', $ajax = false) /home/bae/app/Application/Leader/Controller/StudentController.class.php 第 4 行.
SQL: SHOW COLUMNS FROM `paper_student` [ RunTime:0.0011s ]
SQL: SELECT * FROM `paper_student` WHERE `sid` = 'r0007' ORDER BY id asc LIMIT 0,10   [ RunTime:0.0009s ]
SQL: SELECT COUNT(*) AS tp_count FROM `paper_student` WHERE `sid` = 'r0007' LIMIT 1   [ RunTime:0.0006s ]
INFO: [ view_parse ] --START--
INFO: [ template_filter ] --START--
INFO: Run Behavior\ContentReplaceBehavior [ RunTime:0.000084s ]
INFO: [ template_filter ] --END-- [ RunTime:0.000121s ]
INFO: Run Behavior\ParseTemplateBehavior [ RunTime:0.005564s ]
INFO: [ view_parse ] --END-- [ RunTime:0.005602s ]
INFO: [ view_filter ] --START--
INFO: Run Behavior\WriteHtmlCacheBehavior [ RunTime:0.000123s ]
INFO: [ view_filter ] --END-- [ RunTime:0.000144s ]
INFO: [ app_end ] --START--
INFO: Run Behavior\ShowPageTraceBehavior [ RunTime:0.000322s ]
INFO: [ app_end ] --END-- [ RunTime:0.000351s ]

[ 2019-09-25T19:16:31+08:00 ] 222.135.77.242 /index.php/Leader/Student/auditingtitle.html
INFO: [ app_init ] --START--
INFO: Run Behavior\BuildLiteBehavior [ RunTime:0.000009s ]
INFO: [ app_init ] --END-- [ RunTime:0.000225s ]
INFO: [ app_begin ] --START--
INFO: Run Behavior\ReadHtmlCacheBehavior [ RunTime:0.000295s ]
INFO: [ app_begin ] --END-- [ RunTime:0.000327s ]
NOTIC: [2] Declaration of Leader\Controller\StudentController::success() should be compatible with Think\Controller::success($message = '', $jumpUrl = '', $ajax = false) /home/bae/app/Application/Leader/Controller/StudentController.class.php 第 4 行.
SQL: SHOW COLUMNS FROM `paper_student` [ RunTime:0.0013s ]
SQL: SELECT * FROM `paper_student` WHERE `sid` = 'r0007' ORDER BY id asc LIMIT 0,10   [ RunTime:0.0010s ]
SQL: SELECT COUNT(*) AS tp_count FROM `paper_student` WHERE `sid` = 'r0007' LIMIT 1   [ RunTime:0.0007s ]
INFO: [ view_parse ] --START--
INFO: [ template_filter ] --START--
INFO: Run Behavior\ContentReplaceBehavior [ RunTime:0.000071s ]
INFO: [ template_filter ] --END-- [ RunTime:0.000098s ]
INFO: Run Behavior\ParseTemplateBehavior [ RunTime:0.005575s ]
INFO: [ view_parse ] --END-- [ RunTime:0.005603s ]
INFO: [ view_filter ] --START--
INFO: Run Behavior\WriteHtmlCacheBehavior [ RunTime:0.000137s ]
INFO: [ view_filter ] --END-- [ RunTime:0.000157s ]
INFO: [ app_end ] --START--
INFO: Run Behavior\ShowPageTraceBehavior [ RunTime:0.000361s ]
INFO: [ app_end ] --END-- [ RunTime:0.000386s ]

[ 2019-09-25T19:17:16+08:00 ] 222.135.77.242 /index.php/Leader/Student/revisionreview/id/1630090257/status/2
INFO: [ app_init ] --START--
INFO: Run Behavior\BuildLiteBehavior [ RunTime:0.000012s ]
INFO: [ app_init ] --END-- [ RunTime:0.000307s ]
INFO: [ app_begin ] --START--
INFO: Run Behavior\ReadHtmlCacheBehavior [ RunTime:0.000468s ]
INFO: [ app_begin ] --END-- [ RunTime:0.000506s ]
NOTIC: [2] Declaration of Leader\Controller\StudentController::success() should be compatible with Think\Controller::success($message = '', $jumpUrl = '', $ajax = false) /home/bae/app/Application/Leader/Controller/StudentController.class.php 第 4 行.
SQL: SHOW COLUMNS FROM `paper_student` [ RunTime:0.0011s ]
SQL: UPDATE `paper_student` SET `topic_state2`='2' WHERE `id` = '1630090257' [ RunTime:0.0018s ]
SQL: SELECT * FROM `paper_student` WHERE `id` = '1630090257' LIMIT 1   [ RunTime:0.0007s ]
SQL: UPDATE `paper_student` SET `topic_state2`='2',`state`='3' WHERE `id` = '1630090257' [ RunTime:0.0014s ]

[ 2019-09-25T19:17:17+08:00 ] 222.135.77.242 /index.php/Leader/Student/auditingtitle.html
INFO: [ app_init ] --START--
INFO: Run Behavior\BuildLiteBehavior [ RunTime:0.000009s ]
INFO: [ app_init ] --END-- [ RunTime:0.000226s ]
INFO: [ app_begin ] --START--
INFO: Run Behavior\ReadHtmlCacheBehavior [ RunTime:0.000274s ]
INFO: [ app_begin ] --END-- [ RunTime:0.000301s ]
NOTIC: [2] Declaration of Leader\Controller\StudentController::success() should be compatible with Think\Controller::success($message = '', $jumpUrl = '', $ajax = false) /home/bae/app/Application/Leader/Controller/StudentController.class.php 第 4 行.
SQL: SHOW COLUMNS FROM `paper_student` [ RunTime:0.0008s ]
SQL: SELECT * FROM `paper_student` WHERE `sid` = 'r0007' ORDER BY id asc LIMIT 0,10   [ RunTime:0.0007s ]
SQL: SELECT COUNT(*) AS tp_count FROM `paper_student` WHERE `sid` = 'r0007' LIMIT 1   [ RunTime:0.0005s ]
INFO: [ view_parse ] --START--
INFO: [ template_filter ] --START--
INFO: Run Behavior\ContentReplaceBehavior [ RunTime:0.000067s ]
INFO: [ template_filter ] --END-- [ RunTime:0.000093s ]
INFO: Run Behavior\ParseTemplateBehavior [ RunTime:0.005190s ]
INFO: [ view_parse ] --END-- [ RunTime:0.005216s ]
INFO: [ view_filter ] --START--
INFO: Run Behavior\WriteHtmlCacheBehavior [ RunTime:0.000128s ]
INFO: [ view_filter ] --END-- [ RunTime:0.000148s ]
INFO: [ app_end ] --START--
INFO: Run Behavior\ShowPageTraceBehavior [ RunTime:0.000325s ]
INFO: [ app_end ] --END-- [ RunTime:0.000353s ]

[ 2019-09-25T19:18:19+08:00 ] 222.135.77.242 /index.php/Leader/Student/revisionreview/id/1630090257/status/1
INFO: [ app_init ] --START--
INFO: Run Behavior\BuildLiteBehavior [ RunTime:0.000009s ]
INFO: [ app_init ] --END-- [ RunTime:0.000278s ]
INFO: [ app_begin ] --START--
INFO: Run Behavior\ReadHtmlCacheBehavior [ RunTime:0.000334s ]
INFO: [ app_begin ] --END-- [ RunTime:0.000367s ]
NOTIC: [2] Declaration of Leader\Controller\StudentController::success() should be compatible with Think\Controller::success($message = '', $jumpUrl = '', $ajax = false) /home/bae/app/Application/Leader/Controller/StudentController.class.php 第 4 行.
SQL: SHOW COLUMNS FROM `paper_student` [ RunTime:0.0010s ]
SQL: UPDATE `paper_student` SET `topic_state2`='1' WHERE `id` = '1630090257' [ RunTime:0.0015s ]
SQL: SELECT * FROM `paper_student` WHERE `id` = '1630090257' LIMIT 1   [ RunTime:0.0006s ]
SQL: UPDATE `paper_student` SET `topic_state2`='1',`state`='2' WHERE `id` = '1630090257' [ RunTime:0.0012s ]

[ 2019-09-25T19:18:19+08:00 ] 222.135.77.242 /index.php/Leader/Student/auditingtitle.html
INFO: [ app_init ] --START--
INFO: Run Behavior\BuildLiteBehavior [ RunTime:0.000010s ]
INFO: [ app_init ] --END-- [ RunTime:0.000274s ]
INFO: [ app_begin ] --START--
INFO: Run Behavior\ReadHtmlCacheBehavior [ RunTime:0.000405s ]
INFO: [ app_begin ] --END-- [ RunTime:0.000437s ]
NOTIC: [2] Declaration of Leader\Controller\StudentController::success() should be compatible with Think\Controller::success($message = '', $jumpUrl = '', $ajax = false) /home/bae/app/Application/Leader/Controller/StudentController.class.php 第 4 行.
SQL: SHOW COLUMNS FROM `paper_student` [ RunTime:0.0010s ]
SQL: SELECT * FROM `paper_student` WHERE `sid` = 'r0007' ORDER BY id asc LIMIT 0,10   [ RunTime:0.0008s ]
SQL: SELECT COUNT(*) AS tp_count FROM `paper_student` WHERE `sid` = 'r0007' LIMIT 1   [ RunTime:0.0006s ]
INFO: [ view_parse ] --START--
INFO: [ template_filter ] --START--
INFO: Run Behavior\ContentReplaceBehavior [ RunTime:0.000074s ]
INFO: [ template_filter ] --END-- [ RunTime:0.000108s ]
INFO: Run Behavior\ParseTemplateBehavior [ RunTime:0.005499s ]
INFO: [ view_parse ] --END-- [ RunTime:0.005535s ]
INFO: [ view_filter ] --START--
INFO: Run Behavior\WriteHtmlCacheBehavior [ RunTime:0.000139s ]
INFO: [ view_filter ] --END-- [ RunTime:0.000196s ]
INFO: [ app_end ] --START--
INFO: Run Behavior\ShowPageTraceBehavior [ RunTime:0.000396s ]
INFO: [ app_end ] --END-- [ RunTime:0.000428s ]

[ 2019-09-25T19:18:57+08:00 ] 222.135.77.242 /index.php/Leader/Title/title.html
INFO: [ app_init ] --START--
INFO: Run Behavior\BuildLiteBehavior [ RunTime:0.000009s ]
INFO: [ app_init ] --END-- [ RunTime:0.000223s ]
INFO: [ app_begin ] --START--
INFO: Run Behavior\ReadHtmlCacheBehavior [ RunTime:0.000373s ]
INFO: [ app_begin ] --END-- [ RunTime:0.000400s ]
SQL: SHOW COLUMNS FROM `paper_name` [ RunTime:0.0007s ]
SQL: SELECT * FROM `paper_name` WHERE `sid` = 'r0007' ORDER BY id asc LIMIT 0,10   [ RunTime:0.0005s ]
SQL: SELECT COUNT(*) AS tp_count FROM `paper_name` WHERE `sid` = 'r0007' LIMIT 1   [ RunTime:0.0005s ]
INFO: [ view_parse ] --START--
INFO: [ template_filter ] --START--
INFO: Run Behavior\ContentReplaceBehavior [ RunTime:0.000070s ]
INFO: [ template_filter ] --END-- [ RunTime:0.000096s ]
INFO: Run Behavior\ParseTemplateBehavior [ RunTime:0.004834s ]
INFO: [ view_parse ] --END-- [ RunTime:0.004866s ]
INFO: [ view_filter ] --START--
INFO: Run Behavior\WriteHtmlCacheBehavior [ RunTime:0.000117s ]
INFO: [ view_filter ] --END-- [ RunTime:0.000137s ]
INFO: [ app_end ] --START--
INFO: Run Behavior\ShowPageTraceBehavior [ RunTime:0.000304s ]
INFO: [ app_end ] --END-- [ RunTime:0.000327s ]

[ 2019-09-25T19:18:59+08:00 ] 222.135.77.242 /index.php/Leader/Student/download.html
INFO: [ app_init ] --START--
INFO: Run Behavior\BuildLiteBehavior [ RunTime:0.000009s ]
INFO: [ app_init ] --END-- [ RunTime:0.000233s ]
INFO: [ app_begin ] --START--
INFO: Run Behavior\ReadHtmlCacheBehavior [ RunTime:0.000281s ]
INFO: [ app_begin ] --END-- [ RunTime:0.000310s ]
NOTIC: [2] Declaration of Leader\Controller\StudentController::success() should be compatible with Think\Controller::success($message = '', $jumpUrl = '', $ajax = false) /home/bae/app/Application/Leader/Controller/StudentController.class.php 第 4 行.
SQL: SHOW COLUMNS FROM `paper_student` [ RunTime:0.0008s ]
SQL: SELECT * FROM `paper_student` WHERE `sid` = 'r0007' ORDER BY id asc LIMIT 0,10   [ RunTime:0.0007s ]
SQL: SELECT COUNT(*) AS tp_count FROM `paper_student` WHERE `sid` = 'r0007' LIMIT 1   [ RunTime:0.0005s ]
INFO: [ view_parse ] --START--
INFO: [ template_filter ] --START--
INFO: Run Behavior\ContentReplaceBehavior [ RunTime:0.000071s ]
INFO: [ template_filter ] --END-- [ RunTime:0.000097s ]
INFO: Run Behavior\ParseTemplateBehavior [ RunTime:0.005706s ]
INFO: [ view_parse ] --END-- [ RunTime:0.005733s ]
INFO: [ view_filter ] --START--
INFO: Run Behavior\WriteHtmlCacheBehavior [ RunTime:0.000118s ]
INFO: [ view_filter ] --END-- [ RunTime:0.000138s ]
INFO: [ app_end ] --START--
INFO: Run Behavior\ShowPageTraceBehavior [ RunTime:0.000308s ]
INFO: [ app_end ] --END-- [ RunTime:0.000339s ]

[ 2019-09-25T19:19:01+08:00 ] 222.135.77.242 /index.php/Leader/Student/downloadfile/path/ceshi.pptx
INFO: [ app_init ] --START--
INFO: Run Behavior\BuildLiteBehavior [ RunTime:0.000010s ]
INFO: [ app_init ] --END-- [ RunTime:0.000236s ]
INFO: [ app_begin ] --START--
INFO: Run Behavior\ReadHtmlCacheBehavior [ RunTime:0.000279s ]
INFO: [ app_begin ] --END-- [ RunTime:0.000306s ]
NOTIC: [2] Declaration of Leader\Controller\StudentController::success() should be compatible with Think\Controller::success($message = '', $jumpUrl = '', $ajax = false) /home/bae/app/Application/Leader/Controller/StudentController.class.php 第 4 行.
SQL: SHOW COLUMNS FROM `paper_student` [ RunTime:0.0009s ]

[ 2019-09-25T19:19:04+08:00 ] 222.135.77.242 /index.php/Leader/Student/downloadfile/path/ceshi.docx
INFO: [ app_init ] --START--
INFO: Run Behavior\BuildLiteBehavior [ RunTime:0.000009s ]
INFO: [ app_init ] --END-- [ RunTime:0.000224s ]
INFO: [ app_begin ] --START--
INFO: Run Behavior\ReadHtmlCacheBehavior [ RunTime:0.000332s ]
INFO: [ app_begin ] --END-- [ RunTime:0.000360s ]
NOTIC: [2] Declaration of Leader\Controller\StudentController::success() should be compatible with Think\Controller::success($message = '', $jumpUrl = '', $ajax = false) /home/bae/app/Application/Leader/Controller/StudentController.class.php 第 4 行.
SQL: SHOW COLUMNS FROM `paper_student` [ RunTime:0.0011s ]

[ 2019-09-25T19:20:13+08:00 ] 222.135.77.242 /index.php/Leader/Group/opentopic.html
INFO: [ app_init ] --START--
INFO: Run Behavior\BuildLiteBehavior [ RunTime:0.000008s ]
INFO: [ app_init ] --END-- [ RunTime:0.000236s ]
INFO: [ app_begin ] --START--
INFO: Run Behavior\ReadHtmlCacheBehavior [ RunTime:0.000267s ]
INFO: [ app_begin ] --END-- [ RunTime:0.000294s ]
INFO: [ view_parse ] --START--
INFO: [ template_filter ] --START--
INFO: Run Behavior\ContentReplaceBehavior [ RunTime:0.000057s ]
INFO: [ template_filter ] --END-- [ RunTime:0.000086s ]
INFO: Run Behavior\ParseTemplateBehavior [ RunTime:0.005908s ]
INFO: [ view_parse ] --END-- [ RunTime:0.005942s ]
INFO: [ view_filter ] --START--
INFO: Run Behavior\WriteHtmlCacheBehavior [ RunTime:0.000161s ]
INFO: [ view_filter ] --END-- [ RunTime:0.000187s ]
INFO: [ app_end ] --START--
INFO: Run Behavior\ShowPageTraceBehavior [ RunTime:0.000368s ]
INFO: [ app_end ] --END-- [ RunTime:0.000397s ]

[ 2019-09-25T19:20:17+08:00 ] 222.135.77.242 /index.php/Leader/Group/opentopic.html
INFO: [ app_init ] --START--
INFO: Run Behavior\BuildLiteBehavior [ RunTime:0.000010s ]
INFO: [ app_init ] --END-- [ RunTime:0.000268s ]
INFO: [ app_begin ] --START--
INFO: Run Behavior\ReadHtmlCacheBehavior [ RunTime:0.000324s ]
INFO: [ app_begin ] --END-- [ RunTime:0.000353s ]
SQL: SHOW COLUMNS FROM `paper_teacher` [ RunTime:0.0011s ]
SQL: SELECT * FROM `paper_teacher` WHERE `sid` = 'r0007'  [ RunTime:0.0006s ]
SQL: SELECT COUNT(*) AS tp_count FROM `paper_teacher` WHERE `sid` = 'r0007' LIMIT 1   [ RunTime:0.0006s ]
SQL: SHOW COLUMNS FROM `paper_student` [ RunTime:0.0007s ]
SQL: SELECT * FROM `paper_student` WHERE `sid` = 'r0007'  [ RunTime:0.0006s ]
SQL: SELECT COUNT(*) AS tp_count FROM `paper_student` WHERE `sid` = 'r0007' LIMIT 1   [ RunTime:0.0005s ]
INFO: [ view_parse ] --START--
INFO: [ template_filter ] --START--
INFO: Run Behavior\ContentReplaceBehavior [ RunTime:0.000064s ]
INFO: [ template_filter ] --END-- [ RunTime:0.000097s ]
INFO: Run Behavior\ParseTemplateBehavior [ RunTime:0.004272s ]
INFO: [ view_parse ] --END-- [ RunTime:0.004307s ]
INFO: [ view_filter ] --START--
INFO: Run Behavior\WriteHtmlCacheBehavior [ RunTime:0.000133s ]
INFO: [ view_filter ] --END-- [ RunTime:0.000153s ]
NOTIC: [2] Cannot modify header information - headers already sent by (output started at /home/bae/app/ThinkPHP/Library/Org/Util/PHPExcel/Shared/OLE/PPS/Root.php:438) /home/bae/app/ThinkPHP/Library/Think/View.class.php 第 91 行.
NOTIC: [2] Cannot modify header information - headers already sent by (output started at /home/bae/app/ThinkPHP/Library/Org/Util/PHPExcel/Shared/OLE/PPS/Root.php:438) /home/bae/app/ThinkPHP/Library/Think/View.class.php 第 92 行.
NOTIC: [2] Cannot modify header information - headers already sent by (output started at /home/bae/app/ThinkPHP/Library/Org/Util/PHPExcel/Shared/OLE/PPS/Root.php:438) /home/bae/app/ThinkPHP/Library/Think/View.class.php 第 93 行.
INFO: [ app_end ] --START--
INFO: Run Behavior\ShowPageTraceBehavior [ RunTime:0.000351s ]
INFO: [ app_end ] --END-- [ RunTime:0.000380s ]

[ 2019-09-25T19:22:14+08:00 ] 222.135.77.242 /index.php/Leader/Student/look.html
INFO: [ app_init ] --START--
INFO: Run Behavior\BuildLiteBehavior [ RunTime:0.000011s ]
INFO: [ app_init ] --END-- [ RunTime:0.000313s ]
INFO: [ app_begin ] --START--
INFO: Run Behavior\ReadHtmlCacheBehavior [ RunTime:0.000406s ]
INFO: [ app_begin ] --END-- [ RunTime:0.000440s ]
NOTIC: [2] Declaration of Leader\Controller\StudentController::success() should be compatible with Think\Controller::success($message = '', $jumpUrl = '', $ajax = false) /home/bae/app/Application/Leader/Controller/StudentController.class.php 第 4 行.
SQL: SHOW COLUMNS FROM `paper_student` [ RunTime:0.0009s ]
SQL: SELECT * FROM `paper_student` WHERE `sid` = 'r0007' ORDER BY id asc LIMIT 0,10   [ RunTime:0.0007s ]
SQL: SELECT COUNT(*) AS tp_count FROM `paper_student` WHERE `sid` = 'r0007' LIMIT 1   [ RunTime:0.0006s ]
INFO: [ view_parse ] --START--
INFO: [ template_filter ] --START--
INFO: Run Behavior\ContentReplaceBehavior [ RunTime:0.000073s ]
INFO: [ template_filter ] --END-- [ RunTime:0.000110s ]
INFO: Run Behavior\ParseTemplateBehavior [ RunTime:0.006177s ]
INFO: [ view_parse ] --END-- [ RunTime:0.006206s ]
INFO: [ view_filter ] --START--
INFO: Run Behavior\WriteHtmlCacheBehavior [ RunTime:0.000148s ]
INFO: [ view_filter ] --END-- [ RunTime:0.000172s ]
INFO: [ app_end ] --START--
INFO: Run Behavior\ShowPageTraceBehavior [ RunTime:0.000388s ]
INFO: [ app_end ] --END-- [ RunTime:0.000414s ]

[ 2019-09-25T19:22:19+08:00 ] 222.135.77.242 /index.php/Leader/Student/look.html
INFO: [ app_init ] --START--
INFO: Run Behavior\BuildLiteBehavior [ RunTime:0.000008s ]
INFO: [ app_init ] --END-- [ RunTime:0.000221s ]
INFO: [ app_begin ] --START--
INFO: Run Behavior\ReadHtmlCacheBehavior [ RunTime:0.000286s ]
INFO: [ app_begin ] --END-- [ RunTime:0.000313s ]
NOTIC: [2] Declaration of Leader\Controller\StudentController::success() should be compatible with Think\Controller::success($message = '', $jumpUrl = '', $ajax = false) /home/bae/app/Application/Leader/Controller/StudentController.class.php 第 4 行.
SQL: SHOW COLUMNS FROM `paper_student` [ RunTime:0.0009s ]
SQL: SELECT * FROM `paper_student` WHERE `sid` = 'r0007' ORDER BY id asc LIMIT 0,10   [ RunTime:0.0008s ]
SQL: SELECT COUNT(*) AS tp_count FROM `paper_student` WHERE `sid` = 'r0007' LIMIT 1   [ RunTime:0.0005s ]
INFO: [ view_parse ] --START--
INFO: [ template_filter ] --START--
INFO: Run Behavior\ContentReplaceBehavior [ RunTime:0.000066s ]
INFO: [ template_filter ] --END-- [ RunTime:0.000090s ]
INFO: Run Behavior\ParseTemplateBehavior [ RunTime:0.005036s ]
INFO: [ view_parse ] --END-- [ RunTime:0.005064s ]
INFO: [ view_filter ] --START--
INFO: Run Behavior\WriteHtmlCacheBehavior [ RunTime:0.000161s ]
INFO: [ view_filter ] --END-- [ RunTime:0.000184s ]
INFO: [ app_end ] --START--
INFO: Run Behavior\ShowPageTraceBehavior [ RunTime:0.000334s ]
INFO: [ app_end ] --END-- [ RunTime:0.000362s ]

[ 2019-09-25T19:22:25+08:00 ] 222.135.77.242 /index.php/Leader/Student/graderule.html
INFO: [ app_init ] --START--
INFO: Run Behavior\BuildLiteBehavior [ RunTime:0.000024s ]
INFO: [ app_init ] --END-- [ RunTime:0.000295s ]
INFO: [ app_begin ] --START--
INFO: Run Behavior\ReadHtmlCacheBehavior [ RunTime:0.000320s ]
INFO: [ app_begin ] --END-- [ RunTime:0.000349s ]
NOTIC: [2] Declaration of Leader\Controller\StudentController::success() should be compatible with Think\Controller::success($message = '', $jumpUrl = '', $ajax = false) /home/bae/app/Application/Leader/Controller/StudentController.class.php 第 4 行.
INFO: [ view_parse ] --START--
INFO: [ template_filter ] --START--
INFO: Run Behavior\ContentReplaceBehavior [ RunTime:0.000077s ]
INFO: [ template_filter ] --END-- [ RunTime:0.000131s ]
INFO: Run Behavior\ParseTemplateBehavior [ RunTime:0.051456s ]
INFO: [ view_parse ] --END-- [ RunTime:0.051490s ]
INFO: [ view_filter ] --START--
INFO: Run Behavior\WriteHtmlCacheBehavior [ RunTime:0.000195s ]
INFO: [ view_filter ] --END-- [ RunTime:0.000226s ]
INFO: [ app_end ] --START--
INFO: Run Behavior\ShowPageTraceBehavior [ RunTime:0.000549s ]
INFO: [ app_end ] --END-- [ RunTime:0.000583s ]

[ 2019-09-25T19:22:38+08:00 ] 222.135.77.242 /index.php/Leader/Title/title.html
INFO: [ app_init ] --START--
INFO: Run Behavior\BuildLiteBehavior [ RunTime:0.000008s ]
INFO: [ app_init ] --END-- [ RunTime:0.000225s ]
INFO: [ app_begin ] --START--
INFO: Run Behavior\ReadHtmlCacheBehavior [ RunTime:0.000281s ]
INFO: [ app_begin ] --END-- [ RunTime:0.000308s ]
SQL: SHOW COLUMNS FROM `paper_name` [ RunTime:0.0008s ]
SQL: SELECT * FROM `paper_name` WHERE `sid` = 'r0007' ORDER BY id asc LIMIT 0,10   [ RunTime:0.0006s ]
SQL: SELECT COUNT(*) AS tp_count FROM `paper_name` WHERE `sid` = 'r0007' LIMIT 1   [ RunTime:0.0005s ]
INFO: [ view_parse ] --START--
INFO: [ template_filter ] --START--
INFO: Run Behavior\ContentReplaceBehavior [ RunTime:0.000073s ]
INFO: [ template_filter ] --END-- [ RunTime:0.000098s ]
INFO: Run Behavior\ParseTemplateBehavior [ RunTime:0.004797s ]
INFO: [ view_parse ] --END-- [ RunTime:0.004824s ]
INFO: [ view_filter ] --START--
INFO: Run Behavior\WriteHtmlCacheBehavior [ RunTime:0.000114s ]
INFO: [ view_filter ] --END-- [ RunTime:0.000134s ]
INFO: [ app_end ] --START--
INFO: Run Behavior\ShowPageTraceBehavior [ RunTime:0.000363s ]
INFO: [ app_end ] --END-- [ RunTime:0.000386s ]

[ 2019-09-25T19:22:58+08:00 ] 222.135.77.242 /index.php/Leader/Group/selecttopic.html
INFO: [ app_init ] --START--
INFO: Run Behavior\BuildLiteBehavior [ RunTime:0.000009s ]
INFO: [ app_init ] --END-- [ RunTime:0.000245s ]
INFO: [ app_begin ] --START--
INFO: Run Behavior\ReadHtmlCacheBehavior [ RunTime:0.000294s ]
INFO: [ app_begin ] --END-- [ RunTime:0.000322s ]
INFO: [ view_parse ] --START--
INFO: [ template_filter ] --START--
INFO: Run Behavior\ContentReplaceBehavior [ RunTime:0.000056s ]
INFO: [ template_filter ] --END-- [ RunTime:0.000085s ]
INFO: Run Behavior\ParseTemplateBehavior [ RunTime:0.004979s ]
INFO: [ view_parse ] --END-- [ RunTime:0.005006s ]
INFO: [ view_filter ] --START--
INFO: Run Behavior\WriteHtmlCacheBehavior [ RunTime:0.000128s ]
INFO: [ view_filter ] --END-- [ RunTime:0.000148s ]
INFO: [ app_end ] --START--
INFO: Run Behavior\ShowPageTraceBehavior [ RunTime:0.000338s ]
INFO: [ app_end ] --END-- [ RunTime:0.000361s ]

[ 2019-09-25T19:23:00+08:00 ] 222.135.77.242 /index.php/Leader/Group/selecttopic.html
INFO: [ app_init ] --START--
INFO: Run Behavior\BuildLiteBehavior [ RunTime:0.000013s ]
INFO: [ app_init ] --END-- [ RunTime:0.000295s ]
INFO: [ app_begin ] --START--
INFO: Run Behavior\ReadHtmlCacheBehavior [ RunTime:0.000309s ]
INFO: [ app_begin ] --END-- [ RunTime:0.000346s ]
SQL: SHOW COLUMNS FROM `paper_teacher` [ RunTime:0.0011s ]
SQL: SELECT * FROM `paper_teacher` WHERE `sid` = 'r0007'  [ RunTime:0.0007s ]
SQL: SELECT COUNT(*) AS tp_count FROM `paper_teacher` WHERE `sid` = 'r0007' LIMIT 1   [ RunTime:0.0006s ]
SQL: SHOW COLUMNS FROM `paper_student` [ RunTime:0.0011s ]
SQL: SELECT * FROM `paper_student` WHERE `sid` = 'r0007'  [ RunTime:0.0010s ]
SQL: SELECT COUNT(*) AS tp_count FROM `paper_student` WHERE `sid` = 'r0007' LIMIT 1   [ RunTime:0.0005s ]
INFO: [ view_parse ] --START--
INFO: [ template_filter ] --START--
INFO: Run Behavior\ContentReplaceBehavior [ RunTime:0.000058s ]
INFO: [ template_filter ] --END-- [ RunTime:0.000087s ]
INFO: Run Behavior\ParseTemplateBehavior [ RunTime:0.004010s ]
INFO: [ view_parse ] --END-- [ RunTime:0.004042s ]
INFO: [ view_filter ] --START--
INFO: Run Behavior\WriteHtmlCacheBehavior [ RunTime:0.000127s ]
INFO: [ view_filter ] --END-- [ RunTime:0.000147s ]
NOTIC: [2] Cannot modify header information - headers already sent by (output started at /home/bae/app/ThinkPHP/Library/Org/Util/PHPExcel/Shared/OLE/PPS/Root.php:438) /home/bae/app/ThinkPHP/Library/Think/View.class.php 第 91 行.
NOTIC: [2] Cannot modify header information - headers already sent by (output started at /home/bae/app/ThinkPHP/Library/Org/Util/PHPExcel/Shared/OLE/PPS/Root.php:438) /home/bae/app/ThinkPHP/Library/Think/View.class.php 第 92 行.
NOTIC: [2] Cannot modify header information - headers already sent by (output started at /home/bae/app/ThinkPHP/Library/Org/Util/PHPExcel/Shared/OLE/PPS/Root.php:438) /home/bae/app/ThinkPHP/Library/Think/View.class.php 第 93 行.
INFO: [ app_end ] --START--
INFO: Run Behavior\ShowPageTraceBehavior [ RunTime:0.000431s ]
INFO: [ app_end ] --END-- [ RunTime:0.000460s ]

[ 2019-09-25T20:18:14+08:00 ] 222.135.77.242 /index.php/Leader/Student/look.html
INFO: [ app_init ] --START--
INFO: Run Behavior\BuildLiteBehavior [ RunTime:0.000008s ]
INFO: [ app_init ] --END-- [ RunTime:0.000226s ]
INFO: [ app_begin ] --START--
INFO: Run Behavior\ReadHtmlCacheBehavior [ RunTime:0.000477s ]
INFO: [ app_begin ] --END-- [ RunTime:0.000505s ]
NOTIC: [2] Declaration of Leader\Controller\StudentController::success() should be compatible with Think\Controller::success($message = '', $jumpUrl = '', $ajax = false) /home/bae/app/Application/Leader/Controller/StudentController.class.php 第 4 行.
SQL: SHOW COLUMNS FROM `paper_student` [ RunTime:0.0009s ]
SQL: SELECT * FROM `paper_student` WHERE `sid` = 'r0007' ORDER BY id asc LIMIT 0,10   [ RunTime:0.0008s ]
SQL: SELECT COUNT(*) AS tp_count FROM `paper_student` WHERE `sid` = 'r0007' LIMIT 1   [ RunTime:0.0006s ]
INFO: [ view_parse ] --START--
INFO: [ template_filter ] --START--
INFO: Run Behavior\ContentReplaceBehavior [ RunTime:0.000082s ]
INFO: [ template_filter ] --END-- [ RunTime:0.000124s ]
INFO: Run Behavior\ParseTemplateBehavior [ RunTime:0.007241s ]
INFO: [ view_parse ] --END-- [ RunTime:0.007270s ]
INFO: [ view_filter ] --START--
INFO: Run Behavior\WriteHtmlCacheBehavior [ RunTime:0.000127s ]
INFO: [ view_filter ] --END-- [ RunTime:0.000148s ]
INFO: [ app_end ] --START--
INFO: Run Behavior\ShowPageTraceBehavior [ RunTime:0.000363s ]
INFO: [ app_end ] --END-- [ RunTime:0.000391s ]

[ 2019-09-25T20:18:17+08:00 ] 222.135.77.242 /index.php/Leader/Student/graderule.html
INFO: [ app_init ] --START--
INFO: Run Behavior\BuildLiteBehavior [ RunTime:0.000000s ]
INFO: [ app_init ] --END-- [ RunTime:0.000294s ]
INFO: [ app_begin ] --START--
INFO: Run Behavior\ReadHtmlCacheBehavior [ RunTime:0.000309s ]
INFO: [ app_begin ] --END-- [ RunTime:0.000349s ]
NOTIC: [2] Declaration of Leader\Controller\StudentController::success() should be compatible with Think\Controller::success($message = '', $jumpUrl = '', $ajax = false) /home/bae/app/Application/Leader/Controller/StudentController.class.php 第 4 行.
INFO: [ view_parse ] --START--
INFO: [ template_filter ] --START--
INFO: Run Behavior\ContentReplaceBehavior [ RunTime:0.000063s ]
INFO: [ template_filter ] --END-- [ RunTime:0.000091s ]
INFO: Run Behavior\ParseTemplateBehavior [ RunTime:0.004591s ]
INFO: [ view_parse ] --END-- [ RunTime:0.004616s ]
INFO: [ view_filter ] --START--
INFO: Run Behavior\WriteHtmlCacheBehavior [ RunTime:0.000156s ]
INFO: [ view_filter ] --END-- [ RunTime:0.000177s ]
INFO: [ app_end ] --START--
INFO: Run Behavior\ShowPageTraceBehavior [ RunTime:0.000251s ]
INFO: [ app_end ] --END-- [ RunTime:0.000270s ]

[ 2019-09-25T20:18:24+08:00 ] 222.135.77.242 /index.php/Leader/student/gradeadd.html
INFO: [ app_init ] --START--
INFO: Run Behavior\BuildLiteBehavior [ RunTime:0.000009s ]
INFO: [ app_init ] --END-- [ RunTime:0.000237s ]
INFO: [ app_begin ] --START--
INFO: Run Behavior\ReadHtmlCacheBehavior [ RunTime:0.000280s ]
INFO: [ app_begin ] --END-- [ RunTime:0.000308s ]
NOTIC: [2] Declaration of Leader\Controller\StudentController::success() should be compatible with Think\Controller::success($message = '', $jumpUrl = '', $ajax = false) /home/bae/app/Application/Leader/Controller/StudentController.class.php 第 4 行.
SQL: SHOW COLUMNS FROM `paper_student` [ RunTime:0.0009s ]
NOTIC: [8] Undefined variable: p /home/bae/app/Application/Leader/Controller/StudentController.class.php 第 126 行.
SQL: SELECT * FROM `paper_student` WHERE `sid` = 'r0007' ORDER BY id asc LIMIT 0,2   [ RunTime:0.0008s ]
SQL: SELECT COUNT(*) AS tp_count FROM `paper_student` WHERE `sid` = 'r0007' LIMIT 1   [ RunTime:0.0006s ]
SQL: UPDATE `paper_student` SET `finally`='0' WHERE `sid` = 'r0007' AND `id` = '1630090209' [ RunTime:0.0017s ]
INFO: [ view_parse ] --START--
INFO: [ template_filter ] --START--
INFO: Run Behavior\ContentReplaceBehavior [ RunTime:0.000029s ]
INFO: [ template_filter ] --END-- [ RunTime:0.000054s ]
INFO: Run Behavior\ParseTemplateBehavior [ RunTime:0.003543s ]
INFO: [ view_parse ] --END-- [ RunTime:0.003569s ]
INFO: [ view_filter ] --START--
INFO: Run Behavior\WriteHtmlCacheBehavior [ RunTime:0.000121s ]
INFO: [ view_filter ] --END-- [ RunTime:0.000139s ]

[ 2019-09-25T20:18:28+08:00 ] 222.135.77.242 /index.php/Leader/student/look.html
INFO: [ app_init ] --START--
INFO: Run Behavior\BuildLiteBehavior [ RunTime:0.000008s ]
INFO: [ app_init ] --END-- [ RunTime:0.000244s ]
INFO: [ app_begin ] --START--
INFO: Run Behavior\ReadHtmlCacheBehavior [ RunTime:0.000273s ]
INFO: [ app_begin ] --END-- [ RunTime:0.000300s ]
NOTIC: [2] Declaration of Leader\Controller\StudentController::success() should be compatible with Think\Controller::success($message = '', $jumpUrl = '', $ajax = false) /home/bae/app/Application/Leader/Controller/StudentController.class.php 第 4 行.
SQL: SHOW COLUMNS FROM `paper_student` [ RunTime:0.0009s ]
SQL: SELECT * FROM `paper_student` WHERE `sid` = 'r0007' ORDER BY id asc LIMIT 0,10   [ RunTime:0.0007s ]
SQL: SELECT COUNT(*) AS tp_count FROM `paper_student` WHERE `sid` = 'r0007' LIMIT 1   [ RunTime:0.0005s ]
INFO: [ view_parse ] --START--
INFO: [ template_filter ] --START--
INFO: Run Behavior\ContentReplaceBehavior [ RunTime:0.000067s ]
INFO: [ template_filter ] --END-- [ RunTime:0.000092s ]
INFO: Run Behavior\ParseTemplateBehavior [ RunTime:0.005568s ]
INFO: [ view_parse ] --END-- [ RunTime:0.005595s ]
INFO: [ view_filter ] --START--
INFO: Run Behavior\WriteHtmlCacheBehavior [ RunTime:0.000123s ]
INFO: [ view_filter ] --END-- [ RunTime:0.000142s ]
INFO: [ app_end ] --START--
INFO: Run Behavior\ShowPageTraceBehavior [ RunTime:0.000329s ]
INFO: [ app_end ] --END-- [ RunTime:0.000358s ]

[ 2019-09-25T20:18:32+08:00 ] 222.135.77.242 /index.php/Leader/Student/graderule.html
INFO: [ app_init ] --START--
INFO: Run Behavior\BuildLiteBehavior [ RunTime:0.000009s ]
INFO: [ app_init ] --END-- [ RunTime:0.000228s ]
INFO: [ app_begin ] --START--
INFO: Run Behavior\ReadHtmlCacheBehavior [ RunTime:0.000273s ]
INFO: [ app_begin ] --END-- [ RunTime:0.000299s ]
NOTIC: [2] Declaration of Leader\Controller\StudentController::success() should be compatible with Think\Controller::success($message = '', $jumpUrl = '', $ajax = false) /home/bae/app/Application/Leader/Controller/StudentController.class.php 第 4 行.
INFO: [ view_parse ] --START--
INFO: [ template_filter ] --START--
INFO: Run Behavior\ContentReplaceBehavior [ RunTime:0.000059s ]
INFO: [ template_filter ] --END-- [ RunTime:0.000083s ]
INFO: Run Behavior\ParseTemplateBehavior [ RunTime:0.003929s ]
INFO: [ view_parse ] --END-- [ RunTime:0.003955s ]
INFO: [ view_filter ] --START--
INFO: Run Behavior\WriteHtmlCacheBehavior [ RunTime:0.000123s ]
INFO: [ view_filter ] --END-- [ RunTime:0.000142s ]
INFO: [ app_end ] --START--
INFO: Run Behavior\ShowPageTraceBehavior [ RunTime:0.000301s ]
INFO: [ app_end ] --END-- [ RunTime:0.000321s ]

[ 2019-09-25T20:18:43+08:00 ] 222.135.77.242 /index.php/Leader/student/gradeadd.html
INFO: [ app_init ] --START--
INFO: Run Behavior\BuildLiteBehavior [ RunTime:0.000010s ]
INFO: [ app_init ] --END-- [ RunTime:0.000301s ]
INFO: [ app_begin ] --START--
INFO: Run Behavior\ReadHtmlCacheBehavior [ RunTime:0.000289s ]
INFO: [ app_begin ] --END-- [ RunTime:0.000317s ]
NOTIC: [2] Declaration of Leader\Controller\StudentController::success() should be compatible with Think\Controller::success($message = '', $jumpUrl = '', $ajax = false) /home/bae/app/Application/Leader/Controller/StudentController.class.php 第 4 行.
SQL: SHOW COLUMNS FROM `paper_student` [ RunTime:0.0008s ]
NOTIC: [8] Undefined variable: p /home/bae/app/Application/Leader/Controller/StudentController.class.php 第 126 行.
SQL: SELECT * FROM `paper_student` WHERE `sid` = 'r0007' ORDER BY id asc LIMIT 0,2   [ RunTime:0.0007s ]
SQL: SELECT COUNT(*) AS tp_count FROM `paper_student` WHERE `sid` = 'r0007' LIMIT 1   [ RunTime:0.0004s ]
SQL: UPDATE `paper_student` SET `finally`='0' WHERE `sid` = 'r0007' AND `id` = '1630090209' [ RunTime:0.0015s ]
INFO: [ view_parse ] --START--
INFO: [ template_filter ] --START--
INFO: Run Behavior\ContentReplaceBehavior [ RunTime:0.000030s ]
INFO: [ template_filter ] --END-- [ RunTime:0.000058s ]
INFO: Run Behavior\ParseTemplateBehavior [ RunTime:0.003673s ]
INFO: [ view_parse ] --END-- [ RunTime:0.003705s ]
INFO: [ view_filter ] --START--
INFO: Run Behavior\WriteHtmlCacheBehavior [ RunTime:0.000176s ]
INFO: [ view_filter ] --END-- [ RunTime:0.000196s ]

[ 2019-09-25T20:18:46+08:00 ] 222.135.77.242 /index.php/Leader/student/look.html
INFO: [ app_init ] --START--
INFO: Run Behavior\BuildLiteBehavior [ RunTime:0.000009s ]
INFO: [ app_init ] --END-- [ RunTime:0.000266s ]
INFO: [ app_begin ] --START--
INFO: Run Behavior\ReadHtmlCacheBehavior [ RunTime:0.000282s ]
INFO: [ app_begin ] --END-- [ RunTime:0.000309s ]
NOTIC: [2] Declaration of Leader\Controller\StudentController::success() should be compatible with Think\Controller::success($message = '', $jumpUrl = '', $ajax = false) /home/bae/app/Application/Leader/Controller/StudentController.class.php 第 4 行.
SQL: SHOW COLUMNS FROM `paper_student` [ RunTime:0.0009s ]
SQL: SELECT * FROM `paper_student` WHERE `sid` = 'r0007' ORDER BY id asc LIMIT 0,10   [ RunTime:0.0007s ]
SQL: SELECT COUNT(*) AS tp_count FROM `paper_student` WHERE `sid` = 'r0007' LIMIT 1   [ RunTime:0.0005s ]
INFO: [ view_parse ] --START--
INFO: [ template_filter ] --START--
INFO: Run Behavior\ContentReplaceBehavior [ RunTime:0.000076s ]
INFO: [ template_filter ] --END-- [ RunTime:0.000109s ]
INFO: Run Behavior\ParseTemplateBehavior [ RunTime:0.005841s ]
INFO: [ view_parse ] --END-- [ RunTime:0.005868s ]
INFO: [ view_filter ] --START--
INFO: Run Behavior\WriteHtmlCacheBehavior [ RunTime:0.000144s ]
INFO: [ view_filter ] --END-- [ RunTime:0.000165s ]
INFO: [ app_end ] --START--
INFO: Run Behavior\ShowPageTraceBehavior [ RunTime:0.000348s ]
INFO: [ app_end ] --END-- [ RunTime:0.000385s ]

[ 2019-09-25T20:19:56+08:00 ] 222.135.77.242 /index.php/Leader/Student/graderule.html
INFO: [ app_init ] --START--
INFO: Run Behavior\BuildLiteBehavior [ RunTime:0.000008s ]
INFO: [ app_init ] --END-- [ RunTime:0.000234s ]
INFO: [ app_begin ] --START--
INFO: Run Behavior\ReadHtmlCacheBehavior [ RunTime:0.000291s ]
INFO: [ app_begin ] --END-- [ RunTime:0.000318s ]
NOTIC: [2] Declaration of Leader\Controller\StudentController::success() should be compatible with Think\Controller::success($message = '', $jumpUrl = '', $ajax = false) /home/bae/app/Application/Leader/Controller/StudentController.class.php 第 4 行.
INFO: [ view_parse ] --START--
INFO: [ template_filter ] --START--
INFO: Run Behavior\ContentReplaceBehavior [ RunTime:0.000060s ]
INFO: [ template_filter ] --END-- [ RunTime:0.000087s ]
INFO: Run Behavior\ParseTemplateBehavior [ RunTime:0.004032s ]
INFO: [ view_parse ] --END-- [ RunTime:0.004058s ]
INFO: [ view_filter ] --START--
INFO: Run Behavior\WriteHtmlCacheBehavior [ RunTime:0.000131s ]
INFO: [ view_filter ] --END-- [ RunTime:0.000150s ]
INFO: [ app_end ] --START--
INFO: Run Behavior\ShowPageTraceBehavior [ RunTime:0.000319s ]
INFO: [ app_end ] --END-- [ RunTime:0.000341s ]

[ 2019-09-25T20:20:24+08:00 ] 222.135.77.242 /index.php/Leader/student/gradeadd.html
INFO: [ app_init ] --START--
INFO: Run Behavior\BuildLiteBehavior [ RunTime:0.000009s ]
INFO: [ app_init ] --END-- [ RunTime:0.000265s ]
INFO: [ app_begin ] --START--
INFO: Run Behavior\ReadHtmlCacheBehavior [ RunTime:0.000301s ]
INFO: [ app_begin ] --END-- [ RunTime:0.000331s ]
NOTIC: [2] Declaration of Leader\Controller\StudentController::success() should be compatible with Think\Controller::success($message = '', $jumpUrl = '', $ajax = false) /home/bae/app/Application/Leader/Controller/StudentController.class.php 第 4 行.
SQL: SHOW COLUMNS FROM `paper_student` [ RunTime:0.0009s ]
NOTIC: [8] Undefined variable: p /home/bae/app/Application/Leader/Controller/StudentController.class.php 第 126 行.
SQL: SELECT * FROM `paper_student` WHERE `sid` = 'r0007' ORDER BY id asc LIMIT 0,2   [ RunTime:0.0007s ]
SQL: SELECT COUNT(*) AS tp_count FROM `paper_student` WHERE `sid` = 'r0007' LIMIT 1   [ RunTime:0.0005s ]
SQL: UPDATE `paper_student` SET `finally`='0' WHERE `sid` = 'r0007' AND `id` = '1630090209' [ RunTime:0.0016s ]
INFO: [ view_parse ] --START--
INFO: [ template_filter ] --START--
INFO: Run Behavior\ContentReplaceBehavior [ RunTime:0.000026s ]
INFO: [ template_filter ] --END-- [ RunTime:0.000051s ]
INFO: Run Behavior\ParseTemplateBehavior [ RunTime:0.003426s ]
INFO: [ view_parse ] --END-- [ RunTime:0.003451s ]
INFO: [ view_filter ] --START--
INFO: Run Behavior\WriteHtmlCacheBehavior [ RunTime:0.000128s ]
INFO: [ view_filter ] --END-- [ RunTime:0.000154s ]

[ 2019-09-25T20:20:27+08:00 ] 222.135.77.242 /index.php/Leader/student/look.html
INFO: [ app_init ] --START--
INFO: Run Behavior\BuildLiteBehavior [ RunTime:0.000009s ]
INFO: [ app_init ] --END-- [ RunTime:0.000229s ]
INFO: [ app_begin ] --START--
INFO: Run Behavior\ReadHtmlCacheBehavior [ RunTime:0.000270s ]
INFO: [ app_begin ] --END-- [ RunTime:0.000297s ]
NOTIC: [2] Declaration of Leader\Controller\StudentController::success() should be compatible with Think\Controller::success($message = '', $jumpUrl = '', $ajax = false) /home/bae/app/Application/Leader/Controller/StudentController.class.php 第 4 行.
SQL: SHOW COLUMNS FROM `paper_student` [ RunTime:0.0010s ]
SQL: SELECT * FROM `paper_student` WHERE `sid` = 'r0007' ORDER BY id asc LIMIT 0,10   [ RunTime:0.0009s ]
SQL: SELECT COUNT(*) AS tp_count FROM `paper_student` WHERE `sid` = 'r0007' LIMIT 1   [ RunTime:0.0006s ]
INFO: [ view_parse ] --START--
INFO: [ template_filter ] --START--
INFO: Run Behavior\ContentReplaceBehavior [ RunTime:0.000066s ]
INFO: [ template_filter ] --END-- [ RunTime:0.000092s ]
INFO: Run Behavior\ParseTemplateBehavior [ RunTime:0.005275s ]
INFO: [ view_parse ] --END-- [ RunTime:0.005303s ]
INFO: [ view_filter ] --START--
INFO: Run Behavior\WriteHtmlCacheBehavior [ RunTime:0.000123s ]
INFO: [ view_filter ] --END-- [ RunTime:0.000149s ]
INFO: [ app_end ] --START--
INFO: Run Behavior\ShowPageTraceBehavior [ RunTime:0.000315s ]
INFO: [ app_end ] --END-- [ RunTime:0.000346s ]

[ 2019-09-25T20:20:34+08:00 ] 222.135.77.242 /index.php/Leader/Student/getfinallygrade.html
INFO: [ app_init ] --START--
INFO: Run Behavior\BuildLiteBehavior [ RunTime:0.000010s ]
INFO: [ app_init ] --END-- [ RunTime:0.000233s ]
INFO: [ app_begin ] --START--
INFO: Run Behavior\ReadHtmlCacheBehavior [ RunTime:0.000288s ]
INFO: [ app_begin ] --END-- [ RunTime:0.000316s ]
NOTIC: [2] Declaration of Leader\Controller\StudentController::success() should be compatible with Think\Controller::success($message = '', $jumpUrl = '', $ajax = false) /home/bae/app/Application/Leader/Controller/StudentController.class.php 第 4 行.
SQL: SHOW COLUMNS FROM `paper_student` [ RunTime:0.0009s ]
NOTIC: [8] Undefined variable: p /home/bae/app/Application/Leader/Controller/StudentController.class.php 第 155 行.
SQL: SELECT * FROM `paper_student` WHERE `sid` = 'r0007' ORDER BY id asc LIMIT 0,2   [ RunTime:0.0007s ]
SQL: SELECT COUNT(*) AS tp_count FROM `paper_student` WHERE `sid` = 'r0007' LIMIT 1   [ RunTime:0.0006s ]
NOTIC: [8] Undefined offset: 2 /home/bae/app/Application/Leader/Controller/StudentController.class.php 第 162 行.
NOTIC: [8] Undefined offset: 2 /home/bae/app/Application/Leader/Controller/StudentController.class.php 第 162 行.
NOTIC: [8] Undefined offset: 2 /home/bae/app/Application/Leader/Controller/StudentController.class.php 第 162 行.
NOTIC: [8] Undefined offset: 3 /home/bae/app/Application/Leader/Controller/StudentController.class.php 第 162 行.
NOTIC: [8] Undefined offset: 3 /home/bae/app/Application/Leader/Controller/StudentController.class.php 第 162 行.
NOTIC: [8] Undefined offset: 3 /home/bae/app/Application/Leader/Controller/StudentController.class.php 第 162 行.
INFO: [ app_end ] --START--
INFO: Run Behavior\ShowPageTraceBehavior [ RunTime:0.000387s ]
INFO: [ app_end ] --END-- [ RunTime:0.000435s ]

[ 2019-09-25T20:21:11+08:00 ] 222.135.77.242 /index.php/Leader/Student/graderule.html
INFO: [ app_init ] --START--
INFO: Run Behavior\BuildLiteBehavior [ RunTime:0.000009s ]
INFO: [ app_init ] --END-- [ RunTime:0.000225s ]
INFO: [ app_begin ] --START--
INFO: Run Behavior\ReadHtmlCacheBehavior [ RunTime:0.000295s ]
INFO: [ app_begin ] --END-- [ RunTime:0.000323s ]
NOTIC: [2] Declaration of Leader\Controller\StudentController::success() should be compatible with Think\Controller::success($message = '', $jumpUrl = '', $ajax = false) /home/bae/app/Application/Leader/Controller/StudentController.class.php 第 4 行.
INFO: [ view_parse ] --START--
INFO: [ template_filter ] --START--
INFO: Run Behavior\ContentReplaceBehavior [ RunTime:0.000058s ]
INFO: [ template_filter ] --END-- [ RunTime:0.000089s ]
INFO: Run Behavior\ParseTemplateBehavior [ RunTime:0.004120s ]
INFO: [ view_parse ] --END-- [ RunTime:0.004152s ]
INFO: [ view_filter ] --START--
INFO: Run Behavior\WriteHtmlCacheBehavior [ RunTime:0.000134s ]
INFO: [ view_filter ] --END-- [ RunTime:0.000154s ]
INFO: [ app_end ] --START--
INFO: Run Behavior\ShowPageTraceBehavior [ RunTime:0.000325s ]
INFO: [ app_end ] --END-- [ RunTime:0.000347s ]

[ 2019-09-25T20:21:35+08:00 ] 222.135.77.242 /index.php/Leader/student/gradeadd.html
INFO: [ app_init ] --START--
INFO: Run Behavior\BuildLiteBehavior [ RunTime:0.000011s ]
INFO: [ app_init ] --END-- [ RunTime:0.000261s ]
INFO: [ app_begin ] --START--
INFO: Run Behavior\ReadHtmlCacheBehavior [ RunTime:0.000291s ]
INFO: [ app_begin ] --END-- [ RunTime:0.000323s ]
NOTIC: [2] Declaration of Leader\Controller\StudentController::success() should be compatible with Think\Controller::success($message = '', $jumpUrl = '', $ajax = false) /home/bae/app/Application/Leader/Controller/StudentController.class.php 第 4 行.
SQL: SHOW COLUMNS FROM `paper_student` [ RunTime:0.0012s ]
NOTIC: [8] Undefined variable: p /home/bae/app/Application/Leader/Controller/StudentController.class.php 第 126 行.
SQL: SELECT * FROM `paper_student` WHERE `sid` = 'r0007' ORDER BY id asc LIMIT 0,2   [ RunTime:0.0009s ]
SQL: SELECT COUNT(*) AS tp_count FROM `paper_student` WHERE `sid` = 'r0007' LIMIT 1   [ RunTime:0.0006s ]
SQL: UPDATE `paper_student` SET `finally`='0' WHERE `sid` = 'r0007' AND `id` = '1630090209' [ RunTime:0.0016s ]
INFO: [ view_parse ] --START--
INFO: [ template_filter ] --START--
INFO: Run Behavior\ContentReplaceBehavior [ RunTime:0.000030s ]
INFO: [ template_filter ] --END-- [ RunTime:0.000055s ]
INFO: Run Behavior\ParseTemplateBehavior [ RunTime:0.003551s ]
INFO: [ view_parse ] --END-- [ RunTime:0.003576s ]
INFO: [ view_filter ] --START--
INFO: Run Behavior\WriteHtmlCacheBehavior [ RunTime:0.000115s ]
INFO: [ view_filter ] --END-- [ RunTime:0.000134s ]

[ 2019-09-25T20:21:38+08:00 ] 222.135.77.242 /index.php/Leader/student/look.html
INFO: [ app_init ] --START--
INFO: Run Behavior\BuildLiteBehavior [ RunTime:0.000011s ]
INFO: [ app_init ] --END-- [ RunTime:0.000242s ]
INFO: [ app_begin ] --START--
INFO: Run Behavior\ReadHtmlCacheBehavior [ RunTime:0.000287s ]
INFO: [ app_begin ] --END-- [ RunTime:0.000317s ]
NOTIC: [2] Declaration of Leader\Controller\StudentController::success() should be compatible with Think\Controller::success($message = '', $jumpUrl = '', $ajax = false) /home/bae/app/Application/Leader/Controller/StudentController.class.php 第 4 行.
SQL: SHOW COLUMNS FROM `paper_student` [ RunTime:0.0009s ]
SQL: SELECT * FROM `paper_student` WHERE `sid` = 'r0007' ORDER BY id asc LIMIT 0,10   [ RunTime:0.0007s ]
SQL: SELECT COUNT(*) AS tp_count FROM `paper_student` WHERE `sid` = 'r0007' LIMIT 1   [ RunTime:0.0005s ]
INFO: [ view_parse ] --START--
INFO: [ template_filter ] --START--
INFO: Run Behavior\ContentReplaceBehavior [ RunTime:0.000067s ]
INFO: [ template_filter ] --END-- [ RunTime:0.000093s ]
INFO: Run Behavior\ParseTemplateBehavior [ RunTime:0.004986s ]
INFO: [ view_parse ] --END-- [ RunTime:0.005014s ]
INFO: [ view_filter ] --START--
INFO: Run Behavior\WriteHtmlCacheBehavior [ RunTime:0.000122s ]
INFO: [ view_filter ] --END-- [ RunTime:0.000142s ]
INFO: [ app_end ] --START--
INFO: Run Behavior\ShowPageTraceBehavior [ RunTime:0.000372s ]
INFO: [ app_end ] --END-- [ RunTime:0.000398s ]

[ 2019-09-25T20:21:40+08:00 ] 222.135.77.242 /index.php/Leader/Student/graderule.html
INFO: [ app_init ] --START--
INFO: Run Behavior\BuildLiteBehavior [ RunTime:0.000009s ]
INFO: [ app_init ] --END-- [ RunTime:0.000223s ]
INFO: [ app_begin ] --START--
INFO: Run Behavior\ReadHtmlCacheBehavior [ RunTime:0.000283s ]
INFO: [ app_begin ] --END-- [ RunTime:0.000309s ]
NOTIC: [2] Declaration of Leader\Controller\StudentController::success() should be compatible with Think\Controller::success($message = '', $jumpUrl = '', $ajax = false) /home/bae/app/Application/Leader/Controller/StudentController.class.php 第 4 行.
INFO: [ view_parse ] --START--
INFO: [ template_filter ] --START--
INFO: Run Behavior\ContentReplaceBehavior [ RunTime:0.000058s ]
INFO: [ template_filter ] --END-- [ RunTime:0.000084s ]
INFO: Run Behavior\ParseTemplateBehavior [ RunTime:0.005054s ]
INFO: [ view_parse ] --END-- [ RunTime:0.005101s ]
INFO: [ view_filter ] --START--
INFO: Run Behavior\WriteHtmlCacheBehavior [ RunTime:0.000162s ]
INFO: [ view_filter ] --END-- [ RunTime:0.000183s ]
INFO: [ app_end ] --START--
INFO: Run Behavior\ShowPageTraceBehavior [ RunTime:0.000380s ]
INFO: [ app_end ] --END-- [ RunTime:0.000411s ]

[ 2019-09-25T20:21:50+08:00 ] 222.135.77.242 /index.php/Leader/student/gradeadd.html
INFO: [ app_init ] --START--
INFO: Run Behavior\BuildLiteBehavior [ RunTime:0.000009s ]
INFO: [ app_init ] --END-- [ RunTime:0.000217s ]
INFO: [ app_begin ] --START--
INFO: Run Behavior\ReadHtmlCacheBehavior [ RunTime:0.000289s ]
INFO: [ app_begin ] --END-- [ RunTime:0.000320s ]
NOTIC: [2] Declaration of Leader\Controller\StudentController::success() should be compatible with Think\Controller::success($message = '', $jumpUrl = '', $ajax = false) /home/bae/app/Application/Leader/Controller/StudentController.class.php 第 4 行.
SQL: SHOW COLUMNS FROM `paper_student` [ RunTime:0.0009s ]
NOTIC: [8] Undefined variable: p /home/bae/app/Application/Leader/Controller/StudentController.class.php 第 126 行.
SQL: SELECT * FROM `paper_student` WHERE `sid` = 'r0007' ORDER BY id asc LIMIT 0,2   [ RunTime:0.0007s ]
SQL: SELECT COUNT(*) AS tp_count FROM `paper_student` WHERE `sid` = 'r0007' LIMIT 1   [ RunTime:0.0005s ]
SQL: UPDATE `paper_student` SET `finally`='0' WHERE `sid` = 'r0007' AND `id` = '1630090209' [ RunTime:0.0015s ]
INFO: [ view_parse ] --START--
INFO: [ template_filter ] --START--
INFO: Run Behavior\ContentReplaceBehavior [ RunTime:0.000028s ]
INFO: [ template_filter ] --END-- [ RunTime:0.000053s ]
INFO: Run Behavior\ParseTemplateBehavior [ RunTime:0.003485s ]
INFO: [ view_parse ] --END-- [ RunTime:0.003530s ]
INFO: [ view_filter ] --START--
INFO: Run Behavior\WriteHtmlCacheBehavior [ RunTime:0.000125s ]
INFO: [ view_filter ] --END-- [ RunTime:0.000145s ]

[ 2019-09-25T20:21:53+08:00 ] 222.135.77.242 /index.php/Leader/student/look.html
INFO: [ app_init ] --START--
INFO: Run Behavior\BuildLiteBehavior [ RunTime:0.000022s ]
INFO: [ app_init ] --END-- [ RunTime:0.000318s ]
INFO: [ app_begin ] --START--
INFO: Run Behavior\ReadHtmlCacheBehavior [ RunTime:0.000326s ]
INFO: [ app_begin ] --END-- [ RunTime:0.000354s ]
NOTIC: [2] Declaration of Leader\Controller\StudentController::success() should be compatible with Think\Controller::success($message = '', $jumpUrl = '', $ajax = false) /home/bae/app/Application/Leader/Controller/StudentController.class.php 第 4 行.
SQL: SHOW COLUMNS FROM `paper_student` [ RunTime:0.0010s ]
SQL: SELECT * FROM `paper_student` WHERE `sid` = 'r0007' ORDER BY id asc LIMIT 0,10   [ RunTime:0.0006s ]
SQL: SELECT COUNT(*) AS tp_count FROM `paper_student` WHERE `sid` = 'r0007' LIMIT 1   [ RunTime:0.0005s ]
INFO: [ view_parse ] --START--
INFO: [ template_filter ] --START--
INFO: Run Behavior\ContentReplaceBehavior [ RunTime:0.000067s ]
INFO: [ template_filter ] --END-- [ RunTime:0.000092s ]
INFO: Run Behavior\ParseTemplateBehavior [ RunTime:0.005456s ]
INFO: [ view_parse ] --END-- [ RunTime:0.005482s ]
INFO: [ view_filter ] --START--
INFO: Run Behavior\WriteHtmlCacheBehavior [ RunTime:0.000120s ]
INFO: [ view_filter ] --END-- [ RunTime:0.000139s ]
INFO: [ app_end ] --START--
INFO: Run Behavior\ShowPageTraceBehavior [ RunTime:0.000326s ]
INFO: [ app_end ] --END-- [ RunTime:0.000360s ]

[ 2019-09-25T20:23:00+08:00 ] 222.135.77.242 /index.php/Leader/Student/graderule.html
INFO: [ app_init ] --START--
INFO: Run Behavior\BuildLiteBehavior [ RunTime:0.000013s ]
INFO: [ app_init ] --END-- [ RunTime:0.000367s ]
INFO: [ app_begin ] --START--
INFO: Run Behavior\ReadHtmlCacheBehavior [ RunTime:0.000419s ]
INFO: [ app_begin ] --END-- [ RunTime:0.000469s ]
NOTIC: [2] Declaration of Leader\Controller\StudentController::success() should be compatible with Think\Controller::success($message = '', $jumpUrl = '', $ajax = false) /home/bae/app/Application/Leader/Controller/StudentController.class.php 第 4 行.
INFO: [ view_parse ] --START--
INFO: [ template_filter ] --START--
INFO: Run Behavior\ContentReplaceBehavior [ RunTime:0.000080s ]
INFO: [ template_filter ] --END-- [ RunTime:0.000127s ]
INFO: Run Behavior\ParseTemplateBehavior [ RunTime:0.008905s ]
INFO: [ view_parse ] --END-- [ RunTime:0.008933s ]
INFO: [ view_filter ] --START--
INFO: Run Behavior\WriteHtmlCacheBehavior [ RunTime:0.000142s ]
INFO: [ view_filter ] --END-- [ RunTime:0.000163s ]
INFO: [ app_end ] --START--
INFO: Run Behavior\ShowPageTraceBehavior [ RunTime:0.000341s ]
INFO: [ app_end ] --END-- [ RunTime:0.000363s ]

[ 2019-09-25T20:23:07+08:00 ] 222.135.77.242 /index.php/Leader/student/gradeadd.html
INFO: [ app_init ] --START--
INFO: Run Behavior\BuildLiteBehavior [ RunTime:0.000015s ]
INFO: [ app_init ] --END-- [ RunTime:0.000424s ]
INFO: [ app_begin ] --START--
INFO: Run Behavior\ReadHtmlCacheBehavior [ RunTime:0.000504s ]
INFO: [ app_begin ] --END-- [ RunTime:0.000545s ]
NOTIC: [2] Declaration of Leader\Controller\StudentController::success() should be compatible with Think\Controller::success($message = '', $jumpUrl = '', $ajax = false) /home/bae/app/Application/Leader/Controller/StudentController.class.php 第 4 行.
SQL: SHOW COLUMNS FROM `paper_student` [ RunTime:0.0009s ]
NOTIC: [8] Undefined variable: p /home/bae/app/Application/Leader/Controller/StudentController.class.php 第 126 行.
SQL: SELECT * FROM `paper_student` WHERE `sid` = 'r0007' ORDER BY id asc LIMIT 0,2   [ RunTime:0.0007s ]
SQL: SELECT COUNT(*) AS tp_count FROM `paper_student` WHERE `sid` = 'r0007' LIMIT 1   [ RunTime:0.0005s ]
SQL: UPDATE `paper_student` SET `finally`='0' WHERE `sid` = 'r0007' AND `id` = '1630090209' [ RunTime:0.0018s ]
INFO: [ view_parse ] --START--
INFO: [ template_filter ] --START--
INFO: Run Behavior\ContentReplaceBehavior [ RunTime:0.000032s ]
INFO: [ template_filter ] --END-- [ RunTime:0.000060s ]
INFO: Run Behavior\ParseTemplateBehavior [ RunTime:0.003614s ]
INFO: [ view_parse ] --END-- [ RunTime:0.003639s ]
INFO: [ view_filter ] --START--
INFO: Run Behavior\WriteHtmlCacheBehavior [ RunTime:0.000115s ]
INFO: [ view_filter ] --END-- [ RunTime:0.000134s ]

[ 2019-09-25T20:23:10+08:00 ] 222.135.77.242 /index.php/Leader/student/look.html
INFO: [ app_init ] --START--
INFO: Run Behavior\BuildLiteBehavior [ RunTime:0.000012s ]
INFO: [ app_init ] --END-- [ RunTime:0.000310s ]
INFO: [ app_begin ] --START--
INFO: Run Behavior\ReadHtmlCacheBehavior [ RunTime:0.000344s ]
INFO: [ app_begin ] --END-- [ RunTime:0.000381s ]
NOTIC: [2] Declaration of Leader\Controller\StudentController::success() should be compatible with Think\Controller::success($message = '', $jumpUrl = '', $ajax = false) /home/bae/app/Application/Leader/Controller/StudentController.class.php 第 4 行.
SQL: SHOW COLUMNS FROM `paper_student` [ RunTime:0.0010s ]
SQL: SELECT * FROM `paper_student` WHERE `sid` = 'r0007' ORDER BY id asc LIMIT 0,10   [ RunTime:0.0007s ]
SQL: SELECT COUNT(*) AS tp_count FROM `paper_student` WHERE `sid` = 'r0007' LIMIT 1   [ RunTime:0.0005s ]
INFO: [ view_parse ] --START--
INFO: [ template_filter ] --START--
INFO: Run Behavior\ContentReplaceBehavior [ RunTime:0.000071s ]
INFO: [ template_filter ] --END-- [ RunTime:0.000102s ]
INFO: Run Behavior\ParseTemplateBehavior [ RunTime:0.005315s ]
INFO: [ view_parse ] --END-- [ RunTime:0.005342s ]
INFO: [ view_filter ] --START--
INFO: Run Behavior\WriteHtmlCacheBehavior [ RunTime:0.000121s ]
INFO: [ view_filter ] --END-- [ RunTime:0.000141s ]
INFO: [ app_end ] --START--
INFO: Run Behavior\ShowPageTraceBehavior [ RunTime:0.000329s ]
INFO: [ app_end ] --END-- [ RunTime:0.000358s ]

[ 2019-09-25T20:23:16+08:00 ] 222.135.77.242 /index.php/Leader/Student/graderule.html
INFO: [ app_init ] --START--
INFO: Run Behavior\BuildLiteBehavior [ RunTime:0.000010s ]
INFO: [ app_init ] --END-- [ RunTime:0.000286s ]
INFO: [ app_begin ] --START--
INFO: Run Behavior\ReadHtmlCacheBehavior [ RunTime:0.000365s ]
INFO: [ app_begin ] --END-- [ RunTime:0.000396s ]
NOTIC: [2] Declaration of Leader\Controller\StudentController::success() should be compatible with Think\Controller::success($message = '', $jumpUrl = '', $ajax = false) /home/bae/app/Application/Leader/Controller/StudentController.class.php 第 4 行.
INFO: [ view_parse ] --START--
INFO: [ template_filter ] --START--
INFO: Run Behavior\ContentReplaceBehavior [ RunTime:0.000067s ]
INFO: [ template_filter ] --END-- [ RunTime:0.000097s ]
INFO: Run Behavior\ParseTemplateBehavior [ RunTime:0.004915s ]
INFO: [ view_parse ] --END-- [ RunTime:0.004944s ]
INFO: [ view_filter ] --START--
INFO: Run Behavior\WriteHtmlCacheBehavior [ RunTime:0.000180s ]
INFO: [ view_filter ] --END-- [ RunTime:0.000204s ]
INFO: [ app_end ] --START--
INFO: Run Behavior\ShowPageTraceBehavior [ RunTime:0.000404s ]
INFO: [ app_end ] --END-- [ RunTime:0.000432s ]

[ 2019-09-25T20:31:27+08:00 ] 222.135.77.242 /index.php/Leader/student/gradeadd.html
INFO: [ app_init ] --START--
INFO: Run Behavior\BuildLiteBehavior [ RunTime:0.000026s ]
INFO: [ app_init ] --END-- [ RunTime:0.000607s ]
INFO: [ app_begin ] --START--
INFO: Run Behavior\ReadHtmlCacheBehavior [ RunTime:0.000411s ]
INFO: [ app_begin ] --END-- [ RunTime:0.000449s ]
NOTIC: [2] Declaration of Leader\Controller\StudentController::success() should be compatible with Think\Controller::success($message = '', $jumpUrl = '', $ajax = false) /home/bae/app/Application/Leader/Controller/StudentController.class.php 第 4 行.
SQL: SHOW COLUMNS FROM `paper_student` [ RunTime:0.0011s ]
NOTIC: [8] Undefined variable: p /home/bae/app/Application/Leader/Controller/StudentController.class.php 第 126 行.
SQL: SELECT * FROM `paper_student` WHERE `sid` = 'r0007' ORDER BY id asc LIMIT 0,2   [ RunTime:0.0009s ]
SQL: SELECT COUNT(*) AS tp_count FROM `paper_student` WHERE `sid` = 'r0007' LIMIT 1   [ RunTime:0.0005s ]
SQL: UPDATE `paper_student` SET `finally`='0' WHERE `sid` = 'r0007' AND `id` = '1630090209' [ RunTime:0.0015s ]
INFO: [ view_parse ] --START--
INFO: [ template_filter ] --START--
INFO: Run Behavior\ContentReplaceBehavior [ RunTime:0.000045s ]
INFO: [ template_filter ] --END-- [ RunTime:0.000076s ]
INFO: Run Behavior\ParseTemplateBehavior [ RunTime:0.005355s ]
INFO: [ view_parse ] --END-- [ RunTime:0.005382s ]
INFO: [ view_filter ] --START--
INFO: Run Behavior\WriteHtmlCacheBehavior [ RunTime:0.000129s ]
INFO: [ view_filter ] --END-- [ RunTime:0.000149s ]

[ 2019-09-25T20:31:30+08:00 ] 222.135.77.242 /index.php/Leader/student/look.html
INFO: [ app_init ] --START--
INFO: Run Behavior\BuildLiteBehavior [ RunTime:0.000009s ]
INFO: [ app_init ] --END-- [ RunTime:0.000248s ]
INFO: [ app_begin ] --START--
INFO: Run Behavior\ReadHtmlCacheBehavior [ RunTime:0.000272s ]
INFO: [ app_begin ] --END-- [ RunTime:0.000299s ]
NOTIC: [2] Declaration of Leader\Controller\StudentController::success() should be compatible with Think\Controller::success($message = '', $jumpUrl = '', $ajax = false) /home/bae/app/Application/Leader/Controller/StudentController.class.php 第 4 行.
SQL: SHOW COLUMNS FROM `paper_student` [ RunTime:0.0009s ]
SQL: SELECT * FROM `paper_student` WHERE `sid` = 'r0007' ORDER BY id asc LIMIT 0,10   [ RunTime:0.0006s ]
SQL: SELECT COUNT(*) AS tp_count FROM `paper_student` WHERE `sid` = 'r0007' LIMIT 1   [ RunTime:0.0004s ]
INFO: [ view_parse ] --START--
INFO: [ template_filter ] --START--
INFO: Run Behavior\ContentReplaceBehavior [ RunTime:0.000070s ]
INFO: [ template_filter ] --END-- [ RunTime:0.000102s ]
INFO: Run Behavior\ParseTemplateBehavior [ RunTime:0.005605s ]
INFO: [ view_parse ] --END-- [ RunTime:0.005635s ]
INFO: [ view_filter ] --START--
INFO: Run Behavior\WriteHtmlCacheBehavior [ RunTime:0.000122s ]
INFO: [ view_filter ] --END-- [ RunTime:0.000141s ]
INFO: [ app_end ] --START--
INFO: Run Behavior\ShowPageTraceBehavior [ RunTime:0.000355s ]
INFO: [ app_end ] --END-- [ RunTime:0.000384s ]

[ 2019-09-25T20:31:33+08:00 ] 222.135.77.242 /index.php/Leader/Student/graderule.html
INFO: [ app_init ] --START--
INFO: Run Behavior\BuildLiteBehavior [ RunTime:0.000010s ]
INFO: [ app_init ] --END-- [ RunTime:0.000229s ]
INFO: [ app_begin ] --START--
INFO: Run Behavior\ReadHtmlCacheBehavior [ RunTime:0.000280s ]
INFO: [ app_begin ] --END-- [ RunTime:0.000308s ]
NOTIC: [2] Declaration of Leader\Controller\StudentController::success() should be compatible with Think\Controller::success($message = '', $jumpUrl = '', $ajax = false) /home/bae/app/Application/Leader/Controller/StudentController.class.php 第 4 行.
INFO: [ view_parse ] --START--
INFO: [ template_filter ] --START--
INFO: Run Behavior\ContentReplaceBehavior [ RunTime:0.000060s ]
INFO: [ template_filter ] --END-- [ RunTime:0.000087s ]
INFO: Run Behavior\ParseTemplateBehavior [ RunTime:0.003854s ]
INFO: [ view_parse ] --END-- [ RunTime:0.003879s ]
INFO: [ view_filter ] --START--
INFO: Run Behavior\WriteHtmlCacheBehavior [ RunTime:0.000113s ]
INFO: [ view_filter ] --END-- [ RunTime:0.000132s ]
INFO: [ app_end ] --START--
INFO: Run Behavior\ShowPageTraceBehavior [ RunTime:0.000298s ]
INFO: [ app_end ] --END-- [ RunTime:0.000320s ]

[ 2019-09-25T20:41:12+08:00 ] 222.135.77.242 /index.php/Leader/Index/index.html
INFO: [ app_init ] --START--
INFO: Run Behavior\BuildLiteBehavior [ RunTime:0.000011s ]
INFO: [ app_init ] --END-- [ RunTime:0.000298s ]
INFO: [ app_begin ] --START--
INFO: Run Behavior\ReadHtmlCacheBehavior [ RunTime:0.000318s ]
INFO: [ app_begin ] --END-- [ RunTime:0.000346s ]
INFO: [ view_parse ] --START--
INFO: [ template_filter ] --START--
INFO: Run Behavior\ContentReplaceBehavior [ RunTime:0.000069s ]
INFO: [ template_filter ] --END-- [ RunTime:0.000101s ]
INFO: Run Behavior\ParseTemplateBehavior [ RunTime:0.006676s ]
INFO: [ view_parse ] --END-- [ RunTime:0.006705s ]
INFO: [ view_filter ] --START--
INFO: Run Behavior\WriteHtmlCacheBehavior [ RunTime:0.000134s ]
INFO: [ view_filter ] --END-- [ RunTime:0.000153s ]
INFO: [ app_end ] --START--
INFO: Run Behavior\ShowPageTraceBehavior [ RunTime:0.000391s ]
INFO: [ app_end ] --END-- [ RunTime:0.000414s ]

[ 2019-09-25T20:41:55+08:00 ] 222.135.77.242 /index.php/Leader/student/gradeadd.html
INFO: [ app_init ] --START--
INFO: Run Behavior\BuildLiteBehavior [ RunTime:0.000010s ]
INFO: [ app_init ] --END-- [ RunTime:0.000277s ]
INFO: [ app_begin ] --START--
INFO: Run Behavior\ReadHtmlCacheBehavior [ RunTime:0.000351s ]
INFO: [ app_begin ] --END-- [ RunTime:0.000388s ]
NOTIC: [2] Declaration of Leader\Controller\StudentController::success() should be compatible with Think\Controller::success($message = '', $jumpUrl = '', $ajax = false) /home/bae/app/Application/Leader/Controller/StudentController.class.php 第 4 行.
SQL: SHOW COLUMNS FROM `paper_student` [ RunTime:0.0012s ]
NOTIC: [8] Undefined variable: p /home/bae/app/Application/Leader/Controller/StudentController.class.php 第 126 行.
SQL: SELECT * FROM `paper_student` WHERE `sid` = 'r0007' ORDER BY id asc LIMIT 0,2   [ RunTime:0.0010s ]
SQL: SELECT COUNT(*) AS tp_count FROM `paper_student` WHERE `sid` = 'r0007' LIMIT 1   [ RunTime:0.0007s ]
SQL: UPDATE `paper_student` SET `finally`='0' WHERE `sid` = 'r0007' AND `id` = '1630090209' [ RunTime:0.0018s ]
INFO: [ view_parse ] --START--
INFO: [ template_filter ] --START--
INFO: Run Behavior\ContentReplaceBehavior [ RunTime:0.000032s ]
INFO: [ template_filter ] --END-- [ RunTime:0.000062s ]
INFO: Run Behavior\ParseTemplateBehavior [ RunTime:0.003839s ]
INFO: [ view_parse ] --END-- [ RunTime:0.003867s ]
INFO: [ view_filter ] --START--
INFO: Run Behavior\WriteHtmlCacheBehavior [ RunTime:0.000121s ]
INFO: [ view_filter ] --END-- [ RunTime:0.000140s ]

[ 2019-09-25T20:41:59+08:00 ] 222.135.77.242 /index.php/Leader/student/look.html
INFO: [ app_init ] --START--
INFO: Run Behavior\BuildLiteBehavior [ RunTime:0.000016s ]
INFO: [ app_init ] --END-- [ RunTime:0.000356s ]
INFO: [ app_begin ] --START--
INFO: Run Behavior\ReadHtmlCacheBehavior [ RunTime:0.000450s ]
INFO: [ app_begin ] --END-- [ RunTime:0.000487s ]
NOTIC: [2] Declaration of Leader\Controller\StudentController::success() should be compatible with Think\Controller::success($message = '', $jumpUrl = '', $ajax = false) /home/bae/app/Application/Leader/Controller/StudentController.class.php 第 4 行.
SQL: SHOW COLUMNS FROM `paper_student` [ RunTime:0.0012s ]
SQL: SELECT * FROM `paper_student` WHERE `sid` = 'r0007' ORDER BY id asc LIMIT 0,10   [ RunTime:0.0009s ]
SQL: SELECT COUNT(*) AS tp_count FROM `paper_student` WHERE `sid` = 'r0007' LIMIT 1   [ RunTime:0.0008s ]
INFO: [ view_parse ] --START--
INFO: [ template_filter ] --START--
INFO: Run Behavior\ContentReplaceBehavior [ RunTime:0.000088s ]
INFO: [ template_filter ] --END-- [ RunTime:0.000146s ]
INFO: Run Behavior\ParseTemplateBehavior [ RunTime:0.008186s ]
INFO: [ view_parse ] --END-- [ RunTime:0.008228s ]
INFO: [ view_filter ] --START--
INFO: Run Behavior\WriteHtmlCacheBehavior [ RunTime:0.000197s ]
INFO: [ view_filter ] --END-- [ RunTime:0.000224s ]
INFO: [ app_end ] --START--
INFO: Run Behavior\ShowPageTraceBehavior [ RunTime:0.000517s ]
INFO: [ app_end ] --END-- [ RunTime:0.000552s ]

[ 2019-09-25T20:54:28+08:00 ] 222.135.77.242 /index.php/Leader/Title/title.html
INFO: [ app_init ] --START--
INFO: Run Behavior\BuildLiteBehavior [ RunTime:0.000008s ]
INFO: [ app_init ] --END-- [ RunTime:0.000232s ]
INFO: [ app_begin ] --START--
INFO: Run Behavior\ReadHtmlCacheBehavior [ RunTime:0.000296s ]
INFO: [ app_begin ] --END-- [ RunTime:0.000324s ]
SQL: SHOW COLUMNS FROM `paper_name` [ RunTime:0.0009s ]
SQL: SELECT * FROM `paper_name` WHERE `sid` = 'r0007' ORDER BY id asc LIMIT 0,10   [ RunTime:0.0005s ]
SQL: SELECT COUNT(*) AS tp_count FROM `paper_name` WHERE `sid` = 'r0007' LIMIT 1   [ RunTime:0.0005s ]
INFO: [ view_parse ] --START--
INFO: [ template_filter ] --START--
INFO: Run Behavior\ContentReplaceBehavior [ RunTime:0.000078s ]
INFO: [ template_filter ] --END-- [ RunTime:0.000106s ]
INFO: Run Behavior\ParseTemplateBehavior [ RunTime:0.005263s ]
INFO: [ view_parse ] --END-- [ RunTime:0.005310s ]
INFO: [ view_filter ] --START--
INFO: Run Behavior\WriteHtmlCacheBehavior [ RunTime:0.000136s ]
INFO: [ view_filter ] --END-- [ RunTime:0.000162s ]
INFO: [ app_end ] --START--
INFO: Run Behavior\ShowPageTraceBehavior [ RunTime:0.000417s ]
INFO: [ app_end ] --END-- [ RunTime:0.000458s ]

[ 2019-09-25T20:54:30+08:00 ] 222.135.77.242 /index.php/Leader/Student/auditingtitle.html
INFO: [ app_init ] --START--
INFO: Run Behavior\BuildLiteBehavior [ RunTime:0.000015s ]
INFO: [ app_init ] --END-- [ RunTime:0.000268s ]
INFO: [ app_begin ] --START--
INFO: Run Behavior\ReadHtmlCacheBehavior [ RunTime:0.000289s ]
INFO: [ app_begin ] --END-- [ RunTime:0.000315s ]
NOTIC: [2] Declaration of Leader\Controller\StudentController::success() should be compatible with Think\Controller::success($message = '', $jumpUrl = '', $ajax = false) /home/bae/app/Application/Leader/Controller/StudentController.class.php 第 4 行.
SQL: SHOW COLUMNS FROM `paper_student` [ RunTime:0.0009s ]
SQL: SELECT * FROM `paper_student` WHERE `sid` = 'r0007' ORDER BY id asc LIMIT 0,10   [ RunTime:0.0009s ]
SQL: SELECT COUNT(*) AS tp_count FROM `paper_student` WHERE `sid` = 'r0007' LIMIT 1   [ RunTime:0.0005s ]
INFO: [ view_parse ] --START--
INFO: [ template_filter ] --START--
INFO: Run Behavior\ContentReplaceBehavior [ RunTime:0.000074s ]
INFO: [ template_filter ] --END-- [ RunTime:0.000103s ]
INFO: Run Behavior\ParseTemplateBehavior [ RunTime:0.005193s ]
INFO: [ view_parse ] --END-- [ RunTime:0.005224s ]
INFO: [ view_filter ] --START--
INFO: Run Behavior\WriteHtmlCacheBehavior [ RunTime:0.000132s ]
INFO: [ view_filter ] --END-- [ RunTime:0.000152s ]
INFO: [ app_end ] --START--
INFO: Run Behavior\ShowPageTraceBehavior [ RunTime:0.000358s ]
INFO: [ app_end ] --END-- [ RunTime:0.000387s ]

[ 2019-09-25T20:54:32+08:00 ] 222.135.77.242 /index.php/Leader/Student/revisionreview/id/1630090257/status/1
INFO: [ app_init ] --START--
INFO: Run Behavior\BuildLiteBehavior [ RunTime:0.000011s ]
INFO: [ app_init ] --END-- [ RunTime:0.000235s ]
INFO: [ app_begin ] --START--
INFO: Run Behavior\ReadHtmlCacheBehavior [ RunTime:0.000324s ]
INFO: [ app_begin ] --END-- [ RunTime:0.000351s ]
NOTIC: [2] Declaration of Leader\Controller\StudentController::success() should be compatible with Think\Controller::success($message = '', $jumpUrl = '', $ajax = false) /home/bae/app/Application/Leader/Controller/StudentController.class.php 第 4 行.
SQL: SHOW COLUMNS FROM `paper_student` [ RunTime:0.0012s ]
SQL: UPDATE `paper_student` SET `topic_state2`='1' WHERE `id` = '1630090257' [ RunTime:0.0017s ]
SQL: SELECT * FROM `paper_student` WHERE `id` = '1630090257' LIMIT 1   [ RunTime:0.0007s ]
SQL: UPDATE `paper_student` SET `topic_state2`='1',`state`='2' WHERE `id` = '1630090257' [ RunTime:0.0056s ]

[ 2019-09-25T20:54:32+08:00 ] 222.135.77.242 /index.php/Leader/Student/auditingtitle.html
INFO: [ app_init ] --START--
INFO: Run Behavior\BuildLiteBehavior [ RunTime:0.000010s ]
INFO: [ app_init ] --END-- [ RunTime:0.000247s ]
INFO: [ app_begin ] --START--
INFO: Run Behavior\ReadHtmlCacheBehavior [ RunTime:0.000283s ]
INFO: [ app_begin ] --END-- [ RunTime:0.000310s ]
NOTIC: [2] Declaration of Leader\Controller\StudentController::success() should be compatible with Think\Controller::success($message = '', $jumpUrl = '', $ajax = false) /home/bae/app/Application/Leader/Controller/StudentController.class.php 第 4 行.
SQL: SHOW COLUMNS FROM `paper_student` [ RunTime:0.0010s ]
SQL: SELECT * FROM `paper_student` WHERE `sid` = 'r0007' ORDER BY id asc LIMIT 0,10   [ RunTime:0.0008s ]
SQL: SELECT COUNT(*) AS tp_count FROM `paper_student` WHERE `sid` = 'r0007' LIMIT 1   [ RunTime:0.0006s ]
INFO: [ view_parse ] --START--
INFO: [ template_filter ] --START--
INFO: Run Behavior\ContentReplaceBehavior [ RunTime:0.000067s ]
INFO: [ template_filter ] --END-- [ RunTime:0.000093s ]
INFO: Run Behavior\ParseTemplateBehavior [ RunTime:0.005125s ]
INFO: [ view_parse ] --END-- [ RunTime:0.005151s ]
INFO: [ view_filter ] --START--
INFO: Run Behavior\WriteHtmlCacheBehavior [ RunTime:0.000118s ]
INFO: [ view_filter ] --END-- [ RunTime:0.000139s ]
INFO: [ app_end ] --START--
INFO: Run Behavior\ShowPageTraceBehavior [ RunTime:0.000349s ]
INFO: [ app_end ] --END-- [ RunTime:0.000374s ]

[ 2019-09-25T20:54:57+08:00 ] 222.135.77.242 /index.php/Leader/Group/opentopic.html
INFO: [ app_init ] --START--
INFO: Run Behavior\BuildLiteBehavior [ RunTime:0.000009s ]
INFO: [ app_init ] --END-- [ RunTime:0.000241s ]
INFO: [ app_begin ] --START--
INFO: Run Behavior\ReadHtmlCacheBehavior [ RunTime:0.000293s ]
INFO: [ app_begin ] --END-- [ RunTime:0.000320s ]
INFO: [ view_parse ] --START--
INFO: [ template_filter ] --START--
INFO: Run Behavior\ContentReplaceBehavior [ RunTime:0.000062s ]
INFO: [ template_filter ] --END-- [ RunTime:0.000091s ]
INFO: Run Behavior\ParseTemplateBehavior [ RunTime:0.003988s ]
INFO: [ view_parse ] --END-- [ RunTime:0.004016s ]
INFO: [ view_filter ] --START--
INFO: Run Behavior\WriteHtmlCacheBehavior [ RunTime:0.000130s ]
INFO: [ view_filter ] --END-- [ RunTime:0.000150s ]
INFO: [ app_end ] --START--
INFO: Run Behavior\ShowPageTraceBehavior [ RunTime:0.000365s ]
INFO: [ app_end ] --END-- [ RunTime:0.000391s ]

[ 2019-09-25T20:55:44+08:00 ] 222.135.77.242 /index.php/Leader/Group/opentopic.html
INFO: [ app_init ] --START--
INFO: Run Behavior\BuildLiteBehavior [ RunTime:0.000028s ]
INFO: [ app_init ] --END-- [ RunTime:0.000260s ]
INFO: [ app_begin ] --START--
INFO: Run Behavior\ReadHtmlCacheBehavior [ RunTime:0.000307s ]
INFO: [ app_begin ] --END-- [ RunTime:0.000336s ]
SQL: SHOW COLUMNS FROM `paper_teacher` [ RunTime:0.0009s ]
SQL: SELECT * FROM `paper_teacher` WHERE `sid` = 'r0007'  [ RunTime:0.0006s ]
SQL: SELECT COUNT(*) AS tp_count FROM `paper_teacher` WHERE `sid` = 'r0007' LIMIT 1   [ RunTime:0.0005s ]
SQL: SHOW COLUMNS FROM `paper_student` [ RunTime:0.0007s ]
SQL: SELECT * FROM `paper_student` WHERE `sid` = 'r0007'  [ RunTime:0.0008s ]
SQL: SELECT COUNT(*) AS tp_count FROM `paper_student` WHERE `sid` = 'r0007' LIMIT 1   [ RunTime:0.0005s ]
INFO: [ view_parse ] --START--
INFO: [ template_filter ] --START--
INFO: Run Behavior\ContentReplaceBehavior [ RunTime:0.000058s ]
INFO: [ template_filter ] --END-- [ RunTime:0.000087s ]
INFO: Run Behavior\ParseTemplateBehavior [ RunTime:0.003754s ]
INFO: [ view_parse ] --END-- [ RunTime:0.003785s ]
INFO: [ view_filter ] --START--
INFO: Run Behavior\WriteHtmlCacheBehavior [ RunTime:0.000126s ]
INFO: [ view_filter ] --END-- [ RunTime:0.000147s ]
NOTIC: [2] Cannot modify header information - headers already sent by (output started at /home/bae/app/ThinkPHP/Library/Org/Util/PHPExcel/Shared/OLE/PPS/Root.php:438) /home/bae/app/ThinkPHP/Library/Think/View.class.php 第 91 行.
NOTIC: [2] Cannot modify header information - headers already sent by (output started at /home/bae/app/ThinkPHP/Library/Org/Util/PHPExcel/Shared/OLE/PPS/Root.php:438) /home/bae/app/ThinkPHP/Library/Think/View.class.php 第 92 行.
NOTIC: [2] Cannot modify header information - headers already sent by (output started at /home/bae/app/ThinkPHP/Library/Org/Util/PHPExcel/Shared/OLE/PPS/Root.php:438) /home/bae/app/ThinkPHP/Library/Think/View.class.php 第 93 行.
INFO: [ app_end ] --START--
INFO: Run Behavior\ShowPageTraceBehavior [ RunTime:0.000363s ]
INFO: [ app_end ] --END-- [ RunTime:0.000392s ]

[ 2019-09-25T21:07:30+08:00 ] 222.135.77.242 /index.php/Leader/Group/opentopic.html
INFO: [ app_init ] --START--
INFO: Run Behavior\BuildLiteBehavior [ RunTime:0.000016s ]
INFO: [ app_init ] --END-- [ RunTime:0.000429s ]
INFO: [ app_begin ] --START--
INFO: Run Behavior\ReadHtmlCacheBehavior [ RunTime:0.000433s ]
INFO: [ app_begin ] --END-- [ RunTime:0.000472s ]
SQL: SHOW COLUMNS FROM `paper_teacher` [ RunTime:0.0011s ]
SQL: SELECT * FROM `paper_teacher` WHERE `sid` = 'r0007'  [ RunTime:0.0007s ]
SQL: SELECT COUNT(*) AS tp_count FROM `paper_teacher` WHERE `sid` = 'r0007' LIMIT 1   [ RunTime:0.0006s ]
SQL: SHOW COLUMNS FROM `paper_student` [ RunTime:0.0010s ]
SQL: SELECT * FROM `paper_student` WHERE `sid` = 'r0007'  [ RunTime:0.0007s ]
SQL: SELECT COUNT(*) AS tp_count FROM `paper_student` WHERE `sid` = 'r0007' LIMIT 1   [ RunTime:0.0005s ]
INFO: [ view_parse ] --START--
INFO: [ template_filter ] --START--
INFO: Run Behavior\ContentReplaceBehavior [ RunTime:0.000072s ]
INFO: [ template_filter ] --END-- [ RunTime:0.000108s ]
INFO: Run Behavior\ParseTemplateBehavior [ RunTime:0.006305s ]
INFO: [ view_parse ] --END-- [ RunTime:0.006339s ]
INFO: [ view_filter ] --START--
INFO: Run Behavior\WriteHtmlCacheBehavior [ RunTime:0.000133s ]
INFO: [ view_filter ] --END-- [ RunTime:0.000152s ]
NOTIC: [2] Cannot modify header information - headers already sent by (output started at /home/bae/app/ThinkPHP/Library/Org/Util/PHPExcel/Shared/OLE/PPS/Root.php:438) /home/bae/app/ThinkPHP/Library/Think/View.class.php 第 91 行.
NOTIC: [2] Cannot modify header information - headers already sent by (output started at /home/bae/app/ThinkPHP/Library/Org/Util/PHPExcel/Shared/OLE/PPS/Root.php:438) /home/bae/app/ThinkPHP/Library/Think/View.class.php 第 92 行.
NOTIC: [2] Cannot modify header information - headers already sent by (output started at /home/bae/app/ThinkPHP/Library/Org/Util/PHPExcel/Shared/OLE/PPS/Root.php:438) /home/bae/app/ThinkPHP/Library/Think/View.class.php 第 93 行.
INFO: [ app_end ] --START--
INFO: Run Behavior\ShowPageTraceBehavior [ RunTime:0.000419s ]
INFO: [ app_end ] --END-- [ RunTime:0.000443s ]

