[ 2018-03-17T07:24:31+08:00 ] ::1 /paper/index.php/Admin/login/index
INFO: [ app_init ] --START--
INFO: Run Behavior\BuildLiteBehavior [ RunTime:0.000021s ]
INFO: [ app_init ] --END-- [ RunTime:0.000751s ]
INFO: [ app_begin ] --START--
INFO: Run Behavior\ReadHtmlCacheBehavior [ RunTime:0.000538s ]
INFO: [ app_begin ] --END-- [ RunTime:0.000603s ]
INFO: [ view_parse ] --START--
INFO: [ template_filter ] --START--
INFO: Run Behavior\ContentReplaceBehavior [ RunTime:0.000056s ]
INFO: [ template_filter ] --END-- [ RunTime:0.000111s ]
INFO: Run Behavior\ParseTemplateBehavior [ RunTime:0.008152s ]
INFO: [ view_parse ] --END-- [ RunTime:0.008260s ]
INFO: [ view_filter ] --START--
INFO: Run Behavior\WriteHtmlCacheBehavior [ RunTime:0.000633s ]
INFO: [ view_filter ] --END-- [ RunTime:0.000670s ]
INFO: [ app_end ] --START--
INFO: Run Behavior\ShowPageTraceBehavior [ RunTime:0.000538s ]
INFO: [ app_end ] --END-- [ RunTime:0.000600s ]

[ 2018-03-17T07:24:31+08:00 ] ::1 /paper/index.php/Admin/login/favicon.ico
INFO: [ app_init ] --START--
INFO: Run Behavior\BuildLiteBehavior [ RunTime:0.000012s ]
INFO: [ app_init ] --END-- [ RunTime:0.000382s ]

[ 2018-03-17T07:24:38+08:00 ] ::1 /paper/index.php/Admin/Login/Login_check?kind=%27paper_system%27
INFO: [ app_init ] --START--
INFO: Run Behavior\BuildLiteBehavior [ RunTime:0.000012s ]
INFO: [ app_init ] --END-- [ RunTime:0.000522s ]
INFO: [ app_begin ] --START--
INFO: Run Behavior\ReadHtmlCacheBehavior [ RunTime:0.000794s ]
INFO: [ app_begin ] --END-- [ RunTime:0.000843s ]
SQL: SHOW COLUMNS FROM `paper_admin` [ RunTime:0.0107s ]
SQL: SELECT * FROM `paper_admin` WHERE `id` = '1630090111' LIMIT 1   [ RunTime:0.0003s ]
INFO: [ view_parse ] --START--
INFO: [ template_filter ] --START--
INFO: Run Behavior\ContentReplaceBehavior [ RunTime:0.000039s ]
INFO: [ template_filter ] --END-- [ RunTime:0.000082s ]
INFO: Run Behavior\ParseTemplateBehavior [ RunTime:0.008860s ]
INFO: [ view_parse ] --END-- [ RunTime:0.008954s ]
INFO: [ view_filter ] --START--
INFO: Run Behavior\WriteHtmlCacheBehavior [ RunTime:0.000757s ]
INFO: [ view_filter ] --END-- [ RunTime:0.000808s ]

[ 2018-03-17T07:24:54+08:00 ] ::1 /paper/index.php/Admin/Login/Login_check?kind=%27paper_system%27
INFO: [ app_init ] --START--
INFO: Run Behavior\BuildLiteBehavior [ RunTime:0.000011s ]
INFO: [ app_init ] --END-- [ RunTime:0.000359s ]
INFO: [ app_begin ] --START--
INFO: Run Behavior\ReadHtmlCacheBehavior [ RunTime:0.000592s ]
INFO: [ app_begin ] --END-- [ RunTime:0.000671s ]
SQL: SHOW COLUMNS FROM `paper_admin` [ RunTime:0.0080s ]
SQL: SELECT * FROM `paper_admin` WHERE `id` = '1630090111' LIMIT 1   [ RunTime:0.0003s ]
INFO: [ view_parse ] --START--
INFO: [ template_filter ] --START--
INFO: Run Behavior\ContentReplaceBehavior [ RunTime:0.000042s ]
INFO: [ template_filter ] --END-- [ RunTime:0.000090s ]
INFO: Run Behavior\ParseTemplateBehavior [ RunTime:0.006096s ]
INFO: [ view_parse ] --END-- [ RunTime:0.006155s ]
INFO: [ view_filter ] --START--
INFO: Run Behavior\WriteHtmlCacheBehavior [ RunTime:0.000325s ]
INFO: [ view_filter ] --END-- [ RunTime:0.000370s ]

[ 2018-03-17T07:25:39+08:00 ] ::1 /paper/index.php/Admin/Login/Login_check?kind=%27paper_system%27
INFO: [ app_init ] --START--
INFO: Run Behavior\BuildLiteBehavior [ RunTime:0.000012s ]
INFO: [ app_init ] --END-- [ RunTime:0.000688s ]
INFO: [ app_begin ] --START--
INFO: Run Behavior\ReadHtmlCacheBehavior [ RunTime:0.000876s ]
INFO: [ app_begin ] --END-- [ RunTime:0.000929s ]
SQL: SHOW COLUMNS FROM `paper_admin` [ RunTime:0.0094s ]
SQL: SELECT * FROM `paper_admin` WHERE `id` = '1630090136' LIMIT 1   [ RunTime:0.0006s ]
INFO: [ view_parse ] --START--
INFO: [ template_filter ] --START--
INFO: Run Behavior\ContentReplaceBehavior [ RunTime:0.000042s ]
INFO: [ template_filter ] --END-- [ RunTime:0.000094s ]
INFO: Run Behavior\ParseTemplateBehavior [ RunTime:0.007420s ]
INFO: [ view_parse ] --END-- [ RunTime:0.007504s ]
INFO: [ view_filter ] --START--
INFO: Run Behavior\WriteHtmlCacheBehavior [ RunTime:0.000607s ]
INFO: [ view_filter ] --END-- [ RunTime:0.000656s ]
INFO: [ app_end ] --START--
INFO: Run Behavior\ShowPageTraceBehavior [ RunTime:0.000930s ]
INFO: [ app_end ] --END-- [ RunTime:0.000979s ]

[ 2018-03-17T07:25:40+08:00 ] ::1 /paper/index.php/Admin/Index/index.html
INFO: [ app_init ] --START--
INFO: Run Behavior\BuildLiteBehavior [ RunTime:0.000017s ]
INFO: [ app_init ] --END-- [ RunTime:0.000487s ]
INFO: [ app_begin ] --START--
INFO: Run Behavior\ReadHtmlCacheBehavior [ RunTime:0.000471s ]
INFO: [ app_begin ] --END-- [ RunTime:0.000545s ]
NOTIC: [2] Missing argument 1 for Think\Controller::show(), called in D:\phpStudy\WWW\paper\Application\Admin\Controller\IndexController.class.php on line 10 and defined D:\phpStudy\WWW\paper\ThinkPHP\Library\Think\Controller.class.php 第 68 行.
NOTIC: [8] Undefined variable: content D:\phpStudy\WWW\paper\ThinkPHP\Library\Think\Controller.class.php 第 69 行.
INFO: [ view_parse ] --START--
INFO: [ template_filter ] --START--
INFO: Run Behavior\ContentReplaceBehavior [ RunTime:0.000091s ]
INFO: [ template_filter ] --END-- [ RunTime:0.000173s ]
INFO: Run Behavior\ParseTemplateBehavior [ RunTime:0.009724s ]
INFO: [ view_parse ] --END-- [ RunTime:0.009787s ]
INFO: [ view_filter ] --START--
INFO: Run Behavior\WriteHtmlCacheBehavior [ RunTime:0.000425s ]
INFO: [ view_filter ] --END-- [ RunTime:0.000463s ]
INFO: [ app_end ] --START--
INFO: Run Behavior\ShowPageTraceBehavior [ RunTime:0.000655s ]
INFO: [ app_end ] --END-- [ RunTime:0.000705s ]

[ 2018-03-17T07:25:40+08:00 ] ::1 /paper/index.php/Admin/Index/js/raphael-min.js
INFO: [ app_init ] --START--
INFO: Run Behavior\BuildLiteBehavior [ RunTime:0.000020s ]
INFO: [ app_init ] --END-- [ RunTime:0.000661s ]
INFO: [ app_begin ] --START--
INFO: Run Behavior\ReadHtmlCacheBehavior [ RunTime:0.000595s ]
INFO: [ app_begin ] --END-- [ RunTime:0.000664s ]
ERR: 非法操作:js

[ 2018-03-17T07:26:06+08:00 ] ::1 /paper/index.php/Admin/Index/index.html
INFO: [ app_init ] --START--
INFO: Run Behavior\BuildLiteBehavior [ RunTime:0.000033s ]
INFO: [ app_init ] --END-- [ RunTime:0.000590s ]
INFO: [ app_begin ] --START--
INFO: Run Behavior\ReadHtmlCacheBehavior [ RunTime:0.000600s ]
INFO: [ app_begin ] --END-- [ RunTime:0.000670s ]
NOTIC: [2] Missing argument 1 for Think\Controller::show(), called in D:\phpStudy\WWW\paper\Application\Admin\Controller\IndexController.class.php on line 10 and defined D:\phpStudy\WWW\paper\ThinkPHP\Library\Think\Controller.class.php 第 68 行.
NOTIC: [8] Undefined variable: content D:\phpStudy\WWW\paper\ThinkPHP\Library\Think\Controller.class.php 第 69 行.
INFO: [ view_parse ] --START--
INFO: [ template_filter ] --START--
INFO: Run Behavior\ContentReplaceBehavior [ RunTime:0.000074s ]
INFO: [ template_filter ] --END-- [ RunTime:0.000115s ]
INFO: Run Behavior\ParseTemplateBehavior [ RunTime:0.006911s ]
INFO: [ view_parse ] --END-- [ RunTime:0.006956s ]
INFO: [ view_filter ] --START--
INFO: Run Behavior\WriteHtmlCacheBehavior [ RunTime:0.000279s ]
INFO: [ view_filter ] --END-- [ RunTime:0.000311s ]
INFO: [ app_end ] --START--
INFO: Run Behavior\ShowPageTraceBehavior [ RunTime:0.000562s ]
INFO: [ app_end ] --END-- [ RunTime:0.000608s ]

[ 2018-03-17T07:26:06+08:00 ] ::1 /paper/index.php/Admin/Index/js/raphael-min.js
INFO: [ app_init ] --START--
INFO: Run Behavior\BuildLiteBehavior [ RunTime:0.000011s ]
INFO: [ app_init ] --END-- [ RunTime:0.000377s ]
INFO: [ app_begin ] --START--
INFO: Run Behavior\ReadHtmlCacheBehavior [ RunTime:0.000477s ]
INFO: [ app_begin ] --END-- [ RunTime:0.000530s ]
ERR: 非法操作:js

[ 2018-03-17T07:28:04+08:00 ] ::1 /paper/index.php/Admin/Index/index.html
INFO: [ app_init ] --START--
INFO: Run Behavior\BuildLiteBehavior [ RunTime:0.000019s ]
INFO: [ app_init ] --END-- [ RunTime:0.000791s ]
INFO: [ app_begin ] --START--
INFO: Run Behavior\ReadHtmlCacheBehavior [ RunTime:0.001281s ]
INFO: [ app_begin ] --END-- [ RunTime:0.001380s ]
NOTIC: [2] Missing argument 1 for Think\Controller::show(), called in D:\phpStudy\WWW\paper\Application\Admin\Controller\IndexController.class.php on line 10 and defined D:\phpStudy\WWW\paper\ThinkPHP\Library\Think\Controller.class.php 第 68 行.
NOTIC: [8] Undefined variable: content D:\phpStudy\WWW\paper\ThinkPHP\Library\Think\Controller.class.php 第 69 行.
INFO: [ view_parse ] --START--
INFO: [ template_filter ] --START--
INFO: Run Behavior\ContentReplaceBehavior [ RunTime:0.000130s ]
INFO: [ template_filter ] --END-- [ RunTime:0.000198s ]
INFO: Run Behavior\ParseTemplateBehavior [ RunTime:0.013889s ]
INFO: [ view_parse ] --END-- [ RunTime:0.013963s ]
INFO: [ view_filter ] --START--
INFO: Run Behavior\WriteHtmlCacheBehavior [ RunTime:0.001253s ]
INFO: [ view_filter ] --END-- [ RunTime:0.001318s ]
INFO: [ app_end ] --START--
INFO: Run Behavior\ShowPageTraceBehavior [ RunTime:0.001738s ]
INFO: [ app_end ] --END-- [ RunTime:0.001823s ]

[ 2018-03-17T07:28:04+08:00 ] ::1 /paper/index.php/Admin/Index/js/raphael-min.js
INFO: [ app_init ] --START--
INFO: Run Behavior\BuildLiteBehavior [ RunTime:0.000033s ]
INFO: [ app_init ] --END-- [ RunTime:0.002098s ]
INFO: [ app_begin ] --START--
INFO: Run Behavior\ReadHtmlCacheBehavior [ RunTime:0.001039s ]
INFO: [ app_begin ] --END-- [ RunTime:0.001134s ]
ERR: 非法操作:js

[ 2018-03-17T07:28:07+08:00 ] ::1 /paper/index.php/Admin/System/into
INFO: [ app_init ] --START--
INFO: Run Behavior\BuildLiteBehavior [ RunTime:0.000020s ]
INFO: [ app_init ] --END-- [ RunTime:0.000663s ]
INFO: [ app_begin ] --START--
INFO: Run Behavior\ReadHtmlCacheBehavior [ RunTime:0.000886s ]
INFO: [ app_begin ] --END-- [ RunTime:0.000972s ]
NOTIC: [2] Missing argument 1 for Think\Controller::show(), called in D:\phpStudy\WWW\paper\Application\Admin\Controller\SystemController.class.php on line 89 and defined D:\phpStudy\WWW\paper\ThinkPHP\Library\Think\Controller.class.php 第 68 行.
NOTIC: [8] Undefined variable: content D:\phpStudy\WWW\paper\ThinkPHP\Library\Think\Controller.class.php 第 69 行.
INFO: [ view_parse ] --START--
INFO: [ template_filter ] --START--
INFO: Run Behavior\ContentReplaceBehavior [ RunTime:0.000081s ]
INFO: [ template_filter ] --END-- [ RunTime:0.000128s ]
NOTIC: [8] Undefined variable: data D:\phpStudy\WWW\paper\Application\Runtime\Cache\Admin\d55d846f3618c57067e414f075cfb79c.php 第 180 行.
INFO: Run Behavior\ParseTemplateBehavior [ RunTime:0.013482s ]
INFO: [ view_parse ] --END-- [ RunTime:0.013543s ]
INFO: [ view_filter ] --START--
INFO: Run Behavior\WriteHtmlCacheBehavior [ RunTime:0.001115s ]
INFO: [ view_filter ] --END-- [ RunTime:0.001181s ]
INFO: [ app_end ] --START--
INFO: Run Behavior\ShowPageTraceBehavior [ RunTime:0.001038s ]
INFO: [ app_end ] --END-- [ RunTime:0.001119s ]

[ 2018-03-17T07:28:07+08:00 ] ::1 /paper/index.php/Admin/System/js/raphael-min.js
INFO: [ app_init ] --START--
INFO: Run Behavior\BuildLiteBehavior [ RunTime:0.000022s ]
INFO: [ app_init ] --END-- [ RunTime:0.000731s ]
INFO: [ app_begin ] --START--
INFO: Run Behavior\ReadHtmlCacheBehavior [ RunTime:0.001138s ]
INFO: [ app_begin ] --END-- [ RunTime:0.001250s ]
ERR: 非法操作:js

[ 2018-03-17T07:28:09+08:00 ] ::1 /paper/index.php/Admin/Index/index
INFO: [ app_init ] --START--
INFO: Run Behavior\BuildLiteBehavior [ RunTime:0.000012s ]
INFO: [ app_init ] --END-- [ RunTime:0.000500s ]
INFO: [ app_begin ] --START--
INFO: Run Behavior\ReadHtmlCacheBehavior [ RunTime:0.000844s ]
INFO: [ app_begin ] --END-- [ RunTime:0.000925s ]
NOTIC: [2] Missing argument 1 for Think\Controller::show(), called in D:\phpStudy\WWW\paper\Application\Admin\Controller\IndexController.class.php on line 10 and defined D:\phpStudy\WWW\paper\ThinkPHP\Library\Think\Controller.class.php 第 68 行.
NOTIC: [8] Undefined variable: content D:\phpStudy\WWW\paper\ThinkPHP\Library\Think\Controller.class.php 第 69 行.
INFO: [ view_parse ] --START--
INFO: [ template_filter ] --START--
INFO: Run Behavior\ContentReplaceBehavior [ RunTime:0.000119s ]
INFO: [ template_filter ] --END-- [ RunTime:0.000184s ]
INFO: Run Behavior\ParseTemplateBehavior [ RunTime:0.014907s ]
INFO: [ view_parse ] --END-- [ RunTime:0.014962s ]
INFO: [ view_filter ] --START--
INFO: Run Behavior\WriteHtmlCacheBehavior [ RunTime:0.000690s ]
INFO: [ view_filter ] --END-- [ RunTime:0.000728s ]
INFO: [ app_end ] --START--
INFO: Run Behavior\ShowPageTraceBehavior [ RunTime:0.000836s ]
INFO: [ app_end ] --END-- [ RunTime:0.000907s ]

[ 2018-03-17T07:28:09+08:00 ] ::1 /paper/index.php/Admin/Index/js/raphael-min.js
INFO: [ app_init ] --START--
INFO: Run Behavior\BuildLiteBehavior [ RunTime:0.000021s ]
INFO: [ app_init ] --END-- [ RunTime:0.000693s ]
INFO: [ app_begin ] --START--
INFO: Run Behavior\ReadHtmlCacheBehavior [ RunTime:0.000973s ]
INFO: [ app_begin ] --END-- [ RunTime:0.001069s ]
ERR: 非法操作:js

[ 2018-03-17T07:28:15+08:00 ] ::1 /paper/index.php/Admin/System/into
INFO: [ app_init ] --START--
INFO: Run Behavior\BuildLiteBehavior [ RunTime:0.000030s ]
INFO: [ app_init ] --END-- [ RunTime:0.000393s ]
INFO: [ app_begin ] --START--
INFO: Run Behavior\ReadHtmlCacheBehavior [ RunTime:0.000561s ]
INFO: [ app_begin ] --END-- [ RunTime:0.000618s ]
NOTIC: [2] Missing argument 1 for Think\Controller::show(), called in D:\phpStudy\WWW\paper\Application\Admin\Controller\SystemController.class.php on line 89 and defined D:\phpStudy\WWW\paper\ThinkPHP\Library\Think\Controller.class.php 第 68 行.
NOTIC: [8] Undefined variable: content D:\phpStudy\WWW\paper\ThinkPHP\Library\Think\Controller.class.php 第 69 行.
INFO: [ view_parse ] --START--
INFO: [ template_filter ] --START--
INFO: Run Behavior\ContentReplaceBehavior [ RunTime:0.000075s ]
INFO: [ template_filter ] --END-- [ RunTime:0.000121s ]
NOTIC: [8] Undefined variable: data D:\phpStudy\WWW\paper\Application\Runtime\Cache\Admin\d55d846f3618c57067e414f075cfb79c.php 第 180 行.
INFO: Run Behavior\ParseTemplateBehavior [ RunTime:0.011806s ]
INFO: [ view_parse ] --END-- [ RunTime:0.011851s ]
INFO: [ view_filter ] --START--
INFO: Run Behavior\WriteHtmlCacheBehavior [ RunTime:0.000657s ]
INFO: [ view_filter ] --END-- [ RunTime:0.000693s ]
INFO: [ app_end ] --START--
INFO: Run Behavior\ShowPageTraceBehavior [ RunTime:0.000531s ]
INFO: [ app_end ] --END-- [ RunTime:0.000578s ]

[ 2018-03-17T07:28:15+08:00 ] ::1 /paper/index.php/Admin/System/js/raphael-min.js
INFO: [ app_init ] --START--
INFO: Run Behavior\BuildLiteBehavior [ RunTime:0.000017s ]
INFO: [ app_init ] --END-- [ RunTime:0.000607s ]
INFO: [ app_begin ] --START--
INFO: Run Behavior\ReadHtmlCacheBehavior [ RunTime:0.000522s ]
INFO: [ app_begin ] --END-- [ RunTime:0.000577s ]
ERR: 非法操作:js

[ 2018-03-17T07:28:27+08:00 ] ::1 /paper/index.php/Admin/System/into/
INFO: [ app_init ] --START--
INFO: Run Behavior\BuildLiteBehavior [ RunTime:0.000013s ]
INFO: [ app_init ] --END-- [ RunTime:0.001069s ]
INFO: [ app_begin ] --START--
INFO: Run Behavior\ReadHtmlCacheBehavior [ RunTime:0.000677s ]
INFO: [ app_begin ] --END-- [ RunTime:0.000747s ]
SQL: SHOW COLUMNS FROM `paper_system` [ RunTime:0.0085s ]
SQL: INSERT INTO `paper_system` (`id`,`name`) VALUES ('r0000','教务部') [ RunTime:0.0078s ]
SQL: INSERT INTO `paper_system` (`id`,`name`) VALUES ('r0001','软件工程系') [ RunTime:0.0018s ]
SQL: INSERT INTO `paper_system` (`id`,`name`) VALUES ('r0002','机械工程系') [ RunTime:0.0015s ]
SQL: INSERT INTO `paper_system` (`id`,`name`) VALUES ('r0003','电气工程系') [ RunTime:0.0019s ]
SQL: INSERT INTO `paper_system` (`id`,`name`) VALUES ('r0004','土木工程系') [ RunTime:0.0018s ]
SQL: INSERT INTO `paper_system` (`id`,`name`) VALUES ('r0005','食品工程系') [ RunTime:0.0076s ]
SQL: INSERT INTO `paper_system` (`id`,`name`) VALUES ('r0006','艺术系') [ RunTime:0.0018s ]
SQL: INSERT INTO `paper_system` (`id`,`name`) VALUES ('r0007','经济管理系') [ RunTime:0.0020s ]
SQL: INSERT INTO `paper_system` (`id`,`name`) VALUES ('r0008','外语系') [ RunTime:0.0020s ]
NOTIC: [2] Missing argument 1 for Think\Controller::show(), called in D:\phpStudy\WWW\paper\Application\Admin\Controller\SystemController.class.php on line 86 and defined D:\phpStudy\WWW\paper\ThinkPHP\Library\Think\Controller.class.php 第 68 行.
NOTIC: [8] Undefined variable: content D:\phpStudy\WWW\paper\ThinkPHP\Library\Think\Controller.class.php 第 69 行.
INFO: [ view_parse ] --START--
INFO: [ template_filter ] --START--
INFO: Run Behavior\ContentReplaceBehavior [ RunTime:0.000076s ]
INFO: [ template_filter ] --END-- [ RunTime:0.000117s ]
INFO: Run Behavior\ParseTemplateBehavior [ RunTime:0.010506s ]
INFO: [ view_parse ] --END-- [ RunTime:0.010559s ]
INFO: [ view_filter ] --START--
INFO: Run Behavior\WriteHtmlCacheBehavior [ RunTime:0.000815s ]
INFO: [ view_filter ] --END-- [ RunTime:0.000849s ]
INFO: [ app_end ] --START--
INFO: Run Behavior\ShowPageTraceBehavior [ RunTime:0.001059s ]
INFO: [ app_end ] --END-- [ RunTime:0.001124s ]

[ 2018-03-17T07:28:27+08:00 ] ::1 /paper/index.php/Admin/System/into/js/raphael-min.js
INFO: [ app_init ] --START--
INFO: Run Behavior\BuildLiteBehavior [ RunTime:0.000019s ]
INFO: [ app_init ] --END-- [ RunTime:0.001114s ]
INFO: [ app_begin ] --START--
INFO: Run Behavior\ReadHtmlCacheBehavior [ RunTime:0.000753s ]
INFO: [ app_begin ] --END-- [ RunTime:0.000809s ]
NOTIC: [2] Missing argument 1 for Think\Controller::show(), called in D:\phpStudy\WWW\paper\Application\Admin\Controller\SystemController.class.php on line 89 and defined D:\phpStudy\WWW\paper\ThinkPHP\Library\Think\Controller.class.php 第 68 行.
NOTIC: [8] Undefined variable: content D:\phpStudy\WWW\paper\ThinkPHP\Library\Think\Controller.class.php 第 69 行.
INFO: [ view_parse ] --START--
INFO: [ template_filter ] --START--
INFO: Run Behavior\ContentReplaceBehavior [ RunTime:0.000075s ]
INFO: [ template_filter ] --END-- [ RunTime:0.000120s ]
NOTIC: [8] Undefined variable: data D:\phpStudy\WWW\paper\Application\Runtime\Cache\Admin\d55d846f3618c57067e414f075cfb79c.php 第 180 行.
INFO: Run Behavior\ParseTemplateBehavior [ RunTime:0.012903s ]
INFO: [ view_parse ] --END-- [ RunTime:0.012946s ]
INFO: [ view_filter ] --START--
INFO: Run Behavior\WriteHtmlCacheBehavior [ RunTime:0.000436s ]
INFO: [ view_filter ] --END-- [ RunTime:0.000470s ]
INFO: [ app_end ] --START--
INFO: Run Behavior\ShowPageTraceBehavior [ RunTime:0.000892s ]
INFO: [ app_end ] --END-- [ RunTime:0.000967s ]

[ 2018-03-17T07:28:32+08:00 ] ::1 /paper/index.php/Admin/User/intoUser
INFO: [ app_init ] --START--
INFO: Run Behavior\BuildLiteBehavior [ RunTime:0.000011s ]
INFO: [ app_init ] --END-- [ RunTime:0.000361s ]
INFO: [ app_begin ] --START--
INFO: Run Behavior\ReadHtmlCacheBehavior [ RunTime:0.000588s ]
INFO: [ app_begin ] --END-- [ RunTime:0.000653s ]
NOTIC: [2] Missing argument 1 for Think\Controller::show(), called in D:\phpStudy\WWW\paper\Application\Admin\Controller\UserController.class.php on line 252 and defined D:\phpStudy\WWW\paper\ThinkPHP\Library\Think\Controller.class.php 第 68 行.
NOTIC: [8] Undefined variable: content D:\phpStudy\WWW\paper\ThinkPHP\Library\Think\Controller.class.php 第 69 行.
INFO: [ view_parse ] --START--
INFO: [ template_filter ] --START--
INFO: Run Behavior\ContentReplaceBehavior [ RunTime:0.000079s ]
INFO: [ template_filter ] --END-- [ RunTime:0.000121s ]
NOTIC: [8] Undefined variable: data D:\phpStudy\WWW\paper\Application\Runtime\Cache\Admin\9785a95946922cc9c5fd79e126b3cb29.php 第 181 行.
INFO: Run Behavior\ParseTemplateBehavior [ RunTime:0.009531s ]
INFO: [ view_parse ] --END-- [ RunTime:0.009578s ]
INFO: [ view_filter ] --START--
INFO: Run Behavior\WriteHtmlCacheBehavior [ RunTime:0.001158s ]
INFO: [ view_filter ] --END-- [ RunTime:0.001199s ]
INFO: [ app_end ] --START--
INFO: Run Behavior\ShowPageTraceBehavior [ RunTime:0.001545s ]
INFO: [ app_end ] --END-- [ RunTime:0.001719s ]

[ 2018-03-17T07:28:32+08:00 ] ::1 /paper/index.php/Admin/User/js/raphael-min.js
INFO: [ app_init ] --START--
INFO: Run Behavior\BuildLiteBehavior [ RunTime:0.000017s ]
INFO: [ app_init ] --END-- [ RunTime:0.000678s ]
INFO: [ app_begin ] --START--
INFO: Run Behavior\ReadHtmlCacheBehavior [ RunTime:0.000960s ]
INFO: [ app_begin ] --END-- [ RunTime:0.001048s ]
ERR: 非法操作:js

[ 2018-03-17T07:28:42+08:00 ] ::1 /paper/index.php/Admin/User/intoUser/
INFO: [ app_init ] --START--
INFO: Run Behavior\BuildLiteBehavior [ RunTime:0.000011s ]
INFO: [ app_init ] --END-- [ RunTime:0.000355s ]
INFO: [ app_begin ] --START--
INFO: Run Behavior\ReadHtmlCacheBehavior [ RunTime:0.000802s ]
INFO: [ app_begin ] --END-- [ RunTime:0.000906s ]
SQL: SHOW COLUMNS FROM `paper_admin` [ RunTime:0.0093s ]
ERR: 1062:Duplicate entry '1630090136' for key 'PRIMARY'
 [ SQL语句 ] : INSERT INTO `paper_admin` (`id`,`name`,`password`) VALUES ('1630090136','朱忠贤','e10adc3949')
ERR: 1062:Duplicate entry '1630090136' for key 'PRIMARY'
 [ SQL语句 ] : INSERT INTO `paper_admin` (`id`,`name`,`password`) VALUES ('1630090136','朱忠贤','e10adc3949')

[ 2018-03-17T07:28:56+08:00 ] ::1 /paper/index.php/Admin/User/js/raphael-min.js
INFO: [ app_init ] --START--
INFO: Run Behavior\BuildLiteBehavior [ RunTime:0.000012s ]
INFO: [ app_init ] --END-- [ RunTime:0.000406s ]
INFO: [ app_begin ] --START--
INFO: Run Behavior\ReadHtmlCacheBehavior [ RunTime:0.000619s ]
INFO: [ app_begin ] --END-- [ RunTime:0.000688s ]
ERR: 非法操作:js

[ 2018-03-17T07:29:36+08:00 ] ::1 /paper/index.php/Admin/User/intoUser/
INFO: [ app_init ] --START--
INFO: Run Behavior\BuildLiteBehavior [ RunTime:0.000012s ]
INFO: [ app_init ] --END-- [ RunTime:0.000724s ]
INFO: [ app_begin ] --START--
INFO: Run Behavior\ReadHtmlCacheBehavior [ RunTime:0.001113s ]
INFO: [ app_begin ] --END-- [ RunTime:0.001181s ]
SQL: SHOW COLUMNS FROM `paper_admin` [ RunTime:0.0142s ]
ERR: 1062:Duplicate entry '1630090136' for key 'PRIMARY'
 [ SQL语句 ] : INSERT INTO `paper_admin` (`id`,`name`,`password`) VALUES ('1630090136','朱忠贤','e10adc3949')
ERR: 1062:Duplicate entry '1630090136' for key 'PRIMARY'
 [ SQL语句 ] : INSERT INTO `paper_admin` (`id`,`name`,`password`) VALUES ('1630090136','朱忠贤','e10adc3949')

[ 2018-03-17T07:30:19+08:00 ] ::1 /paper/index.php/Admin/User/js/raphael-min.js
INFO: [ app_init ] --START--
INFO: Run Behavior\BuildLiteBehavior [ RunTime:0.000157s ]
INFO: [ app_init ] --END-- [ RunTime:0.001697s ]
INFO: [ app_begin ] --START--
INFO: Run Behavior\ReadHtmlCacheBehavior [ RunTime:0.002335s ]
INFO: [ app_begin ] --END-- [ RunTime:0.002438s ]
ERR: 非法操作:js

[ 2018-03-17T07:30:25+08:00 ] ::1 /paper/index.php/Admin/User/intoUser/
INFO: [ app_init ] --START--
INFO: Run Behavior\BuildLiteBehavior [ RunTime:0.000013s ]
INFO: [ app_init ] --END-- [ RunTime:0.000702s ]
INFO: [ app_begin ] --START--
INFO: Run Behavior\ReadHtmlCacheBehavior [ RunTime:0.001792s ]
INFO: [ app_begin ] --END-- [ RunTime:0.001851s ]
SQL: SHOW COLUMNS FROM `paper_admin` [ RunTime:0.0094s ]
SQL: INSERT INTO `paper_admin` (`id`,`name`,`password`) VALUES ('1630090112','朱忠贤','e10adc3949') [ RunTime:0.0017s ]
SQL: SHOW COLUMNS FROM `paper_leader` [ RunTime:0.0085s ]
SQL: INSERT INTO `paper_leader` (`id`,`name`,`sid`,`password`) VALUES ('1630090133','张起顺','r0001','e10adc3949') [ RunTime:0.0015s ]
NOTIC: [2] unlink(./Public/upload/e78944f56fd6ec0c7775f0fea7427999.xlsx): No such file or directory D:\phpStudy\WWW\paper\Application\Admin\Controller\UserController.class.php 第 242 行.
SQL: SHOW COLUMNS FROM `paper_teacher` [ RunTime:0.0071s ]
SQL: INSERT INTO `paper_teacher` (`id`,`name`,`sid`,`password`) VALUES ('1630090135','朱明义','r0002','e10adc3949') [ RunTime:0.0016s ]
NOTIC: [2] unlink(./Public/upload/e78944f56fd6ec0c7775f0fea7427999.xlsx): No such file or directory D:\phpStudy\WWW\paper\Application\Admin\Controller\UserController.class.php 第 242 行.
SQL: SHOW COLUMNS FROM `paper_student` [ RunTime:0.0086s ]
SQL: INSERT INTO `paper_student` (`id`,`name`,`sid`,`password`) VALUES ('1630090205','崔翊超','r0003','e10adc3949') [ RunTime:0.0017s ]
NOTIC: [2] unlink(./Public/upload/e78944f56fd6ec0c7775f0fea7427999.xlsx): No such file or directory D:\phpStudy\WWW\paper\Application\Admin\Controller\UserController.class.php 第 242 行.
SQL: INSERT INTO `paper_admin` (`id`,`name`,`password`) VALUES ('1630090206','房小涵','e10adc3949') [ RunTime:0.0014s ]
NOTIC: [2] unlink(./Public/upload/e78944f56fd6ec0c7775f0fea7427999.xlsx): No such file or directory D:\phpStudy\WWW\paper\Application\Admin\Controller\UserController.class.php 第 242 行.
SQL: INSERT INTO `paper_leader` (`id`,`name`,`sid`,`password`) VALUES ('1630090207','孙迎港','r0005','e10adc3949') [ RunTime:0.0015s ]
NOTIC: [2] unlink(./Public/upload/e78944f56fd6ec0c7775f0fea7427999.xlsx): No such file or directory D:\phpStudy\WWW\paper\Application\Admin\Controller\UserController.class.php 第 242 行.
SQL: INSERT INTO `paper_teacher` (`id`,`name`,`sid`,`password`) VALUES ('1630090208','宋淑伟','r0006','e10adc3949') [ RunTime:0.0015s ]
NOTIC: [2] unlink(./Public/upload/e78944f56fd6ec0c7775f0fea7427999.xlsx): No such file or directory D:\phpStudy\WWW\paper\Application\Admin\Controller\UserController.class.php 第 242 行.
SQL: INSERT INTO `paper_student` (`id`,`name`,`sid`,`password`) VALUES ('1630090209','宋淑伟','r0007','e10adc3949') [ RunTime:0.0016s ]
NOTIC: [2] unlink(./Public/upload/e78944f56fd6ec0c7775f0fea7427999.xlsx): No such file or directory D:\phpStudy\WWW\paper\Application\Admin\Controller\UserController.class.php 第 242 行.
SQL: INSERT INTO `paper_admin` (`id`,`name`,`password`) VALUES ('1630090210','宋淑伟','e10adc3949') [ RunTime:0.0015s ]
NOTIC: [2] unlink(./Public/upload/e78944f56fd6ec0c7775f0fea7427999.xlsx): No such file or directory D:\phpStudy\WWW\paper\Application\Admin\Controller\UserController.class.php 第 242 行.
SQL: INSERT INTO `paper_leader` (`id`,`name`,`sid`,`password`) VALUES ('1630090211','宋淑伟','r0008','e10adc3949') [ RunTime:0.0014s ]
NOTIC: [2] unlink(./Public/upload/e78944f56fd6ec0c7775f0fea7427999.xlsx): No such file or directory D:\phpStudy\WWW\paper\Application\Admin\Controller\UserController.class.php 第 242 行.
SQL: INSERT INTO `paper_teacher` (`id`,`name`,`sid`,`password`) VALUES ('1630090212','宋淑伟','r0000','e10adc3949') [ RunTime:0.0015s ]
NOTIC: [2] unlink(./Public/upload/e78944f56fd6ec0c7775f0fea7427999.xlsx): No such file or directory D:\phpStudy\WWW\paper\Application\Admin\Controller\UserController.class.php 第 242 行.
SQL: INSERT INTO `paper_student` (`id`,`name`,`sid`,`password`) VALUES ('1630090213','宋淑伟','r0001','e10adc3949') [ RunTime:0.0015s ]
NOTIC: [2] unlink(./Public/upload/e78944f56fd6ec0c7775f0fea7427999.xlsx): No such file or directory D:\phpStudy\WWW\paper\Application\Admin\Controller\UserController.class.php 第 242 行.
SQL: INSERT INTO `paper_admin` (`id`,`name`,`password`) VALUES ('1630090214','宋淑伟','e10adc3949') [ RunTime:0.0015s ]
NOTIC: [2] unlink(./Public/upload/e78944f56fd6ec0c7775f0fea7427999.xlsx): No such file or directory D:\phpStudy\WWW\paper\Application\Admin\Controller\UserController.class.php 第 242 行.
SQL: INSERT INTO `paper_leader` (`id`,`name`,`sid`,`password`) VALUES ('1630090215','宋淑伟','r0003','e10adc3949') [ RunTime:0.0016s ]
NOTIC: [2] unlink(./Public/upload/e78944f56fd6ec0c7775f0fea7427999.xlsx): No such file or directory D:\phpStudy\WWW\paper\Application\Admin\Controller\UserController.class.php 第 242 行.
SQL: INSERT INTO `paper_teacher` (`id`,`name`,`sid`,`password`) VALUES ('1630090216','宋淑伟','r0000','e10adc3949') [ RunTime:0.0015s ]
NOTIC: [2] unlink(./Public/upload/e78944f56fd6ec0c7775f0fea7427999.xlsx): No such file or directory D:\phpStudy\WWW\paper\Application\Admin\Controller\UserController.class.php 第 242 行.
SQL: INSERT INTO `paper_student` (`id`,`name`,`sid`,`password`) VALUES ('1630090217','宋淑伟','r0005','e10adc3949') [ RunTime:0.0015s ]
NOTIC: [2] unlink(./Public/upload/e78944f56fd6ec0c7775f0fea7427999.xlsx): No such file or directory D:\phpStudy\WWW\paper\Application\Admin\Controller\UserController.class.php 第 242 行.
SQL: INSERT INTO `paper_admin` (`id`,`name`,`password`) VALUES ('1630090218','宋淑伟','e10adc3949') [ RunTime:0.0014s ]
NOTIC: [2] unlink(./Public/upload/e78944f56fd6ec0c7775f0fea7427999.xlsx): No such file or directory D:\phpStudy\WWW\paper\Application\Admin\Controller\UserController.class.php 第 242 行.
SQL: INSERT INTO `paper_leader` (`id`,`name`,`sid`,`password`) VALUES ('1630090219','宋淑伟','r0007','e10adc3949') [ RunTime:0.0014s ]
NOTIC: [2] unlink(./Public/upload/e78944f56fd6ec0c7775f0fea7427999.xlsx): No such file or directory D:\phpStudy\WWW\paper\Application\Admin\Controller\UserController.class.php 第 242 行.
SQL: INSERT INTO `paper_teacher` (`id`,`name`,`sid`,`password`) VALUES ('1630090220','宋淑伟','r0000','e10adc3949') [ RunTime:0.0015s ]
NOTIC: [2] unlink(./Public/upload/e78944f56fd6ec0c7775f0fea7427999.xlsx): No such file or directory D:\phpStudy\WWW\paper\Application\Admin\Controller\UserController.class.php 第 242 行.
SQL: INSERT INTO `paper_student` (`id`,`name`,`sid`,`password`) VALUES ('1630090221','宋淑伟','r0008','e10adc3949') [ RunTime:0.0015s ]
NOTIC: [2] unlink(./Public/upload/e78944f56fd6ec0c7775f0fea7427999.xlsx): No such file or directory D:\phpStudy\WWW\paper\Application\Admin\Controller\UserController.class.php 第 242 行.
SQL: INSERT INTO `paper_admin` (`id`,`name`,`password`) VALUES ('1630090222','宋淑伟','e10adc3949') [ RunTime:0.0015s ]
NOTIC: [2] unlink(./Public/upload/e78944f56fd6ec0c7775f0fea7427999.xlsx): No such file or directory D:\phpStudy\WWW\paper\Application\Admin\Controller\UserController.class.php 第 242 行.
SQL: INSERT INTO `paper_leader` (`id`,`name`,`sid`,`password`) VALUES ('1630090223','宋淑伟','r0001','e10adc3949') [ RunTime:0.0014s ]
NOTIC: [2] unlink(./Public/upload/e78944f56fd6ec0c7775f0fea7427999.xlsx): No such file or directory D:\phpStudy\WWW\paper\Application\Admin\Controller\UserController.class.php 第 242 行.
SQL: INSERT INTO `paper_teacher` (`id`,`name`,`sid`,`password`) VALUES ('1630090224','宋淑伟','r0002','e10adc3949') [ RunTime:0.0014s ]
NOTIC: [2] unlink(./Public/upload/e78944f56fd6ec0c7775f0fea7427999.xlsx): No such file or directory D:\phpStudy\WWW\paper\Application\Admin\Controller\UserController.class.php 第 242 行.
SQL: INSERT INTO `paper_student` (`id`,`name`,`sid`,`password`) VALUES ('1630090225','宋淑伟','r0003','e10adc3949') [ RunTime:0.0015s ]
NOTIC: [2] unlink(./Public/upload/e78944f56fd6ec0c7775f0fea7427999.xlsx): No such file or directory D:\phpStudy\WWW\paper\Application\Admin\Controller\UserController.class.php 第 242 行.
SQL: INSERT INTO `paper_admin` (`id`,`name`,`password`) VALUES ('1630090226','宋淑伟','e10adc3949') [ RunTime:0.0014s ]
NOTIC: [2] unlink(./Public/upload/e78944f56fd6ec0c7775f0fea7427999.xlsx): No such file or directory D:\phpStudy\WWW\paper\Application\Admin\Controller\UserController.class.php 第 242 行.
SQL: INSERT INTO `paper_leader` (`id`,`name`,`sid`,`password`) VALUES ('1630090227','宋淑伟','r0005','e10adc3949') [ RunTime:0.0017s ]
NOTIC: [2] unlink(./Public/upload/e78944f56fd6ec0c7775f0fea7427999.xlsx): No such file or directory D:\phpStudy\WWW\paper\Application\Admin\Controller\UserController.class.php 第 242 行.
SQL: INSERT INTO `paper_teacher` (`id`,`name`,`sid`,`password`) VALUES ('1630090228','宋淑伟','r0006','e10adc3949') [ RunTime:0.0020s ]
NOTIC: [2] unlink(./Public/upload/e78944f56fd6ec0c7775f0fea7427999.xlsx): No such file or directory D:\phpStudy\WWW\paper\Application\Admin\Controller\UserController.class.php 第 242 行.
SQL: INSERT INTO `paper_student` (`id`,`name`,`sid`,`password`) VALUES ('1630090229','宋淑伟','r0007','e10adc3949') [ RunTime:0.0015s ]
NOTIC: [2] unlink(./Public/upload/e78944f56fd6ec0c7775f0fea7427999.xlsx): No such file or directory D:\phpStudy\WWW\paper\Application\Admin\Controller\UserController.class.php 第 242 行.
SQL: INSERT INTO `paper_admin` (`id`,`name`,`password`) VALUES ('1630090230','宋淑伟','e10adc3949') [ RunTime:0.0015s ]
NOTIC: [2] unlink(./Public/upload/e78944f56fd6ec0c7775f0fea7427999.xlsx): No such file or directory D:\phpStudy\WWW\paper\Application\Admin\Controller\UserController.class.php 第 242 行.
SQL: INSERT INTO `paper_leader` (`id`,`name`,`sid`,`password`) VALUES ('1630090231','宋淑伟','r0008','e10adc3949') [ RunTime:0.0015s ]
NOTIC: [2] unlink(./Public/upload/e78944f56fd6ec0c7775f0fea7427999.xlsx): No such file or directory D:\phpStudy\WWW\paper\Application\Admin\Controller\UserController.class.php 第 242 行.
SQL: INSERT INTO `paper_teacher` (`id`,`name`,`sid`,`password`) VALUES ('1630090232','宋淑伟','r0000','e10adc3949') [ RunTime:0.0014s ]
NOTIC: [2] unlink(./Public/upload/e78944f56fd6ec0c7775f0fea7427999.xlsx): No such file or directory D:\phpStudy\WWW\paper\Application\Admin\Controller\UserController.class.php 第 242 行.
SQL: INSERT INTO `paper_student` (`id`,`name`,`sid`,`password`) VALUES ('1630090233','宋淑伟','r0001','e10adc3949') [ RunTime:0.0014s ]
NOTIC: [2] unlink(./Public/upload/e78944f56fd6ec0c7775f0fea7427999.xlsx): No such file or directory D:\phpStudy\WWW\paper\Application\Admin\Controller\UserController.class.php 第 242 行.
SQL: INSERT INTO `paper_admin` (`id`,`name`,`password`) VALUES ('1630090234','宋淑伟','e10adc3949') [ RunTime:0.0015s ]
NOTIC: [2] unlink(./Public/upload/e78944f56fd6ec0c7775f0fea7427999.xlsx): No such file or directory D:\phpStudy\WWW\paper\Application\Admin\Controller\UserController.class.php 第 242 行.
SQL: INSERT INTO `paper_leader` (`id`,`name`,`sid`,`password`) VALUES ('1630090235','宋淑伟','r0003','e10adc3949') [ RunTime:0.0017s ]
NOTIC: [2] unlink(./Public/upload/e78944f56fd6ec0c7775f0fea7427999.xlsx): No such file or directory D:\phpStudy\WWW\paper\Application\Admin\Controller\UserController.class.php 第 242 行.
SQL: INSERT INTO `paper_teacher` (`id`,`name`,`sid`,`password`) VALUES ('1630090236','宋淑伟','r0000','e10adc3949') [ RunTime:0.0014s ]
NOTIC: [2] unlink(./Public/upload/e78944f56fd6ec0c7775f0fea7427999.xlsx): No such file or directory D:\phpStudy\WWW\paper\Application\Admin\Controller\UserController.class.php 第 242 行.
SQL: INSERT INTO `paper_student` (`id`,`name`,`sid`,`password`) VALUES ('1630090237','宋淑伟','r0005','e10adc3949') [ RunTime:0.0016s ]
NOTIC: [2] unlink(./Public/upload/e78944f56fd6ec0c7775f0fea7427999.xlsx): No such file or directory D:\phpStudy\WWW\paper\Application\Admin\Controller\UserController.class.php 第 242 行.
SQL: INSERT INTO `paper_admin` (`id`,`name`,`password`) VALUES ('1630090238','宋淑伟','e10adc3949') [ RunTime:0.0014s ]
NOTIC: [2] unlink(./Public/upload/e78944f56fd6ec0c7775f0fea7427999.xlsx): No such file or directory D:\phpStudy\WWW\paper\Application\Admin\Controller\UserController.class.php 第 242 行.
SQL: INSERT INTO `paper_leader` (`id`,`name`,`sid`,`password`) VALUES ('1630090239','宋淑伟','r0007','e10adc3949') [ RunTime:0.0015s ]
NOTIC: [2] unlink(./Public/upload/e78944f56fd6ec0c7775f0fea7427999.xlsx): No such file or directory D:\phpStudy\WWW\paper\Application\Admin\Controller\UserController.class.php 第 242 行.
SQL: INSERT INTO `paper_teacher` (`id`,`name`,`sid`,`password`) VALUES ('1630090240','宋淑伟','r0000','e10adc3949') [ RunTime:0.0015s ]
NOTIC: [2] unlink(./Public/upload/e78944f56fd6ec0c7775f0fea7427999.xlsx): No such file or directory D:\phpStudy\WWW\paper\Application\Admin\Controller\UserController.class.php 第 242 行.
SQL: INSERT INTO `paper_student` (`id`,`name`,`sid`,`password`) VALUES ('1630090241','宋淑伟','r0000','e10adc3949') [ RunTime:0.0015s ]
NOTIC: [2] unlink(./Public/upload/e78944f56fd6ec0c7775f0fea7427999.xlsx): No such file or directory D:\phpStudy\WWW\paper\Application\Admin\Controller\UserController.class.php 第 242 行.
SQL: INSERT INTO `paper_admin` (`id`,`name`,`password`) VALUES ('1630090242','宋淑伟','e10adc3949') [ RunTime:0.0017s ]
NOTIC: [2] unlink(./Public/upload/e78944f56fd6ec0c7775f0fea7427999.xlsx): No such file or directory D:\phpStudy\WWW\paper\Application\Admin\Controller\UserController.class.php 第 242 行.
SQL: INSERT INTO `paper_leader` (`id`,`name`,`sid`,`password`) VALUES ('1630090243','宋淑伟','r0002','e10adc3949') [ RunTime:0.0017s ]
NOTIC: [2] unlink(./Public/upload/e78944f56fd6ec0c7775f0fea7427999.xlsx): No such file or directory D:\phpStudy\WWW\paper\Application\Admin\Controller\UserController.class.php 第 242 行.
SQL: INSERT INTO `paper_teacher` (`id`,`name`,`sid`,`password`) VALUES ('1630090244','宋淑伟','r0003','e10adc3949') [ RunTime:0.0016s ]
NOTIC: [2] unlink(./Public/upload/e78944f56fd6ec0c7775f0fea7427999.xlsx): No such file or directory D:\phpStudy\WWW\paper\Application\Admin\Controller\UserController.class.php 第 242 行.
SQL: INSERT INTO `paper_student` (`id`,`name`,`sid`,`password`) VALUES ('1630090245','宋淑伟','r0000','e10adc3949') [ RunTime:0.0015s ]
NOTIC: [2] unlink(./Public/upload/e78944f56fd6ec0c7775f0fea7427999.xlsx): No such file or directory D:\phpStudy\WWW\paper\Application\Admin\Controller\UserController.class.php 第 242 行.
SQL: INSERT INTO `paper_admin` (`id`,`name`,`password`) VALUES ('1630090246','宋淑伟','e10adc3949') [ RunTime:0.0015s ]
NOTIC: [2] unlink(./Public/upload/e78944f56fd6ec0c7775f0fea7427999.xlsx): No such file or directory D:\phpStudy\WWW\paper\Application\Admin\Controller\UserController.class.php 第 242 行.
SQL: INSERT INTO `paper_leader` (`id`,`name`,`sid`,`password`) VALUES ('1630090247','宋淑伟','r0006','e10adc3949') [ RunTime:0.0015s ]
NOTIC: [2] unlink(./Public/upload/e78944f56fd6ec0c7775f0fea7427999.xlsx): No such file or directory D:\phpStudy\WWW\paper\Application\Admin\Controller\UserController.class.php 第 242 行.
SQL: INSERT INTO `paper_teacher` (`id`,`name`,`sid`,`password`) VALUES ('1630090248','宋淑伟','r0007','e10adc3949') [ RunTime:0.0014s ]
NOTIC: [2] unlink(./Public/upload/e78944f56fd6ec0c7775f0fea7427999.xlsx): No such file or directory D:\phpStudy\WWW\paper\Application\Admin\Controller\UserController.class.php 第 242 行.
SQL: INSERT INTO `paper_student` (`id`,`name`,`sid`,`password`) VALUES ('1630090249','宋淑伟','r0000','e10adc3949') [ RunTime:0.0017s ]
NOTIC: [2] unlink(./Public/upload/e78944f56fd6ec0c7775f0fea7427999.xlsx): No such file or directory D:\phpStudy\WWW\paper\Application\Admin\Controller\UserController.class.php 第 242 行.
SQL: INSERT INTO `paper_admin` (`id`,`name`,`password`) VALUES ('1630090250','宋淑伟','e10adc3949') [ RunTime:0.0015s ]
NOTIC: [2] unlink(./Public/upload/e78944f56fd6ec0c7775f0fea7427999.xlsx): No such file or directory D:\phpStudy\WWW\paper\Application\Admin\Controller\UserController.class.php 第 242 行.
SQL: INSERT INTO `paper_leader` (`id`,`name`,`sid`,`password`) VALUES ('1630090251','宋淑伟','r0001','e10adc3949') [ RunTime:0.0017s ]
NOTIC: [2] unlink(./Public/upload/e78944f56fd6ec0c7775f0fea7427999.xlsx): No such file or directory D:\phpStudy\WWW\paper\Application\Admin\Controller\UserController.class.php 第 242 行.
SQL: INSERT INTO `paper_teacher` (`id`,`name`,`sid`,`password`) VALUES ('1630090252','宋淑伟','r0002','e10adc3949') [ RunTime:0.0015s ]
NOTIC: [2] unlink(./Public/upload/e78944f56fd6ec0c7775f0fea7427999.xlsx): No such file or directory D:\phpStudy\WWW\paper\Application\Admin\Controller\UserController.class.php 第 242 行.
SQL: INSERT INTO `paper_student` (`id`,`name`,`sid`,`password`) VALUES ('1630090253','宋淑伟','r0003','e10adc3949') [ RunTime:0.0015s ]
NOTIC: [2] unlink(./Public/upload/e78944f56fd6ec0c7775f0fea7427999.xlsx): No such file or directory D:\phpStudy\WWW\paper\Application\Admin\Controller\UserController.class.php 第 242 行.
SQL: INSERT INTO `paper_admin` (`id`,`name`,`password`) VALUES ('1630090254','宋淑伟','e10adc3949') [ RunTime:0.0014s ]
NOTIC: [2] unlink(./Public/upload/e78944f56fd6ec0c7775f0fea7427999.xlsx): No such file or directory D:\phpStudy\WWW\paper\Application\Admin\Controller\UserController.class.php 第 242 行.
SQL: INSERT INTO `paper_leader` (`id`,`name`,`sid`,`password`) VALUES ('1630090255','宋淑伟','r0005','e10adc3949') [ RunTime:0.0015s ]
NOTIC: [2] unlink(./Public/upload/e78944f56fd6ec0c7775f0fea7427999.xlsx): No such file or directory D:\phpStudy\WWW\paper\Application\Admin\Controller\UserController.class.php 第 242 行.
SQL: INSERT INTO `paper_teacher` (`id`,`name`,`sid`,`password`) VALUES ('1630090256','宋淑伟','r0006','e10adc3949') [ RunTime:0.0015s ]
NOTIC: [2] unlink(./Public/upload/e78944f56fd6ec0c7775f0fea7427999.xlsx): No such file or directory D:\phpStudy\WWW\paper\Application\Admin\Controller\UserController.class.php 第 242 行.
SQL: INSERT INTO `paper_student` (`id`,`name`,`sid`,`password`) VALUES ('1630090257','宋淑伟','r0007','e10adc3949') [ RunTime:0.0015s ]
NOTIC: [2] unlink(./Public/upload/e78944f56fd6ec0c7775f0fea7427999.xlsx): No such file or directory D:\phpStudy\WWW\paper\Application\Admin\Controller\UserController.class.php 第 242 行.
SQL: INSERT INTO `paper_admin` (`id`,`name`,`password`) VALUES ('1630090258','宋淑伟','e10adc3949') [ RunTime:0.0014s ]
NOTIC: [2] unlink(./Public/upload/e78944f56fd6ec0c7775f0fea7427999.xlsx): No such file or directory D:\phpStudy\WWW\paper\Application\Admin\Controller\UserController.class.php 第 242 行.
SQL: INSERT INTO `paper_leader` (`id`,`name`,`sid`,`password`) VALUES ('1630090259','宋淑伟','r0000','e10adc3949') [ RunTime:0.0017s ]
NOTIC: [2] unlink(./Public/upload/e78944f56fd6ec0c7775f0fea7427999.xlsx): No such file or directory D:\phpStudy\WWW\paper\Application\Admin\Controller\UserController.class.php 第 242 行.
SQL: INSERT INTO `paper_teacher` (`id`,`name`,`sid`,`password`) VALUES ('1630090260','宋淑伟','r0001','e10adc3949') [ RunTime:0.0016s ]
NOTIC: [2] unlink(./Public/upload/e78944f56fd6ec0c7775f0fea7427999.xlsx): No such file or directory D:\phpStudy\WWW\paper\Application\Admin\Controller\UserController.class.php 第 242 行.
SQL: INSERT INTO `paper_student` (`id`,`name`,`sid`,`password`) VALUES ('1630090261','宋淑伟','r0002','e10adc3949') [ RunTime:0.0015s ]
NOTIC: [2] unlink(./Public/upload/e78944f56fd6ec0c7775f0fea7427999.xlsx): No such file or directory D:\phpStudy\WWW\paper\Application\Admin\Controller\UserController.class.php 第 242 行.
SQL: INSERT INTO `paper_admin` (`id`,`name`,`password`) VALUES ('1630090262','宋淑伟','e10adc3949') [ RunTime:0.0015s ]
NOTIC: [2] unlink(./Public/upload/e78944f56fd6ec0c7775f0fea7427999.xlsx): No such file or directory D:\phpStudy\WWW\paper\Application\Admin\Controller\UserController.class.php 第 242 行.
SQL: INSERT INTO `paper_leader` (`id`,`name`,`sid`,`password`) VALUES ('1630090263','宋淑伟','r0000','e10adc3949') [ RunTime:0.0016s ]
NOTIC: [2] unlink(./Public/upload/e78944f56fd6ec0c7775f0fea7427999.xlsx): No such file or directory D:\phpStudy\WWW\paper\Application\Admin\Controller\UserController.class.php 第 242 行.
SQL: INSERT INTO `paper_teacher` (`id`,`name`,`sid`,`password`) VALUES ('1630090264','宋淑伟','r0005','e10adc3949') [ RunTime:0.0016s ]
NOTIC: [2] unlink(./Public/upload/e78944f56fd6ec0c7775f0fea7427999.xlsx): No such file or directory D:\phpStudy\WWW\paper\Application\Admin\Controller\UserController.class.php 第 242 行.
SQL: INSERT INTO `paper_student` (`id`,`name`,`sid`,`password`) VALUES ('1630090265','宋淑伟','r0006','e10adc3949') [ RunTime:0.0015s ]
NOTIC: [2] unlink(./Public/upload/e78944f56fd6ec0c7775f0fea7427999.xlsx): No such file or directory D:\phpStudy\WWW\paper\Application\Admin\Controller\UserController.class.php 第 242 行.
SQL: INSERT INTO `paper_admin` (`id`,`name`,`password`) VALUES ('1630090266','宋淑伟','e10adc3949') [ RunTime:0.0016s ]
NOTIC: [2] unlink(./Public/upload/e78944f56fd6ec0c7775f0fea7427999.xlsx): No such file or directory D:\phpStudy\WWW\paper\Application\Admin\Controller\UserController.class.php 第 242 行.
SQL: INSERT INTO `paper_leader` (`id`,`name`,`sid`,`password`) VALUES ('1630090267','宋淑伟','r0000','e10adc3949') [ RunTime:0.0015s ]
NOTIC: [2] unlink(./Public/upload/e78944f56fd6ec0c7775f0fea7427999.xlsx): No such file or directory D:\phpStudy\WWW\paper\Application\Admin\Controller\UserController.class.php 第 242 行.
SQL: INSERT INTO `paper_teacher` (`id`,`name`,`sid`,`password`) VALUES ('1630090268','宋淑伟','r0000','e10adc3949') [ RunTime:0.0015s ]
NOTIC: [2] unlink(./Public/upload/e78944f56fd6ec0c7775f0fea7427999.xlsx): No such file or directory D:\phpStudy\WWW\paper\Application\Admin\Controller\UserController.class.php 第 242 行.
SQL: INSERT INTO `paper_student` (`id`,`name`,`sid`,`password`) VALUES ('1630090269','宋淑伟','r0001','e10adc3949') [ RunTime:0.0016s ]
NOTIC: [2] unlink(./Public/upload/e78944f56fd6ec0c7775f0fea7427999.xlsx): No such file or directory D:\phpStudy\WWW\paper\Application\Admin\Controller\UserController.class.php 第 242 行.
SQL: INSERT INTO `paper_admin` (`id`,`name`,`password`) VALUES ('1630090270','宋淑伟','e10adc3949') [ RunTime:0.0020s ]
NOTIC: [2] unlink(./Public/upload/e78944f56fd6ec0c7775f0fea7427999.xlsx): No such file or directory D:\phpStudy\WWW\paper\Application\Admin\Controller\UserController.class.php 第 242 行.
SQL: INSERT INTO `paper_leader` (`id`,`name`,`sid`,`password`) VALUES ('1630090271','宋淑伟','r0003','e10adc3949') [ RunTime:0.0022s ]
NOTIC: [2] unlink(./Public/upload/e78944f56fd6ec0c7775f0fea7427999.xlsx): No such file or directory D:\phpStudy\WWW\paper\Application\Admin\Controller\UserController.class.php 第 242 行.
SQL: INSERT INTO `paper_teacher` (`id`,`name`,`sid`,`password`) VALUES ('1630090272','宋淑伟','r0000','e10adc3949') [ RunTime:0.0015s ]
NOTIC: [2] unlink(./Public/upload/e78944f56fd6ec0c7775f0fea7427999.xlsx): No such file or directory D:\phpStudy\WWW\paper\Application\Admin\Controller\UserController.class.php 第 242 行.
SQL: INSERT INTO `paper_student` (`id`,`name`,`sid`,`password`) VALUES ('1630090273','宋淑伟','r0005','e10adc3949') [ RunTime:0.0014s ]
NOTIC: [2] unlink(./Public/upload/e78944f56fd6ec0c7775f0fea7427999.xlsx): No such file or directory D:\phpStudy\WWW\paper\Application\Admin\Controller\UserController.class.php 第 242 行.
SQL: INSERT INTO `paper_admin` (`id`,`name`,`password`) VALUES ('1630090274','宋淑伟','e10adc3949') [ RunTime:0.0015s ]
NOTIC: [2] unlink(./Public/upload/e78944f56fd6ec0c7775f0fea7427999.xlsx): No such file or directory D:\phpStudy\WWW\paper\Application\Admin\Controller\UserController.class.php 第 242 行.
SQL: INSERT INTO `paper_leader` (`id`,`name`,`sid`,`password`) VALUES ('1630090275','宋淑伟','r0007','e10adc3949') [ RunTime:0.0015s ]
NOTIC: [2] unlink(./Public/upload/e78944f56fd6ec0c7775f0fea7427999.xlsx): No such file or directory D:\phpStudy\WWW\paper\Application\Admin\Controller\UserController.class.php 第 242 行.
SQL: INSERT INTO `paper_teacher` (`id`,`name`,`sid`,`password`) VALUES ('1630090276','宋淑伟','r0000','e10adc3949') [ RunTime:0.0018s ]
NOTIC: [2] unlink(./Public/upload/e78944f56fd6ec0c7775f0fea7427999.xlsx): No such file or directory D:\phpStudy\WWW\paper\Application\Admin\Controller\UserController.class.php 第 242 行.
SQL: INSERT INTO `paper_student` (`id`,`name`,`sid`,`password`) VALUES ('1630090277','宋淑伟','r0000','e10adc3949') [ RunTime:0.0018s ]
NOTIC: [2] unlink(./Public/upload/e78944f56fd6ec0c7775f0fea7427999.xlsx): No such file or directory D:\phpStudy\WWW\paper\Application\Admin\Controller\UserController.class.php 第 242 行.
SQL: INSERT INTO `paper_admin` (`id`,`name`,`password`) VALUES ('1630090278','宋淑伟','e10adc3949') [ RunTime:0.0018s ]
NOTIC: [2] unlink(./Public/upload/e78944f56fd6ec0c7775f0fea7427999.xlsx): No such file or directory D:\phpStudy\WWW\paper\Application\Admin\Controller\UserController.class.php 第 242 行.
SQL: INSERT INTO `paper_leader` (`id`,`name`,`sid`,`password`) VALUES ('1630090279','宋淑伟','r0002','e10adc3949') [ RunTime:0.0017s ]
NOTIC: [2] unlink(./Public/upload/e78944f56fd6ec0c7775f0fea7427999.xlsx): No such file or directory D:\phpStudy\WWW\paper\Application\Admin\Controller\UserController.class.php 第 242 行.
SQL: INSERT INTO `paper_teacher` (`id`,`name`,`sid`,`password`) VALUES ('1630090280','宋淑伟','r0003','e10adc3949') [ RunTime:0.0018s ]
NOTIC: [2] unlink(./Public/upload/e78944f56fd6ec0c7775f0fea7427999.xlsx): No such file or directory D:\phpStudy\WWW\paper\Application\Admin\Controller\UserController.class.php 第 242 行.
SQL: INSERT INTO `paper_student` (`id`,`name`,`sid`,`password`) VALUES ('1630090281','宋淑伟','r0000','e10adc3949') [ RunTime:0.0017s ]
NOTIC: [2] unlink(./Public/upload/e78944f56fd6ec0c7775f0fea7427999.xlsx): No such file or directory D:\phpStudy\WWW\paper\Application\Admin\Controller\UserController.class.php 第 242 行.
SQL: INSERT INTO `paper_admin` (`id`,`name`,`password`) VALUES ('1630090282','宋淑伟','e10adc3949') [ RunTime:0.0016s ]
NOTIC: [2] unlink(./Public/upload/e78944f56fd6ec0c7775f0fea7427999.xlsx): No such file or directory D:\phpStudy\WWW\paper\Application\Admin\Controller\UserController.class.php 第 242 行.
SQL: INSERT INTO `paper_leader` (`id`,`name`,`sid`,`password`) VALUES ('1630090283','宋淑伟','r0006','e10adc3949') [ RunTime:0.0018s ]
NOTIC: [2] unlink(./Public/upload/e78944f56fd6ec0c7775f0fea7427999.xlsx): No such file or directory D:\phpStudy\WWW\paper\Application\Admin\Controller\UserController.class.php 第 242 行.
SQL: INSERT INTO `paper_teacher` (`id`,`name`,`sid`,`password`) VALUES ('1630090284','宋淑伟','r0007','e10adc3949') [ RunTime:0.0017s ]
NOTIC: [2] unlink(./Public/upload/e78944f56fd6ec0c7775f0fea7427999.xlsx): No such file or directory D:\phpStudy\WWW\paper\Application\Admin\Controller\UserController.class.php 第 242 行.
SQL: INSERT INTO `paper_student` (`id`,`name`,`sid`,`password`) VALUES ('1630090285','宋淑伟','r0000','e10adc3949') [ RunTime:0.0018s ]
NOTIC: [2] unlink(./Public/upload/e78944f56fd6ec0c7775f0fea7427999.xlsx): No such file or directory D:\phpStudy\WWW\paper\Application\Admin\Controller\UserController.class.php 第 242 行.
SQL: INSERT INTO `paper_admin` (`id`,`name`,`password`) VALUES ('1630090286','宋淑伟','e10adc3949') [ RunTime:0.0017s ]
NOTIC: [2] unlink(./Public/upload/e78944f56fd6ec0c7775f0fea7427999.xlsx): No such file or directory D:\phpStudy\WWW\paper\Application\Admin\Controller\UserController.class.php 第 242 行.
SQL: INSERT INTO `paper_leader` (`id`,`name`,`sid`,`password`) VALUES ('1630090287','宋淑伟','r0001','e10adc3949') [ RunTime:0.0017s ]
NOTIC: [2] unlink(./Public/upload/e78944f56fd6ec0c7775f0fea7427999.xlsx): No such file or directory D:\phpStudy\WWW\paper\Application\Admin\Controller\UserController.class.php 第 242 行.
SQL: INSERT INTO `paper_teacher` (`id`,`name`,`sid`,`password`) VALUES ('1630090288','宋淑伟','r0002','e10adc3949') [ RunTime:0.0016s ]
NOTIC: [2] unlink(./Public/upload/e78944f56fd6ec0c7775f0fea7427999.xlsx): No such file or directory D:\phpStudy\WWW\paper\Application\Admin\Controller\UserController.class.php 第 242 行.
SQL: INSERT INTO `paper_student` (`id`,`name`,`sid`,`password`) VALUES ('1630090289','宋淑伟','r0003','e10adc3949') [ RunTime:0.0017s ]
NOTIC: [2] unlink(./Public/upload/e78944f56fd6ec0c7775f0fea7427999.xlsx): No such file or directory D:\phpStudy\WWW\paper\Application\Admin\Controller\UserController.class.php 第 242 行.
SQL: INSERT INTO `paper_admin` (`id`,`name`,`password`) VALUES ('1630090290','宋淑伟','e10adc3949') [ RunTime:0.0016s ]
NOTIC: [2] unlink(./Public/upload/e78944f56fd6ec0c7775f0fea7427999.xlsx): No such file or directory D:\phpStudy\WWW\paper\Application\Admin\Controller\UserController.class.php 第 242 行.
SQL: INSERT INTO `paper_leader` (`id`,`name`,`sid`,`password`) VALUES ('1630090291','宋淑伟','r0005','e10adc3949') [ RunTime:0.0015s ]
NOTIC: [2] unlink(./Public/upload/e78944f56fd6ec0c7775f0fea7427999.xlsx): No such file or directory D:\phpStudy\WWW\paper\Application\Admin\Controller\UserController.class.php 第 242 行.
SQL: INSERT INTO `paper_teacher` (`id`,`name`,`sid`,`password`) VALUES ('1630090292','宋淑伟','r0006','e10adc3949') [ RunTime:0.0016s ]
NOTIC: [2] unlink(./Public/upload/e78944f56fd6ec0c7775f0fea7427999.xlsx): No such file or directory D:\phpStudy\WWW\paper\Application\Admin\Controller\UserController.class.php 第 242 行.
SQL: INSERT INTO `paper_student` (`id`,`name`,`sid`,`password`) VALUES ('1630090293','宋淑伟','r0007','e10adc3949') [ RunTime:0.0017s ]
NOTIC: [2] unlink(./Public/upload/e78944f56fd6ec0c7775f0fea7427999.xlsx): No such file or directory D:\phpStudy\WWW\paper\Application\Admin\Controller\UserController.class.php 第 242 行.
SQL: INSERT INTO `paper_admin` (`id`,`name`,`password`) VALUES ('1630090294','宋淑伟','e10adc3949') [ RunTime:0.0016s ]
NOTIC: [2] unlink(./Public/upload/e78944f56fd6ec0c7775f0fea7427999.xlsx): No such file or directory D:\phpStudy\WWW\paper\Application\Admin\Controller\UserController.class.php 第 242 行.
SQL: INSERT INTO `paper_leader` (`id`,`name`,`sid`,`password`) VALUES ('1630090295','宋淑伟','r0000','e10adc3949') [ RunTime:0.0018s ]
NOTIC: [2] unlink(./Public/upload/e78944f56fd6ec0c7775f0fea7427999.xlsx): No such file or directory D:\phpStudy\WWW\paper\Application\Admin\Controller\UserController.class.php 第 242 行.
SQL: INSERT INTO `paper_teacher` (`id`,`name`,`sid`,`password`) VALUES ('1630090296','宋淑伟','r0001','e10adc3949') [ RunTime:0.0018s ]
NOTIC: [2] unlink(./Public/upload/e78944f56fd6ec0c7775f0fea7427999.xlsx): No such file or directory D:\phpStudy\WWW\paper\Application\Admin\Controller\UserController.class.php 第 242 行.
SQL: INSERT INTO `paper_student` (`id`,`name`,`sid`,`password`) VALUES ('1630090297','宋淑伟','r0002','e10adc3949') [ RunTime:0.0017s ]
NOTIC: [2] unlink(./Public/upload/e78944f56fd6ec0c7775f0fea7427999.xlsx): No such file or directory D:\phpStudy\WWW\paper\Application\Admin\Controller\UserController.class.php 第 242 行.
SQL: INSERT INTO `paper_admin` (`id`,`name`,`password`) VALUES ('1630090298','宋淑伟','e10adc3949') [ RunTime:0.0017s ]
NOTIC: [2] unlink(./Public/upload/e78944f56fd6ec0c7775f0fea7427999.xlsx): No such file or directory D:\phpStudy\WWW\paper\Application\Admin\Controller\UserController.class.php 第 242 行.
SQL: INSERT INTO `paper_leader` (`id`,`name`,`sid`,`password`) VALUES ('1630090299','宋淑伟','r0000','e10adc3949') [ RunTime:0.0015s ]
NOTIC: [2] unlink(./Public/upload/e78944f56fd6ec0c7775f0fea7427999.xlsx): No such file or directory D:\phpStudy\WWW\paper\Application\Admin\Controller\UserController.class.php 第 242 行.
SQL: INSERT INTO `paper_teacher` (`id`,`name`,`sid`,`password`) VALUES ('1630090300','宋淑伟','r0005','e10adc3949') [ RunTime:0.0017s ]
NOTIC: [2] unlink(./Public/upload/e78944f56fd6ec0c7775f0fea7427999.xlsx): No such file or directory D:\phpStudy\WWW\paper\Application\Admin\Controller\UserController.class.php 第 242 行.
NOTIC: [2] Missing argument 1 for Think\Controller::show(), called in D:\phpStudy\WWW\paper\Application\Admin\Controller\UserController.class.php on line 250 and defined D:\phpStudy\WWW\paper\ThinkPHP\Library\Think\Controller.class.php 第 68 行.
NOTIC: [8] Undefined variable: content D:\phpStudy\WWW\paper\ThinkPHP\Library\Think\Controller.class.php 第 69 行.
INFO: [ view_parse ] --START--
INFO: [ template_filter ] --START--
INFO: Run Behavior\ContentReplaceBehavior [ RunTime:0.000081s ]
INFO: [ template_filter ] --END-- [ RunTime:0.000122s ]
INFO: Run Behavior\ParseTemplateBehavior [ RunTime:0.010691s ]
INFO: [ view_parse ] --END-- [ RunTime:0.010741s ]
INFO: [ view_filter ] --START--
INFO: Run Behavior\WriteHtmlCacheBehavior [ RunTime:0.000771s ]
INFO: [ view_filter ] --END-- [ RunTime:0.000806s ]
INFO: [ app_end ] --START--
INFO: Run Behavior\ShowPageTraceBehavior [ RunTime:0.001472s ]
INFO: [ app_end ] --END-- [ RunTime:0.001539s ]

[ 2018-03-17T07:30:25+08:00 ] ::1 /paper/index.php/Admin/User/intoUser/js/raphael-min.js
INFO: [ app_init ] --START--
INFO: Run Behavior\BuildLiteBehavior [ RunTime:0.000015s ]
INFO: [ app_init ] --END-- [ RunTime:0.000753s ]
INFO: [ app_begin ] --START--
INFO: Run Behavior\ReadHtmlCacheBehavior [ RunTime:0.000849s ]
INFO: [ app_begin ] --END-- [ RunTime:0.000900s ]
NOTIC: [2] Missing argument 1 for Think\Controller::show(), called in D:\phpStudy\WWW\paper\Application\Admin\Controller\UserController.class.php on line 252 and defined D:\phpStudy\WWW\paper\ThinkPHP\Library\Think\Controller.class.php 第 68 行.
NOTIC: [8] Undefined variable: content D:\phpStudy\WWW\paper\ThinkPHP\Library\Think\Controller.class.php 第 69 行.
INFO: [ view_parse ] --START--
INFO: [ template_filter ] --START--
INFO: Run Behavior\ContentReplaceBehavior [ RunTime:0.000107s ]
INFO: [ template_filter ] --END-- [ RunTime:0.000179s ]
NOTIC: [8] Undefined variable: data D:\phpStudy\WWW\paper\Application\Runtime\Cache\Admin\9785a95946922cc9c5fd79e126b3cb29.php 第 181 行.
INFO: Run Behavior\ParseTemplateBehavior [ RunTime:0.012202s ]
INFO: [ view_parse ] --END-- [ RunTime:0.012268s ]
INFO: [ view_filter ] --START--
INFO: Run Behavior\WriteHtmlCacheBehavior [ RunTime:0.001970s ]
INFO: [ view_filter ] --END-- [ RunTime:0.002037s ]
INFO: [ app_end ] --START--
INFO: Run Behavior\ShowPageTraceBehavior [ RunTime:0.001251s ]
INFO: [ app_end ] --END-- [ RunTime:0.001303s ]

[ 2018-03-17T07:30:50+08:00 ] ::1 /paper/index.php/Admin/Teacher/intoRelation
INFO: [ app_init ] --START--
INFO: Run Behavior\BuildLiteBehavior [ RunTime:0.000095s ]
INFO: [ app_init ] --END-- [ RunTime:0.001876s ]
INFO: [ app_begin ] --START--
INFO: Run Behavior\ReadHtmlCacheBehavior [ RunTime:0.000487s ]
INFO: [ app_begin ] --END-- [ RunTime:0.000533s ]
NOTIC: [2] Missing argument 1 for Think\Controller::show(), called in D:\phpStudy\WWW\paper\Application\Admin\Controller\TeacherController.class.php on line 52 and defined D:\phpStudy\WWW\paper\ThinkPHP\Library\Think\Controller.class.php 第 68 行.
NOTIC: [8] Undefined variable: content D:\phpStudy\WWW\paper\ThinkPHP\Library\Think\Controller.class.php 第 69 行.
INFO: [ view_parse ] --START--
INFO: [ template_filter ] --START--
INFO: Run Behavior\ContentReplaceBehavior [ RunTime:0.000075s ]
INFO: [ template_filter ] --END-- [ RunTime:0.000118s ]
NOTIC: [8] Undefined variable: data D:\phpStudy\WWW\paper\Application\Runtime\Cache\Admin\4fbdd2c9933e98a723209aea16f6f593.php 第 181 行.
INFO: Run Behavior\ParseTemplateBehavior [ RunTime:0.009927s ]
INFO: [ view_parse ] --END-- [ RunTime:0.009976s ]
INFO: [ view_filter ] --START--
INFO: Run Behavior\WriteHtmlCacheBehavior [ RunTime:0.001124s ]
INFO: [ view_filter ] --END-- [ RunTime:0.001178s ]
INFO: [ app_end ] --START--
INFO: Run Behavior\ShowPageTraceBehavior [ RunTime:0.001871s ]
INFO: [ app_end ] --END-- [ RunTime:0.002096s ]

[ 2018-03-17T07:30:50+08:00 ] ::1 /paper/index.php/Admin/Teacher/js/raphael-min.js
INFO: [ app_init ] --START--
INFO: Run Behavior\BuildLiteBehavior [ RunTime:0.000017s ]
INFO: [ app_init ] --END-- [ RunTime:0.000584s ]
INFO: [ app_begin ] --START--
INFO: Run Behavior\ReadHtmlCacheBehavior [ RunTime:0.001083s ]
INFO: [ app_begin ] --END-- [ RunTime:0.001165s ]
ERR: 非法操作:js

[ 2018-03-17T07:31:04+08:00 ] ::1 /paper/index.php/Admin/Teacher/intoRelation/
INFO: [ app_init ] --START--
INFO: Run Behavior\BuildLiteBehavior [ RunTime:0.000020s ]
INFO: [ app_init ] --END-- [ RunTime:0.000729s ]
INFO: [ app_begin ] --START--
INFO: Run Behavior\ReadHtmlCacheBehavior [ RunTime:0.001113s ]
INFO: [ app_begin ] --END-- [ RunTime:0.001189s ]
SQL: SHOW COLUMNS FROM `paper_teacher` [ RunTime:0.0092s ]
SQL: UPDATE `paper_teacher` SET `member`='1630090205,1630000000' WHERE ( id=1630090135 ) [ RunTime:0.0020s ]
SQL: UPDATE `paper_teacher` SET `member`='1630090297,1630090293' WHERE ( id=1630090208 ) [ RunTime:0.0015s ]
SQL: UPDATE `paper_teacher` SET `member`='1630090209' WHERE ( id=1630090212 ) [ RunTime:0.0017s ]
SQL: UPDATE `paper_teacher` SET `member`='1630090213' WHERE ( id=1630090216 ) [ RunTime:0.0015s ]
SQL: UPDATE `paper_teacher` SET `member`='1630090217' WHERE ( id=1630090220 ) [ RunTime:0.0015s ]
SQL: UPDATE `paper_teacher` SET `member`='1630090221' WHERE ( id=1630090224 ) [ RunTime:0.0015s ]
SQL: UPDATE `paper_teacher` SET `member`='1630090225,1630090277' WHERE ( id=1630090228 ) [ RunTime:0.0015s ]
SQL: UPDATE `paper_teacher` SET `member`='1630090229,1630090281' WHERE ( id=1630090232 ) [ RunTime:0.0015s ]
SQL: UPDATE `paper_teacher` SET `member`='1630090233,1630090285' WHERE ( id=1630090236 ) [ RunTime:0.0016s ]
SQL: UPDATE `paper_teacher` SET `member`='1630090237,1630090289' WHERE ( id=1630090240 ) [ RunTime:0.0020s ]
SQL: UPDATE `paper_teacher` SET `member`='1630090241' WHERE ( id=1630090244 ) [ RunTime:0.0020s ]
SQL: UPDATE `paper_teacher` SET `member`='1630090245' WHERE ( id=1630090248 ) [ RunTime:0.0019s ]
SQL: UPDATE `paper_teacher` SET `member`='1630090249' WHERE ( id=1630090252 ) [ RunTime:0.0021s ]
SQL: UPDATE `paper_teacher` SET `member`='1630090253' WHERE ( id=1630090256 ) [ RunTime:0.0022s ]
SQL: UPDATE `paper_teacher` SET `member`='1630090257' WHERE ( id=1630090260 ) [ RunTime:0.0019s ]
SQL: UPDATE `paper_teacher` SET `member`='1630090261' WHERE ( id=1630090264 ) [ RunTime:0.0022s ]
SQL: UPDATE `paper_teacher` SET `member`='1630090265' WHERE ( id=1630090268 ) [ RunTime:0.0021s ]
SQL: UPDATE `paper_teacher` SET `member`='1630090269' WHERE ( id=1630090272 ) [ RunTime:0.0020s ]
SQL: UPDATE `paper_teacher` SET `member`='1630090273' WHERE ( id=1630090276 ) [ RunTime:0.0020s ]
NOTIC: [2] Missing argument 1 for Think\Controller::show(), called in D:\phpStudy\WWW\paper\Application\Admin\Controller\TeacherController.class.php on line 49 and defined D:\phpStudy\WWW\paper\ThinkPHP\Library\Think\Controller.class.php 第 68 行.
NOTIC: [8] Undefined variable: content D:\phpStudy\WWW\paper\ThinkPHP\Library\Think\Controller.class.php 第 69 行.
INFO: [ view_parse ] --START--
INFO: [ template_filter ] --START--
INFO: Run Behavior\ContentReplaceBehavior [ RunTime:0.000079s ]
INFO: [ template_filter ] --END-- [ RunTime:0.000141s ]
INFO: Run Behavior\ParseTemplateBehavior [ RunTime:0.010561s ]
INFO: [ view_parse ] --END-- [ RunTime:0.010655s ]
INFO: [ view_filter ] --START--
INFO: Run Behavior\WriteHtmlCacheBehavior [ RunTime:0.001277s ]
INFO: [ view_filter ] --END-- [ RunTime:0.001336s ]
INFO: [ app_end ] --START--
INFO: Run Behavior\ShowPageTraceBehavior [ RunTime:0.001343s ]
INFO: [ app_end ] --END-- [ RunTime:0.001448s ]

[ 2018-03-17T07:31:04+08:00 ] ::1 /paper/index.php/Admin/Teacher/intoRelation/js/raphael-min.js
INFO: [ app_init ] --START--
INFO: Run Behavior\BuildLiteBehavior [ RunTime:0.000020s ]
INFO: [ app_init ] --END-- [ RunTime:0.000796s ]
INFO: [ app_begin ] --START--
INFO: Run Behavior\ReadHtmlCacheBehavior [ RunTime:0.001154s ]
INFO: [ app_begin ] --END-- [ RunTime:0.001254s ]
NOTIC: [2] Missing argument 1 for Think\Controller::show(), called in D:\phpStudy\WWW\paper\Application\Admin\Controller\TeacherController.class.php on line 52 and defined D:\phpStudy\WWW\paper\ThinkPHP\Library\Think\Controller.class.php 第 68 行.
NOTIC: [8] Undefined variable: content D:\phpStudy\WWW\paper\ThinkPHP\Library\Think\Controller.class.php 第 69 行.
INFO: [ view_parse ] --START--
INFO: [ template_filter ] --START--
INFO: Run Behavior\ContentReplaceBehavior [ RunTime:0.000116s ]
INFO: [ template_filter ] --END-- [ RunTime:0.000179s ]
NOTIC: [8] Undefined variable: data D:\phpStudy\WWW\paper\Application\Runtime\Cache\Admin\4fbdd2c9933e98a723209aea16f6f593.php 第 181 行.
INFO: Run Behavior\ParseTemplateBehavior [ RunTime:0.016801s ]
INFO: [ view_parse ] --END-- [ RunTime:0.016855s ]
INFO: [ view_filter ] --START--
INFO: Run Behavior\WriteHtmlCacheBehavior [ RunTime:0.000339s ]
INFO: [ view_filter ] --END-- [ RunTime:0.000377s ]
INFO: [ app_end ] --START--
INFO: Run Behavior\ShowPageTraceBehavior [ RunTime:0.000913s ]
INFO: [ app_end ] --END-- [ RunTime:0.000973s ]

[ 2018-03-17T07:31:17+08:00 ] ::1 /paper/index.php/Admin/Student/showGrade
INFO: [ app_init ] --START--
INFO: Run Behavior\BuildLiteBehavior [ RunTime:0.000011s ]
INFO: [ app_init ] --END-- [ RunTime:0.000384s ]
INFO: [ app_begin ] --START--
INFO: Run Behavior\ReadHtmlCacheBehavior [ RunTime:0.000590s ]
INFO: [ app_begin ] --END-- [ RunTime:0.000646s ]
SQL: SHOW COLUMNS FROM `paper_student` [ RunTime:0.0088s ]
SQL: SELECT COUNT(*) AS tp_count FROM `paper_student` LIMIT 1   [ RunTime:0.0459s ]
SQL: SELECT * FROM `paper_student` LIMIT 0,20   [ RunTime:0.0005s ]
NOTIC: [2] Missing argument 1 for Think\Controller::show(), called in D:\phpStudy\WWW\paper\Application\Admin\Controller\StudentController.class.php on line 19 and defined D:\phpStudy\WWW\paper\ThinkPHP\Library\Think\Controller.class.php 第 68 行.
NOTIC: [8] Undefined variable: content D:\phpStudy\WWW\paper\ThinkPHP\Library\Think\Controller.class.php 第 69 行.
INFO: [ view_parse ] --START--
INFO: [ template_filter ] --START--
INFO: Run Behavior\ContentReplaceBehavior [ RunTime:0.000155s ]
INFO: [ template_filter ] --END-- [ RunTime:0.000213s ]
INFO: Run Behavior\ParseTemplateBehavior [ RunTime:0.025383s ]
INFO: [ view_parse ] --END-- [ RunTime:0.025458s ]
INFO: [ view_filter ] --START--
INFO: Run Behavior\WriteHtmlCacheBehavior [ RunTime:0.000356s ]
INFO: [ view_filter ] --END-- [ RunTime:0.000390s ]
INFO: [ app_end ] --START--
INFO: Run Behavior\ShowPageTraceBehavior [ RunTime:0.000540s ]
INFO: [ app_end ] --END-- [ RunTime:0.000598s ]

[ 2018-03-17T07:31:18+08:00 ] ::1 /paper/index.php/Admin/Student/js/raphael-min.js
INFO: [ app_init ] --START--
INFO: Run Behavior\BuildLiteBehavior [ RunTime:0.000022s ]
INFO: [ app_init ] --END-- [ RunTime:0.000761s ]
INFO: [ app_begin ] --START--
INFO: Run Behavior\ReadHtmlCacheBehavior [ RunTime:0.000820s ]
INFO: [ app_begin ] --END-- [ RunTime:0.000896s ]
ERR: 非法操作:js

[ 2018-03-17T07:31:23+08:00 ] ::1 /paper/index.php/Admin/User/showAdmin
INFO: [ app_init ] --START--
INFO: Run Behavior\BuildLiteBehavior [ RunTime:0.000016s ]
INFO: [ app_init ] --END-- [ RunTime:0.000464s ]
INFO: [ app_begin ] --START--
INFO: Run Behavior\ReadHtmlCacheBehavior [ RunTime:0.000553s ]
INFO: [ app_begin ] --END-- [ RunTime:0.000610s ]
SQL: SHOW COLUMNS FROM `paper_admin` [ RunTime:0.0085s ]
SQL: SELECT COUNT(*) AS tp_count FROM `paper_admin` LIMIT 1   [ RunTime:0.0003s ]
SQL: SELECT * FROM `paper_admin` LIMIT 0,10   [ RunTime:0.0003s ]
SQL: SHOW COLUMNS FROM `paper_system` [ RunTime:0.0075s ]
SQL: SELECT * FROM `paper_system` WHERE ( name = "教务部" )  [ RunTime:0.0002s ]
SQL: SELECT * FROM `paper_system` WHERE `id` = 'r0000' LIMIT 1   [ RunTime:0.0002s ]
SQL: SELECT * FROM `paper_system` WHERE `id` = 'r0000' LIMIT 1   [ RunTime:0.0001s ]
SQL: SELECT * FROM `paper_system` WHERE `id` = 'r0000' LIMIT 1   [ RunTime:0.0003s ]
SQL: SELECT * FROM `paper_system` WHERE `id` = 'r0000' LIMIT 1   [ RunTime:0.0002s ]
SQL: SELECT * FROM `paper_system` WHERE `id` = 'r0000' LIMIT 1   [ RunTime:0.0002s ]
SQL: SELECT * FROM `paper_system` WHERE `id` = 'r0000' LIMIT 1   [ RunTime:0.0002s ]
SQL: SELECT * FROM `paper_system` WHERE `id` = 'r0000' LIMIT 1   [ RunTime:0.0002s ]
SQL: SELECT * FROM `paper_system` WHERE `id` = 'r0000' LIMIT 1   [ RunTime:0.0002s ]
SQL: SELECT * FROM `paper_system` WHERE `id` = 'r0000' LIMIT 1   [ RunTime:0.0002s ]
SQL: SELECT * FROM `paper_system` WHERE `id` = 'r0000' LIMIT 1   [ RunTime:0.0002s ]
NOTIC: [2] Missing argument 1 for Think\Controller::show(), called in D:\phpStudy\WWW\paper\Application\Admin\Controller\UserController.class.php on line 100 and defined D:\phpStudy\WWW\paper\ThinkPHP\Library\Think\Controller.class.php 第 68 行.
NOTIC: [8] Undefined variable: content D:\phpStudy\WWW\paper\ThinkPHP\Library\Think\Controller.class.php 第 69 行.
INFO: [ view_parse ] --START--
INFO: [ template_filter ] --START--
INFO: Run Behavior\ContentReplaceBehavior [ RunTime:0.000081s ]
INFO: [ template_filter ] --END-- [ RunTime:0.000125s ]
INFO: Run Behavior\ParseTemplateBehavior [ RunTime:0.010580s ]
INFO: [ view_parse ] --END-- [ RunTime:0.010633s ]
INFO: [ view_filter ] --START--
INFO: Run Behavior\WriteHtmlCacheBehavior [ RunTime:0.000310s ]
INFO: [ view_filter ] --END-- [ RunTime:0.000343s ]
INFO: [ app_end ] --START--
INFO: Run Behavior\ShowPageTraceBehavior [ RunTime:0.000825s ]
INFO: [ app_end ] --END-- [ RunTime:0.000894s ]

[ 2018-03-17T07:31:23+08:00 ] ::1 /paper/index.php/Admin/User/js/raphael-min.js
INFO: [ app_init ] --START--
INFO: Run Behavior\BuildLiteBehavior [ RunTime:0.000013s ]
INFO: [ app_init ] --END-- [ RunTime:0.000413s ]
INFO: [ app_begin ] --START--
INFO: Run Behavior\ReadHtmlCacheBehavior [ RunTime:0.000946s ]
INFO: [ app_begin ] --END-- [ RunTime:0.001005s ]
ERR: 非法操作:js

[ 2018-03-17T07:31:27+08:00 ] ::1 /paper/index.php/Admin/User/showStudent
INFO: [ app_init ] --START--
INFO: Run Behavior\BuildLiteBehavior [ RunTime:0.000010s ]
INFO: [ app_init ] --END-- [ RunTime:0.000412s ]
INFO: [ app_begin ] --START--
INFO: Run Behavior\ReadHtmlCacheBehavior [ RunTime:0.000447s ]
INFO: [ app_begin ] --END-- [ RunTime:0.000490s ]
SQL: SHOW COLUMNS FROM `paper_student` [ RunTime:0.0092s ]
SQL: SELECT COUNT(*) AS tp_count FROM `paper_student` LIMIT 1   [ RunTime:0.0004s ]
SQL: SELECT `id`,`name`,`password`,`sid` FROM `paper_student` LIMIT 0,20   [ RunTime:0.0003s ]
SQL: SHOW COLUMNS FROM `paper_system` [ RunTime:0.0082s ]
SQL: SELECT * FROM `paper_system` WHERE `id` = 'r0003' LIMIT 1   [ RunTime:0.0003s ]
SQL: SELECT * FROM `paper_system` WHERE `id` = 'r0007' LIMIT 1   [ RunTime:0.0003s ]
SQL: SELECT * FROM `paper_system` WHERE `id` = 'r0001' LIMIT 1   [ RunTime:0.0002s ]
SQL: SELECT * FROM `paper_system` WHERE `id` = 'r0005' LIMIT 1   [ RunTime:0.0002s ]
SQL: SELECT * FROM `paper_system` WHERE `id` = 'r0008' LIMIT 1   [ RunTime:0.0003s ]
SQL: SELECT * FROM `paper_system` WHERE `id` = 'r0003' LIMIT 1   [ RunTime:0.0003s ]
SQL: SELECT * FROM `paper_system` WHERE `id` = 'r0007' LIMIT 1   [ RunTime:0.0002s ]
SQL: SELECT * FROM `paper_system` WHERE `id` = 'r0001' LIMIT 1   [ RunTime:0.0002s ]
SQL: SELECT * FROM `paper_system` WHERE `id` = 'r0005' LIMIT 1   [ RunTime:0.0002s ]
SQL: SELECT * FROM `paper_system` WHERE `id` = 'r0000' LIMIT 1   [ RunTime:0.0002s ]
SQL: SELECT * FROM `paper_system` WHERE `id` = 'r0000' LIMIT 1   [ RunTime:0.0003s ]
SQL: SELECT * FROM `paper_system` WHERE `id` = 'r0000' LIMIT 1   [ RunTime:0.0003s ]
SQL: SELECT * FROM `paper_system` WHERE `id` = 'r0003' LIMIT 1   [ RunTime:0.0003s ]
SQL: SELECT * FROM `paper_system` WHERE `id` = 'r0007' LIMIT 1   [ RunTime:0.0003s ]
SQL: SELECT * FROM `paper_system` WHERE `id` = 'r0002' LIMIT 1   [ RunTime:0.0002s ]
SQL: SELECT * FROM `paper_system` WHERE `id` = 'r0006' LIMIT 1   [ RunTime:0.0002s ]
SQL: SELECT * FROM `paper_system` WHERE `id` = 'r0001' LIMIT 1   [ RunTime:0.0002s ]
SQL: SELECT * FROM `paper_system` WHERE `id` = 'r0005' LIMIT 1   [ RunTime:0.0003s ]
SQL: SELECT * FROM `paper_system` WHERE `id` = 'r0000' LIMIT 1   [ RunTime:0.0002s ]
SQL: SELECT * FROM `paper_system` WHERE `id` = 'r0000' LIMIT 1   [ RunTime:0.0002s ]
NOTIC: [2] Missing argument 1 for Think\Controller::show(), called in D:\phpStudy\WWW\paper\Application\Admin\Controller\UserController.class.php on line 191 and defined D:\phpStudy\WWW\paper\ThinkPHP\Library\Think\Controller.class.php 第 68 行.
NOTIC: [8] Undefined variable: content D:\phpStudy\WWW\paper\ThinkPHP\Library\Think\Controller.class.php 第 69 行.
INFO: [ view_parse ] --START--
INFO: [ template_filter ] --START--
INFO: Run Behavior\ContentReplaceBehavior [ RunTime:0.000134s ]
INFO: [ template_filter ] --END-- [ RunTime:0.000203s ]
INFO: Run Behavior\ParseTemplateBehavior [ RunTime:0.020829s ]
INFO: [ view_parse ] --END-- [ RunTime:0.020931s ]
INFO: [ view_filter ] --START--
INFO: Run Behavior\WriteHtmlCacheBehavior [ RunTime:0.000292s ]
INFO: [ view_filter ] --END-- [ RunTime:0.000323s ]
INFO: [ app_end ] --START--
INFO: Run Behavior\ShowPageTraceBehavior [ RunTime:0.000611s ]
INFO: [ app_end ] --END-- [ RunTime:0.000669s ]

[ 2018-03-17T07:31:27+08:00 ] ::1 /paper/index.php/Admin/User/js/raphael-min.js
INFO: [ app_init ] --START--
INFO: Run Behavior\BuildLiteBehavior [ RunTime:0.000017s ]
INFO: [ app_init ] --END-- [ RunTime:0.000621s ]
INFO: [ app_begin ] --START--
INFO: Run Behavior\ReadHtmlCacheBehavior [ RunTime:0.000517s ]
INFO: [ app_begin ] --END-- [ RunTime:0.000573s ]
ERR: 非法操作:js

[ 2018-03-17T07:31:30+08:00 ] ::1 /paper/index.php/Admin/System/system
INFO: [ app_init ] --START--
INFO: Run Behavior\BuildLiteBehavior [ RunTime:0.000023s ]
INFO: [ app_init ] --END-- [ RunTime:0.001332s ]
INFO: [ app_begin ] --START--
INFO: Run Behavior\ReadHtmlCacheBehavior [ RunTime:0.000516s ]
INFO: [ app_begin ] --END-- [ RunTime:0.000568s ]
SQL: SHOW COLUMNS FROM `paper_system` [ RunTime:0.0084s ]
SQL: SELECT COUNT(*) AS tp_count FROM `paper_system` LIMIT 1   [ RunTime:0.0003s ]
SQL: SELECT * FROM `paper_system` LIMIT 0,5   [ RunTime:0.0003s ]
NOTIC: [2] Missing argument 1 for Think\Controller::show(), called in D:\phpStudy\WWW\paper\Application\Admin\Controller\SystemController.class.php on line 19 and defined D:\phpStudy\WWW\paper\ThinkPHP\Library\Think\Controller.class.php 第 68 行.
NOTIC: [8] Undefined variable: content D:\phpStudy\WWW\paper\ThinkPHP\Library\Think\Controller.class.php 第 69 行.
INFO: [ view_parse ] --START--
INFO: [ template_filter ] --START--
INFO: Run Behavior\ContentReplaceBehavior [ RunTime:0.000163s ]
INFO: [ template_filter ] --END-- [ RunTime:0.000252s ]
INFO: Run Behavior\ParseTemplateBehavior [ RunTime:0.010027s ]
INFO: [ view_parse ] --END-- [ RunTime:0.010087s ]
INFO: [ view_filter ] --START--
INFO: Run Behavior\WriteHtmlCacheBehavior [ RunTime:0.000341s ]
INFO: [ view_filter ] --END-- [ RunTime:0.000377s ]
INFO: [ app_end ] --START--
INFO: Run Behavior\ShowPageTraceBehavior [ RunTime:0.000582s ]
INFO: [ app_end ] --END-- [ RunTime:0.000645s ]

[ 2018-03-17T07:31:30+08:00 ] ::1 /paper/index.php/Admin/System/js/raphael-min.js
INFO: [ app_init ] --START--
INFO: Run Behavior\BuildLiteBehavior [ RunTime:0.000011s ]
INFO: [ app_init ] --END-- [ RunTime:0.000420s ]
INFO: [ app_begin ] --START--
INFO: Run Behavior\ReadHtmlCacheBehavior [ RunTime:0.000469s ]
INFO: [ app_begin ] --END-- [ RunTime:0.000512s ]
ERR: 非法操作:js

[ 2018-03-17T07:48:39+08:00 ] ::1 /paper/index.php/Admin/System/system
INFO: [ app_init ] --START--
INFO: Run Behavior\BuildLiteBehavior [ RunTime:0.000011s ]
INFO: [ app_init ] --END-- [ RunTime:0.000431s ]
INFO: [ app_begin ] --START--
INFO: Run Behavior\ReadHtmlCacheBehavior [ RunTime:0.000507s ]
INFO: [ app_begin ] --END-- [ RunTime:0.000551s ]
SQL: SHOW COLUMNS FROM `paper_system` [ RunTime:0.0096s ]
SQL: SELECT COUNT(*) AS tp_count FROM `paper_system` LIMIT 1   [ RunTime:0.0002s ]
SQL: SELECT * FROM `paper_system` LIMIT 0,5   [ RunTime:0.0003s ]
NOTIC: [2] Missing argument 1 for Think\Controller::show(), called in D:\phpStudy\WWW\paper\Application\Admin\Controller\SystemController.class.php on line 19 and defined D:\phpStudy\WWW\paper\ThinkPHP\Library\Think\Controller.class.php 第 68 行.
NOTIC: [8] Undefined variable: content D:\phpStudy\WWW\paper\ThinkPHP\Library\Think\Controller.class.php 第 69 行.
INFO: [ view_parse ] --START--
INFO: [ template_filter ] --START--
INFO: Run Behavior\ContentReplaceBehavior [ RunTime:0.000153s ]
INFO: [ template_filter ] --END-- [ RunTime:0.000221s ]
INFO: Run Behavior\ParseTemplateBehavior [ RunTime:0.013610s ]
INFO: [ view_parse ] --END-- [ RunTime:0.013693s ]
INFO: [ view_filter ] --START--
INFO: Run Behavior\WriteHtmlCacheBehavior [ RunTime:0.000514s ]
INFO: [ view_filter ] --END-- [ RunTime:0.000551s ]
INFO: [ app_end ] --START--
INFO: Run Behavior\ShowPageTraceBehavior [ RunTime:0.000696s ]
INFO: [ app_end ] --END-- [ RunTime:0.000756s ]

[ 2018-03-17T07:48:39+08:00 ] ::1 /paper/index.php/Admin/System/js/raphael-min.js
INFO: [ app_init ] --START--
INFO: Run Behavior\BuildLiteBehavior [ RunTime:0.000017s ]
INFO: [ app_init ] --END-- [ RunTime:0.000562s ]
INFO: [ app_begin ] --START--
INFO: Run Behavior\ReadHtmlCacheBehavior [ RunTime:0.000804s ]
INFO: [ app_begin ] --END-- [ RunTime:0.000886s ]
ERR: 非法操作:js

[ 2018-03-17T07:54:39+08:00 ] ::1 /paper/index.php/Admin/System/system
INFO: [ app_init ] --START--
INFO: Run Behavior\BuildLiteBehavior [ RunTime:0.000014s ]
INFO: [ app_init ] --END-- [ RunTime:0.000466s ]
INFO: [ app_begin ] --START--
INFO: Run Behavior\ReadHtmlCacheBehavior [ RunTime:0.000973s ]
INFO: [ app_begin ] --END-- [ RunTime:0.001041s ]
SQL: SHOW COLUMNS FROM `paper_system` [ RunTime:0.0109s ]
SQL: SELECT COUNT(*) AS tp_count FROM `paper_system` LIMIT 1   [ RunTime:0.0003s ]
SQL: SELECT * FROM `paper_system` LIMIT 0,5   [ RunTime:0.0003s ]
NOTIC: [2] Missing argument 1 for Think\Controller::show(), called in D:\phpStudy\WWW\paper\Application\Admin\Controller\SystemController.class.php on line 19 and defined D:\phpStudy\WWW\paper\ThinkPHP\Library\Think\Controller.class.php 第 68 行.
NOTIC: [8] Undefined variable: content D:\phpStudy\WWW\paper\ThinkPHP\Library\Think\Controller.class.php 第 69 行.
INFO: [ view_parse ] --START--
INFO: [ template_filter ] --START--
INFO: Run Behavior\ContentReplaceBehavior [ RunTime:0.000088s ]
INFO: [ template_filter ] --END-- [ RunTime:0.000137s ]
INFO: Run Behavior\ParseTemplateBehavior [ RunTime:0.011513s ]
INFO: [ view_parse ] --END-- [ RunTime:0.011611s ]
INFO: [ view_filter ] --START--
INFO: Run Behavior\WriteHtmlCacheBehavior [ RunTime:0.000698s ]
INFO: [ view_filter ] --END-- [ RunTime:0.000740s ]
INFO: [ app_end ] --START--
INFO: Run Behavior\ShowPageTraceBehavior [ RunTime:0.000660s ]
INFO: [ app_end ] --END-- [ RunTime:0.000724s ]

[ 2018-03-17T07:54:39+08:00 ] ::1 /paper/index.php/Admin/System/js/raphael-min.js
INFO: [ app_init ] --START--
INFO: Run Behavior\BuildLiteBehavior [ RunTime:0.000018s ]
INFO: [ app_init ] --END-- [ RunTime:0.000583s ]
INFO: [ app_begin ] --START--
INFO: Run Behavior\ReadHtmlCacheBehavior [ RunTime:0.000479s ]
INFO: [ app_begin ] --END-- [ RunTime:0.000530s ]
ERR: 非法操作:js

[ 2018-03-17T07:54:42+08:00 ] ::1 /paper/index.php/Admin/Student/showGrade
INFO: [ app_init ] --START--
INFO: Run Behavior\BuildLiteBehavior [ RunTime:0.000010s ]
INFO: [ app_init ] --END-- [ RunTime:0.000396s ]
INFO: [ app_begin ] --START--
INFO: Run Behavior\ReadHtmlCacheBehavior [ RunTime:0.000479s ]
INFO: [ app_begin ] --END-- [ RunTime:0.000523s ]
SQL: SHOW COLUMNS FROM `paper_student` [ RunTime:0.0114s ]
SQL: SELECT COUNT(*) AS tp_count FROM `paper_student` LIMIT 1   [ RunTime:0.0003s ]
SQL: SELECT * FROM `paper_student` LIMIT 0,20   [ RunTime:0.0005s ]
NOTIC: [2] Missing argument 1 for Think\Controller::show(), called in D:\phpStudy\WWW\paper\Application\Admin\Controller\StudentController.class.php on line 19 and defined D:\phpStudy\WWW\paper\ThinkPHP\Library\Think\Controller.class.php 第 68 行.
NOTIC: [8] Undefined variable: content D:\phpStudy\WWW\paper\ThinkPHP\Library\Think\Controller.class.php 第 69 行.
INFO: [ view_parse ] --START--
INFO: [ template_filter ] --START--
INFO: Run Behavior\ContentReplaceBehavior [ RunTime:0.000121s ]
INFO: [ template_filter ] --END-- [ RunTime:0.000174s ]
INFO: Run Behavior\ParseTemplateBehavior [ RunTime:0.012812s ]
INFO: [ view_parse ] --END-- [ RunTime:0.012862s ]
INFO: [ view_filter ] --START--
INFO: Run Behavior\WriteHtmlCacheBehavior [ RunTime:0.000657s ]
INFO: [ view_filter ] --END-- [ RunTime:0.000695s ]
INFO: [ app_end ] --START--
INFO: Run Behavior\ShowPageTraceBehavior [ RunTime:0.000866s ]
INFO: [ app_end ] --END-- [ RunTime:0.000944s ]

[ 2018-03-17T07:54:42+08:00 ] ::1 /paper/index.php/Admin/Student/js/raphael-min.js
INFO: [ app_init ] --START--
INFO: Run Behavior\BuildLiteBehavior [ RunTime:0.000011s ]
INFO: [ app_init ] --END-- [ RunTime:0.000378s ]
INFO: [ app_begin ] --START--
INFO: Run Behavior\ReadHtmlCacheBehavior [ RunTime:0.000744s ]
INFO: [ app_begin ] --END-- [ RunTime:0.000823s ]
ERR: 非法操作:js

