[ 2018-07-15T23:04:25+08:00 ] ::1 /paper/index.php/admin/login
INFO: [ app_init ] --START--
INFO: Run Behavior\BuildLiteBehavior [ RunTime:0.000018s ]
INFO: [ app_init ] --END-- [ RunTime:0.001174s ]
INFO: [ app_begin ] --START--
INFO: Run Behavior\ReadHtmlCacheBehavior [ RunTime:0.001260s ]
INFO: [ app_begin ] --END-- [ RunTime:0.001333s ]
INFO: [ view_parse ] --START--
INFO: [ template_filter ] --START--
INFO: Run Behavior\ContentReplaceBehavior [ RunTime:0.000060s ]
INFO: [ template_filter ] --END-- [ RunTime:0.000108s ]
INFO: Run Behavior\ParseTemplateBehavior [ RunTime:0.011383s ]
INFO: [ view_parse ] --END-- [ RunTime:0.011443s ]
INFO: [ view_filter ] --START--
INFO: Run Behavior\WriteHtmlCacheBehavior [ RunTime:0.001042s ]
INFO: [ view_filter ] --END-- [ RunTime:0.001080s ]
INFO: [ app_end ] --START--
INFO: Run Behavior\ShowPageTraceBehavior [ RunTime:0.001232s ]
INFO: [ app_end ] --END-- [ RunTime:0.001274s ]

[ 2018-07-15T23:04:26+08:00 ] ::1 /paper/index.php/admin/favicon.ico
INFO: [ app_init ] --START--
INFO: Run Behavior\BuildLiteBehavior [ RunTime:0.000013s ]
INFO: [ app_init ] --END-- [ RunTime:0.000519s ]

[ 2018-07-15T23:04:44+08:00 ] ::1 /paper/index.php/Admin/Login/Login_check?kind=%27paper_system%27
INFO: [ app_init ] --START--
INFO: Run Behavior\BuildLiteBehavior [ RunTime:0.000013s ]
INFO: [ app_init ] --END-- [ RunTime:0.000407s ]
INFO: [ app_begin ] --START--
INFO: Run Behavior\ReadHtmlCacheBehavior [ RunTime:0.001209s ]
INFO: [ app_begin ] --END-- [ RunTime:0.001294s ]
SQL: SHOW COLUMNS FROM `paper_admin` [ RunTime:0.0068s ]
SQL: SELECT * FROM `paper_admin` WHERE `id` = '1630090112' LIMIT 1   [ RunTime:0.0004s ]
INFO: [ view_parse ] --START--
INFO: [ template_filter ] --START--
INFO: Run Behavior\ContentReplaceBehavior [ RunTime:0.000042s ]
INFO: [ template_filter ] --END-- [ RunTime:0.000086s ]
INFO: Run Behavior\ParseTemplateBehavior [ RunTime:0.008321s ]
INFO: [ view_parse ] --END-- [ RunTime:0.008379s ]
INFO: [ view_filter ] --START--
INFO: Run Behavior\WriteHtmlCacheBehavior [ RunTime:0.000528s ]
INFO: [ view_filter ] --END-- [ RunTime:0.000562s ]
INFO: [ app_end ] --START--
INFO: Run Behavior\ShowPageTraceBehavior [ RunTime:0.000883s ]
INFO: [ app_end ] --END-- [ RunTime:0.000921s ]

[ 2018-07-15T23:04:46+08:00 ] ::1 /paper/index.php/Admin/Index/index.html
INFO: [ app_init ] --START--
INFO: Run Behavior\BuildLiteBehavior [ RunTime:0.000016s ]
INFO: [ app_init ] --END-- [ RunTime:0.000496s ]
INFO: [ app_begin ] --START--
INFO: Run Behavior\ReadHtmlCacheBehavior [ RunTime:0.000580s ]
INFO: [ app_begin ] --END-- [ RunTime:0.000630s ]
NOTIC: [2] Missing argument 1 for Think\Controller::show(), called in D:\phpStudy\WWW\paper\Application\Admin\Controller\IndexController.class.php on line 10 and defined D:\phpStudy\WWW\paper\ThinkPHP\Library\Think\Controller.class.php 第 68 行.
NOTIC: [8] Undefined variable: content D:\phpStudy\WWW\paper\ThinkPHP\Library\Think\Controller.class.php 第 69 行.
INFO: [ view_parse ] --START--
INFO: [ template_filter ] --START--
INFO: Run Behavior\ContentReplaceBehavior [ RunTime:0.000074s ]
INFO: [ template_filter ] --END-- [ RunTime:0.000118s ]
INFO: Run Behavior\ParseTemplateBehavior [ RunTime:0.014590s ]
INFO: [ view_parse ] --END-- [ RunTime:0.014640s ]
INFO: [ view_filter ] --START--
INFO: Run Behavior\WriteHtmlCacheBehavior [ RunTime:0.000316s ]
INFO: [ view_filter ] --END-- [ RunTime:0.000349s ]
INFO: [ app_end ] --START--
INFO: Run Behavior\ShowPageTraceBehavior [ RunTime:0.000781s ]
INFO: [ app_end ] --END-- [ RunTime:0.000870s ]

[ 2018-07-15T23:04:46+08:00 ] ::1 /paper/index.php/Admin/Index/js/raphael-min.js
INFO: [ app_init ] --START--
INFO: Run Behavior\BuildLiteBehavior [ RunTime:0.000023s ]
INFO: [ app_init ] --END-- [ RunTime:0.004531s ]
INFO: [ app_begin ] --START--
INFO: Run Behavior\ReadHtmlCacheBehavior [ RunTime:0.001038s ]
INFO: [ app_begin ] --END-- [ RunTime:0.001144s ]
ERR: 非法操作:js

[ 2018-07-15T23:05:00+08:00 ] ::1 /paper/index.php/Admin/User/showAdmin
INFO: [ app_init ] --START--
INFO: Run Behavior\BuildLiteBehavior [ RunTime:0.000020s ]
INFO: [ app_init ] --END-- [ RunTime:0.000677s ]
INFO: [ app_begin ] --START--
INFO: Run Behavior\ReadHtmlCacheBehavior [ RunTime:0.000685s ]
INFO: [ app_begin ] --END-- [ RunTime:0.000748s ]
SQL: SHOW COLUMNS FROM `paper_admin` [ RunTime:0.0072s ]
SQL: SELECT COUNT(*) AS tp_count FROM `paper_admin` LIMIT 1   [ RunTime:0.0034s ]
SQL: SELECT * FROM `paper_admin` LIMIT 0,10   [ RunTime:0.0004s ]
SQL: SHOW COLUMNS FROM `paper_system` [ RunTime:0.0076s ]
SQL: SELECT * FROM `paper_system` WHERE ( name = "教务部" )  [ RunTime:0.0004s ]
SQL: SELECT * FROM `paper_system` WHERE `id` = 'r0000' LIMIT 1   [ RunTime:0.0003s ]
SQL: SELECT * FROM `paper_system` WHERE `id` = 'r0000' LIMIT 1   [ RunTime:0.0003s ]
SQL: SELECT * FROM `paper_system` WHERE `id` = 'r0000' LIMIT 1   [ RunTime:0.0003s ]
SQL: SELECT * FROM `paper_system` WHERE `id` = 'r0000' LIMIT 1   [ RunTime:0.0002s ]
SQL: SELECT * FROM `paper_system` WHERE `id` = 'r0000' LIMIT 1   [ RunTime:0.0003s ]
SQL: SELECT * FROM `paper_system` WHERE `id` = 'r0000' LIMIT 1   [ RunTime:0.0003s ]
SQL: SELECT * FROM `paper_system` WHERE `id` = 'r0000' LIMIT 1   [ RunTime:0.0002s ]
SQL: SELECT * FROM `paper_system` WHERE `id` = 'r0000' LIMIT 1   [ RunTime:0.0002s ]
SQL: SELECT * FROM `paper_system` WHERE `id` = 'r0000' LIMIT 1   [ RunTime:0.0002s ]
SQL: SELECT * FROM `paper_system` WHERE `id` = 'r0000' LIMIT 1   [ RunTime:0.0003s ]
NOTIC: [2] Missing argument 1 for Think\Controller::show(), called in D:\phpStudy\WWW\paper\Application\Admin\Controller\UserController.class.php on line 100 and defined D:\phpStudy\WWW\paper\ThinkPHP\Library\Think\Controller.class.php 第 68 行.
NOTIC: [8] Undefined variable: content D:\phpStudy\WWW\paper\ThinkPHP\Library\Think\Controller.class.php 第 69 行.
INFO: [ view_parse ] --START--
INFO: [ template_filter ] --START--
INFO: Run Behavior\ContentReplaceBehavior [ RunTime:0.000077s ]
INFO: [ template_filter ] --END-- [ RunTime:0.000122s ]
INFO: Run Behavior\ParseTemplateBehavior [ RunTime:0.011938s ]
INFO: [ view_parse ] --END-- [ RunTime:0.012006s ]
INFO: [ view_filter ] --START--
INFO: Run Behavior\WriteHtmlCacheBehavior [ RunTime:0.000432s ]
INFO: [ view_filter ] --END-- [ RunTime:0.000465s ]
INFO: [ app_end ] --START--
INFO: Run Behavior\ShowPageTraceBehavior [ RunTime:0.000846s ]
INFO: [ app_end ] --END-- [ RunTime:0.000923s ]

[ 2018-07-15T23:05:00+08:00 ] ::1 /paper/index.php/Admin/User/js/raphael-min.js
INFO: [ app_init ] --START--
INFO: Run Behavior\BuildLiteBehavior [ RunTime:0.000015s ]
INFO: [ app_init ] --END-- [ RunTime:0.000445s ]
INFO: [ app_begin ] --START--
INFO: Run Behavior\ReadHtmlCacheBehavior [ RunTime:0.001203s ]
INFO: [ app_begin ] --END-- [ RunTime:0.001274s ]
ERR: 非法操作:js

[ 2018-07-15T23:06:01+08:00 ] ::1 /paper/index.php/Admin/System/into
INFO: [ app_init ] --START--
INFO: Run Behavior\BuildLiteBehavior [ RunTime:0.000016s ]
INFO: [ app_init ] --END-- [ RunTime:0.000675s ]
INFO: [ app_begin ] --START--
INFO: Run Behavior\ReadHtmlCacheBehavior [ RunTime:0.000579s ]
INFO: [ app_begin ] --END-- [ RunTime:0.000629s ]
NOTIC: [2] Missing argument 1 for Think\Controller::show(), called in D:\phpStudy\WWW\paper\Application\Admin\Controller\SystemController.class.php on line 89 and defined D:\phpStudy\WWW\paper\ThinkPHP\Library\Think\Controller.class.php 第 68 行.
NOTIC: [8] Undefined variable: content D:\phpStudy\WWW\paper\ThinkPHP\Library\Think\Controller.class.php 第 69 行.
INFO: [ view_parse ] --START--
INFO: [ template_filter ] --START--
INFO: Run Behavior\ContentReplaceBehavior [ RunTime:0.000082s ]
INFO: [ template_filter ] --END-- [ RunTime:0.000129s ]
NOTIC: [8] Undefined variable: data D:\phpStudy\WWW\paper\Application\Runtime\Cache\Admin\d55d846f3618c57067e414f075cfb79c.php 第 180 行.
INFO: Run Behavior\ParseTemplateBehavior [ RunTime:0.013768s ]
INFO: [ view_parse ] --END-- [ RunTime:0.013836s ]
INFO: [ view_filter ] --START--
INFO: Run Behavior\WriteHtmlCacheBehavior [ RunTime:0.000797s ]
INFO: [ view_filter ] --END-- [ RunTime:0.000841s ]
INFO: [ app_end ] --START--
INFO: Run Behavior\ShowPageTraceBehavior [ RunTime:0.000855s ]
INFO: [ app_end ] --END-- [ RunTime:0.000949s ]

[ 2018-07-15T23:06:01+08:00 ] ::1 /paper/index.php/Admin/System/js/raphael-min.js
INFO: [ app_init ] --START--
INFO: Run Behavior\BuildLiteBehavior [ RunTime:0.000022s ]
INFO: [ app_init ] --END-- [ RunTime:0.000687s ]
INFO: [ app_begin ] --START--
INFO: Run Behavior\ReadHtmlCacheBehavior [ RunTime:0.000897s ]
INFO: [ app_begin ] --END-- [ RunTime:0.000970s ]
ERR: 非法操作:js

[ 2018-07-15T23:18:18+08:00 ] ::1 /paper/index.php/Admin/User/showAdmin
INFO: [ app_init ] --START--
INFO: Run Behavior\BuildLiteBehavior [ RunTime:0.000017s ]
INFO: [ app_init ] --END-- [ RunTime:0.000734s ]
INFO: [ app_begin ] --START--
INFO: Run Behavior\ReadHtmlCacheBehavior [ RunTime:0.001131s ]
INFO: [ app_begin ] --END-- [ RunTime:0.001182s ]
SQL: SHOW COLUMNS FROM `paper_admin` [ RunTime:0.0066s ]
SQL: SELECT COUNT(*) AS tp_count FROM `paper_admin` LIMIT 1   [ RunTime:0.0003s ]
SQL: SELECT * FROM `paper_admin` LIMIT 0,10   [ RunTime:0.0003s ]
SQL: SHOW COLUMNS FROM `paper_system` [ RunTime:0.0057s ]
SQL: SELECT * FROM `paper_system` WHERE ( name = "教务部" )  [ RunTime:0.0003s ]
SQL: SELECT * FROM `paper_system` WHERE `id` = 'r0000' LIMIT 1   [ RunTime:0.0003s ]
SQL: SELECT * FROM `paper_system` WHERE `id` = 'r0000' LIMIT 1   [ RunTime:0.0002s ]
SQL: SELECT * FROM `paper_system` WHERE `id` = 'r0000' LIMIT 1   [ RunTime:0.0003s ]
SQL: SELECT * FROM `paper_system` WHERE `id` = 'r0000' LIMIT 1   [ RunTime:0.0003s ]
SQL: SELECT * FROM `paper_system` WHERE `id` = 'r0000' LIMIT 1   [ RunTime:0.0003s ]
SQL: SELECT * FROM `paper_system` WHERE `id` = 'r0000' LIMIT 1   [ RunTime:0.0004s ]
SQL: SELECT * FROM `paper_system` WHERE `id` = 'r0000' LIMIT 1   [ RunTime:0.0003s ]
SQL: SELECT * FROM `paper_system` WHERE `id` = 'r0000' LIMIT 1   [ RunTime:0.0003s ]
SQL: SELECT * FROM `paper_system` WHERE `id` = 'r0000' LIMIT 1   [ RunTime:0.0003s ]
SQL: SELECT * FROM `paper_system` WHERE `id` = 'r0000' LIMIT 1   [ RunTime:0.0002s ]
NOTIC: [2] Missing argument 1 for Think\Controller::show(), called in D:\phpStudy\WWW\paper\Application\Admin\Controller\UserController.class.php on line 100 and defined D:\phpStudy\WWW\paper\ThinkPHP\Library\Think\Controller.class.php 第 68 行.
NOTIC: [8] Undefined variable: content D:\phpStudy\WWW\paper\ThinkPHP\Library\Think\Controller.class.php 第 69 行.
INFO: [ view_parse ] --START--
INFO: [ template_filter ] --START--
INFO: Run Behavior\ContentReplaceBehavior [ RunTime:0.000077s ]
INFO: [ template_filter ] --END-- [ RunTime:0.000123s ]
INFO: Run Behavior\ParseTemplateBehavior [ RunTime:0.013818s ]
INFO: [ view_parse ] --END-- [ RunTime:0.013889s ]
INFO: [ view_filter ] --START--
INFO: Run Behavior\WriteHtmlCacheBehavior [ RunTime:0.001008s ]
INFO: [ view_filter ] --END-- [ RunTime:0.001051s ]
INFO: [ app_end ] --START--
INFO: Run Behavior\ShowPageTraceBehavior [ RunTime:0.001091s ]
INFO: [ app_end ] --END-- [ RunTime:0.001164s ]

[ 2018-07-15T23:18:18+08:00 ] ::1 /paper/index.php/Admin/User/js/raphael-min.js
INFO: [ app_init ] --START--
INFO: Run Behavior\BuildLiteBehavior [ RunTime:0.000016s ]
INFO: [ app_init ] --END-- [ RunTime:0.000519s ]
INFO: [ app_begin ] --START--
INFO: Run Behavior\ReadHtmlCacheBehavior [ RunTime:0.000986s ]
INFO: [ app_begin ] --END-- [ RunTime:0.001046s ]
ERR: 非法操作:js

[ 2018-07-15T23:18:30+08:00 ] ::1 /paper/index.php/Admin/User/showAdmin
INFO: [ app_init ] --START--
INFO: Run Behavior\BuildLiteBehavior [ RunTime:0.000033s ]
INFO: [ app_init ] --END-- [ RunTime:0.001446s ]
INFO: [ app_begin ] --START--
INFO: Run Behavior\ReadHtmlCacheBehavior [ RunTime:0.001066s ]
INFO: [ app_begin ] --END-- [ RunTime:0.001133s ]
SQL: SHOW COLUMNS FROM `paper_admin` [ RunTime:0.0091s ]
SQL: SELECT COUNT(*) AS tp_count FROM `paper_admin` LIMIT 1   [ RunTime:0.0003s ]
SQL: SELECT * FROM `paper_admin` LIMIT 0,10   [ RunTime:0.0004s ]
SQL: SHOW COLUMNS FROM `paper_system` [ RunTime:0.0057s ]
SQL: SELECT * FROM `paper_system` WHERE ( name = "教务部" )  [ RunTime:0.0003s ]
SQL: SELECT * FROM `paper_system` WHERE `id` = 'r0000' LIMIT 1   [ RunTime:0.0003s ]
SQL: SELECT * FROM `paper_system` WHERE `id` = 'r0000' LIMIT 1   [ RunTime:0.0003s ]
SQL: SELECT * FROM `paper_system` WHERE `id` = 'r0000' LIMIT 1   [ RunTime:0.0002s ]
SQL: SELECT * FROM `paper_system` WHERE `id` = 'r0000' LIMIT 1   [ RunTime:0.0002s ]
SQL: SELECT * FROM `paper_system` WHERE `id` = 'r0000' LIMIT 1   [ RunTime:0.0003s ]
SQL: SELECT * FROM `paper_system` WHERE `id` = 'r0000' LIMIT 1   [ RunTime:0.0002s ]
SQL: SELECT * FROM `paper_system` WHERE `id` = 'r0000' LIMIT 1   [ RunTime:0.0002s ]
SQL: SELECT * FROM `paper_system` WHERE `id` = 'r0000' LIMIT 1   [ RunTime:0.0002s ]
SQL: SELECT * FROM `paper_system` WHERE `id` = 'r0000' LIMIT 1   [ RunTime:0.0002s ]
SQL: SELECT * FROM `paper_system` WHERE `id` = 'r0000' LIMIT 1   [ RunTime:0.0003s ]
NOTIC: [2] Missing argument 1 for Think\Controller::show(), called in D:\phpStudy\WWW\paper\Application\Admin\Controller\UserController.class.php on line 100 and defined D:\phpStudy\WWW\paper\ThinkPHP\Library\Think\Controller.class.php 第 68 行.
NOTIC: [8] Undefined variable: content D:\phpStudy\WWW\paper\ThinkPHP\Library\Think\Controller.class.php 第 69 行.
INFO: [ view_parse ] --START--
INFO: [ template_filter ] --START--
INFO: Run Behavior\ContentReplaceBehavior [ RunTime:0.000120s ]
INFO: [ template_filter ] --END-- [ RunTime:0.000226s ]
INFO: Run Behavior\ParseTemplateBehavior [ RunTime:0.014946s ]
INFO: [ view_parse ] --END-- [ RunTime:0.015041s ]
INFO: [ view_filter ] --START--
INFO: Run Behavior\WriteHtmlCacheBehavior [ RunTime:0.000721s ]
INFO: [ view_filter ] --END-- [ RunTime:0.000756s ]
INFO: [ app_end ] --START--
INFO: Run Behavior\ShowPageTraceBehavior [ RunTime:0.000750s ]
INFO: [ app_end ] --END-- [ RunTime:0.000815s ]

[ 2018-07-15T23:18:30+08:00 ] ::1 /paper/index.php/Admin/User/js/raphael-min.js
INFO: [ app_init ] --START--
INFO: Run Behavior\BuildLiteBehavior [ RunTime:0.000021s ]
INFO: [ app_init ] --END-- [ RunTime:0.000671s ]
INFO: [ app_begin ] --START--
INFO: Run Behavior\ReadHtmlCacheBehavior [ RunTime:0.001500s ]
INFO: [ app_begin ] --END-- [ RunTime:0.001594s ]
ERR: 非法操作:js

[ 2018-07-15T23:18:39+08:00 ] ::1 /paper/index.php/Admin/Student/showGrade
INFO: [ app_init ] --START--
INFO: Run Behavior\BuildLiteBehavior [ RunTime:0.000014s ]
INFO: [ app_init ] --END-- [ RunTime:0.000457s ]
INFO: [ app_begin ] --START--
INFO: Run Behavior\ReadHtmlCacheBehavior [ RunTime:0.000909s ]
INFO: [ app_begin ] --END-- [ RunTime:0.000956s ]
SQL: SHOW COLUMNS FROM `paper_student` [ RunTime:0.0084s ]
SQL: SELECT COUNT(*) AS tp_count FROM `paper_student` LIMIT 1   [ RunTime:0.0003s ]
SQL: SELECT * FROM `paper_student` LIMIT 0,20   [ RunTime:0.0005s ]
NOTIC: [2] Missing argument 1 for Think\Controller::show(), called in D:\phpStudy\WWW\paper\Application\Admin\Controller\StudentController.class.php on line 19 and defined D:\phpStudy\WWW\paper\ThinkPHP\Library\Think\Controller.class.php 第 68 行.
NOTIC: [8] Undefined variable: content D:\phpStudy\WWW\paper\ThinkPHP\Library\Think\Controller.class.php 第 69 行.
INFO: [ view_parse ] --START--
INFO: [ template_filter ] --START--
INFO: Run Behavior\ContentReplaceBehavior [ RunTime:0.000167s ]
INFO: [ template_filter ] --END-- [ RunTime:0.000228s ]
INFO: Run Behavior\ParseTemplateBehavior [ RunTime:0.021796s ]
INFO: [ view_parse ] --END-- [ RunTime:0.021911s ]
INFO: [ view_filter ] --START--
INFO: Run Behavior\WriteHtmlCacheBehavior [ RunTime:0.001142s ]
INFO: [ view_filter ] --END-- [ RunTime:0.001197s ]
INFO: [ app_end ] --START--
INFO: Run Behavior\ShowPageTraceBehavior [ RunTime:0.000851s ]
INFO: [ app_end ] --END-- [ RunTime:0.000912s ]

[ 2018-07-15T23:18:39+08:00 ] ::1 /paper/index.php/Admin/Student/js/raphael-min.js
INFO: [ app_init ] --START--
INFO: Run Behavior\BuildLiteBehavior [ RunTime:0.000016s ]
INFO: [ app_init ] --END-- [ RunTime:0.000854s ]
INFO: [ app_begin ] --START--
INFO: Run Behavior\ReadHtmlCacheBehavior [ RunTime:0.001000s ]
INFO: [ app_begin ] --END-- [ RunTime:0.001065s ]
ERR: 非法操作:js

[ 2018-07-15T23:18:50+08:00 ] ::1 /paper/index.php/Admin/System/into
INFO: [ app_init ] --START--
INFO: Run Behavior\BuildLiteBehavior [ RunTime:0.000013s ]
INFO: [ app_init ] --END-- [ RunTime:0.000431s ]
INFO: [ app_begin ] --START--
INFO: Run Behavior\ReadHtmlCacheBehavior [ RunTime:0.001064s ]
INFO: [ app_begin ] --END-- [ RunTime:0.001136s ]
NOTIC: [2] Missing argument 1 for Think\Controller::show(), called in D:\phpStudy\WWW\paper\Application\Admin\Controller\SystemController.class.php on line 89 and defined D:\phpStudy\WWW\paper\ThinkPHP\Library\Think\Controller.class.php 第 68 行.
NOTIC: [8] Undefined variable: content D:\phpStudy\WWW\paper\ThinkPHP\Library\Think\Controller.class.php 第 69 行.
INFO: [ view_parse ] --START--
INFO: [ template_filter ] --START--
INFO: Run Behavior\ContentReplaceBehavior [ RunTime:0.000082s ]
INFO: [ template_filter ] --END-- [ RunTime:0.000127s ]
NOTIC: [8] Undefined variable: data D:\phpStudy\WWW\paper\Application\Runtime\Cache\Admin\d55d846f3618c57067e414f075cfb79c.php 第 180 行.
INFO: Run Behavior\ParseTemplateBehavior [ RunTime:0.011052s ]
INFO: [ view_parse ] --END-- [ RunTime:0.011117s ]
INFO: [ view_filter ] --START--
INFO: Run Behavior\WriteHtmlCacheBehavior [ RunTime:0.000648s ]
INFO: [ view_filter ] --END-- [ RunTime:0.000682s ]
INFO: [ app_end ] --START--
INFO: Run Behavior\ShowPageTraceBehavior [ RunTime:0.000799s ]
INFO: [ app_end ] --END-- [ RunTime:0.000897s ]

[ 2018-07-15T23:18:50+08:00 ] ::1 /paper/index.php/Admin/System/js/raphael-min.js
INFO: [ app_init ] --START--
INFO: Run Behavior\BuildLiteBehavior [ RunTime:0.000021s ]
INFO: [ app_init ] --END-- [ RunTime:0.000717s ]
INFO: [ app_begin ] --START--
INFO: Run Behavior\ReadHtmlCacheBehavior [ RunTime:0.001202s ]
INFO: [ app_begin ] --END-- [ RunTime:0.001275s ]
ERR: 非法操作:js

[ 2018-07-15T23:18:59+08:00 ] ::1 /paper/index.php/Admin/User/intoUser
INFO: [ app_init ] --START--
INFO: Run Behavior\BuildLiteBehavior [ RunTime:0.000014s ]
INFO: [ app_init ] --END-- [ RunTime:0.000451s ]
INFO: [ app_begin ] --START--
INFO: Run Behavior\ReadHtmlCacheBehavior [ RunTime:0.001366s ]
INFO: [ app_begin ] --END-- [ RunTime:0.001460s ]
NOTIC: [2] Missing argument 1 for Think\Controller::show(), called in D:\phpStudy\WWW\paper\Application\Admin\Controller\UserController.class.php on line 252 and defined D:\phpStudy\WWW\paper\ThinkPHP\Library\Think\Controller.class.php 第 68 行.
NOTIC: [8] Undefined variable: content D:\phpStudy\WWW\paper\ThinkPHP\Library\Think\Controller.class.php 第 69 行.
INFO: [ view_parse ] --START--
INFO: [ template_filter ] --START--
INFO: Run Behavior\ContentReplaceBehavior [ RunTime:0.000076s ]
INFO: [ template_filter ] --END-- [ RunTime:0.000119s ]
NOTIC: [8] Undefined variable: data D:\phpStudy\WWW\paper\Application\Runtime\Cache\Admin\9785a95946922cc9c5fd79e126b3cb29.php 第 181 行.
INFO: Run Behavior\ParseTemplateBehavior [ RunTime:0.014349s ]
INFO: [ view_parse ] --END-- [ RunTime:0.014402s ]
INFO: [ view_filter ] --START--
INFO: Run Behavior\WriteHtmlCacheBehavior [ RunTime:0.000848s ]
INFO: [ view_filter ] --END-- [ RunTime:0.000886s ]
INFO: [ app_end ] --START--
INFO: Run Behavior\ShowPageTraceBehavior [ RunTime:0.000827s ]
INFO: [ app_end ] --END-- [ RunTime:0.000920s ]

[ 2018-07-15T23:18:59+08:00 ] ::1 /paper/index.php/Admin/User/js/raphael-min.js
INFO: [ app_init ] --START--
INFO: Run Behavior\BuildLiteBehavior [ RunTime:0.000019s ]
INFO: [ app_init ] --END-- [ RunTime:0.000675s ]
INFO: [ app_begin ] --START--
INFO: Run Behavior\ReadHtmlCacheBehavior [ RunTime:0.001465s ]
INFO: [ app_begin ] --END-- [ RunTime:0.001555s ]
ERR: 非法操作:js

[ 2018-07-15T23:19:05+08:00 ] ::1 /paper/index.php/Admin/Student/showGrade
INFO: [ app_init ] --START--
INFO: Run Behavior\BuildLiteBehavior [ RunTime:0.000014s ]
INFO: [ app_init ] --END-- [ RunTime:0.000439s ]
INFO: [ app_begin ] --START--
INFO: Run Behavior\ReadHtmlCacheBehavior [ RunTime:0.000886s ]
INFO: [ app_begin ] --END-- [ RunTime:0.000931s ]
SQL: SHOW COLUMNS FROM `paper_student` [ RunTime:0.0084s ]
SQL: SELECT COUNT(*) AS tp_count FROM `paper_student` LIMIT 1   [ RunTime:0.0004s ]
SQL: SELECT * FROM `paper_student` LIMIT 0,20   [ RunTime:0.0005s ]
NOTIC: [2] Missing argument 1 for Think\Controller::show(), called in D:\phpStudy\WWW\paper\Application\Admin\Controller\StudentController.class.php on line 19 and defined D:\phpStudy\WWW\paper\ThinkPHP\Library\Think\Controller.class.php 第 68 行.
NOTIC: [8] Undefined variable: content D:\phpStudy\WWW\paper\ThinkPHP\Library\Think\Controller.class.php 第 69 行.
INFO: [ view_parse ] --START--
INFO: [ template_filter ] --START--
INFO: Run Behavior\ContentReplaceBehavior [ RunTime:0.000086s ]
INFO: [ template_filter ] --END-- [ RunTime:0.000138s ]
INFO: Run Behavior\ParseTemplateBehavior [ RunTime:0.012128s ]
INFO: [ view_parse ] --END-- [ RunTime:0.012186s ]
INFO: [ view_filter ] --START--
INFO: Run Behavior\WriteHtmlCacheBehavior [ RunTime:0.000661s ]
INFO: [ view_filter ] --END-- [ RunTime:0.000695s ]
INFO: [ app_end ] --START--
INFO: Run Behavior\ShowPageTraceBehavior [ RunTime:0.000678s ]
INFO: [ app_end ] --END-- [ RunTime:0.000745s ]

[ 2018-07-15T23:19:05+08:00 ] ::1 /paper/index.php/Admin/Student/js/raphael-min.js
INFO: [ app_init ] --START--
INFO: Run Behavior\BuildLiteBehavior [ RunTime:0.000057s ]
INFO: [ app_init ] --END-- [ RunTime:0.000909s ]
INFO: [ app_begin ] --START--
INFO: Run Behavior\ReadHtmlCacheBehavior [ RunTime:0.001048s ]
INFO: [ app_begin ] --END-- [ RunTime:0.001110s ]
ERR: 非法操作:js

