[ 2018-03-23T11:38:06+08:00 ] ::1 /paper/index.php/Admin/Index/index
INFO: [ app_init ] --START--
INFO: Run Behavior\BuildLiteBehavior [ RunTime:0.000031s ]
INFO: [ app_init ] --END-- [ RunTime:0.000752s ]
INFO: [ app_begin ] --START--
INFO: Run Behavior\ReadHtmlCacheBehavior [ RunTime:0.001114s ]
INFO: [ app_begin ] --END-- [ RunTime:0.001193s ]

[ 2018-03-23T11:38:06+08:00 ] ::1 /paper/index.php/Admin/login/index.html
INFO: [ app_init ] --START--
INFO: Run Behavior\BuildLiteBehavior [ RunTime:0.000013s ]
INFO: [ app_init ] --END-- [ RunTime:0.000587s ]
INFO: [ app_begin ] --START--
INFO: Run Behavior\ReadHtmlCacheBehavior [ RunTime:0.001087s ]
INFO: [ app_begin ] --END-- [ RunTime:0.001142s ]
INFO: [ view_parse ] --START--
INFO: [ template_filter ] --START--
INFO: Run Behavior\ContentReplaceBehavior [ RunTime:0.000053s ]
INFO: [ template_filter ] --END-- [ RunTime:0.000100s ]
INFO: Run Behavior\ParseTemplateBehavior [ RunTime:0.013145s ]
INFO: [ view_parse ] --END-- [ RunTime:0.013202s ]
INFO: [ view_filter ] --START--
INFO: Run Behavior\WriteHtmlCacheBehavior [ RunTime:0.000892s ]
INFO: [ view_filter ] --END-- [ RunTime:0.000929s ]
INFO: [ app_end ] --START--
INFO: Run Behavior\ShowPageTraceBehavior [ RunTime:0.000964s ]
INFO: [ app_end ] --END-- [ RunTime:0.001003s ]

[ 2018-03-23T11:38:06+08:00 ] ::1 /paper/index.php/Admin/login/favicon.ico
INFO: [ app_init ] --START--
INFO: Run Behavior\BuildLiteBehavior [ RunTime:0.000015s ]
INFO: [ app_init ] --END-- [ RunTime:0.001018s ]

[ 2018-03-23T11:41:38+08:00 ] ::1 /paper/index.php/Admin/Login/Login_check?kind=%27paper_system%27
INFO: [ app_init ] --START--
INFO: Run Behavior\BuildLiteBehavior [ RunTime:0.000013s ]
INFO: [ app_init ] --END-- [ RunTime:0.000754s ]
INFO: [ app_begin ] --START--
INFO: Run Behavior\ReadHtmlCacheBehavior [ RunTime:0.001412s ]
INFO: [ app_begin ] --END-- [ RunTime:0.001485s ]
SQL: SHOW COLUMNS FROM `paper_admin` [ RunTime:0.0142s ]
SQL: SELECT * FROM `paper_admin` WHERE `id` = '1630090112' LIMIT 1   [ RunTime:0.0005s ]
INFO: [ view_parse ] --START--
INFO: [ template_filter ] --START--
INFO: Run Behavior\ContentReplaceBehavior [ RunTime:0.000041s ]
INFO: [ template_filter ] --END-- [ RunTime:0.000087s ]
INFO: Run Behavior\ParseTemplateBehavior [ RunTime:0.012671s ]
INFO: [ view_parse ] --END-- [ RunTime:0.012741s ]
INFO: [ view_filter ] --START--
INFO: Run Behavior\WriteHtmlCacheBehavior [ RunTime:0.001648s ]
INFO: [ view_filter ] --END-- [ RunTime:0.001691s ]
INFO: [ app_end ] --START--
INFO: Run Behavior\ShowPageTraceBehavior [ RunTime:0.001388s ]
INFO: [ app_end ] --END-- [ RunTime:0.001442s ]

[ 2018-03-23T11:41:39+08:00 ] ::1 /paper/index.php/Admin/Index/index.html
INFO: [ app_init ] --START--
INFO: Run Behavior\BuildLiteBehavior [ RunTime:0.000013s ]
INFO: [ app_init ] --END-- [ RunTime:0.000558s ]
INFO: [ app_begin ] --START--
INFO: Run Behavior\ReadHtmlCacheBehavior [ RunTime:0.001657s ]
INFO: [ app_begin ] --END-- [ RunTime:0.001714s ]
NOTIC: [2] Missing argument 1 for Think\Controller::show(), called in D:\phpStudy\WWW\paper\Application\Admin\Controller\IndexController.class.php on line 10 and defined D:\phpStudy\WWW\paper\ThinkPHP\Library\Think\Controller.class.php 第 68 行.
NOTIC: [8] Undefined variable: content D:\phpStudy\WWW\paper\ThinkPHP\Library\Think\Controller.class.php 第 69 行.
INFO: [ view_parse ] --START--
INFO: [ template_filter ] --START--
INFO: Run Behavior\ContentReplaceBehavior [ RunTime:0.000172s ]
INFO: [ template_filter ] --END-- [ RunTime:0.000247s ]
INFO: Run Behavior\ParseTemplateBehavior [ RunTime:0.024338s ]
INFO: [ view_parse ] --END-- [ RunTime:0.024396s ]
INFO: [ view_filter ] --START--
INFO: Run Behavior\WriteHtmlCacheBehavior [ RunTime:0.001277s ]
INFO: [ view_filter ] --END-- [ RunTime:0.001315s ]
INFO: [ app_end ] --START--
INFO: Run Behavior\ShowPageTraceBehavior [ RunTime:0.002681s ]
INFO: [ app_end ] --END-- [ RunTime:0.002789s ]

[ 2018-03-23T11:41:39+08:00 ] ::1 /paper/index.php/Admin/Index/js/raphael-min.js
INFO: [ app_init ] --START--
INFO: Run Behavior\BuildLiteBehavior [ RunTime:0.000029s ]
INFO: [ app_init ] --END-- [ RunTime:0.000605s ]
INFO: [ app_begin ] --START--
INFO: Run Behavior\ReadHtmlCacheBehavior [ RunTime:0.002343s ]
INFO: [ app_begin ] --END-- [ RunTime:0.002530s ]
ERR: 非法操作:js

[ 2018-03-23T12:03:13+08:00 ] ::1 /paper/index.php/Admin/Index/index.html
INFO: [ app_init ] --START--
INFO: Run Behavior\BuildLiteBehavior [ RunTime:0.000015s ]
INFO: [ app_init ] --END-- [ RunTime:0.000783s ]
INFO: [ app_begin ] --START--
INFO: Run Behavior\ReadHtmlCacheBehavior [ RunTime:0.002510s ]
INFO: [ app_begin ] --END-- [ RunTime:0.002612s ]
NOTIC: [2] Missing argument 1 for Think\Controller::show(), called in D:\phpStudy\WWW\paper\Application\Admin\Controller\IndexController.class.php on line 10 and defined D:\phpStudy\WWW\paper\ThinkPHP\Library\Think\Controller.class.php 第 68 行.
NOTIC: [8] Undefined variable: content D:\phpStudy\WWW\paper\ThinkPHP\Library\Think\Controller.class.php 第 69 行.
INFO: [ view_parse ] --START--
INFO: [ template_filter ] --START--
INFO: Run Behavior\ContentReplaceBehavior [ RunTime:0.000075s ]
INFO: [ template_filter ] --END-- [ RunTime:0.000137s ]
INFO: Run Behavior\ParseTemplateBehavior [ RunTime:0.017570s ]
INFO: [ view_parse ] --END-- [ RunTime:0.017648s ]
INFO: [ view_filter ] --START--
INFO: Run Behavior\WriteHtmlCacheBehavior [ RunTime:0.001879s ]
INFO: [ view_filter ] --END-- [ RunTime:0.002096s ]
INFO: [ app_end ] --START--
INFO: Run Behavior\ShowPageTraceBehavior [ RunTime:0.002614s ]
INFO: [ app_end ] --END-- [ RunTime:0.002674s ]

[ 2018-03-23T12:03:13+08:00 ] ::1 /paper/index.php/Admin/Index/js/raphael-min.js
INFO: [ app_init ] --START--
INFO: Run Behavior\BuildLiteBehavior [ RunTime:0.000014s ]
INFO: [ app_init ] --END-- [ RunTime:0.000595s ]
INFO: [ app_begin ] --START--
INFO: Run Behavior\ReadHtmlCacheBehavior [ RunTime:0.001984s ]
INFO: [ app_begin ] --END-- [ RunTime:0.002076s ]
ERR: 非法操作:js

