[ 2019-09-25T19:00:30+08:00 ] 222.135.77.242 /index.php/Admin
INFO: [ app_init ] --START--
INFO: Run Behavior\BuildLiteBehavior [ RunTime:0.000018s ]
INFO: [ app_init ] --END-- [ RunTime:0.001057s ]
INFO: [ app_begin ] --START--
INFO: Run Behavior\ReadHtmlCacheBehavior [ RunTime:0.000970s ]
INFO: [ app_begin ] --END-- [ RunTime:0.001015s ]

[ 2019-09-25T19:00:30+08:00 ] 222.135.77.242 /index.php/Admin/login/index.html
INFO: [ app_init ] --START--
INFO: Run Behavior\BuildLiteBehavior [ RunTime:0.000010s ]
INFO: [ app_init ] --END-- [ RunTime:0.000226s ]
INFO: [ app_begin ] --START--
INFO: Run Behavior\ReadHtmlCacheBehavior [ RunTime:0.000285s ]
INFO: [ app_begin ] --END-- [ RunTime:0.000314s ]
INFO: [ view_parse ] --START--
INFO: [ template_filter ] --START--
INFO: Run Behavior\ContentReplaceBehavior [ RunTime:0.001421s ]
INFO: [ template_filter ] --END-- [ RunTime:0.001461s ]
INFO: Run Behavior\ParseTemplateBehavior [ RunTime:0.010241s ]
INFO: [ view_parse ] --END-- [ RunTime:0.010275s ]
INFO: [ view_filter ] --START--
INFO: Run Behavior\WriteHtmlCacheBehavior [ RunTime:0.000837s ]
INFO: [ view_filter ] --END-- [ RunTime:0.000858s ]
INFO: [ app_end ] --START--
INFO: Run Behavior\ShowPageTraceBehavior [ RunTime:0.000845s ]
INFO: [ app_end ] --END-- [ RunTime:0.000868s ]

[ 2019-09-25T19:00:31+08:00 ] 222.135.77.242 /index.php/Admin/login/favicon.ico
INFO: [ app_init ] --START--
INFO: Run Behavior\BuildLiteBehavior [ RunTime:0.000009s ]
INFO: [ app_init ] --END-- [ RunTime:0.000229s ]

[ 2019-09-25T19:02:52+08:00 ] 222.135.77.242 /index.php/Admin/Login/Login_check?kind=%27paper_system%27
INFO: [ app_init ] --START--
INFO: Run Behavior\BuildLiteBehavior [ RunTime:0.000017s ]
INFO: [ app_init ] --END-- [ RunTime:0.000430s ]
INFO: [ app_begin ] --START--
INFO: Run Behavior\ReadHtmlCacheBehavior [ RunTime:0.001291s ]
INFO: [ app_begin ] --END-- [ RunTime:0.001333s ]
SQL: SHOW COLUMNS FROM `paper_admin` [ RunTime:0.0010s ]
SQL: SELECT * FROM `paper_admin` WHERE `id` = '1630090112' LIMIT 1   [ RunTime:0.0006s ]
INFO: [ view_parse ] --START--
INFO: [ template_filter ] --START--
INFO: Run Behavior\ContentReplaceBehavior [ RunTime:0.000044s ]
INFO: [ template_filter ] --END-- [ RunTime:0.000079s ]
INFO: Run Behavior\ParseTemplateBehavior [ RunTime:0.008232s ]
INFO: [ view_parse ] --END-- [ RunTime:0.008265s ]
INFO: [ view_filter ] --START--
INFO: Run Behavior\WriteHtmlCacheBehavior [ RunTime:0.000140s ]
INFO: [ view_filter ] --END-- [ RunTime:0.000160s ]
INFO: [ app_end ] --START--
INFO: Run Behavior\ShowPageTraceBehavior [ RunTime:0.000525s ]
INFO: [ app_end ] --END-- [ RunTime:0.000554s ]

[ 2019-09-25T19:02:53+08:00 ] 222.135.77.242 /index.php/Admin/Index/index.html
INFO: [ app_init ] --START--
INFO: Run Behavior\BuildLiteBehavior [ RunTime:0.000013s ]
INFO: [ app_init ] --END-- [ RunTime:0.000281s ]
INFO: [ app_begin ] --START--
INFO: Run Behavior\ReadHtmlCacheBehavior [ RunTime:0.000313s ]
INFO: [ app_begin ] --END-- [ RunTime:0.000345s ]
NOTIC: [2] Missing argument 1 for Think\Controller::show(), called in /home/bae/app/Application/Admin/Controller/IndexController.class.php on line 10 and defined /home/bae/app/ThinkPHP/Library/Think/Controller.class.php 第 68 行.
NOTIC: [8] Undefined variable: content /home/bae/app/ThinkPHP/Library/Think/Controller.class.php 第 69 行.
INFO: [ view_parse ] --START--
INFO: [ template_filter ] --START--
INFO: Run Behavior\ContentReplaceBehavior [ RunTime:0.000096s ]
INFO: [ template_filter ] --END-- [ RunTime:0.000130s ]
INFO: Run Behavior\ParseTemplateBehavior [ RunTime:0.010051s ]
INFO: [ view_parse ] --END-- [ RunTime:0.010078s ]
INFO: [ view_filter ] --START--
INFO: Run Behavior\WriteHtmlCacheBehavior [ RunTime:0.000126s ]
INFO: [ view_filter ] --END-- [ RunTime:0.000146s ]
INFO: [ app_end ] --START--
INFO: Run Behavior\ShowPageTraceBehavior [ RunTime:0.000529s ]
INFO: [ app_end ] --END-- [ RunTime:0.000559s ]

[ 2019-09-25T19:02:53+08:00 ] 222.135.77.242 /index.php/Admin/Index/js/raphael-min.js
INFO: [ app_init ] --START--
INFO: Run Behavior\BuildLiteBehavior [ RunTime:0.000009s ]
INFO: [ app_init ] --END-- [ RunTime:0.000223s ]
INFO: [ app_begin ] --START--
INFO: Run Behavior\ReadHtmlCacheBehavior [ RunTime:0.000272s ]
INFO: [ app_begin ] --END-- [ RunTime:0.000299s ]
ERR: 非法操作:js

[ 2019-09-25T19:02:53+08:00 ] 222.135.77.242 /index.php/Admin/Index/js/raphael-min.js
INFO: [ app_init ] --START--
INFO: Run Behavior\BuildLiteBehavior [ RunTime:0.000015s ]
INFO: [ app_init ] --END-- [ RunTime:0.000349s ]
INFO: [ app_begin ] --START--
INFO: Run Behavior\ReadHtmlCacheBehavior [ RunTime:0.000430s ]
INFO: [ app_begin ] --END-- [ RunTime:0.000469s ]
ERR: 非法操作:js

[ 2019-09-25T19:04:03+08:00 ] 222.135.77.242 /index.php/Admin/System/into
INFO: [ app_init ] --START--
INFO: Run Behavior\BuildLiteBehavior [ RunTime:0.000008s ]
INFO: [ app_init ] --END-- [ RunTime:0.000225s ]
INFO: [ app_begin ] --START--
INFO: Run Behavior\ReadHtmlCacheBehavior [ RunTime:0.000270s ]
INFO: [ app_begin ] --END-- [ RunTime:0.000297s ]
NOTIC: [2] Missing argument 1 for Think\Controller::show(), called in /home/bae/app/Application/Admin/Controller/SystemController.class.php on line 89 and defined /home/bae/app/ThinkPHP/Library/Think/Controller.class.php 第 68 行.
NOTIC: [8] Undefined variable: content /home/bae/app/ThinkPHP/Library/Think/Controller.class.php 第 69 行.
INFO: [ view_parse ] --START--
INFO: [ template_filter ] --START--
INFO: Run Behavior\ContentReplaceBehavior [ RunTime:0.000088s ]
INFO: [ template_filter ] --END-- [ RunTime:0.000113s ]
NOTIC: [8] Undefined variable: data /home/bae/app/Application/Runtime/Cache/Admin/d55d846f3618c57067e414f075cfb79c.php 第 180 行.
INFO: Run Behavior\ParseTemplateBehavior [ RunTime:0.005682s ]
INFO: [ view_parse ] --END-- [ RunTime:0.005702s ]
INFO: [ view_filter ] --START--
INFO: Run Behavior\WriteHtmlCacheBehavior [ RunTime:0.000115s ]
INFO: [ view_filter ] --END-- [ RunTime:0.000135s ]
INFO: [ app_end ] --START--
INFO: Run Behavior\ShowPageTraceBehavior [ RunTime:0.000333s ]
INFO: [ app_end ] --END-- [ RunTime:0.000360s ]

[ 2019-09-25T19:04:03+08:00 ] 222.135.77.242 /index.php/Admin/System/js/raphael-min.js
INFO: [ app_init ] --START--
INFO: Run Behavior\BuildLiteBehavior [ RunTime:0.000009s ]
INFO: [ app_init ] --END-- [ RunTime:0.000220s ]
INFO: [ app_begin ] --START--
INFO: Run Behavior\ReadHtmlCacheBehavior [ RunTime:0.000362s ]
INFO: [ app_begin ] --END-- [ RunTime:0.000389s ]
ERR: 非法操作:js

[ 2019-09-25T19:04:22+08:00 ] 222.135.77.242 /index.php/Admin/System/into/
INFO: [ app_init ] --START--
INFO: Run Behavior\BuildLiteBehavior [ RunTime:0.000008s ]
INFO: [ app_init ] --END-- [ RunTime:0.000231s ]
INFO: [ app_begin ] --START--
INFO: Run Behavior\ReadHtmlCacheBehavior [ RunTime:0.000314s ]
INFO: [ app_begin ] --END-- [ RunTime:0.000343s ]
SQL: SHOW COLUMNS FROM `paper_system` [ RunTime:0.0010s ]
SQL: INSERT INTO `paper_system` (`id`,`name`) VALUES ('r0000','教务部') [ RunTime:0.0014s ]
SQL: INSERT INTO `paper_system` (`id`,`name`) VALUES ('r0001','软件工程系') [ RunTime:0.0012s ]
SQL: INSERT INTO `paper_system` (`id`,`name`) VALUES ('r0002','机械工程系') [ RunTime:0.0020s ]
SQL: INSERT INTO `paper_system` (`id`,`name`) VALUES ('r0003','电气工程系') [ RunTime:0.0010s ]
SQL: INSERT INTO `paper_system` (`id`,`name`) VALUES ('r0004','土木工程系') [ RunTime:0.0011s ]
SQL: INSERT INTO `paper_system` (`id`,`name`) VALUES ('r0005','食品工程系') [ RunTime:0.0011s ]
SQL: INSERT INTO `paper_system` (`id`,`name`) VALUES ('r0006','艺术系') [ RunTime:0.0010s ]
SQL: INSERT INTO `paper_system` (`id`,`name`) VALUES ('r0007','经济管理系') [ RunTime:0.0010s ]
SQL: INSERT INTO `paper_system` (`id`,`name`) VALUES ('r0008','外语系') [ RunTime:0.0010s ]
NOTIC: [2] Missing argument 1 for Think\Controller::show(), called in /home/bae/app/Application/Admin/Controller/SystemController.class.php on line 86 and defined /home/bae/app/ThinkPHP/Library/Think/Controller.class.php 第 68 行.
NOTIC: [8] Undefined variable: content /home/bae/app/ThinkPHP/Library/Think/Controller.class.php 第 69 行.
INFO: [ view_parse ] --START--
INFO: [ template_filter ] --START--
INFO: Run Behavior\ContentReplaceBehavior [ RunTime:0.000092s ]
INFO: [ template_filter ] --END-- [ RunTime:0.000120s ]
INFO: Run Behavior\ParseTemplateBehavior [ RunTime:0.004718s ]
INFO: [ view_parse ] --END-- [ RunTime:0.004746s ]
INFO: [ view_filter ] --START--
INFO: Run Behavior\WriteHtmlCacheBehavior [ RunTime:0.000180s ]
INFO: [ view_filter ] --END-- [ RunTime:0.000200s ]
INFO: [ app_end ] --START--
INFO: Run Behavior\ShowPageTraceBehavior [ RunTime:0.000347s ]
INFO: [ app_end ] --END-- [ RunTime:0.000376s ]

[ 2019-09-25T19:04:22+08:00 ] 222.135.77.242 /index.php/Admin/System/into/js/raphael-min.js
INFO: [ app_init ] --START--
INFO: Run Behavior\BuildLiteBehavior [ RunTime:0.000011s ]
INFO: [ app_init ] --END-- [ RunTime:0.000255s ]
INFO: [ app_begin ] --START--
INFO: Run Behavior\ReadHtmlCacheBehavior [ RunTime:0.000298s ]
INFO: [ app_begin ] --END-- [ RunTime:0.000326s ]
NOTIC: [2] Missing argument 1 for Think\Controller::show(), called in /home/bae/app/Application/Admin/Controller/SystemController.class.php on line 89 and defined /home/bae/app/ThinkPHP/Library/Think/Controller.class.php 第 68 行.
NOTIC: [8] Undefined variable: content /home/bae/app/ThinkPHP/Library/Think/Controller.class.php 第 69 行.
INFO: [ view_parse ] --START--
INFO: [ template_filter ] --START--
INFO: Run Behavior\ContentReplaceBehavior [ RunTime:0.000099s ]
INFO: [ template_filter ] --END-- [ RunTime:0.000130s ]
NOTIC: [8] Undefined variable: data /home/bae/app/Application/Runtime/Cache/Admin/d55d846f3618c57067e414f075cfb79c.php 第 180 行.
INFO: Run Behavior\ParseTemplateBehavior [ RunTime:0.004473s ]
INFO: [ view_parse ] --END-- [ RunTime:0.004499s ]
INFO: [ view_filter ] --START--
INFO: Run Behavior\WriteHtmlCacheBehavior [ RunTime:0.000169s ]
INFO: [ view_filter ] --END-- [ RunTime:0.000197s ]
INFO: [ app_end ] --START--
INFO: Run Behavior\ShowPageTraceBehavior [ RunTime:0.000479s ]
INFO: [ app_end ] --END-- [ RunTime:0.000516s ]

[ 2019-09-25T19:04:30+08:00 ] 222.135.77.242 /index.php/Admin/User/intoUser
INFO: [ app_init ] --START--
INFO: Run Behavior\BuildLiteBehavior [ RunTime:0.000012s ]
INFO: [ app_init ] --END-- [ RunTime:0.000255s ]
INFO: [ app_begin ] --START--
INFO: Run Behavior\ReadHtmlCacheBehavior [ RunTime:0.000284s ]
INFO: [ app_begin ] --END-- [ RunTime:0.000314s ]
NOTIC: [2] Missing argument 1 for Think\Controller::show(), called in /home/bae/app/Application/Admin/Controller/UserController.class.php on line 252 and defined /home/bae/app/ThinkPHP/Library/Think/Controller.class.php 第 68 行.
NOTIC: [8] Undefined variable: content /home/bae/app/ThinkPHP/Library/Think/Controller.class.php 第 69 行.
INFO: [ view_parse ] --START--
INFO: [ template_filter ] --START--
INFO: Run Behavior\ContentReplaceBehavior [ RunTime:0.000095s ]
INFO: [ template_filter ] --END-- [ RunTime:0.000128s ]
NOTIC: [8] Undefined variable: data /home/bae/app/Application/Runtime/Cache/Admin/9785a95946922cc9c5fd79e126b3cb29.php 第 181 行.
INFO: Run Behavior\ParseTemplateBehavior [ RunTime:0.005332s ]
INFO: [ view_parse ] --END-- [ RunTime:0.005354s ]
INFO: [ view_filter ] --START--
INFO: Run Behavior\WriteHtmlCacheBehavior [ RunTime:0.000118s ]
INFO: [ view_filter ] --END-- [ RunTime:0.000136s ]
INFO: [ app_end ] --START--
INFO: Run Behavior\ShowPageTraceBehavior [ RunTime:0.000332s ]
INFO: [ app_end ] --END-- [ RunTime:0.000363s ]

[ 2019-09-25T19:04:30+08:00 ] 222.135.77.242 /index.php/Admin/User/js/raphael-min.js
INFO: [ app_init ] --START--
INFO: Run Behavior\BuildLiteBehavior [ RunTime:0.000013s ]
INFO: [ app_init ] --END-- [ RunTime:0.000290s ]
INFO: [ app_begin ] --START--
INFO: Run Behavior\ReadHtmlCacheBehavior [ RunTime:0.000304s ]
INFO: [ app_begin ] --END-- [ RunTime:0.000332s ]
ERR: 非法操作:js

[ 2019-09-25T19:04:36+08:00 ] 222.135.77.242 /index.php/Admin/User/intoUser/
INFO: [ app_init ] --START--
INFO: Run Behavior\BuildLiteBehavior [ RunTime:0.000012s ]
INFO: [ app_init ] --END-- [ RunTime:0.000327s ]
INFO: [ app_begin ] --START--
INFO: Run Behavior\ReadHtmlCacheBehavior [ RunTime:0.000428s ]
INFO: [ app_begin ] --END-- [ RunTime:0.000467s ]
SQL: SHOW COLUMNS FROM `paper_admin` [ RunTime:0.0008s ]
ERR: 1062:Duplicate entry '1630090112' for key 'PRIMARY'
 [ SQL语句 ] : INSERT INTO `paper_admin` (`id`,`name`,`password`) VALUES ('1630090112','朱忠贤','e10adc3949')
ERR: 1062:Duplicate entry '1630090112' for key 'PRIMARY'
 [ SQL语句 ] : INSERT INTO `paper_admin` (`id`,`name`,`password`) VALUES ('1630090112','朱忠贤','e10adc3949')

[ 2019-09-25T19:05:44+08:00 ] 222.135.77.242 /index.php/Admin/User/js/raphael-min.js
INFO: [ app_init ] --START--
INFO: Run Behavior\BuildLiteBehavior [ RunTime:0.000012s ]
INFO: [ app_init ] --END-- [ RunTime:0.000262s ]
INFO: [ app_begin ] --START--
INFO: Run Behavior\ReadHtmlCacheBehavior [ RunTime:0.000324s ]
INFO: [ app_begin ] --END-- [ RunTime:0.000351s ]
ERR: 非法操作:js

[ 2019-09-25T19:05:47+08:00 ] 222.135.77.242 /index.php/Admin/User/intoUser/
INFO: [ app_init ] --START--
INFO: Run Behavior\BuildLiteBehavior [ RunTime:0.000009s ]
INFO: [ app_init ] --END-- [ RunTime:0.000219s ]
INFO: [ app_begin ] --START--
INFO: Run Behavior\ReadHtmlCacheBehavior [ RunTime:0.000283s ]
INFO: [ app_begin ] --END-- [ RunTime:0.000312s ]

[ 2019-09-25T19:05:49+08:00 ] 222.135.77.242 /index.php/Admin/User/js/raphael-min.js
INFO: [ app_init ] --START--
INFO: Run Behavior\BuildLiteBehavior [ RunTime:0.000009s ]
INFO: [ app_init ] --END-- [ RunTime:0.000217s ]
INFO: [ app_begin ] --START--
INFO: Run Behavior\ReadHtmlCacheBehavior [ RunTime:0.000289s ]
INFO: [ app_begin ] --END-- [ RunTime:0.000315s ]
ERR: 非法操作:js

[ 2019-09-25T19:05:55+08:00 ] 222.135.77.242 /index.php/Admin/User/intoUser/
INFO: [ app_init ] --START--
INFO: Run Behavior\BuildLiteBehavior [ RunTime:0.000010s ]
INFO: [ app_init ] --END-- [ RunTime:0.000231s ]
INFO: [ app_begin ] --START--
INFO: Run Behavior\ReadHtmlCacheBehavior [ RunTime:0.000318s ]
INFO: [ app_begin ] --END-- [ RunTime:0.000353s ]
SQL: SHOW COLUMNS FROM `paper_admin` [ RunTime:0.0014s ]
ERR: 1062:Duplicate entry '1630090112' for key 'PRIMARY'
 [ SQL语句 ] : INSERT INTO `paper_admin` (`id`,`name`,`password`) VALUES ('1630090112','朱忠贤','e10adc3949')
ERR: 1062:Duplicate entry '1630090112' for key 'PRIMARY'
 [ SQL语句 ] : INSERT INTO `paper_admin` (`id`,`name`,`password`) VALUES ('1630090112','朱忠贤','e10adc3949')

[ 2019-09-25T19:06:01+08:00 ] 222.135.77.242 /index.php/Admin/User/js/raphael-min.js
INFO: [ app_init ] --START--
INFO: Run Behavior\BuildLiteBehavior [ RunTime:0.000011s ]
INFO: [ app_init ] --END-- [ RunTime:0.000229s ]
INFO: [ app_begin ] --START--
INFO: Run Behavior\ReadHtmlCacheBehavior [ RunTime:0.000286s ]
INFO: [ app_begin ] --END-- [ RunTime:0.000313s ]
ERR: 非法操作:js

[ 2019-09-25T19:06:39+08:00 ] 222.135.77.242 /index.php/Admin/User/intoUser
INFO: [ app_init ] --START--
INFO: Run Behavior\BuildLiteBehavior [ RunTime:0.000009s ]
INFO: [ app_init ] --END-- [ RunTime:0.000438s ]
INFO: [ app_begin ] --START--
INFO: Run Behavior\ReadHtmlCacheBehavior [ RunTime:0.000297s ]
INFO: [ app_begin ] --END-- [ RunTime:0.000325s ]
NOTIC: [2] Missing argument 1 for Think\Controller::show(), called in /home/bae/app/Application/Admin/Controller/UserController.class.php on line 252 and defined /home/bae/app/ThinkPHP/Library/Think/Controller.class.php 第 68 行.
NOTIC: [8] Undefined variable: content /home/bae/app/ThinkPHP/Library/Think/Controller.class.php 第 69 行.
INFO: [ view_parse ] --START--
INFO: [ template_filter ] --START--
INFO: Run Behavior\ContentReplaceBehavior [ RunTime:0.000090s ]
INFO: [ template_filter ] --END-- [ RunTime:0.000116s ]
NOTIC: [8] Undefined variable: data /home/bae/app/Application/Runtime/Cache/Admin/9785a95946922cc9c5fd79e126b3cb29.php 第 181 行.
INFO: Run Behavior\ParseTemplateBehavior [ RunTime:0.005301s ]
INFO: [ view_parse ] --END-- [ RunTime:0.005323s ]
INFO: [ view_filter ] --START--
INFO: Run Behavior\WriteHtmlCacheBehavior [ RunTime:0.000171s ]
INFO: [ view_filter ] --END-- [ RunTime:0.000191s ]
INFO: [ app_end ] --START--
INFO: Run Behavior\ShowPageTraceBehavior [ RunTime:0.000334s ]
INFO: [ app_end ] --END-- [ RunTime:0.000362s ]

[ 2019-09-25T19:06:39+08:00 ] 222.135.77.242 /index.php/Admin/User/js/raphael-min.js
INFO: [ app_init ] --START--
INFO: Run Behavior\BuildLiteBehavior [ RunTime:0.000009s ]
INFO: [ app_init ] --END-- [ RunTime:0.000225s ]
INFO: [ app_begin ] --START--
INFO: Run Behavior\ReadHtmlCacheBehavior [ RunTime:0.000279s ]
INFO: [ app_begin ] --END-- [ RunTime:0.000314s ]
ERR: 非法操作:js

[ 2019-09-25T19:06:46+08:00 ] 222.135.77.242 /index.php/Admin/User/intoUser/
INFO: [ app_init ] --START--
INFO: Run Behavior\BuildLiteBehavior [ RunTime:0.000009s ]
INFO: [ app_init ] --END-- [ RunTime:0.000302s ]
INFO: [ app_begin ] --START--
INFO: Run Behavior\ReadHtmlCacheBehavior [ RunTime:0.000311s ]
INFO: [ app_begin ] --END-- [ RunTime:0.000341s ]
SQL: SHOW COLUMNS FROM `paper_leader` [ RunTime:0.0011s ]
SQL: INSERT INTO `paper_leader` (`id`,`name`,`sid`,`password`) VALUES ('1630090133','张起顺','r0001','e10adc3949') [ RunTime:0.0016s ]
SQL: SHOW COLUMNS FROM `paper_teacher` [ RunTime:0.0010s ]
SQL: INSERT INTO `paper_teacher` (`id`,`name`,`sid`,`password`) VALUES ('1630090135','朱明义','r0002','e10adc3949') [ RunTime:0.0028s ]
NOTIC: [2] unlink(./Public/upload/eda09fa06ff12307c0438749aada40a1.xlsx): No such file or directory /home/bae/app/Application/Admin/Controller/UserController.class.php 第 242 行.
SQL: SHOW COLUMNS FROM `paper_student` [ RunTime:0.0009s ]
SQL: INSERT INTO `paper_student` (`id`,`name`,`sid`,`password`) VALUES ('1630090205','崔翊超','r0003','e10adc3949') [ RunTime:0.0013s ]
NOTIC: [2] unlink(./Public/upload/eda09fa06ff12307c0438749aada40a1.xlsx): No such file or directory /home/bae/app/Application/Admin/Controller/UserController.class.php 第 242 行.
SQL: SHOW COLUMNS FROM `paper_admin` [ RunTime:0.0007s ]
SQL: INSERT INTO `paper_admin` (`id`,`name`,`password`) VALUES ('1630090206','房小涵','e10adc3949') [ RunTime:0.0013s ]
NOTIC: [2] unlink(./Public/upload/eda09fa06ff12307c0438749aada40a1.xlsx): No such file or directory /home/bae/app/Application/Admin/Controller/UserController.class.php 第 242 行.
SQL: INSERT INTO `paper_leader` (`id`,`name`,`sid`,`password`) VALUES ('1630090207','孙迎港','r0005','e10adc3949') [ RunTime:0.0013s ]
NOTIC: [2] unlink(./Public/upload/eda09fa06ff12307c0438749aada40a1.xlsx): No such file or directory /home/bae/app/Application/Admin/Controller/UserController.class.php 第 242 行.
SQL: INSERT INTO `paper_teacher` (`id`,`name`,`sid`,`password`) VALUES ('1630090208','宋淑伟','r0006','e10adc3949') [ RunTime:0.0025s ]
NOTIC: [2] unlink(./Public/upload/eda09fa06ff12307c0438749aada40a1.xlsx): No such file or directory /home/bae/app/Application/Admin/Controller/UserController.class.php 第 242 行.
SQL: INSERT INTO `paper_student` (`id`,`name`,`sid`,`password`) VALUES ('1630090209','宋淑伟','r0007','e10adc3949') [ RunTime:0.0028s ]
NOTIC: [2] unlink(./Public/upload/eda09fa06ff12307c0438749aada40a1.xlsx): No such file or directory /home/bae/app/Application/Admin/Controller/UserController.class.php 第 242 行.
SQL: INSERT INTO `paper_admin` (`id`,`name`,`password`) VALUES ('1630090210','宋淑伟','e10adc3949') [ RunTime:0.0028s ]
NOTIC: [2] unlink(./Public/upload/eda09fa06ff12307c0438749aada40a1.xlsx): No such file or directory /home/bae/app/Application/Admin/Controller/UserController.class.php 第 242 行.
SQL: INSERT INTO `paper_leader` (`id`,`name`,`sid`,`password`) VALUES ('1630090211','宋淑伟','r0008','e10adc3949') [ RunTime:0.0018s ]
NOTIC: [2] unlink(./Public/upload/eda09fa06ff12307c0438749aada40a1.xlsx): No such file or directory /home/bae/app/Application/Admin/Controller/UserController.class.php 第 242 行.
SQL: INSERT INTO `paper_teacher` (`id`,`name`,`sid`,`password`) VALUES ('1630090212','宋淑伟','r0000','e10adc3949') [ RunTime:0.0013s ]
NOTIC: [2] unlink(./Public/upload/eda09fa06ff12307c0438749aada40a1.xlsx): No such file or directory /home/bae/app/Application/Admin/Controller/UserController.class.php 第 242 行.
SQL: INSERT INTO `paper_student` (`id`,`name`,`sid`,`password`) VALUES ('1630090213','宋淑伟','r0001','e10adc3949') [ RunTime:0.0013s ]
NOTIC: [2] unlink(./Public/upload/eda09fa06ff12307c0438749aada40a1.xlsx): No such file or directory /home/bae/app/Application/Admin/Controller/UserController.class.php 第 242 行.
SQL: INSERT INTO `paper_admin` (`id`,`name`,`password`) VALUES ('1630090214','宋淑伟','e10adc3949') [ RunTime:0.0013s ]
NOTIC: [2] unlink(./Public/upload/eda09fa06ff12307c0438749aada40a1.xlsx): No such file or directory /home/bae/app/Application/Admin/Controller/UserController.class.php 第 242 行.
SQL: INSERT INTO `paper_leader` (`id`,`name`,`sid`,`password`) VALUES ('1630090215','宋淑伟','r0003','e10adc3949') [ RunTime:0.0012s ]
NOTIC: [2] unlink(./Public/upload/eda09fa06ff12307c0438749aada40a1.xlsx): No such file or directory /home/bae/app/Application/Admin/Controller/UserController.class.php 第 242 行.
SQL: INSERT INTO `paper_teacher` (`id`,`name`,`sid`,`password`) VALUES ('1630090216','宋淑伟','r0000','e10adc3949') [ RunTime:0.0014s ]
NOTIC: [2] unlink(./Public/upload/eda09fa06ff12307c0438749aada40a1.xlsx): No such file or directory /home/bae/app/Application/Admin/Controller/UserController.class.php 第 242 行.
SQL: INSERT INTO `paper_student` (`id`,`name`,`sid`,`password`) VALUES ('1630090217','宋淑伟','r0005','e10adc3949') [ RunTime:0.0013s ]
NOTIC: [2] unlink(./Public/upload/eda09fa06ff12307c0438749aada40a1.xlsx): No such file or directory /home/bae/app/Application/Admin/Controller/UserController.class.php 第 242 行.
SQL: INSERT INTO `paper_admin` (`id`,`name`,`password`) VALUES ('1630090218','宋淑伟','e10adc3949') [ RunTime:0.0013s ]
NOTIC: [2] unlink(./Public/upload/eda09fa06ff12307c0438749aada40a1.xlsx): No such file or directory /home/bae/app/Application/Admin/Controller/UserController.class.php 第 242 行.
SQL: INSERT INTO `paper_leader` (`id`,`name`,`sid`,`password`) VALUES ('1630090219','宋淑伟','r0007','e10adc3949') [ RunTime:0.0012s ]
NOTIC: [2] unlink(./Public/upload/eda09fa06ff12307c0438749aada40a1.xlsx): No such file or directory /home/bae/app/Application/Admin/Controller/UserController.class.php 第 242 行.
SQL: INSERT INTO `paper_teacher` (`id`,`name`,`sid`,`password`) VALUES ('1630090220','宋淑伟','r0000','e10adc3949') [ RunTime:0.0012s ]
NOTIC: [2] unlink(./Public/upload/eda09fa06ff12307c0438749aada40a1.xlsx): No such file or directory /home/bae/app/Application/Admin/Controller/UserController.class.php 第 242 行.
SQL: INSERT INTO `paper_student` (`id`,`name`,`sid`,`password`) VALUES ('1630090221','宋淑伟','r0008','e10adc3949') [ RunTime:0.0014s ]
NOTIC: [2] unlink(./Public/upload/eda09fa06ff12307c0438749aada40a1.xlsx): No such file or directory /home/bae/app/Application/Admin/Controller/UserController.class.php 第 242 行.
SQL: INSERT INTO `paper_admin` (`id`,`name`,`password`) VALUES ('1630090222','宋淑伟','e10adc3949') [ RunTime:0.0013s ]
NOTIC: [2] unlink(./Public/upload/eda09fa06ff12307c0438749aada40a1.xlsx): No such file or directory /home/bae/app/Application/Admin/Controller/UserController.class.php 第 242 行.
SQL: INSERT INTO `paper_leader` (`id`,`name`,`sid`,`password`) VALUES ('1630090223','宋淑伟','r0001','e10adc3949') [ RunTime:0.0014s ]
NOTIC: [2] unlink(./Public/upload/eda09fa06ff12307c0438749aada40a1.xlsx): No such file or directory /home/bae/app/Application/Admin/Controller/UserController.class.php 第 242 行.
SQL: INSERT INTO `paper_teacher` (`id`,`name`,`sid`,`password`) VALUES ('1630090224','宋淑伟','r0002','e10adc3949') [ RunTime:0.0012s ]
NOTIC: [2] unlink(./Public/upload/eda09fa06ff12307c0438749aada40a1.xlsx): No such file or directory /home/bae/app/Application/Admin/Controller/UserController.class.php 第 242 行.
SQL: INSERT INTO `paper_student` (`id`,`name`,`sid`,`password`) VALUES ('1630090225','宋淑伟','r0003','e10adc3949') [ RunTime:0.0013s ]
NOTIC: [2] unlink(./Public/upload/eda09fa06ff12307c0438749aada40a1.xlsx): No such file or directory /home/bae/app/Application/Admin/Controller/UserController.class.php 第 242 行.
SQL: INSERT INTO `paper_admin` (`id`,`name`,`password`) VALUES ('1630090226','宋淑伟','e10adc3949') [ RunTime:0.0011s ]
NOTIC: [2] unlink(./Public/upload/eda09fa06ff12307c0438749aada40a1.xlsx): No such file or directory /home/bae/app/Application/Admin/Controller/UserController.class.php 第 242 行.
SQL: INSERT INTO `paper_leader` (`id`,`name`,`sid`,`password`) VALUES ('1630090227','宋淑伟','r0005','e10adc3949') [ RunTime:0.0011s ]
NOTIC: [2] unlink(./Public/upload/eda09fa06ff12307c0438749aada40a1.xlsx): No such file or directory /home/bae/app/Application/Admin/Controller/UserController.class.php 第 242 行.
SQL: INSERT INTO `paper_teacher` (`id`,`name`,`sid`,`password`) VALUES ('1630090228','宋淑伟','r0006','e10adc3949') [ RunTime:0.0011s ]
NOTIC: [2] unlink(./Public/upload/eda09fa06ff12307c0438749aada40a1.xlsx): No such file or directory /home/bae/app/Application/Admin/Controller/UserController.class.php 第 242 行.
SQL: INSERT INTO `paper_student` (`id`,`name`,`sid`,`password`) VALUES ('1630090229','宋淑伟','r0007','e10adc3949') [ RunTime:0.0012s ]
NOTIC: [2] unlink(./Public/upload/eda09fa06ff12307c0438749aada40a1.xlsx): No such file or directory /home/bae/app/Application/Admin/Controller/UserController.class.php 第 242 行.
SQL: INSERT INTO `paper_admin` (`id`,`name`,`password`) VALUES ('1630090230','宋淑伟','e10adc3949') [ RunTime:0.0010s ]
NOTIC: [2] unlink(./Public/upload/eda09fa06ff12307c0438749aada40a1.xlsx): No such file or directory /home/bae/app/Application/Admin/Controller/UserController.class.php 第 242 行.
SQL: INSERT INTO `paper_leader` (`id`,`name`,`sid`,`password`) VALUES ('1630090231','宋淑伟','r0008','e10adc3949') [ RunTime:0.0011s ]
NOTIC: [2] unlink(./Public/upload/eda09fa06ff12307c0438749aada40a1.xlsx): No such file or directory /home/bae/app/Application/Admin/Controller/UserController.class.php 第 242 行.
SQL: INSERT INTO `paper_teacher` (`id`,`name`,`sid`,`password`) VALUES ('1630090232','宋淑伟','r0000','e10adc3949') [ RunTime:0.0012s ]
NOTIC: [2] unlink(./Public/upload/eda09fa06ff12307c0438749aada40a1.xlsx): No such file or directory /home/bae/app/Application/Admin/Controller/UserController.class.php 第 242 行.
SQL: INSERT INTO `paper_student` (`id`,`name`,`sid`,`password`) VALUES ('1630090233','宋淑伟','r0001','e10adc3949') [ RunTime:0.0021s ]
NOTIC: [2] unlink(./Public/upload/eda09fa06ff12307c0438749aada40a1.xlsx): No such file or directory /home/bae/app/Application/Admin/Controller/UserController.class.php 第 242 行.
SQL: INSERT INTO `paper_admin` (`id`,`name`,`password`) VALUES ('1630090234','宋淑伟','e10adc3949') [ RunTime:0.0012s ]
NOTIC: [2] unlink(./Public/upload/eda09fa06ff12307c0438749aada40a1.xlsx): No such file or directory /home/bae/app/Application/Admin/Controller/UserController.class.php 第 242 行.
SQL: INSERT INTO `paper_leader` (`id`,`name`,`sid`,`password`) VALUES ('1630090235','宋淑伟','r0003','e10adc3949') [ RunTime:0.0012s ]
NOTIC: [2] unlink(./Public/upload/eda09fa06ff12307c0438749aada40a1.xlsx): No such file or directory /home/bae/app/Application/Admin/Controller/UserController.class.php 第 242 行.
SQL: INSERT INTO `paper_teacher` (`id`,`name`,`sid`,`password`) VALUES ('1630090236','宋淑伟','r0000','e10adc3949') [ RunTime:0.0011s ]
NOTIC: [2] unlink(./Public/upload/eda09fa06ff12307c0438749aada40a1.xlsx): No such file or directory /home/bae/app/Application/Admin/Controller/UserController.class.php 第 242 行.
SQL: INSERT INTO `paper_student` (`id`,`name`,`sid`,`password`) VALUES ('1630090237','宋淑伟','r0005','e10adc3949') [ RunTime:0.0012s ]
NOTIC: [2] unlink(./Public/upload/eda09fa06ff12307c0438749aada40a1.xlsx): No such file or directory /home/bae/app/Application/Admin/Controller/UserController.class.php 第 242 行.
SQL: INSERT INTO `paper_admin` (`id`,`name`,`password`) VALUES ('1630090238','宋淑伟','e10adc3949') [ RunTime:0.0012s ]
NOTIC: [2] unlink(./Public/upload/eda09fa06ff12307c0438749aada40a1.xlsx): No such file or directory /home/bae/app/Application/Admin/Controller/UserController.class.php 第 242 行.
SQL: INSERT INTO `paper_leader` (`id`,`name`,`sid`,`password`) VALUES ('1630090239','宋淑伟','r0007','e10adc3949') [ RunTime:0.0017s ]
NOTIC: [2] unlink(./Public/upload/eda09fa06ff12307c0438749aada40a1.xlsx): No such file or directory /home/bae/app/Application/Admin/Controller/UserController.class.php 第 242 行.
SQL: INSERT INTO `paper_teacher` (`id`,`name`,`sid`,`password`) VALUES ('1630090240','宋淑伟','r0000','e10adc3949') [ RunTime:0.0014s ]
NOTIC: [2] unlink(./Public/upload/eda09fa06ff12307c0438749aada40a1.xlsx): No such file or directory /home/bae/app/Application/Admin/Controller/UserController.class.php 第 242 行.
SQL: INSERT INTO `paper_student` (`id`,`name`,`sid`,`password`) VALUES ('1630090241','宋淑伟','r0000','e10adc3949') [ RunTime:0.0022s ]
NOTIC: [2] unlink(./Public/upload/eda09fa06ff12307c0438749aada40a1.xlsx): No such file or directory /home/bae/app/Application/Admin/Controller/UserController.class.php 第 242 行.
SQL: INSERT INTO `paper_admin` (`id`,`name`,`password`) VALUES ('1630090242','宋淑伟','e10adc3949') [ RunTime:0.0046s ]
NOTIC: [2] unlink(./Public/upload/eda09fa06ff12307c0438749aada40a1.xlsx): No such file or directory /home/bae/app/Application/Admin/Controller/UserController.class.php 第 242 行.
SQL: INSERT INTO `paper_leader` (`id`,`name`,`sid`,`password`) VALUES ('1630090243','宋淑伟','r0002','e10adc3949') [ RunTime:0.0019s ]
NOTIC: [2] unlink(./Public/upload/eda09fa06ff12307c0438749aada40a1.xlsx): No such file or directory /home/bae/app/Application/Admin/Controller/UserController.class.php 第 242 行.
SQL: INSERT INTO `paper_teacher` (`id`,`name`,`sid`,`password`) VALUES ('1630090244','宋淑伟','r0003','e10adc3949') [ RunTime:0.0013s ]
NOTIC: [2] unlink(./Public/upload/eda09fa06ff12307c0438749aada40a1.xlsx): No such file or directory /home/bae/app/Application/Admin/Controller/UserController.class.php 第 242 行.
SQL: INSERT INTO `paper_student` (`id`,`name`,`sid`,`password`) VALUES ('1630090245','宋淑伟','r0000','e10adc3949') [ RunTime:0.0019s ]
NOTIC: [2] unlink(./Public/upload/eda09fa06ff12307c0438749aada40a1.xlsx): No such file or directory /home/bae/app/Application/Admin/Controller/UserController.class.php 第 242 行.
SQL: INSERT INTO `paper_admin` (`id`,`name`,`password`) VALUES ('1630090246','宋淑伟','e10adc3949') [ RunTime:0.0026s ]
NOTIC: [2] unlink(./Public/upload/eda09fa06ff12307c0438749aada40a1.xlsx): No such file or directory /home/bae/app/Application/Admin/Controller/UserController.class.php 第 242 行.
SQL: INSERT INTO `paper_leader` (`id`,`name`,`sid`,`password`) VALUES ('1630090247','宋淑伟','r0006','e10adc3949') [ RunTime:0.0015s ]
NOTIC: [2] unlink(./Public/upload/eda09fa06ff12307c0438749aada40a1.xlsx): No such file or directory /home/bae/app/Application/Admin/Controller/UserController.class.php 第 242 行.
SQL: INSERT INTO `paper_teacher` (`id`,`name`,`sid`,`password`) VALUES ('1630090248','宋淑伟','r0007','e10adc3949') [ RunTime:0.0013s ]
NOTIC: [2] unlink(./Public/upload/eda09fa06ff12307c0438749aada40a1.xlsx): No such file or directory /home/bae/app/Application/Admin/Controller/UserController.class.php 第 242 行.
SQL: INSERT INTO `paper_student` (`id`,`name`,`sid`,`password`) VALUES ('1630090249','宋淑伟','r0000','e10adc3949') [ RunTime:0.0015s ]
NOTIC: [2] unlink(./Public/upload/eda09fa06ff12307c0438749aada40a1.xlsx): No such file or directory /home/bae/app/Application/Admin/Controller/UserController.class.php 第 242 行.
SQL: INSERT INTO `paper_admin` (`id`,`name`,`password`) VALUES ('1630090250','宋淑伟','e10adc3949') [ RunTime:0.0013s ]
NOTIC: [2] unlink(./Public/upload/eda09fa06ff12307c0438749aada40a1.xlsx): No such file or directory /home/bae/app/Application/Admin/Controller/UserController.class.php 第 242 行.
SQL: INSERT INTO `paper_leader` (`id`,`name`,`sid`,`password`) VALUES ('1630090251','宋淑伟','r0001','e10adc3949') [ RunTime:0.0020s ]
NOTIC: [2] unlink(./Public/upload/eda09fa06ff12307c0438749aada40a1.xlsx): No such file or directory /home/bae/app/Application/Admin/Controller/UserController.class.php 第 242 行.
SQL: INSERT INTO `paper_teacher` (`id`,`name`,`sid`,`password`) VALUES ('1630090252','宋淑伟','r0002','e10adc3949') [ RunTime:0.0012s ]
NOTIC: [2] unlink(./Public/upload/eda09fa06ff12307c0438749aada40a1.xlsx): No such file or directory /home/bae/app/Application/Admin/Controller/UserController.class.php 第 242 行.
SQL: INSERT INTO `paper_student` (`id`,`name`,`sid`,`password`) VALUES ('1630090253','宋淑伟','r0003','e10adc3949') [ RunTime:0.0012s ]
NOTIC: [2] unlink(./Public/upload/eda09fa06ff12307c0438749aada40a1.xlsx): No such file or directory /home/bae/app/Application/Admin/Controller/UserController.class.php 第 242 行.
SQL: INSERT INTO `paper_admin` (`id`,`name`,`password`) VALUES ('1630090254','宋淑伟','e10adc3949') [ RunTime:0.0011s ]
NOTIC: [2] unlink(./Public/upload/eda09fa06ff12307c0438749aada40a1.xlsx): No such file or directory /home/bae/app/Application/Admin/Controller/UserController.class.php 第 242 行.
SQL: INSERT INTO `paper_leader` (`id`,`name`,`sid`,`password`) VALUES ('1630090255','宋淑伟','r0005','e10adc3949') [ RunTime:0.0012s ]
NOTIC: [2] unlink(./Public/upload/eda09fa06ff12307c0438749aada40a1.xlsx): No such file or directory /home/bae/app/Application/Admin/Controller/UserController.class.php 第 242 行.
SQL: INSERT INTO `paper_teacher` (`id`,`name`,`sid`,`password`) VALUES ('1630090256','宋淑伟','r0006','e10adc3949') [ RunTime:0.0012s ]
NOTIC: [2] unlink(./Public/upload/eda09fa06ff12307c0438749aada40a1.xlsx): No such file or directory /home/bae/app/Application/Admin/Controller/UserController.class.php 第 242 行.
SQL: INSERT INTO `paper_student` (`id`,`name`,`sid`,`password`) VALUES ('1630090257','宋淑伟','r0007','e10adc3949') [ RunTime:0.0013s ]
NOTIC: [2] unlink(./Public/upload/eda09fa06ff12307c0438749aada40a1.xlsx): No such file or directory /home/bae/app/Application/Admin/Controller/UserController.class.php 第 242 行.
SQL: INSERT INTO `paper_admin` (`id`,`name`,`password`) VALUES ('1630090258','宋淑伟','e10adc3949') [ RunTime:0.0011s ]
NOTIC: [2] unlink(./Public/upload/eda09fa06ff12307c0438749aada40a1.xlsx): No such file or directory /home/bae/app/Application/Admin/Controller/UserController.class.php 第 242 行.
SQL: INSERT INTO `paper_leader` (`id`,`name`,`sid`,`password`) VALUES ('1630090259','宋淑伟','r0000','e10adc3949') [ RunTime:0.0011s ]
NOTIC: [2] unlink(./Public/upload/eda09fa06ff12307c0438749aada40a1.xlsx): No such file or directory /home/bae/app/Application/Admin/Controller/UserController.class.php 第 242 行.
SQL: INSERT INTO `paper_teacher` (`id`,`name`,`sid`,`password`) VALUES ('1630090260','宋淑伟','r0001','e10adc3949') [ RunTime:0.0012s ]
NOTIC: [2] unlink(./Public/upload/eda09fa06ff12307c0438749aada40a1.xlsx): No such file or directory /home/bae/app/Application/Admin/Controller/UserController.class.php 第 242 行.
SQL: INSERT INTO `paper_student` (`id`,`name`,`sid`,`password`) VALUES ('1630090261','宋淑伟','r0002','e10adc3949') [ RunTime:0.0011s ]
NOTIC: [2] unlink(./Public/upload/eda09fa06ff12307c0438749aada40a1.xlsx): No such file or directory /home/bae/app/Application/Admin/Controller/UserController.class.php 第 242 行.
SQL: INSERT INTO `paper_admin` (`id`,`name`,`password`) VALUES ('1630090262','宋淑伟','e10adc3949') [ RunTime:0.0011s ]
NOTIC: [2] unlink(./Public/upload/eda09fa06ff12307c0438749aada40a1.xlsx): No such file or directory /home/bae/app/Application/Admin/Controller/UserController.class.php 第 242 行.
SQL: INSERT INTO `paper_leader` (`id`,`name`,`sid`,`password`) VALUES ('1630090263','宋淑伟','r0000','e10adc3949') [ RunTime:0.0012s ]
NOTIC: [2] unlink(./Public/upload/eda09fa06ff12307c0438749aada40a1.xlsx): No such file or directory /home/bae/app/Application/Admin/Controller/UserController.class.php 第 242 行.
SQL: INSERT INTO `paper_teacher` (`id`,`name`,`sid`,`password`) VALUES ('1630090264','宋淑伟','r0005','e10adc3949') [ RunTime:0.0013s ]
NOTIC: [2] unlink(./Public/upload/eda09fa06ff12307c0438749aada40a1.xlsx): No such file or directory /home/bae/app/Application/Admin/Controller/UserController.class.php 第 242 行.
SQL: INSERT INTO `paper_student` (`id`,`name`,`sid`,`password`) VALUES ('1630090265','宋淑伟','r0006','e10adc3949') [ RunTime:0.0013s ]
NOTIC: [2] unlink(./Public/upload/eda09fa06ff12307c0438749aada40a1.xlsx): No such file or directory /home/bae/app/Application/Admin/Controller/UserController.class.php 第 242 行.
SQL: INSERT INTO `paper_admin` (`id`,`name`,`password`) VALUES ('1630090266','宋淑伟','e10adc3949') [ RunTime:0.0016s ]
NOTIC: [2] unlink(./Public/upload/eda09fa06ff12307c0438749aada40a1.xlsx): No such file or directory /home/bae/app/Application/Admin/Controller/UserController.class.php 第 242 行.
SQL: INSERT INTO `paper_leader` (`id`,`name`,`sid`,`password`) VALUES ('1630090267','宋淑伟','r0000','e10adc3949') [ RunTime:0.0015s ]
NOTIC: [2] unlink(./Public/upload/eda09fa06ff12307c0438749aada40a1.xlsx): No such file or directory /home/bae/app/Application/Admin/Controller/UserController.class.php 第 242 行.
SQL: INSERT INTO `paper_teacher` (`id`,`name`,`sid`,`password`) VALUES ('1630090268','宋淑伟','r0000','e10adc3949') [ RunTime:0.0014s ]
NOTIC: [2] unlink(./Public/upload/eda09fa06ff12307c0438749aada40a1.xlsx): No such file or directory /home/bae/app/Application/Admin/Controller/UserController.class.php 第 242 行.
SQL: INSERT INTO `paper_student` (`id`,`name`,`sid`,`password`) VALUES ('1630090269','宋淑伟','r0001','e10adc3949') [ RunTime:0.0016s ]
NOTIC: [2] unlink(./Public/upload/eda09fa06ff12307c0438749aada40a1.xlsx): No such file or directory /home/bae/app/Application/Admin/Controller/UserController.class.php 第 242 行.
SQL: INSERT INTO `paper_admin` (`id`,`name`,`password`) VALUES ('1630090270','宋淑伟','e10adc3949') [ RunTime:0.0014s ]
NOTIC: [2] unlink(./Public/upload/eda09fa06ff12307c0438749aada40a1.xlsx): No such file or directory /home/bae/app/Application/Admin/Controller/UserController.class.php 第 242 行.
SQL: INSERT INTO `paper_leader` (`id`,`name`,`sid`,`password`) VALUES ('1630090271','宋淑伟','r0003','e10adc3949') [ RunTime:0.0012s ]
NOTIC: [2] unlink(./Public/upload/eda09fa06ff12307c0438749aada40a1.xlsx): No such file or directory /home/bae/app/Application/Admin/Controller/UserController.class.php 第 242 行.
SQL: INSERT INTO `paper_teacher` (`id`,`name`,`sid`,`password`) VALUES ('1630090272','宋淑伟','r0000','e10adc3949') [ RunTime:0.0011s ]
NOTIC: [2] unlink(./Public/upload/eda09fa06ff12307c0438749aada40a1.xlsx): No such file or directory /home/bae/app/Application/Admin/Controller/UserController.class.php 第 242 行.
SQL: INSERT INTO `paper_student` (`id`,`name`,`sid`,`password`) VALUES ('1630090273','宋淑伟','r0005','e10adc3949') [ RunTime:0.0011s ]
NOTIC: [2] unlink(./Public/upload/eda09fa06ff12307c0438749aada40a1.xlsx): No such file or directory /home/bae/app/Application/Admin/Controller/UserController.class.php 第 242 行.
SQL: INSERT INTO `paper_admin` (`id`,`name`,`password`) VALUES ('1630090274','宋淑伟','e10adc3949') [ RunTime:0.0011s ]
NOTIC: [2] unlink(./Public/upload/eda09fa06ff12307c0438749aada40a1.xlsx): No such file or directory /home/bae/app/Application/Admin/Controller/UserController.class.php 第 242 行.
SQL: INSERT INTO `paper_leader` (`id`,`name`,`sid`,`password`) VALUES ('1630090275','宋淑伟','r0007','e10adc3949') [ RunTime:0.0011s ]
NOTIC: [2] unlink(./Public/upload/eda09fa06ff12307c0438749aada40a1.xlsx): No such file or directory /home/bae/app/Application/Admin/Controller/UserController.class.php 第 242 行.
SQL: INSERT INTO `paper_teacher` (`id`,`name`,`sid`,`password`) VALUES ('1630090276','宋淑伟','r0000','e10adc3949') [ RunTime:0.0010s ]
NOTIC: [2] unlink(./Public/upload/eda09fa06ff12307c0438749aada40a1.xlsx): No such file or directory /home/bae/app/Application/Admin/Controller/UserController.class.php 第 242 行.
SQL: INSERT INTO `paper_student` (`id`,`name`,`sid`,`password`) VALUES ('1630090277','宋淑伟','r0000','e10adc3949') [ RunTime:0.0011s ]
NOTIC: [2] unlink(./Public/upload/eda09fa06ff12307c0438749aada40a1.xlsx): No such file or directory /home/bae/app/Application/Admin/Controller/UserController.class.php 第 242 行.
SQL: INSERT INTO `paper_admin` (`id`,`name`,`password`) VALUES ('1630090278','宋淑伟','e10adc3949') [ RunTime:0.0013s ]
NOTIC: [2] unlink(./Public/upload/eda09fa06ff12307c0438749aada40a1.xlsx): No such file or directory /home/bae/app/Application/Admin/Controller/UserController.class.php 第 242 行.
SQL: INSERT INTO `paper_leader` (`id`,`name`,`sid`,`password`) VALUES ('1630090279','宋淑伟','r0002','e10adc3949') [ RunTime:0.0012s ]
NOTIC: [2] unlink(./Public/upload/eda09fa06ff12307c0438749aada40a1.xlsx): No such file or directory /home/bae/app/Application/Admin/Controller/UserController.class.php 第 242 行.
SQL: INSERT INTO `paper_teacher` (`id`,`name`,`sid`,`password`) VALUES ('1630090280','宋淑伟','r0003','e10adc3949') [ RunTime:0.0011s ]
NOTIC: [2] unlink(./Public/upload/eda09fa06ff12307c0438749aada40a1.xlsx): No such file or directory /home/bae/app/Application/Admin/Controller/UserController.class.php 第 242 行.
SQL: INSERT INTO `paper_student` (`id`,`name`,`sid`,`password`) VALUES ('1630090281','宋淑伟','r0000','e10adc3949') [ RunTime:0.0012s ]
NOTIC: [2] unlink(./Public/upload/eda09fa06ff12307c0438749aada40a1.xlsx): No such file or directory /home/bae/app/Application/Admin/Controller/UserController.class.php 第 242 行.
SQL: INSERT INTO `paper_admin` (`id`,`name`,`password`) VALUES ('1630090282','宋淑伟','e10adc3949') [ RunTime:0.0011s ]
NOTIC: [2] unlink(./Public/upload/eda09fa06ff12307c0438749aada40a1.xlsx): No such file or directory /home/bae/app/Application/Admin/Controller/UserController.class.php 第 242 行.
SQL: INSERT INTO `paper_leader` (`id`,`name`,`sid`,`password`) VALUES ('1630090283','宋淑伟','r0006','e10adc3949') [ RunTime:0.0010s ]
NOTIC: [2] unlink(./Public/upload/eda09fa06ff12307c0438749aada40a1.xlsx): No such file or directory /home/bae/app/Application/Admin/Controller/UserController.class.php 第 242 行.
SQL: INSERT INTO `paper_teacher` (`id`,`name`,`sid`,`password`) VALUES ('1630090284','宋淑伟','r0007','e10adc3949') [ RunTime:0.0011s ]
NOTIC: [2] unlink(./Public/upload/eda09fa06ff12307c0438749aada40a1.xlsx): No such file or directory /home/bae/app/Application/Admin/Controller/UserController.class.php 第 242 行.
SQL: INSERT INTO `paper_student` (`id`,`name`,`sid`,`password`) VALUES ('1630090285','宋淑伟','r0000','e10adc3949') [ RunTime:0.0011s ]
NOTIC: [2] unlink(./Public/upload/eda09fa06ff12307c0438749aada40a1.xlsx): No such file or directory /home/bae/app/Application/Admin/Controller/UserController.class.php 第 242 行.
SQL: INSERT INTO `paper_admin` (`id`,`name`,`password`) VALUES ('1630090286','宋淑伟','e10adc3949') [ RunTime:0.0013s ]
NOTIC: [2] unlink(./Public/upload/eda09fa06ff12307c0438749aada40a1.xlsx): No such file or directory /home/bae/app/Application/Admin/Controller/UserController.class.php 第 242 行.
SQL: INSERT INTO `paper_leader` (`id`,`name`,`sid`,`password`) VALUES ('1630090287','宋淑伟','r0001','e10adc3949') [ RunTime:0.0012s ]
NOTIC: [2] unlink(./Public/upload/eda09fa06ff12307c0438749aada40a1.xlsx): No such file or directory /home/bae/app/Application/Admin/Controller/UserController.class.php 第 242 行.
SQL: INSERT INTO `paper_teacher` (`id`,`name`,`sid`,`password`) VALUES ('1630090288','宋淑伟','r0002','e10adc3949') [ RunTime:0.0014s ]
NOTIC: [2] unlink(./Public/upload/eda09fa06ff12307c0438749aada40a1.xlsx): No such file or directory /home/bae/app/Application/Admin/Controller/UserController.class.php 第 242 行.
SQL: INSERT INTO `paper_student` (`id`,`name`,`sid`,`password`) VALUES ('1630090289','宋淑伟','r0003','e10adc3949') [ RunTime:0.0013s ]
NOTIC: [2] unlink(./Public/upload/eda09fa06ff12307c0438749aada40a1.xlsx): No such file or directory /home/bae/app/Application/Admin/Controller/UserController.class.php 第 242 行.
SQL: INSERT INTO `paper_admin` (`id`,`name`,`password`) VALUES ('1630090290','宋淑伟','e10adc3949') [ RunTime:0.0012s ]
NOTIC: [2] unlink(./Public/upload/eda09fa06ff12307c0438749aada40a1.xlsx): No such file or directory /home/bae/app/Application/Admin/Controller/UserController.class.php 第 242 行.
SQL: INSERT INTO `paper_leader` (`id`,`name`,`sid`,`password`) VALUES ('1630090291','宋淑伟','r0005','e10adc3949') [ RunTime:0.0012s ]
NOTIC: [2] unlink(./Public/upload/eda09fa06ff12307c0438749aada40a1.xlsx): No such file or directory /home/bae/app/Application/Admin/Controller/UserController.class.php 第 242 行.
SQL: INSERT INTO `paper_teacher` (`id`,`name`,`sid`,`password`) VALUES ('1630090292','宋淑伟','r0006','e10adc3949') [ RunTime:0.0013s ]
NOTIC: [2] unlink(./Public/upload/eda09fa06ff12307c0438749aada40a1.xlsx): No such file or directory /home/bae/app/Application/Admin/Controller/UserController.class.php 第 242 行.
SQL: INSERT INTO `paper_student` (`id`,`name`,`sid`,`password`) VALUES ('1630090293','宋淑伟','r0007','e10adc3949') [ RunTime:0.0013s ]
NOTIC: [2] unlink(./Public/upload/eda09fa06ff12307c0438749aada40a1.xlsx): No such file or directory /home/bae/app/Application/Admin/Controller/UserController.class.php 第 242 行.
SQL: INSERT INTO `paper_admin` (`id`,`name`,`password`) VALUES ('1630090294','宋淑伟','e10adc3949') [ RunTime:0.0012s ]
NOTIC: [2] unlink(./Public/upload/eda09fa06ff12307c0438749aada40a1.xlsx): No such file or directory /home/bae/app/Application/Admin/Controller/UserController.class.php 第 242 行.
SQL: INSERT INTO `paper_leader` (`id`,`name`,`sid`,`password`) VALUES ('1630090295','宋淑伟','r0000','e10adc3949') [ RunTime:0.0012s ]
NOTIC: [2] unlink(./Public/upload/eda09fa06ff12307c0438749aada40a1.xlsx): No such file or directory /home/bae/app/Application/Admin/Controller/UserController.class.php 第 242 行.
SQL: INSERT INTO `paper_teacher` (`id`,`name`,`sid`,`password`) VALUES ('1630090296','宋淑伟','r0001','e10adc3949') [ RunTime:0.0012s ]
NOTIC: [2] unlink(./Public/upload/eda09fa06ff12307c0438749aada40a1.xlsx): No such file or directory /home/bae/app/Application/Admin/Controller/UserController.class.php 第 242 行.
SQL: INSERT INTO `paper_student` (`id`,`name`,`sid`,`password`) VALUES ('1630090297','宋淑伟','r0002','e10adc3949') [ RunTime:0.0010s ]
NOTIC: [2] unlink(./Public/upload/eda09fa06ff12307c0438749aada40a1.xlsx): No such file or directory /home/bae/app/Application/Admin/Controller/UserController.class.php 第 242 行.
SQL: INSERT INTO `paper_admin` (`id`,`name`,`password`) VALUES ('1630090298','宋淑伟','e10adc3949') [ RunTime:0.0009s ]
NOTIC: [2] unlink(./Public/upload/eda09fa06ff12307c0438749aada40a1.xlsx): No such file or directory /home/bae/app/Application/Admin/Controller/UserController.class.php 第 242 行.
SQL: INSERT INTO `paper_leader` (`id`,`name`,`sid`,`password`) VALUES ('1630090299','宋淑伟','r0000','e10adc3949') [ RunTime:0.0011s ]
NOTIC: [2] unlink(./Public/upload/eda09fa06ff12307c0438749aada40a1.xlsx): No such file or directory /home/bae/app/Application/Admin/Controller/UserController.class.php 第 242 行.
SQL: INSERT INTO `paper_teacher` (`id`,`name`,`sid`,`password`) VALUES ('1630090300','宋淑伟','r0005','e10adc3949') [ RunTime:0.0010s ]
NOTIC: [2] unlink(./Public/upload/eda09fa06ff12307c0438749aada40a1.xlsx): No such file or directory /home/bae/app/Application/Admin/Controller/UserController.class.php 第 242 行.
NOTIC: [2] Missing argument 1 for Think\Controller::show(), called in /home/bae/app/Application/Admin/Controller/UserController.class.php on line 250 and defined /home/bae/app/ThinkPHP/Library/Think/Controller.class.php 第 68 行.
NOTIC: [8] Undefined variable: content /home/bae/app/ThinkPHP/Library/Think/Controller.class.php 第 69 行.
INFO: [ view_parse ] --START--
INFO: [ template_filter ] --START--
INFO: Run Behavior\ContentReplaceBehavior [ RunTime:0.000099s ]
INFO: [ template_filter ] --END-- [ RunTime:0.000126s ]
INFO: Run Behavior\ParseTemplateBehavior [ RunTime:0.005158s ]
INFO: [ view_parse ] --END-- [ RunTime:0.005193s ]
INFO: [ view_filter ] --START--
INFO: Run Behavior\WriteHtmlCacheBehavior [ RunTime:0.000139s ]
INFO: [ view_filter ] --END-- [ RunTime:0.000157s ]
INFO: [ app_end ] --START--
INFO: Run Behavior\ShowPageTraceBehavior [ RunTime:0.000349s ]
INFO: [ app_end ] --END-- [ RunTime:0.000378s ]

[ 2019-09-25T19:06:47+08:00 ] 222.135.77.242 /index.php/Admin/User/intoUser/js/raphael-min.js
INFO: [ app_init ] --START--
INFO: Run Behavior\BuildLiteBehavior [ RunTime:0.000009s ]
INFO: [ app_init ] --END-- [ RunTime:0.000239s ]
INFO: [ app_begin ] --START--
INFO: Run Behavior\ReadHtmlCacheBehavior [ RunTime:0.000310s ]
INFO: [ app_begin ] --END-- [ RunTime:0.000341s ]
NOTIC: [2] Missing argument 1 for Think\Controller::show(), called in /home/bae/app/Application/Admin/Controller/UserController.class.php on line 252 and defined /home/bae/app/ThinkPHP/Library/Think/Controller.class.php 第 68 行.
NOTIC: [8] Undefined variable: content /home/bae/app/ThinkPHP/Library/Think/Controller.class.php 第 69 行.
INFO: [ view_parse ] --START--
INFO: [ template_filter ] --START--
INFO: Run Behavior\ContentReplaceBehavior [ RunTime:0.000090s ]
INFO: [ template_filter ] --END-- [ RunTime:0.000115s ]
NOTIC: [8] Undefined variable: data /home/bae/app/Application/Runtime/Cache/Admin/9785a95946922cc9c5fd79e126b3cb29.php 第 181 行.
INFO: Run Behavior\ParseTemplateBehavior [ RunTime:0.004528s ]
INFO: [ view_parse ] --END-- [ RunTime:0.004549s ]
INFO: [ view_filter ] --START--
INFO: Run Behavior\WriteHtmlCacheBehavior [ RunTime:0.000115s ]
INFO: [ view_filter ] --END-- [ RunTime:0.000134s ]
INFO: [ app_end ] --START--
INFO: Run Behavior\ShowPageTraceBehavior [ RunTime:0.000349s ]
INFO: [ app_end ] --END-- [ RunTime:0.000377s ]

[ 2019-09-25T19:06:55+08:00 ] 222.135.77.242 /index.php/Admin/Teacher/intoRelation
INFO: [ app_init ] --START--
INFO: Run Behavior\BuildLiteBehavior [ RunTime:0.000009s ]
INFO: [ app_init ] --END-- [ RunTime:0.000264s ]
INFO: [ app_begin ] --START--
INFO: Run Behavior\ReadHtmlCacheBehavior [ RunTime:0.000360s ]
INFO: [ app_begin ] --END-- [ RunTime:0.000393s ]
NOTIC: [2] Missing argument 1 for Think\Controller::show(), called in /home/bae/app/Application/Admin/Controller/TeacherController.class.php on line 52 and defined /home/bae/app/ThinkPHP/Library/Think/Controller.class.php 第 68 行.
NOTIC: [8] Undefined variable: content /home/bae/app/ThinkPHP/Library/Think/Controller.class.php 第 69 行.
INFO: [ view_parse ] --START--
INFO: [ template_filter ] --START--
INFO: Run Behavior\ContentReplaceBehavior [ RunTime:0.000092s ]
INFO: [ template_filter ] --END-- [ RunTime:0.000121s ]
NOTIC: [8] Undefined variable: data /home/bae/app/Application/Runtime/Cache/Admin/4fbdd2c9933e98a723209aea16f6f593.php 第 181 行.
INFO: Run Behavior\ParseTemplateBehavior [ RunTime:0.005242s ]
INFO: [ view_parse ] --END-- [ RunTime:0.005263s ]
INFO: [ view_filter ] --START--
INFO: Run Behavior\WriteHtmlCacheBehavior [ RunTime:0.000164s ]
INFO: [ view_filter ] --END-- [ RunTime:0.000183s ]
INFO: [ app_end ] --START--
INFO: Run Behavior\ShowPageTraceBehavior [ RunTime:0.000332s ]
INFO: [ app_end ] --END-- [ RunTime:0.000359s ]

[ 2019-09-25T19:06:55+08:00 ] 222.135.77.242 /index.php/Admin/Teacher/js/raphael-min.js
INFO: [ app_init ] --START--
INFO: Run Behavior\BuildLiteBehavior [ RunTime:0.000010s ]
INFO: [ app_init ] --END-- [ RunTime:0.000241s ]
INFO: [ app_begin ] --START--
INFO: Run Behavior\ReadHtmlCacheBehavior [ RunTime:0.000290s ]
INFO: [ app_begin ] --END-- [ RunTime:0.000317s ]
ERR: 非法操作:js

[ 2019-09-25T19:07:38+08:00 ] 222.135.77.242 /index.php/Admin/Teacher/intoRelation/
INFO: [ app_init ] --START--
INFO: Run Behavior\BuildLiteBehavior [ RunTime:0.000012s ]
INFO: [ app_init ] --END-- [ RunTime:0.000268s ]
INFO: [ app_begin ] --START--
INFO: Run Behavior\ReadHtmlCacheBehavior [ RunTime:0.000342s ]
INFO: [ app_begin ] --END-- [ RunTime:0.000373s ]
SQL: SHOW COLUMNS FROM `paper_teacher` [ RunTime:0.0009s ]
SQL: UPDATE `paper_teacher` SET `member`='1630090205,1630000000' WHERE ( id=1630090135 ) [ RunTime:0.0016s ]
SQL: UPDATE `paper_teacher` SET `member`='1630090297,1630090293' WHERE ( id=1630090208 ) [ RunTime:0.0020s ]
SQL: UPDATE `paper_teacher` SET `member`='1630090209' WHERE ( id=1630090212 ) [ RunTime:0.0012s ]
SQL: UPDATE `paper_teacher` SET `member`='1630090213' WHERE ( id=1630090216 ) [ RunTime:0.0012s ]
SQL: UPDATE `paper_teacher` SET `member`='1630090217' WHERE ( id=1630090220 ) [ RunTime:0.0014s ]
SQL: UPDATE `paper_teacher` SET `member`='1630090221' WHERE ( id=1630090224 ) [ RunTime:0.0013s ]
SQL: UPDATE `paper_teacher` SET `member`='1630090225,1630090277' WHERE ( id=1630090228 ) [ RunTime:0.0013s ]
SQL: UPDATE `paper_teacher` SET `member`='1630090229,1630090281' WHERE ( id=1630090232 ) [ RunTime:0.0014s ]
SQL: UPDATE `paper_teacher` SET `member`='1630090233,1630090285' WHERE ( id=1630090236 ) [ RunTime:0.0012s ]
SQL: UPDATE `paper_teacher` SET `member`='1630090237,1630090289' WHERE ( id=1630090240 ) [ RunTime:0.0012s ]
SQL: UPDATE `paper_teacher` SET `member`='1630090241' WHERE ( id=1630090244 ) [ RunTime:0.0011s ]
SQL: UPDATE `paper_teacher` SET `member`='1630090245' WHERE ( id=1630090248 ) [ RunTime:0.0016s ]
SQL: UPDATE `paper_teacher` SET `member`='1630090249' WHERE ( id=1630090252 ) [ RunTime:0.0011s ]
SQL: UPDATE `paper_teacher` SET `member`='1630090253' WHERE ( id=1630090256 ) [ RunTime:0.0014s ]
SQL: UPDATE `paper_teacher` SET `member`='1630090257' WHERE ( id=1630090260 ) [ RunTime:0.0013s ]
SQL: UPDATE `paper_teacher` SET `member`='1630090261' WHERE ( id=1630090264 ) [ RunTime:0.0016s ]
SQL: UPDATE `paper_teacher` SET `member`='1630090265' WHERE ( id=1630090268 ) [ RunTime:0.0013s ]
SQL: UPDATE `paper_teacher` SET `member`='1630090269' WHERE ( id=1630090272 ) [ RunTime:0.0017s ]
SQL: UPDATE `paper_teacher` SET `member`='1630090273' WHERE ( id=1630090276 ) [ RunTime:0.0015s ]
NOTIC: [2] Missing argument 1 for Think\Controller::show(), called in /home/bae/app/Application/Admin/Controller/TeacherController.class.php on line 49 and defined /home/bae/app/ThinkPHP/Library/Think/Controller.class.php 第 68 行.
NOTIC: [8] Undefined variable: content /home/bae/app/ThinkPHP/Library/Think/Controller.class.php 第 69 行.
INFO: [ view_parse ] --START--
INFO: [ template_filter ] --START--
INFO: Run Behavior\ContentReplaceBehavior [ RunTime:0.000100s ]
INFO: [ template_filter ] --END-- [ RunTime:0.000127s ]
INFO: Run Behavior\ParseTemplateBehavior [ RunTime:0.004725s ]
INFO: [ view_parse ] --END-- [ RunTime:0.004750s ]
INFO: [ view_filter ] --START--
INFO: Run Behavior\WriteHtmlCacheBehavior [ RunTime:0.000140s ]
INFO: [ view_filter ] --END-- [ RunTime:0.000158s ]
INFO: [ app_end ] --START--
INFO: Run Behavior\ShowPageTraceBehavior [ RunTime:0.000346s ]
INFO: [ app_end ] --END-- [ RunTime:0.000382s ]

[ 2019-09-25T19:07:38+08:00 ] 222.135.77.242 /index.php/Admin/Teacher/intoRelation/js/raphael-min.js
INFO: [ app_init ] --START--
INFO: Run Behavior\BuildLiteBehavior [ RunTime:0.000009s ]
INFO: [ app_init ] --END-- [ RunTime:0.000239s ]
INFO: [ app_begin ] --START--
INFO: Run Behavior\ReadHtmlCacheBehavior [ RunTime:0.000300s ]
INFO: [ app_begin ] --END-- [ RunTime:0.000327s ]
NOTIC: [2] Missing argument 1 for Think\Controller::show(), called in /home/bae/app/Application/Admin/Controller/TeacherController.class.php on line 52 and defined /home/bae/app/ThinkPHP/Library/Think/Controller.class.php 第 68 行.
NOTIC: [8] Undefined variable: content /home/bae/app/ThinkPHP/Library/Think/Controller.class.php 第 69 行.
INFO: [ view_parse ] --START--
INFO: [ template_filter ] --START--
INFO: Run Behavior\ContentReplaceBehavior [ RunTime:0.000094s ]
INFO: [ template_filter ] --END-- [ RunTime:0.000128s ]
NOTIC: [8] Undefined variable: data /home/bae/app/Application/Runtime/Cache/Admin/4fbdd2c9933e98a723209aea16f6f593.php 第 181 行.
INFO: Run Behavior\ParseTemplateBehavior [ RunTime:0.004438s ]
INFO: [ view_parse ] --END-- [ RunTime:0.004459s ]
INFO: [ view_filter ] --START--
INFO: Run Behavior\WriteHtmlCacheBehavior [ RunTime:0.000182s ]
INFO: [ view_filter ] --END-- [ RunTime:0.000203s ]
INFO: [ app_end ] --START--
INFO: Run Behavior\ShowPageTraceBehavior [ RunTime:0.000327s ]
INFO: [ app_end ] --END-- [ RunTime:0.000351s ]

[ 2019-09-25T19:07:49+08:00 ] 222.135.77.242 /index.php/Admin/User/showLeader
INFO: [ app_init ] --START--
INFO: Run Behavior\BuildLiteBehavior [ RunTime:0.000012s ]
INFO: [ app_init ] --END-- [ RunTime:0.000234s ]
INFO: [ app_begin ] --START--
INFO: Run Behavior\ReadHtmlCacheBehavior [ RunTime:0.000271s ]
INFO: [ app_begin ] --END-- [ RunTime:0.000298s ]
SQL: SHOW COLUMNS FROM `paper_leader` [ RunTime:0.0009s ]
SQL: SELECT COUNT(*) AS tp_count FROM `paper_leader` LIMIT 1   [ RunTime:0.0005s ]
SQL: SELECT `id`,`name`,`password`,`sid` FROM `paper_leader` LIMIT 0,5   [ RunTime:0.0005s ]
SQL: SHOW COLUMNS FROM `paper_system` [ RunTime:0.0007s ]
SQL: SELECT * FROM `paper_system` WHERE `id` = 'r0001' LIMIT 1   [ RunTime:0.0005s ]
SQL: SELECT * FROM `paper_system` WHERE `id` = 'r0005' LIMIT 1   [ RunTime:0.0004s ]
SQL: SELECT * FROM `paper_system` WHERE `id` = 'r0008' LIMIT 1   [ RunTime:0.0004s ]
SQL: SELECT * FROM `paper_system` WHERE `id` = 'r0003' LIMIT 1   [ RunTime:0.0004s ]
SQL: SELECT * FROM `paper_system` WHERE `id` = 'r0007' LIMIT 1   [ RunTime:0.0004s ]
NOTIC: [2] Missing argument 1 for Think\Controller::show(), called in /home/bae/app/Application/Admin/Controller/UserController.class.php on line 130 and defined /home/bae/app/ThinkPHP/Library/Think/Controller.class.php 第 68 行.
NOTIC: [8] Undefined variable: content /home/bae/app/ThinkPHP/Library/Think/Controller.class.php 第 69 行.
INFO: [ view_parse ] --START--
INFO: [ template_filter ] --START--
INFO: Run Behavior\ContentReplaceBehavior [ RunTime:0.000115s ]
INFO: [ template_filter ] --END-- [ RunTime:0.000172s ]
INFO: Run Behavior\ParseTemplateBehavior [ RunTime:0.006755s ]
INFO: [ view_parse ] --END-- [ RunTime:0.006781s ]
INFO: [ view_filter ] --START--
INFO: Run Behavior\WriteHtmlCacheBehavior [ RunTime:0.000127s ]
INFO: [ view_filter ] --END-- [ RunTime:0.000146s ]
INFO: [ app_end ] --START--
INFO: Run Behavior\ShowPageTraceBehavior [ RunTime:0.000501s ]
INFO: [ app_end ] --END-- [ RunTime:0.000532s ]

[ 2019-09-25T19:07:49+08:00 ] 222.135.77.242 /index.php/Admin/User/js/raphael-min.js
INFO: [ app_init ] --START--
INFO: Run Behavior\BuildLiteBehavior [ RunTime:0.000010s ]
INFO: [ app_init ] --END-- [ RunTime:0.000239s ]
INFO: [ app_begin ] --START--
INFO: Run Behavior\ReadHtmlCacheBehavior [ RunTime:0.000270s ]
INFO: [ app_begin ] --END-- [ RunTime:0.000296s ]
ERR: 非法操作:js

[ 2019-09-25T19:07:52+08:00 ] 222.135.77.242 /index.php/Admin/User/showAdmin
INFO: [ app_init ] --START--
INFO: Run Behavior\BuildLiteBehavior [ RunTime:0.000012s ]
INFO: [ app_init ] --END-- [ RunTime:0.000671s ]
INFO: [ app_begin ] --START--
INFO: Run Behavior\ReadHtmlCacheBehavior [ RunTime:0.000353s ]
INFO: [ app_begin ] --END-- [ RunTime:0.000385s ]
SQL: SHOW COLUMNS FROM `paper_admin` [ RunTime:0.0009s ]
SQL: SELECT COUNT(*) AS tp_count FROM `paper_admin` LIMIT 1   [ RunTime:0.0005s ]
SQL: SELECT * FROM `paper_admin` LIMIT 0,10   [ RunTime:0.0006s ]
SQL: SHOW COLUMNS FROM `paper_system` [ RunTime:0.0006s ]
SQL: SELECT * FROM `paper_system` WHERE ( name = "教务部" )  [ RunTime:0.0006s ]
SQL: SELECT * FROM `paper_system` WHERE `id` = 'r0000' LIMIT 1   [ RunTime:0.0005s ]
SQL: SELECT * FROM `paper_system` WHERE `id` = 'r0000' LIMIT 1   [ RunTime:0.0005s ]
SQL: SELECT * FROM `paper_system` WHERE `id` = 'r0000' LIMIT 1   [ RunTime:0.0006s ]
SQL: SELECT * FROM `paper_system` WHERE `id` = 'r0000' LIMIT 1   [ RunTime:0.0005s ]
SQL: SELECT * FROM `paper_system` WHERE `id` = 'r0000' LIMIT 1   [ RunTime:0.0005s ]
SQL: SELECT * FROM `paper_system` WHERE `id` = 'r0000' LIMIT 1   [ RunTime:0.0004s ]
SQL: SELECT * FROM `paper_system` WHERE `id` = 'r0000' LIMIT 1   [ RunTime:0.0004s ]
SQL: SELECT * FROM `paper_system` WHERE `id` = 'r0000' LIMIT 1   [ RunTime:0.0005s ]
SQL: SELECT * FROM `paper_system` WHERE `id` = 'r0000' LIMIT 1   [ RunTime:0.0004s ]
SQL: SELECT * FROM `paper_system` WHERE `id` = 'r0000' LIMIT 1   [ RunTime:0.0005s ]
NOTIC: [2] Missing argument 1 for Think\Controller::show(), called in /home/bae/app/Application/Admin/Controller/UserController.class.php on line 100 and defined /home/bae/app/ThinkPHP/Library/Think/Controller.class.php 第 68 行.
NOTIC: [8] Undefined variable: content /home/bae/app/ThinkPHP/Library/Think/Controller.class.php 第 69 行.
INFO: [ view_parse ] --START--
INFO: [ template_filter ] --START--
INFO: Run Behavior\ContentReplaceBehavior [ RunTime:0.000090s ]
INFO: [ template_filter ] --END-- [ RunTime:0.000116s ]
INFO: Run Behavior\ParseTemplateBehavior [ RunTime:0.006333s ]
INFO: [ view_parse ] --END-- [ RunTime:0.006359s ]
INFO: [ view_filter ] --START--
INFO: Run Behavior\WriteHtmlCacheBehavior [ RunTime:0.000118s ]
INFO: [ view_filter ] --END-- [ RunTime:0.000137s ]
INFO: [ app_end ] --START--
INFO: Run Behavior\ShowPageTraceBehavior [ RunTime:0.000337s ]
INFO: [ app_end ] --END-- [ RunTime:0.000365s ]

[ 2019-09-25T19:07:52+08:00 ] 222.135.77.242 /index.php/Admin/User/js/raphael-min.js
INFO: [ app_init ] --START--
INFO: Run Behavior\BuildLiteBehavior [ RunTime:0.000009s ]
INFO: [ app_init ] --END-- [ RunTime:0.000223s ]
INFO: [ app_begin ] --START--
INFO: Run Behavior\ReadHtmlCacheBehavior [ RunTime:0.000323s ]
INFO: [ app_begin ] --END-- [ RunTime:0.000357s ]
ERR: 非法操作:js

[ 2019-09-25T19:07:55+08:00 ] 222.135.77.242 /index.php/Admin/User/showAdmin/p/2.html
INFO: [ app_init ] --START--
INFO: Run Behavior\BuildLiteBehavior [ RunTime:0.000009s ]
INFO: [ app_init ] --END-- [ RunTime:0.000226s ]
INFO: [ app_begin ] --START--
INFO: Run Behavior\ReadHtmlCacheBehavior [ RunTime:0.000285s ]
INFO: [ app_begin ] --END-- [ RunTime:0.000313s ]
SQL: SHOW COLUMNS FROM `paper_admin` [ RunTime:0.0010s ]
SQL: SELECT COUNT(*) AS tp_count FROM `paper_admin` LIMIT 1   [ RunTime:0.0006s ]
SQL: SELECT * FROM `paper_admin` LIMIT 10,10   [ RunTime:0.0006s ]
SQL: SHOW COLUMNS FROM `paper_system` [ RunTime:0.0010s ]
SQL: SELECT * FROM `paper_system` WHERE ( name = "教务部" )  [ RunTime:0.0009s ]
SQL: SELECT * FROM `paper_system` WHERE `id` = 'r0000' LIMIT 1   [ RunTime:0.0006s ]
SQL: SELECT * FROM `paper_system` WHERE `id` = 'r0000' LIMIT 1   [ RunTime:0.0005s ]
SQL: SELECT * FROM `paper_system` WHERE `id` = 'r0000' LIMIT 1   [ RunTime:0.0006s ]
SQL: SELECT * FROM `paper_system` WHERE `id` = 'r0000' LIMIT 1   [ RunTime:0.0005s ]
SQL: SELECT * FROM `paper_system` WHERE `id` = 'r0000' LIMIT 1   [ RunTime:0.0005s ]
SQL: SELECT * FROM `paper_system` WHERE `id` = 'r0000' LIMIT 1   [ RunTime:0.0007s ]
SQL: SELECT * FROM `paper_system` WHERE `id` = 'r0000' LIMIT 1   [ RunTime:0.0005s ]
SQL: SELECT * FROM `paper_system` WHERE `id` = 'r0000' LIMIT 1   [ RunTime:0.0006s ]
SQL: SELECT * FROM `paper_system` WHERE `id` = 'r0000' LIMIT 1   [ RunTime:0.0006s ]
SQL: SELECT * FROM `paper_system` WHERE `id` = 'r0000' LIMIT 1   [ RunTime:0.0006s ]
NOTIC: [2] Missing argument 1 for Think\Controller::show(), called in /home/bae/app/Application/Admin/Controller/UserController.class.php on line 100 and defined /home/bae/app/ThinkPHP/Library/Think/Controller.class.php 第 68 行.
NOTIC: [8] Undefined variable: content /home/bae/app/ThinkPHP/Library/Think/Controller.class.php 第 69 行.
INFO: [ view_parse ] --START--
INFO: [ template_filter ] --START--
INFO: Run Behavior\ContentReplaceBehavior [ RunTime:0.000106s ]
INFO: [ template_filter ] --END-- [ RunTime:0.000153s ]
INFO: Run Behavior\ParseTemplateBehavior [ RunTime:0.006555s ]
INFO: [ view_parse ] --END-- [ RunTime:0.006581s ]
INFO: [ view_filter ] --START--
INFO: Run Behavior\WriteHtmlCacheBehavior [ RunTime:0.000148s ]
INFO: [ view_filter ] --END-- [ RunTime:0.000167s ]
INFO: [ app_end ] --START--
INFO: Run Behavior\ShowPageTraceBehavior [ RunTime:0.000371s ]
INFO: [ app_end ] --END-- [ RunTime:0.000400s ]

[ 2019-09-25T19:07:55+08:00 ] 222.135.77.242 /index.php/Admin/User/showAdmin/p/js/raphael-min.js
INFO: [ app_init ] --START--
INFO: Run Behavior\BuildLiteBehavior [ RunTime:0.000012s ]
INFO: [ app_init ] --END-- [ RunTime:0.000295s ]
INFO: [ app_begin ] --START--
INFO: Run Behavior\ReadHtmlCacheBehavior [ RunTime:0.000333s ]
INFO: [ app_begin ] --END-- [ RunTime:0.000364s ]
SQL: SHOW COLUMNS FROM `paper_admin` [ RunTime:0.0010s ]
SQL: SELECT COUNT(*) AS tp_count FROM `paper_admin` LIMIT 1   [ RunTime:0.0005s ]
SQL: SELECT * FROM `paper_admin` LIMIT 0,10   [ RunTime:0.0006s ]
SQL: SHOW COLUMNS FROM `paper_system` [ RunTime:0.0008s ]
SQL: SELECT * FROM `paper_system` WHERE ( name = "教务部" )  [ RunTime:0.0005s ]
SQL: SELECT * FROM `paper_system` WHERE `id` = 'r0000' LIMIT 1   [ RunTime:0.0005s ]
SQL: SELECT * FROM `paper_system` WHERE `id` = 'r0000' LIMIT 1   [ RunTime:0.0005s ]
SQL: SELECT * FROM `paper_system` WHERE `id` = 'r0000' LIMIT 1   [ RunTime:0.0004s ]
SQL: SELECT * FROM `paper_system` WHERE `id` = 'r0000' LIMIT 1   [ RunTime:0.0005s ]
SQL: SELECT * FROM `paper_system` WHERE `id` = 'r0000' LIMIT 1   [ RunTime:0.0004s ]
SQL: SELECT * FROM `paper_system` WHERE `id` = 'r0000' LIMIT 1   [ RunTime:0.0004s ]
SQL: SELECT * FROM `paper_system` WHERE `id` = 'r0000' LIMIT 1   [ RunTime:0.0005s ]
SQL: SELECT * FROM `paper_system` WHERE `id` = 'r0000' LIMIT 1   [ RunTime:0.0008s ]
SQL: SELECT * FROM `paper_system` WHERE `id` = 'r0000' LIMIT 1   [ RunTime:0.0006s ]
SQL: SELECT * FROM `paper_system` WHERE `id` = 'r0000' LIMIT 1   [ RunTime:0.0005s ]
NOTIC: [2] Missing argument 1 for Think\Controller::show(), called in /home/bae/app/Application/Admin/Controller/UserController.class.php on line 100 and defined /home/bae/app/ThinkPHP/Library/Think/Controller.class.php 第 68 行.
NOTIC: [8] Undefined variable: content /home/bae/app/ThinkPHP/Library/Think/Controller.class.php 第 69 行.
INFO: [ view_parse ] --START--
INFO: [ template_filter ] --START--
INFO: Run Behavior\ContentReplaceBehavior [ RunTime:0.000104s ]
INFO: [ template_filter ] --END-- [ RunTime:0.000133s ]
INFO: Run Behavior\ParseTemplateBehavior [ RunTime:0.005322s ]
INFO: [ view_parse ] --END-- [ RunTime:0.005349s ]
INFO: [ view_filter ] --START--
INFO: Run Behavior\WriteHtmlCacheBehavior [ RunTime:0.000120s ]
INFO: [ view_filter ] --END-- [ RunTime:0.000140s ]
INFO: [ app_end ] --START--
INFO: Run Behavior\ShowPageTraceBehavior [ RunTime:0.000342s ]
INFO: [ app_end ] --END-- [ RunTime:0.000371s ]

[ 2019-09-25T19:07:58+08:00 ] 222.135.77.242 /index.php/Admin/User/showAdmin/p/3.html
INFO: [ app_init ] --START--
INFO: Run Behavior\BuildLiteBehavior [ RunTime:0.000009s ]
INFO: [ app_init ] --END-- [ RunTime:0.000240s ]
INFO: [ app_begin ] --START--
INFO: Run Behavior\ReadHtmlCacheBehavior [ RunTime:0.000273s ]
INFO: [ app_begin ] --END-- [ RunTime:0.000299s ]
SQL: SHOW COLUMNS FROM `paper_admin` [ RunTime:0.0009s ]
SQL: SELECT COUNT(*) AS tp_count FROM `paper_admin` LIMIT 1   [ RunTime:0.0005s ]
SQL: SELECT * FROM `paper_admin` LIMIT 20,10   [ RunTime:0.0004s ]
SQL: SHOW COLUMNS FROM `paper_system` [ RunTime:0.0006s ]
SQL: SELECT * FROM `paper_system` WHERE ( name = "教务部" )  [ RunTime:0.0005s ]
SQL: SELECT * FROM `paper_system` WHERE `id` = 'r0000' LIMIT 1   [ RunTime:0.0005s ]
SQL: SELECT * FROM `paper_system` WHERE `id` = 'r0000' LIMIT 1   [ RunTime:0.0004s ]
SQL: SELECT * FROM `paper_system` WHERE `id` = 'r0000' LIMIT 1   [ RunTime:0.0004s ]
SQL: SELECT * FROM `paper_system` WHERE `id` = 'r0000' LIMIT 1   [ RunTime:0.0005s ]
SQL: SELECT * FROM `paper_system` WHERE `id` = 'r0000' LIMIT 1   [ RunTime:0.0005s ]
NOTIC: [2] Missing argument 1 for Think\Controller::show(), called in /home/bae/app/Application/Admin/Controller/UserController.class.php on line 100 and defined /home/bae/app/ThinkPHP/Library/Think/Controller.class.php 第 68 行.
NOTIC: [8] Undefined variable: content /home/bae/app/ThinkPHP/Library/Think/Controller.class.php 第 69 行.
INFO: [ view_parse ] --START--
INFO: [ template_filter ] --START--
INFO: Run Behavior\ContentReplaceBehavior [ RunTime:0.000100s ]
INFO: [ template_filter ] --END-- [ RunTime:0.000137s ]
INFO: Run Behavior\ParseTemplateBehavior [ RunTime:0.006284s ]
INFO: [ view_parse ] --END-- [ RunTime:0.006317s ]
INFO: [ view_filter ] --START--
INFO: Run Behavior\WriteHtmlCacheBehavior [ RunTime:0.000163s ]
INFO: [ view_filter ] --END-- [ RunTime:0.000184s ]
INFO: [ app_end ] --START--
INFO: Run Behavior\ShowPageTraceBehavior [ RunTime:0.000382s ]
INFO: [ app_end ] --END-- [ RunTime:0.000417s ]

[ 2019-09-25T19:07:58+08:00 ] 222.135.77.242 /index.php/Admin/User/showAdmin/p/js/raphael-min.js
INFO: [ app_init ] --START--
INFO: Run Behavior\BuildLiteBehavior [ RunTime:0.000012s ]
INFO: [ app_init ] --END-- [ RunTime:0.000297s ]
INFO: [ app_begin ] --START--
INFO: Run Behavior\ReadHtmlCacheBehavior [ RunTime:0.000390s ]
INFO: [ app_begin ] --END-- [ RunTime:0.000423s ]
SQL: SHOW COLUMNS FROM `paper_admin` [ RunTime:0.0008s ]
SQL: SELECT COUNT(*) AS tp_count FROM `paper_admin` LIMIT 1   [ RunTime:0.0005s ]
SQL: SELECT * FROM `paper_admin` LIMIT 0,10   [ RunTime:0.0006s ]
SQL: SHOW COLUMNS FROM `paper_system` [ RunTime:0.0007s ]
SQL: SELECT * FROM `paper_system` WHERE ( name = "教务部" )  [ RunTime:0.0004s ]
SQL: SELECT * FROM `paper_system` WHERE `id` = 'r0000' LIMIT 1   [ RunTime:0.0004s ]
SQL: SELECT * FROM `paper_system` WHERE `id` = 'r0000' LIMIT 1   [ RunTime:0.0005s ]
SQL: SELECT * FROM `paper_system` WHERE `id` = 'r0000' LIMIT 1   [ RunTime:0.0005s ]
SQL: SELECT * FROM `paper_system` WHERE `id` = 'r0000' LIMIT 1   [ RunTime:0.0004s ]
SQL: SELECT * FROM `paper_system` WHERE `id` = 'r0000' LIMIT 1   [ RunTime:0.0004s ]
SQL: SELECT * FROM `paper_system` WHERE `id` = 'r0000' LIMIT 1   [ RunTime:0.0004s ]
SQL: SELECT * FROM `paper_system` WHERE `id` = 'r0000' LIMIT 1   [ RunTime:0.0004s ]
SQL: SELECT * FROM `paper_system` WHERE `id` = 'r0000' LIMIT 1   [ RunTime:0.0005s ]
SQL: SELECT * FROM `paper_system` WHERE `id` = 'r0000' LIMIT 1   [ RunTime:0.0005s ]
SQL: SELECT * FROM `paper_system` WHERE `id` = 'r0000' LIMIT 1   [ RunTime:0.0004s ]
NOTIC: [2] Missing argument 1 for Think\Controller::show(), called in /home/bae/app/Application/Admin/Controller/UserController.class.php on line 100 and defined /home/bae/app/ThinkPHP/Library/Think/Controller.class.php 第 68 行.
NOTIC: [8] Undefined variable: content /home/bae/app/ThinkPHP/Library/Think/Controller.class.php 第 69 行.
INFO: [ view_parse ] --START--
INFO: [ template_filter ] --START--
INFO: Run Behavior\ContentReplaceBehavior [ RunTime:0.000170s ]
INFO: [ template_filter ] --END-- [ RunTime:0.000206s ]
INFO: Run Behavior\ParseTemplateBehavior [ RunTime:0.005314s ]
INFO: [ view_parse ] --END-- [ RunTime:0.005340s ]
INFO: [ view_filter ] --START--
INFO: Run Behavior\WriteHtmlCacheBehavior [ RunTime:0.000129s ]
INFO: [ view_filter ] --END-- [ RunTime:0.000149s ]
INFO: [ app_end ] --START--
INFO: Run Behavior\ShowPageTraceBehavior [ RunTime:0.000353s ]
INFO: [ app_end ] --END-- [ RunTime:0.000382s ]

[ 2019-09-25T19:08:01+08:00 ] 222.135.77.242 /index.php/Admin/User/showTeacher
INFO: [ app_init ] --START--
INFO: Run Behavior\BuildLiteBehavior [ RunTime:0.000011s ]
INFO: [ app_init ] --END-- [ RunTime:0.000258s ]
INFO: [ app_begin ] --START--
INFO: Run Behavior\ReadHtmlCacheBehavior [ RunTime:0.000283s ]
INFO: [ app_begin ] --END-- [ RunTime:0.000316s ]
SQL: SHOW COLUMNS FROM `paper_teacher` [ RunTime:0.0009s ]
SQL: SELECT COUNT(*) AS tp_count FROM `paper_teacher` LIMIT 1   [ RunTime:0.0004s ]
SQL: SELECT `id`,`name`,`password`,`sid` FROM `paper_teacher` LIMIT 0,15   [ RunTime:0.0004s ]
SQL: SHOW COLUMNS FROM `paper_system` [ RunTime:0.0006s ]
SQL: SELECT * FROM `paper_system` WHERE `id` = 'r0002' LIMIT 1   [ RunTime:0.0005s ]
SQL: SELECT * FROM `paper_system` WHERE `id` = 'r0006' LIMIT 1   [ RunTime:0.0003s ]
SQL: SELECT * FROM `paper_system` WHERE `id` = 'r0000' LIMIT 1   [ RunTime:0.0004s ]
SQL: SELECT * FROM `paper_system` WHERE `id` = 'r0000' LIMIT 1   [ RunTime:0.0005s ]
SQL: SELECT * FROM `paper_system` WHERE `id` = 'r0000' LIMIT 1   [ RunTime:0.0004s ]
SQL: SELECT * FROM `paper_system` WHERE `id` = 'r0002' LIMIT 1   [ RunTime:0.0004s ]
SQL: SELECT * FROM `paper_system` WHERE `id` = 'r0006' LIMIT 1   [ RunTime:0.0004s ]
SQL: SELECT * FROM `paper_system` WHERE `id` = 'r0000' LIMIT 1   [ RunTime:0.0003s ]
SQL: SELECT * FROM `paper_system` WHERE `id` = 'r0000' LIMIT 1   [ RunTime:0.0003s ]
SQL: SELECT * FROM `paper_system` WHERE `id` = 'r0000' LIMIT 1   [ RunTime:0.0004s ]
SQL: SELECT * FROM `paper_system` WHERE `id` = 'r0003' LIMIT 1   [ RunTime:0.0003s ]
SQL: SELECT * FROM `paper_system` WHERE `id` = 'r0007' LIMIT 1   [ RunTime:0.0004s ]
SQL: SELECT * FROM `paper_system` WHERE `id` = 'r0002' LIMIT 1   [ RunTime:0.0003s ]
SQL: SELECT * FROM `paper_system` WHERE `id` = 'r0006' LIMIT 1   [ RunTime:0.0004s ]
SQL: SELECT * FROM `paper_system` WHERE `id` = 'r0001' LIMIT 1   [ RunTime:0.0004s ]
NOTIC: [2] Missing argument 1 for Think\Controller::show(), called in /home/bae/app/Application/Admin/Controller/UserController.class.php on line 160 and defined /home/bae/app/ThinkPHP/Library/Think/Controller.class.php 第 68 行.
NOTIC: [8] Undefined variable: content /home/bae/app/ThinkPHP/Library/Think/Controller.class.php 第 69 行.
INFO: [ view_parse ] --START--
INFO: [ template_filter ] --START--
INFO: Run Behavior\ContentReplaceBehavior [ RunTime:0.000095s ]
INFO: [ template_filter ] --END-- [ RunTime:0.000122s ]
INFO: Run Behavior\ParseTemplateBehavior [ RunTime:0.005710s ]
INFO: [ view_parse ] --END-- [ RunTime:0.005737s ]
INFO: [ view_filter ] --START--
INFO: Run Behavior\WriteHtmlCacheBehavior [ RunTime:0.000122s ]
INFO: [ view_filter ] --END-- [ RunTime:0.000145s ]
INFO: [ app_end ] --START--
INFO: Run Behavior\ShowPageTraceBehavior [ RunTime:0.000438s ]
INFO: [ app_end ] --END-- [ RunTime:0.000469s ]

[ 2019-09-25T19:08:01+08:00 ] 222.135.77.242 /index.php/Admin/User/js/raphael-min.js
INFO: [ app_init ] --START--
INFO: Run Behavior\BuildLiteBehavior [ RunTime:0.000015s ]
INFO: [ app_init ] --END-- [ RunTime:0.000503s ]
INFO: [ app_begin ] --START--
INFO: Run Behavior\ReadHtmlCacheBehavior [ RunTime:0.000423s ]
INFO: [ app_begin ] --END-- [ RunTime:0.000457s ]
ERR: 非法操作:js

[ 2019-09-25T19:08:04+08:00 ] 222.135.77.242 /index.php/Admin/User/showStudent
INFO: [ app_init ] --START--
INFO: Run Behavior\BuildLiteBehavior [ RunTime:0.000010s ]
INFO: [ app_init ] --END-- [ RunTime:0.000235s ]
INFO: [ app_begin ] --START--
INFO: Run Behavior\ReadHtmlCacheBehavior [ RunTime:0.000275s ]
INFO: [ app_begin ] --END-- [ RunTime:0.000303s ]
SQL: SHOW COLUMNS FROM `paper_student` [ RunTime:0.0010s ]
SQL: SELECT COUNT(*) AS tp_count FROM `paper_student` LIMIT 1   [ RunTime:0.0006s ]
SQL: SELECT `id`,`name`,`password`,`sid` FROM `paper_student` LIMIT 0,20   [ RunTime:0.0006s ]
SQL: SHOW COLUMNS FROM `paper_system` [ RunTime:0.0007s ]
SQL: SELECT * FROM `paper_system` WHERE `id` = 'r0003' LIMIT 1   [ RunTime:0.0005s ]
SQL: SELECT * FROM `paper_system` WHERE `id` = 'r0007' LIMIT 1   [ RunTime:0.0005s ]
SQL: SELECT * FROM `paper_system` WHERE `id` = 'r0001' LIMIT 1   [ RunTime:0.0005s ]
SQL: SELECT * FROM `paper_system` WHERE `id` = 'r0005' LIMIT 1   [ RunTime:0.0004s ]
SQL: SELECT * FROM `paper_system` WHERE `id` = 'r0008' LIMIT 1   [ RunTime:0.0004s ]
SQL: SELECT * FROM `paper_system` WHERE `id` = 'r0003' LIMIT 1   [ RunTime:0.0004s ]
SQL: SELECT * FROM `paper_system` WHERE `id` = 'r0007' LIMIT 1   [ RunTime:0.0006s ]
SQL: SELECT * FROM `paper_system` WHERE `id` = 'r0001' LIMIT 1   [ RunTime:0.0005s ]
SQL: SELECT * FROM `paper_system` WHERE `id` = 'r0005' LIMIT 1   [ RunTime:0.0005s ]
SQL: SELECT * FROM `paper_system` WHERE `id` = 'r0000' LIMIT 1   [ RunTime:0.0004s ]
SQL: SELECT * FROM `paper_system` WHERE `id` = 'r0000' LIMIT 1   [ RunTime:0.0004s ]
SQL: SELECT * FROM `paper_system` WHERE `id` = 'r0000' LIMIT 1   [ RunTime:0.0004s ]
SQL: SELECT * FROM `paper_system` WHERE `id` = 'r0003' LIMIT 1   [ RunTime:0.0005s ]
SQL: SELECT * FROM `paper_system` WHERE `id` = 'r0007' LIMIT 1   [ RunTime:0.0005s ]
SQL: SELECT * FROM `paper_system` WHERE `id` = 'r0002' LIMIT 1   [ RunTime:0.0004s ]
SQL: SELECT * FROM `paper_system` WHERE `id` = 'r0006' LIMIT 1   [ RunTime:0.0004s ]
SQL: SELECT * FROM `paper_system` WHERE `id` = 'r0001' LIMIT 1   [ RunTime:0.0004s ]
SQL: SELECT * FROM `paper_system` WHERE `id` = 'r0005' LIMIT 1   [ RunTime:0.0004s ]
SQL: SELECT * FROM `paper_system` WHERE `id` = 'r0000' LIMIT 1   [ RunTime:0.0005s ]
SQL: SELECT * FROM `paper_system` WHERE `id` = 'r0000' LIMIT 1   [ RunTime:0.0004s ]
NOTIC: [2] Missing argument 1 for Think\Controller::show(), called in /home/bae/app/Application/Admin/Controller/UserController.class.php on line 191 and defined /home/bae/app/ThinkPHP/Library/Think/Controller.class.php 第 68 行.
NOTIC: [8] Undefined variable: content /home/bae/app/ThinkPHP/Library/Think/Controller.class.php 第 69 行.
INFO: [ view_parse ] --START--
INFO: [ template_filter ] --START--
INFO: Run Behavior\ContentReplaceBehavior [ RunTime:0.000094s ]
INFO: [ template_filter ] --END-- [ RunTime:0.000120s ]
INFO: Run Behavior\ParseTemplateBehavior [ RunTime:0.005641s ]
INFO: [ view_parse ] --END-- [ RunTime:0.005665s ]
INFO: [ view_filter ] --START--
INFO: Run Behavior\WriteHtmlCacheBehavior [ RunTime:0.000210s ]
INFO: [ view_filter ] --END-- [ RunTime:0.000231s ]
INFO: [ app_end ] --START--
INFO: Run Behavior\ShowPageTraceBehavior [ RunTime:0.000311s ]
INFO: [ app_end ] --END-- [ RunTime:0.000340s ]

[ 2019-09-25T19:08:05+08:00 ] 222.135.77.242 /index.php/Admin/User/js/raphael-min.js
INFO: [ app_init ] --START--
INFO: Run Behavior\BuildLiteBehavior [ RunTime:0.000012s ]
INFO: [ app_init ] --END-- [ RunTime:0.000308s ]
INFO: [ app_begin ] --START--
INFO: Run Behavior\ReadHtmlCacheBehavior [ RunTime:0.000407s ]
INFO: [ app_begin ] --END-- [ RunTime:0.000442s ]
ERR: 非法操作:js

[ 2019-09-25T19:11:29+08:00 ] 222.135.77.242 /index.php/Admin
INFO: [ app_init ] --START--
INFO: Run Behavior\BuildLiteBehavior [ RunTime:0.000044s ]
INFO: [ app_init ] --END-- [ RunTime:0.000473s ]
INFO: [ app_begin ] --START--
INFO: Run Behavior\ReadHtmlCacheBehavior [ RunTime:0.000382s ]
INFO: [ app_begin ] --END-- [ RunTime:0.000411s ]
NOTIC: [2] Missing argument 1 for Think\Controller::show(), called in /home/bae/app/Application/Admin/Controller/IndexController.class.php on line 10 and defined /home/bae/app/ThinkPHP/Library/Think/Controller.class.php 第 68 行.
NOTIC: [8] Undefined variable: content /home/bae/app/ThinkPHP/Library/Think/Controller.class.php 第 69 行.
INFO: [ view_parse ] --START--
INFO: [ template_filter ] --START--
INFO: Run Behavior\ContentReplaceBehavior [ RunTime:0.000093s ]
INFO: [ template_filter ] --END-- [ RunTime:0.000120s ]
INFO: Run Behavior\ParseTemplateBehavior [ RunTime:0.004132s ]
INFO: [ view_parse ] --END-- [ RunTime:0.004155s ]
INFO: [ view_filter ] --START--
INFO: Run Behavior\WriteHtmlCacheBehavior [ RunTime:0.000129s ]
INFO: [ view_filter ] --END-- [ RunTime:0.000149s ]
INFO: [ app_end ] --START--
INFO: Run Behavior\ShowPageTraceBehavior [ RunTime:0.000359s ]
INFO: [ app_end ] --END-- [ RunTime:0.000389s ]

