[ 2019-11-29T09:16:33+08:00 ] 60.212.176.250 /index.php/Admin
INFO: [ app_init ] --START--
INFO: Run Behavior\BuildLiteBehavior [ RunTime:0.000008s ]
INFO: [ app_init ] --END-- [ RunTime:0.000174s ]
INFO: [ app_begin ] --START--
INFO: Run Behavior\ReadHtmlCacheBehavior [ RunTime:0.000261s ]
INFO: [ app_begin ] --END-- [ RunTime:0.000288s ]

[ 2019-11-29T09:16:33+08:00 ] 60.212.176.250 /index.php/Admin/login/index.html
INFO: [ app_init ] --START--
INFO: Run Behavior\BuildLiteBehavior [ RunTime:0.000007s ]
INFO: [ app_init ] --END-- [ RunTime:0.000187s ]
INFO: [ app_begin ] --START--
INFO: Run Behavior\ReadHtmlCacheBehavior [ RunTime:0.000226s ]
INFO: [ app_begin ] --END-- [ RunTime:0.000247s ]
INFO: [ view_parse ] --START--
INFO: [ template_filter ] --START--
INFO: Run Behavior\ContentReplaceBehavior [ RunTime:0.000037s ]
INFO: [ template_filter ] --END-- [ RunTime:0.000059s ]
INFO: Run Behavior\ParseTemplateBehavior [ RunTime:0.003374s ]
INFO: [ view_parse ] --END-- [ RunTime:0.003393s ]
INFO: [ view_filter ] --START--
INFO: Run Behavior\WriteHtmlCacheBehavior [ RunTime:0.000100s ]
INFO: [ view_filter ] --END-- [ RunTime:0.000113s ]
INFO: [ app_end ] --START--
INFO: Run Behavior\ShowPageTraceBehavior [ RunTime:0.000235s ]
INFO: [ app_end ] --END-- [ RunTime:0.000250s ]

[ 2019-11-29T09:16:33+08:00 ] 60.212.176.250 /index.php/Admin/login/favicon.ico
INFO: [ app_init ] --START--
INFO: Run Behavior\BuildLiteBehavior [ RunTime:0.000007s ]
INFO: [ app_init ] --END-- [ RunTime:0.000163s ]

[ 2019-11-29T09:19:41+08:00 ] 60.212.176.250 /index.php/Admin/Login/Login_check?kind=%27paper_system%27
INFO: [ app_init ] --START--
INFO: Run Behavior\BuildLiteBehavior [ RunTime:0.000008s ]
INFO: [ app_init ] --END-- [ RunTime:0.000182s ]
INFO: [ app_begin ] --START--
INFO: Run Behavior\ReadHtmlCacheBehavior [ RunTime:0.000225s ]
INFO: [ app_begin ] --END-- [ RunTime:0.000243s ]
SQL: SHOW COLUMNS FROM `paper_admin` [ RunTime:0.0013s ]
SQL: SELECT * FROM `paper_admin` WHERE `id` = '1630090112' LIMIT 1   [ RunTime:0.0006s ]
INFO: [ view_parse ] --START--
INFO: [ template_filter ] --START--
INFO: Run Behavior\ContentReplaceBehavior [ RunTime:0.000031s ]
INFO: [ template_filter ] --END-- [ RunTime:0.000054s ]
INFO: Run Behavior\ParseTemplateBehavior [ RunTime:0.004373s ]
INFO: [ view_parse ] --END-- [ RunTime:0.004403s ]
INFO: [ view_filter ] --START--
INFO: Run Behavior\WriteHtmlCacheBehavior [ RunTime:0.000112s ]
INFO: [ view_filter ] --END-- [ RunTime:0.000126s ]
INFO: [ app_end ] --START--
INFO: Run Behavior\ShowPageTraceBehavior [ RunTime:0.000331s ]
INFO: [ app_end ] --END-- [ RunTime:0.000349s ]

[ 2019-11-29T09:19:42+08:00 ] 60.212.176.250 /index.php/Admin/Index/index.html
INFO: [ app_init ] --START--
INFO: Run Behavior\BuildLiteBehavior [ RunTime:0.000008s ]
INFO: [ app_init ] --END-- [ RunTime:0.000182s ]
INFO: [ app_begin ] --START--
INFO: Run Behavior\ReadHtmlCacheBehavior [ RunTime:0.000201s ]
INFO: [ app_begin ] --END-- [ RunTime:0.000217s ]
NOTIC: [2] Missing argument 1 for Think\Controller::show(), called in /home/bae/app/Application/Admin/Controller/IndexController.class.php on line 10 and defined /home/bae/app/ThinkPHP/Library/Think/Controller.class.php 第 68 行.
NOTIC: [8] Undefined variable: content /home/bae/app/ThinkPHP/Library/Think/Controller.class.php 第 69 行.
INFO: [ view_parse ] --START--
INFO: [ template_filter ] --START--
INFO: Run Behavior\ContentReplaceBehavior [ RunTime:0.000070s ]
INFO: [ template_filter ] --END-- [ RunTime:0.000094s ]
INFO: Run Behavior\ParseTemplateBehavior [ RunTime:0.005280s ]
INFO: [ view_parse ] --END-- [ RunTime:0.005299s ]
INFO: [ view_filter ] --START--
INFO: Run Behavior\WriteHtmlCacheBehavior [ RunTime:0.000081s ]
INFO: [ view_filter ] --END-- [ RunTime:0.000092s ]
INFO: [ app_end ] --START--
INFO: Run Behavior\ShowPageTraceBehavior [ RunTime:0.000243s ]
INFO: [ app_end ] --END-- [ RunTime:0.000257s ]

[ 2019-11-29T09:19:42+08:00 ] 60.212.176.250 /index.php/Admin/Index/js/raphael-min.js
INFO: [ app_init ] --START--
INFO: Run Behavior\BuildLiteBehavior [ RunTime:0.000008s ]
INFO: [ app_init ] --END-- [ RunTime:0.000164s ]
INFO: [ app_begin ] --START--
INFO: Run Behavior\ReadHtmlCacheBehavior [ RunTime:0.000199s ]
INFO: [ app_begin ] --END-- [ RunTime:0.000217s ]
ERR: 非法操作:js

[ 2019-11-29T09:20:59+08:00 ] 60.212.176.250 /index.php/Admin/System/into
INFO: [ app_init ] --START--
INFO: Run Behavior\BuildLiteBehavior [ RunTime:0.000008s ]
INFO: [ app_init ] --END-- [ RunTime:0.000172s ]
INFO: [ app_begin ] --START--
INFO: Run Behavior\ReadHtmlCacheBehavior [ RunTime:0.000218s ]
INFO: [ app_begin ] --END-- [ RunTime:0.000235s ]
NOTIC: [2] Missing argument 1 for Think\Controller::show(), called in /home/bae/app/Application/Admin/Controller/SystemController.class.php on line 89 and defined /home/bae/app/ThinkPHP/Library/Think/Controller.class.php 第 68 行.
NOTIC: [8] Undefined variable: content /home/bae/app/ThinkPHP/Library/Think/Controller.class.php 第 69 行.
INFO: [ view_parse ] --START--
INFO: [ template_filter ] --START--
INFO: Run Behavior\ContentReplaceBehavior [ RunTime:0.000076s ]
INFO: [ template_filter ] --END-- [ RunTime:0.000101s ]
NOTIC: [8] Undefined variable: data /home/bae/app/Application/Runtime/Cache/Admin/d55d846f3618c57067e414f075cfb79c.php 第 180 行.
INFO: Run Behavior\ParseTemplateBehavior [ RunTime:0.004440s ]
INFO: [ view_parse ] --END-- [ RunTime:0.004455s ]
INFO: [ view_filter ] --START--
INFO: Run Behavior\WriteHtmlCacheBehavior [ RunTime:0.000078s ]
INFO: [ view_filter ] --END-- [ RunTime:0.000089s ]
INFO: [ app_end ] --START--
INFO: Run Behavior\ShowPageTraceBehavior [ RunTime:0.000248s ]
INFO: [ app_end ] --END-- [ RunTime:0.000263s ]

[ 2019-11-29T09:20:59+08:00 ] 60.212.176.250 /index.php/Admin/System/js/raphael-min.js
INFO: [ app_init ] --START--
INFO: Run Behavior\BuildLiteBehavior [ RunTime:0.000009s ]
INFO: [ app_init ] --END-- [ RunTime:0.000199s ]
INFO: [ app_begin ] --START--
INFO: Run Behavior\ReadHtmlCacheBehavior [ RunTime:0.000219s ]
INFO: [ app_begin ] --END-- [ RunTime:0.000237s ]
ERR: 非法操作:js

[ 2019-11-29T09:21:42+08:00 ] 60.212.176.250 /index.php/Admin/User/showAdmin
INFO: [ app_init ] --START--
INFO: Run Behavior\BuildLiteBehavior [ RunTime:0.000009s ]
INFO: [ app_init ] --END-- [ RunTime:0.000195s ]
INFO: [ app_begin ] --START--
INFO: Run Behavior\ReadHtmlCacheBehavior [ RunTime:0.000221s ]
INFO: [ app_begin ] --END-- [ RunTime:0.000240s ]
SQL: SHOW COLUMNS FROM `paper_admin` [ RunTime:0.0008s ]
SQL: SELECT COUNT(*) AS tp_count FROM `paper_admin` LIMIT 1   [ RunTime:0.0005s ]
SQL: SELECT * FROM `paper_admin` LIMIT 0,10   [ RunTime:0.0005s ]
SQL: SHOW COLUMNS FROM `paper_system` [ RunTime:0.0009s ]
SQL: SELECT * FROM `paper_system` WHERE ( name = "教务部" )  [ RunTime:0.0007s ]
SQL: SELECT * FROM `paper_system` WHERE `id` = 'r0000' LIMIT 1   [ RunTime:0.0028s ]
SQL: SELECT * FROM `paper_system` WHERE `id` = 'r0000' LIMIT 1   [ RunTime:0.0004s ]
SQL: SELECT * FROM `paper_system` WHERE `id` = 'r0000' LIMIT 1   [ RunTime:0.0003s ]
SQL: SELECT * FROM `paper_system` WHERE `id` = 'r0000' LIMIT 1   [ RunTime:0.0004s ]
SQL: SELECT * FROM `paper_system` WHERE `id` = 'r0000' LIMIT 1   [ RunTime:0.0003s ]
SQL: SELECT * FROM `paper_system` WHERE `id` = 'r0000' LIMIT 1   [ RunTime:0.0004s ]
SQL: SELECT * FROM `paper_system` WHERE `id` = 'r0000' LIMIT 1   [ RunTime:0.0003s ]
SQL: SELECT * FROM `paper_system` WHERE `id` = 'r0000' LIMIT 1   [ RunTime:0.0005s ]
SQL: SELECT * FROM `paper_system` WHERE `id` = 'r0000' LIMIT 1   [ RunTime:0.0005s ]
SQL: SELECT * FROM `paper_system` WHERE `id` = 'r0000' LIMIT 1   [ RunTime:0.0004s ]
NOTIC: [2] Missing argument 1 for Think\Controller::show(), called in /home/bae/app/Application/Admin/Controller/UserController.class.php on line 100 and defined /home/bae/app/ThinkPHP/Library/Think/Controller.class.php 第 68 行.
NOTIC: [8] Undefined variable: content /home/bae/app/ThinkPHP/Library/Think/Controller.class.php 第 69 行.
INFO: [ view_parse ] --START--
INFO: [ template_filter ] --START--
INFO: Run Behavior\ContentReplaceBehavior [ RunTime:0.000079s ]
INFO: [ template_filter ] --END-- [ RunTime:0.000104s ]
INFO: Run Behavior\ParseTemplateBehavior [ RunTime:0.005266s ]
INFO: [ view_parse ] --END-- [ RunTime:0.005288s ]
INFO: [ view_filter ] --START--
INFO: Run Behavior\WriteHtmlCacheBehavior [ RunTime:0.000103s ]
INFO: [ view_filter ] --END-- [ RunTime:0.000117s ]
INFO: [ app_end ] --START--
INFO: Run Behavior\ShowPageTraceBehavior [ RunTime:0.000273s ]
INFO: [ app_end ] --END-- [ RunTime:0.000289s ]

[ 2019-11-29T09:21:42+08:00 ] 60.212.176.250 /index.php/Admin/User/js/raphael-min.js
INFO: [ app_init ] --START--
INFO: Run Behavior\BuildLiteBehavior [ RunTime:0.000009s ]
INFO: [ app_init ] --END-- [ RunTime:0.000229s ]
INFO: [ app_begin ] --START--
INFO: Run Behavior\ReadHtmlCacheBehavior [ RunTime:0.000269s ]
INFO: [ app_begin ] --END-- [ RunTime:0.000289s ]
ERR: 非法操作:js

[ 2019-11-29T09:21:52+08:00 ] 60.212.176.250 /index.php/Admin/User/intoUser
INFO: [ app_init ] --START--
INFO: Run Behavior\BuildLiteBehavior [ RunTime:0.000010s ]
INFO: [ app_init ] --END-- [ RunTime:0.000219s ]
INFO: [ app_begin ] --START--
INFO: Run Behavior\ReadHtmlCacheBehavior [ RunTime:0.000310s ]
INFO: [ app_begin ] --END-- [ RunTime:0.000334s ]
NOTIC: [2] Missing argument 1 for Think\Controller::show(), called in /home/bae/app/Application/Admin/Controller/UserController.class.php on line 252 and defined /home/bae/app/ThinkPHP/Library/Think/Controller.class.php 第 68 行.
NOTIC: [8] Undefined variable: content /home/bae/app/ThinkPHP/Library/Think/Controller.class.php 第 69 行.
INFO: [ view_parse ] --START--
INFO: [ template_filter ] --START--
INFO: Run Behavior\ContentReplaceBehavior [ RunTime:0.000083s ]
INFO: [ template_filter ] --END-- [ RunTime:0.000102s ]
NOTIC: [8] Undefined variable: data /home/bae/app/Application/Runtime/Cache/Admin/9785a95946922cc9c5fd79e126b3cb29.php 第 181 行.
INFO: Run Behavior\ParseTemplateBehavior [ RunTime:0.004442s ]
INFO: [ view_parse ] --END-- [ RunTime:0.004455s ]
INFO: [ view_filter ] --START--
INFO: Run Behavior\WriteHtmlCacheBehavior [ RunTime:0.000081s ]
INFO: [ view_filter ] --END-- [ RunTime:0.000091s ]
INFO: [ app_end ] --START--
INFO: Run Behavior\ShowPageTraceBehavior [ RunTime:0.000282s ]
INFO: [ app_end ] --END-- [ RunTime:0.000298s ]

[ 2019-11-29T09:21:52+08:00 ] 60.212.176.250 /index.php/Admin/User/js/raphael-min.js
INFO: [ app_init ] --START--
INFO: Run Behavior\BuildLiteBehavior [ RunTime:0.000007s ]
INFO: [ app_init ] --END-- [ RunTime:0.000162s ]
INFO: [ app_begin ] --START--
INFO: Run Behavior\ReadHtmlCacheBehavior [ RunTime:0.000196s ]
INFO: [ app_begin ] --END-- [ RunTime:0.000212s ]
ERR: 非法操作:js

[ 2019-11-29T09:21:54+08:00 ] 60.212.176.250 /index.php/Admin/Teacher/intoRelation
INFO: [ app_init ] --START--
INFO: Run Behavior\BuildLiteBehavior [ RunTime:0.000009s ]
INFO: [ app_init ] --END-- [ RunTime:0.000239s ]
INFO: [ app_begin ] --START--
INFO: Run Behavior\ReadHtmlCacheBehavior [ RunTime:0.000299s ]
INFO: [ app_begin ] --END-- [ RunTime:0.000324s ]
NOTIC: [2] Missing argument 1 for Think\Controller::show(), called in /home/bae/app/Application/Admin/Controller/TeacherController.class.php on line 52 and defined /home/bae/app/ThinkPHP/Library/Think/Controller.class.php 第 68 行.
NOTIC: [8] Undefined variable: content /home/bae/app/ThinkPHP/Library/Think/Controller.class.php 第 69 行.
INFO: [ view_parse ] --START--
INFO: [ template_filter ] --START--
INFO: Run Behavior\ContentReplaceBehavior [ RunTime:0.000090s ]
INFO: [ template_filter ] --END-- [ RunTime:0.000118s ]
NOTIC: [8] Undefined variable: data /home/bae/app/Application/Runtime/Cache/Admin/4fbdd2c9933e98a723209aea16f6f593.php 第 181 行.
INFO: Run Behavior\ParseTemplateBehavior [ RunTime:0.005197s ]
INFO: [ view_parse ] --END-- [ RunTime:0.005216s ]
INFO: [ view_filter ] --START--
INFO: Run Behavior\WriteHtmlCacheBehavior [ RunTime:0.000103s ]
INFO: [ view_filter ] --END-- [ RunTime:0.000119s ]
INFO: [ app_end ] --START--
INFO: Run Behavior\ShowPageTraceBehavior [ RunTime:0.000365s ]
INFO: [ app_end ] --END-- [ RunTime:0.000387s ]

[ 2019-11-29T09:21:55+08:00 ] 60.212.176.250 /index.php/Admin/Teacher/js/raphael-min.js
INFO: [ app_init ] --START--
INFO: Run Behavior\BuildLiteBehavior [ RunTime:0.000009s ]
INFO: [ app_init ] --END-- [ RunTime:0.000215s ]
INFO: [ app_begin ] --START--
INFO: Run Behavior\ReadHtmlCacheBehavior [ RunTime:0.000244s ]
INFO: [ app_begin ] --END-- [ RunTime:0.000262s ]
ERR: 非法操作:js

[ 2019-11-29T09:21:58+08:00 ] 60.212.176.250 /index.php/Admin/User/showStudent
INFO: [ app_init ] --START--
INFO: Run Behavior\BuildLiteBehavior [ RunTime:0.000008s ]
INFO: [ app_init ] --END-- [ RunTime:0.000170s ]
INFO: [ app_begin ] --START--
INFO: Run Behavior\ReadHtmlCacheBehavior [ RunTime:0.000223s ]
INFO: [ app_begin ] --END-- [ RunTime:0.000242s ]
SQL: SHOW COLUMNS FROM `paper_student` [ RunTime:0.0014s ]
SQL: SELECT COUNT(*) AS tp_count FROM `paper_student` LIMIT 1   [ RunTime:0.0005s ]
SQL: SELECT `id`,`name`,`password`,`sid` FROM `paper_student` LIMIT 0,20   [ RunTime:0.0006s ]
SQL: SHOW COLUMNS FROM `paper_system` [ RunTime:0.0008s ]
SQL: SELECT * FROM `paper_system` WHERE `id` = 'r0003' LIMIT 1   [ RunTime:0.0005s ]
SQL: SELECT * FROM `paper_system` WHERE `id` = 'r0007' LIMIT 1   [ RunTime:0.0005s ]
SQL: SELECT * FROM `paper_system` WHERE `id` = 'r0001' LIMIT 1   [ RunTime:0.0004s ]
SQL: SELECT * FROM `paper_system` WHERE `id` = 'r0005' LIMIT 1   [ RunTime:0.0005s ]
SQL: SELECT * FROM `paper_system` WHERE `id` = 'r0008' LIMIT 1   [ RunTime:0.0004s ]
SQL: SELECT * FROM `paper_system` WHERE `id` = 'r0003' LIMIT 1   [ RunTime:0.0006s ]
SQL: SELECT * FROM `paper_system` WHERE `id` = 'r0007' LIMIT 1   [ RunTime:0.0005s ]
SQL: SELECT * FROM `paper_system` WHERE `id` = 'r0001' LIMIT 1   [ RunTime:0.0005s ]
SQL: SELECT * FROM `paper_system` WHERE `id` = 'r0005' LIMIT 1   [ RunTime:0.0004s ]
SQL: SELECT * FROM `paper_system` WHERE `id` = 'r0000' LIMIT 1   [ RunTime:0.0004s ]
SQL: SELECT * FROM `paper_system` WHERE `id` = 'r0000' LIMIT 1   [ RunTime:0.0004s ]
SQL: SELECT * FROM `paper_system` WHERE `id` = 'r0000' LIMIT 1   [ RunTime:0.0004s ]
SQL: SELECT * FROM `paper_system` WHERE `id` = 'r0003' LIMIT 1   [ RunTime:0.0004s ]
SQL: SELECT * FROM `paper_system` WHERE `id` = 'r0007' LIMIT 1   [ RunTime:0.0004s ]
SQL: SELECT * FROM `paper_system` WHERE `id` = 'r0002' LIMIT 1   [ RunTime:0.0004s ]
SQL: SELECT * FROM `paper_system` WHERE `id` = 'r0006' LIMIT 1   [ RunTime:0.0004s ]
SQL: SELECT * FROM `paper_system` WHERE `id` = 'r0001' LIMIT 1   [ RunTime:0.0004s ]
SQL: SELECT * FROM `paper_system` WHERE `id` = 'r0005' LIMIT 1   [ RunTime:0.0004s ]
SQL: SELECT * FROM `paper_system` WHERE `id` = 'r0000' LIMIT 1   [ RunTime:0.0004s ]
SQL: SELECT * FROM `paper_system` WHERE `id` = 'r0000' LIMIT 1   [ RunTime:0.0004s ]
NOTIC: [2] Missing argument 1 for Think\Controller::show(), called in /home/bae/app/Application/Admin/Controller/UserController.class.php on line 191 and defined /home/bae/app/ThinkPHP/Library/Think/Controller.class.php 第 68 行.
NOTIC: [8] Undefined variable: content /home/bae/app/ThinkPHP/Library/Think/Controller.class.php 第 69 行.
INFO: [ view_parse ] --START--
INFO: [ template_filter ] --START--
INFO: Run Behavior\ContentReplaceBehavior [ RunTime:0.000075s ]
INFO: [ template_filter ] --END-- [ RunTime:0.000097s ]
INFO: Run Behavior\ParseTemplateBehavior [ RunTime:0.006064s ]
INFO: [ view_parse ] --END-- [ RunTime:0.006084s ]
INFO: [ view_filter ] --START--
INFO: Run Behavior\WriteHtmlCacheBehavior [ RunTime:0.000081s ]
INFO: [ view_filter ] --END-- [ RunTime:0.000093s ]
INFO: [ app_end ] --START--
INFO: Run Behavior\ShowPageTraceBehavior [ RunTime:0.000254s ]
INFO: [ app_end ] --END-- [ RunTime:0.000268s ]

[ 2019-11-29T09:21:58+08:00 ] 60.212.176.250 /index.php/Admin/User/js/raphael-min.js
INFO: [ app_init ] --START--
INFO: Run Behavior\BuildLiteBehavior [ RunTime:0.000007s ]
INFO: [ app_init ] --END-- [ RunTime:0.000160s ]
INFO: [ app_begin ] --START--
INFO: Run Behavior\ReadHtmlCacheBehavior [ RunTime:0.000197s ]
INFO: [ app_begin ] --END-- [ RunTime:0.000224s ]
ERR: 非法操作:js

[ 2019-11-29T09:29:08+08:00 ] 60.212.176.250 /index.php/Admin/User/showStudent
INFO: [ app_init ] --START--
INFO: Run Behavior\BuildLiteBehavior [ RunTime:0.000012s ]
INFO: [ app_init ] --END-- [ RunTime:0.000305s ]
INFO: [ app_begin ] --START--
INFO: Run Behavior\ReadHtmlCacheBehavior [ RunTime:0.000302s ]
INFO: [ app_begin ] --END-- [ RunTime:0.000327s ]
SQL: SHOW COLUMNS FROM `paper_student` [ RunTime:0.0010s ]
SQL: SELECT COUNT(*) AS tp_count FROM `paper_student` LIMIT 1   [ RunTime:0.0006s ]
SQL: SELECT `id`,`name`,`password`,`sid` FROM `paper_student` LIMIT 0,20   [ RunTime:0.0005s ]
SQL: SHOW COLUMNS FROM `paper_system` [ RunTime:0.0007s ]
SQL: SELECT * FROM `paper_system` WHERE `id` = 'r0003' LIMIT 1   [ RunTime:0.0005s ]
SQL: SELECT * FROM `paper_system` WHERE `id` = 'r0007' LIMIT 1   [ RunTime:0.0006s ]
SQL: SELECT * FROM `paper_system` WHERE `id` = 'r0001' LIMIT 1   [ RunTime:0.0004s ]
SQL: SELECT * FROM `paper_system` WHERE `id` = 'r0005' LIMIT 1   [ RunTime:0.0013s ]
SQL: SELECT * FROM `paper_system` WHERE `id` = 'r0008' LIMIT 1   [ RunTime:0.0005s ]
SQL: SELECT * FROM `paper_system` WHERE `id` = 'r0003' LIMIT 1   [ RunTime:0.0005s ]
SQL: SELECT * FROM `paper_system` WHERE `id` = 'r0007' LIMIT 1   [ RunTime:0.0005s ]
SQL: SELECT * FROM `paper_system` WHERE `id` = 'r0001' LIMIT 1   [ RunTime:0.0005s ]
SQL: SELECT * FROM `paper_system` WHERE `id` = 'r0005' LIMIT 1   [ RunTime:0.0005s ]
SQL: SELECT * FROM `paper_system` WHERE `id` = 'r0000' LIMIT 1   [ RunTime:0.0004s ]
SQL: SELECT * FROM `paper_system` WHERE `id` = 'r0000' LIMIT 1   [ RunTime:0.0006s ]
SQL: SELECT * FROM `paper_system` WHERE `id` = 'r0000' LIMIT 1   [ RunTime:0.0005s ]
SQL: SELECT * FROM `paper_system` WHERE `id` = 'r0003' LIMIT 1   [ RunTime:0.0005s ]
SQL: SELECT * FROM `paper_system` WHERE `id` = 'r0007' LIMIT 1   [ RunTime:0.0005s ]
SQL: SELECT * FROM `paper_system` WHERE `id` = 'r0002' LIMIT 1   [ RunTime:0.0005s ]
SQL: SELECT * FROM `paper_system` WHERE `id` = 'r0006' LIMIT 1   [ RunTime:0.0005s ]
SQL: SELECT * FROM `paper_system` WHERE `id` = 'r0001' LIMIT 1   [ RunTime:0.0005s ]
SQL: SELECT * FROM `paper_system` WHERE `id` = 'r0005' LIMIT 1   [ RunTime:0.0004s ]
SQL: SELECT * FROM `paper_system` WHERE `id` = 'r0000' LIMIT 1   [ RunTime:0.0004s ]
SQL: SELECT * FROM `paper_system` WHERE `id` = 'r0000' LIMIT 1   [ RunTime:0.0004s ]
NOTIC: [2] Missing argument 1 for Think\Controller::show(), called in /home/bae/app/Application/Admin/Controller/UserController.class.php on line 191 and defined /home/bae/app/ThinkPHP/Library/Think/Controller.class.php 第 68 行.
NOTIC: [8] Undefined variable: content /home/bae/app/ThinkPHP/Library/Think/Controller.class.php 第 69 行.
INFO: [ view_parse ] --START--
INFO: [ template_filter ] --START--
INFO: Run Behavior\ContentReplaceBehavior [ RunTime:0.000105s ]
INFO: [ template_filter ] --END-- [ RunTime:0.000139s ]
INFO: Run Behavior\ParseTemplateBehavior [ RunTime:0.007657s ]
INFO: [ view_parse ] --END-- [ RunTime:0.007690s ]
INFO: [ view_filter ] --START--
INFO: Run Behavior\WriteHtmlCacheBehavior [ RunTime:0.000160s ]
INFO: [ view_filter ] --END-- [ RunTime:0.000180s ]
INFO: [ app_end ] --START--
INFO: Run Behavior\ShowPageTraceBehavior [ RunTime:0.000410s ]
INFO: [ app_end ] --END-- [ RunTime:0.000439s ]

[ 2019-11-29T09:29:08+08:00 ] 60.212.176.250 /index.php/Admin/User/js/raphael-min.js
INFO: [ app_init ] --START--
INFO: Run Behavior\BuildLiteBehavior [ RunTime:0.000010s ]
INFO: [ app_init ] --END-- [ RunTime:0.000221s ]
INFO: [ app_begin ] --START--
INFO: Run Behavior\ReadHtmlCacheBehavior [ RunTime:0.000292s ]
INFO: [ app_begin ] --END-- [ RunTime:0.000318s ]
ERR: 非法操作:js

[ 2019-11-29T09:29:20+08:00 ] 60.212.176.250 /index.php/Admin/User/showStudent
INFO: [ app_init ] --START--
INFO: Run Behavior\BuildLiteBehavior [ RunTime:0.000009s ]
INFO: [ app_init ] --END-- [ RunTime:0.000182s ]
INFO: [ app_begin ] --START--
INFO: Run Behavior\ReadHtmlCacheBehavior [ RunTime:0.000226s ]
INFO: [ app_begin ] --END-- [ RunTime:0.000243s ]
SQL: SHOW COLUMNS FROM `paper_student` [ RunTime:0.0009s ]
SQL: SELECT COUNT(*) AS tp_count FROM `paper_student` LIMIT 1   [ RunTime:0.0004s ]
SQL: SELECT `id`,`name`,`password`,`sid` FROM `paper_student` LIMIT 0,20   [ RunTime:0.0005s ]
SQL: SHOW COLUMNS FROM `paper_system` [ RunTime:0.0006s ]
SQL: SELECT * FROM `paper_system` WHERE `id` = 'r0003' LIMIT 1   [ RunTime:0.0004s ]
SQL: SELECT * FROM `paper_system` WHERE `id` = 'r0007' LIMIT 1   [ RunTime:0.0004s ]
SQL: SELECT * FROM `paper_system` WHERE `id` = 'r0001' LIMIT 1   [ RunTime:0.0003s ]
SQL: SELECT * FROM `paper_system` WHERE `id` = 'r0005' LIMIT 1   [ RunTime:0.0004s ]
SQL: SELECT * FROM `paper_system` WHERE `id` = 'r0008' LIMIT 1   [ RunTime:0.0004s ]
SQL: SELECT * FROM `paper_system` WHERE `id` = 'r0003' LIMIT 1   [ RunTime:0.0003s ]
SQL: SELECT * FROM `paper_system` WHERE `id` = 'r0007' LIMIT 1   [ RunTime:0.0004s ]
SQL: SELECT * FROM `paper_system` WHERE `id` = 'r0001' LIMIT 1   [ RunTime:0.0003s ]
SQL: SELECT * FROM `paper_system` WHERE `id` = 'r0005' LIMIT 1   [ RunTime:0.0004s ]
SQL: SELECT * FROM `paper_system` WHERE `id` = 'r0000' LIMIT 1   [ RunTime:0.0004s ]
SQL: SELECT * FROM `paper_system` WHERE `id` = 'r0000' LIMIT 1   [ RunTime:0.0003s ]
SQL: SELECT * FROM `paper_system` WHERE `id` = 'r0000' LIMIT 1   [ RunTime:0.0004s ]
SQL: SELECT * FROM `paper_system` WHERE `id` = 'r0003' LIMIT 1   [ RunTime:0.0004s ]
SQL: SELECT * FROM `paper_system` WHERE `id` = 'r0007' LIMIT 1   [ RunTime:0.0003s ]
SQL: SELECT * FROM `paper_system` WHERE `id` = 'r0002' LIMIT 1   [ RunTime:0.0004s ]
SQL: SELECT * FROM `paper_system` WHERE `id` = 'r0006' LIMIT 1   [ RunTime:0.0004s ]
SQL: SELECT * FROM `paper_system` WHERE `id` = 'r0001' LIMIT 1   [ RunTime:0.0004s ]
SQL: SELECT * FROM `paper_system` WHERE `id` = 'r0005' LIMIT 1   [ RunTime:0.0004s ]
SQL: SELECT * FROM `paper_system` WHERE `id` = 'r0000' LIMIT 1   [ RunTime:0.0004s ]
SQL: SELECT * FROM `paper_system` WHERE `id` = 'r0000' LIMIT 1   [ RunTime:0.0004s ]
NOTIC: [2] Missing argument 1 for Think\Controller::show(), called in /home/bae/app/Application/Admin/Controller/UserController.class.php on line 191 and defined /home/bae/app/ThinkPHP/Library/Think/Controller.class.php 第 68 行.
NOTIC: [8] Undefined variable: content /home/bae/app/ThinkPHP/Library/Think/Controller.class.php 第 69 行.
INFO: [ view_parse ] --START--
INFO: [ template_filter ] --START--
INFO: Run Behavior\ContentReplaceBehavior [ RunTime:0.000077s ]
INFO: [ template_filter ] --END-- [ RunTime:0.000098s ]
INFO: Run Behavior\ParseTemplateBehavior [ RunTime:0.004515s ]
INFO: [ view_parse ] --END-- [ RunTime:0.004537s ]
INFO: [ view_filter ] --START--
INFO: Run Behavior\WriteHtmlCacheBehavior [ RunTime:0.000084s ]
INFO: [ view_filter ] --END-- [ RunTime:0.000096s ]
INFO: [ app_end ] --START--
INFO: Run Behavior\ShowPageTraceBehavior [ RunTime:0.000316s ]
INFO: [ app_end ] --END-- [ RunTime:0.000335s ]

[ 2019-11-29T09:29:20+08:00 ] 60.212.176.250 /index.php/Admin/User/js/raphael-min.js
INFO: [ app_init ] --START--
INFO: Run Behavior\BuildLiteBehavior [ RunTime:0.000008s ]
INFO: [ app_init ] --END-- [ RunTime:0.000169s ]
INFO: [ app_begin ] --START--
INFO: Run Behavior\ReadHtmlCacheBehavior [ RunTime:0.000208s ]
INFO: [ app_begin ] --END-- [ RunTime:0.000227s ]
ERR: 非法操作:js

