[ 2019-08-14T16:33:03+08:00 ] 101.91.60.80 /index.php/Wx/Index/index?signature=7582bb2debc9e398abeeedf70acdff53972ae29e&timestamp=1565771583&nonce=385817325&openid=ofrczvzQH2Ejb5ck_6G6jEgFLOig
INFO: [ app_init ] --START--
INFO: Run Behavior\BuildLiteBehavior [ RunTime:0.000010s ]
INFO: [ app_init ] --END-- [ RunTime:0.000750s ]
INFO: [ app_begin ] --START--
INFO: Run Behavior\ReadHtmlCacheBehavior [ RunTime:0.000790s ]
INFO: [ app_begin ] --END-- [ RunTime:0.000823s ]
NOTIC: [2] Declaration of Wx\Controller\IndexController::get() should be compatible with Think\Controller::get($name = '') /home/bae/app/Application/Wx/Controller/IndexController.class.php 第 732 行.
NOTIC: [8] Undefined index: echostr /home/bae/app/Application/Wx/Controller/IndexController.class.php 第 24 行.
NOTIC: [8] Undefined variable: Content /home/bae/app/Application/Wx/Controller/IndexController.class.php 第 391 行.
INFO: [ app_end ] --START--
INFO: Run Behavior\ShowPageTraceBehavior [ RunTime:0.000735s ]
INFO: [ app_end ] --END-- [ RunTime:0.000769s ]

[ 2019-08-14T19:30:51+08:00 ] 101.91.60.80 /index.php/Wx/Index/index?signature=e2bb59655104b7d64cc6caaaf57caab2856126b2&timestamp=1565782251&nonce=1847481300&openid=ofrczvzQH2Ejb5ck_6G6jEgFLOig
INFO: [ app_init ] --START--
INFO: Run Behavior\BuildLiteBehavior [ RunTime:0.000014s ]
INFO: [ app_init ] --END-- [ RunTime:0.000886s ]
INFO: [ app_begin ] --START--
INFO: Run Behavior\ReadHtmlCacheBehavior [ RunTime:0.000836s ]
INFO: [ app_begin ] --END-- [ RunTime:0.000868s ]
NOTIC: [2] Declaration of Wx\Controller\IndexController::get() should be compatible with Think\Controller::get($name = '') /home/bae/app/Application/Wx/Controller/IndexController.class.php 第 732 行.
NOTIC: [8] Undefined index: echostr /home/bae/app/Application/Wx/Controller/IndexController.class.php 第 24 行.
NOTIC: [8] Undefined variable: Content /home/bae/app/Application/Wx/Controller/IndexController.class.php 第 391 行.
INFO: [ app_end ] --START--
INFO: Run Behavior\ShowPageTraceBehavior [ RunTime:0.000968s ]
INFO: [ app_end ] --END-- [ RunTime:0.001006s ]

[ 2019-08-14T19:31:47+08:00 ] 101.91.60.80 /index.php/Wx/Index/index?signature=71fc87ab2678dc97dc0f65a083f5d14a3e7409b1&timestamp=1565782307&nonce=1190385826&openid=ofrczvzQH2Ejb5ck_6G6jEgFLOig
INFO: [ app_init ] --START--
INFO: Run Behavior\BuildLiteBehavior [ RunTime:0.000009s ]
INFO: [ app_init ] --END-- [ RunTime:0.000235s ]
INFO: [ app_begin ] --START--
INFO: Run Behavior\ReadHtmlCacheBehavior [ RunTime:0.000285s ]
INFO: [ app_begin ] --END-- [ RunTime:0.000314s ]
NOTIC: [2] Declaration of Wx\Controller\IndexController::get() should be compatible with Think\Controller::get($name = '') /home/bae/app/Application/Wx/Controller/IndexController.class.php 第 732 行.
NOTIC: [8] Undefined index: echostr /home/bae/app/Application/Wx/Controller/IndexController.class.php 第 24 行.
NOTIC: [8] Undefined variable: Content /home/bae/app/Application/Wx/Controller/IndexController.class.php 第 391 行.
INFO: [ app_end ] --START--
INFO: Run Behavior\ShowPageTraceBehavior [ RunTime:0.000323s ]
INFO: [ app_end ] --END-- [ RunTime:0.000347s ]

[ 2019-08-14T19:36:39+08:00 ] 101.91.60.80 /index.php/Wx/Index/index?signature=7e6b33f12978209a173265ffb5bb0533b2addf25&timestamp=1565782599&nonce=496696239&openid=ofrczvzQH2Ejb5ck_6G6jEgFLOig
INFO: [ app_init ] --START--
INFO: Run Behavior\BuildLiteBehavior [ RunTime:0.000015s ]
INFO: [ app_init ] --END-- [ RunTime:0.000421s ]
INFO: [ app_begin ] --START--
INFO: Run Behavior\ReadHtmlCacheBehavior [ RunTime:0.000433s ]
INFO: [ app_begin ] --END-- [ RunTime:0.000468s ]
NOTIC: [2] Declaration of Wx\Controller\IndexController::get() should be compatible with Think\Controller::get($name = '') /home/bae/app/Application/Wx/Controller/IndexController.class.php 第 732 行.
NOTIC: [8] Undefined index: echostr /home/bae/app/Application/Wx/Controller/IndexController.class.php 第 24 行.
NOTIC: [8] Undefined variable: Content /home/bae/app/Application/Wx/Controller/IndexController.class.php 第 391 行.
INFO: [ app_end ] --START--
INFO: Run Behavior\ShowPageTraceBehavior [ RunTime:0.000362s ]
INFO: [ app_end ] --END-- [ RunTime:0.000387s ]

[ 2019-08-14T19:37:18+08:00 ] 101.91.60.80 /index.php/Wx/Index/index?signature=2ae2a692bdedb10b00de1c65af017f8d76848c5e&timestamp=1565782638&nonce=219306804&openid=ofrczvzQH2Ejb5ck_6G6jEgFLOig
INFO: [ app_init ] --START--
INFO: Run Behavior\BuildLiteBehavior [ RunTime:0.000008s ]
INFO: [ app_init ] --END-- [ RunTime:0.000232s ]
INFO: [ app_begin ] --START--
INFO: Run Behavior\ReadHtmlCacheBehavior [ RunTime:0.000277s ]
INFO: [ app_begin ] --END-- [ RunTime:0.000314s ]
NOTIC: [2] Declaration of Wx\Controller\IndexController::get() should be compatible with Think\Controller::get($name = '') /home/bae/app/Application/Wx/Controller/IndexController.class.php 第 732 行.
NOTIC: [8] Undefined index: echostr /home/bae/app/Application/Wx/Controller/IndexController.class.php 第 24 行.
NOTIC: [8] Undefined variable: Content /home/bae/app/Application/Wx/Controller/IndexController.class.php 第 391 行.
INFO: [ app_end ] --START--
INFO: Run Behavior\ShowPageTraceBehavior [ RunTime:0.000330s ]
INFO: [ app_end ] --END-- [ RunTime:0.000355s ]

[ 2019-08-14T19:44:50+08:00 ] 101.91.60.80 /index.php/Wx/Index/index?signature=165bb5bad578fe947cc594edcdbaa5a7e33c5088&timestamp=1565783090&nonce=1720769741&openid=ofrczvzQH2Ejb5ck_6G6jEgFLOig
INFO: [ app_init ] --START--
INFO: Run Behavior\BuildLiteBehavior [ RunTime:0.000010s ]
INFO: [ app_init ] --END-- [ RunTime:0.000270s ]
INFO: [ app_begin ] --START--
INFO: Run Behavior\ReadHtmlCacheBehavior [ RunTime:0.000269s ]
INFO: [ app_begin ] --END-- [ RunTime:0.000298s ]
NOTIC: [2] Declaration of Wx\Controller\IndexController::get() should be compatible with Think\Controller::get($name = '') /home/bae/app/Application/Wx/Controller/IndexController.class.php 第 732 行.
NOTIC: [8] Undefined index: echostr /home/bae/app/Application/Wx/Controller/IndexController.class.php 第 24 行.
NOTIC: [8] Undefined variable: Content /home/bae/app/Application/Wx/Controller/IndexController.class.php 第 391 行.
INFO: [ app_end ] --START--
INFO: Run Behavior\ShowPageTraceBehavior [ RunTime:0.000316s ]
INFO: [ app_end ] --END-- [ RunTime:0.000342s ]

[ 2019-08-14T19:46:13+08:00 ] 101.91.60.80 /index.php/Wx/Index/index?signature=28bcad40287c2a2b4a245631f988cc305cb09912&timestamp=1565783172&nonce=1054525617&openid=ofrczvzQH2Ejb5ck_6G6jEgFLOig
INFO: [ app_init ] --START--
INFO: Run Behavior\BuildLiteBehavior [ RunTime:0.000009s ]
INFO: [ app_init ] --END-- [ RunTime:0.000214s ]
INFO: [ app_begin ] --START--
INFO: Run Behavior\ReadHtmlCacheBehavior [ RunTime:0.000278s ]
INFO: [ app_begin ] --END-- [ RunTime:0.000306s ]
NOTIC: [2] Declaration of Wx\Controller\IndexController::get() should be compatible with Think\Controller::get($name = '') /home/bae/app/Application/Wx/Controller/IndexController.class.php 第 732 行.
NOTIC: [8] Undefined index: echostr /home/bae/app/Application/Wx/Controller/IndexController.class.php 第 24 行.
NOTIC: [8] Undefined variable: Content /home/bae/app/Application/Wx/Controller/IndexController.class.php 第 391 行.
INFO: [ app_end ] --START--
INFO: Run Behavior\ShowPageTraceBehavior [ RunTime:0.000315s ]
INFO: [ app_end ] --END-- [ RunTime:0.000340s ]

[ 2019-08-14T19:46:13+08:00 ] 123.151.77.73 /index.php/Wx/Index/get
INFO: [ app_init ] --START--
INFO: Run Behavior\BuildLiteBehavior [ RunTime:0.000009s ]
INFO: [ app_init ] --END-- [ RunTime:0.000227s ]
INFO: [ app_begin ] --START--
INFO: Run Behavior\ReadHtmlCacheBehavior [ RunTime:0.000278s ]
INFO: [ app_begin ] --END-- [ RunTime:0.000304s ]
NOTIC: [2] Declaration of Wx\Controller\IndexController::get() should be compatible with Think\Controller::get($name = '') /home/bae/app/Application/Wx/Controller/IndexController.class.php 第 732 行.
INFO: [ view_parse ] --START--
INFO: [ template_filter ] --START--
INFO: Run Behavior\ContentReplaceBehavior [ RunTime:0.001609s ]
INFO: [ template_filter ] --END-- [ RunTime:0.001642s ]
INFO: Run Behavior\ParseTemplateBehavior [ RunTime:0.009879s ]
INFO: [ view_parse ] --END-- [ RunTime:0.009909s ]
INFO: [ view_filter ] --START--
INFO: Run Behavior\WriteHtmlCacheBehavior [ RunTime:0.000929s ]
INFO: [ view_filter ] --END-- [ RunTime:0.000952s ]
INFO: [ app_end ] --START--
INFO: Run Behavior\ShowPageTraceBehavior [ RunTime:0.000309s ]
INFO: [ app_end ] --END-- [ RunTime:0.000332s ]

[ 2019-08-14T19:46:14+08:00 ] 112.224.67.10 /index.php/Wx/Index/favicon.ico
INFO: [ app_init ] --START--
INFO: Run Behavior\BuildLiteBehavior [ RunTime:0.000011s ]
INFO: [ app_init ] --END-- [ RunTime:0.000279s ]

[ 2019-08-14T19:46:18+08:00 ] 101.91.60.80 /index.php/Wx/Index/index?signature=6e6eb2e089e33052cef054acec504251b98cb47e&timestamp=1565783178&nonce=1645817909&openid=ofrczvzQH2Ejb5ck_6G6jEgFLOig
INFO: [ app_init ] --START--
INFO: Run Behavior\BuildLiteBehavior [ RunTime:0.000009s ]
INFO: [ app_init ] --END-- [ RunTime:0.000231s ]
INFO: [ app_begin ] --START--
INFO: Run Behavior\ReadHtmlCacheBehavior [ RunTime:0.000297s ]
INFO: [ app_begin ] --END-- [ RunTime:0.000326s ]
NOTIC: [2] Declaration of Wx\Controller\IndexController::get() should be compatible with Think\Controller::get($name = '') /home/bae/app/Application/Wx/Controller/IndexController.class.php 第 732 行.
NOTIC: [8] Undefined index: echostr /home/bae/app/Application/Wx/Controller/IndexController.class.php 第 24 行.
NOTIC: [8] Undefined variable: Content /home/bae/app/Application/Wx/Controller/IndexController.class.php 第 391 行.
INFO: [ app_end ] --START--
INFO: Run Behavior\ShowPageTraceBehavior [ RunTime:0.000387s ]
INFO: [ app_end ] --END-- [ RunTime:0.000421s ]

[ 2019-08-14T19:46:18+08:00 ] 123.151.77.73 /index.php/Wx/Index/get
INFO: [ app_init ] --START--
INFO: Run Behavior\BuildLiteBehavior [ RunTime:0.000009s ]
INFO: [ app_init ] --END-- [ RunTime:0.000217s ]
INFO: [ app_begin ] --START--
INFO: Run Behavior\ReadHtmlCacheBehavior [ RunTime:0.000393s ]
INFO: [ app_begin ] --END-- [ RunTime:0.000426s ]
NOTIC: [2] Declaration of Wx\Controller\IndexController::get() should be compatible with Think\Controller::get($name = '') /home/bae/app/Application/Wx/Controller/IndexController.class.php 第 732 行.
INFO: [ view_parse ] --START--
INFO: [ template_filter ] --START--
INFO: Run Behavior\ContentReplaceBehavior [ RunTime:0.000041s ]
INFO: [ template_filter ] --END-- [ RunTime:0.000068s ]
INFO: Run Behavior\ParseTemplateBehavior [ RunTime:0.003128s ]
INFO: [ view_parse ] --END-- [ RunTime:0.003157s ]
INFO: [ view_filter ] --START--
INFO: Run Behavior\WriteHtmlCacheBehavior [ RunTime:0.000108s ]
INFO: [ view_filter ] --END-- [ RunTime:0.000126s ]
INFO: [ app_end ] --START--
INFO: Run Behavior\ShowPageTraceBehavior [ RunTime:0.000324s ]
INFO: [ app_end ] --END-- [ RunTime:0.000346s ]

[ 2019-08-14T19:46:19+08:00 ] 112.224.67.10 /index.php/Wx/Index/favicon.ico
INFO: [ app_init ] --START--
INFO: Run Behavior\BuildLiteBehavior [ RunTime:0.000009s ]
INFO: [ app_init ] --END-- [ RunTime:0.000224s ]

[ 2019-08-14T19:48:11+08:00 ] 101.91.60.80 /index.php/Wx/Index/index?signature=0b0fed7c050b27b5961a2f13cb7d113281cf8b82&timestamp=1565783291&nonce=1588905183&openid=ofrczvzQH2Ejb5ck_6G6jEgFLOig
INFO: [ app_init ] --START--
INFO: Run Behavior\BuildLiteBehavior [ RunTime:0.000009s ]
INFO: [ app_init ] --END-- [ RunTime:0.000241s ]
INFO: [ app_begin ] --START--
INFO: Run Behavior\ReadHtmlCacheBehavior [ RunTime:0.000293s ]
INFO: [ app_begin ] --END-- [ RunTime:0.000322s ]
NOTIC: [2] Declaration of Wx\Controller\IndexController::get() should be compatible with Think\Controller::get($name = '') /home/bae/app/Application/Wx/Controller/IndexController.class.php 第 732 行.
NOTIC: [8] Undefined index: echostr /home/bae/app/Application/Wx/Controller/IndexController.class.php 第 24 行.
NOTIC: [8] Undefined variable: Content /home/bae/app/Application/Wx/Controller/IndexController.class.php 第 391 行.
INFO: [ app_end ] --START--
INFO: Run Behavior\ShowPageTraceBehavior [ RunTime:0.000342s ]
INFO: [ app_end ] --END-- [ RunTime:0.000367s ]

[ 2019-08-14T19:48:54+08:00 ] 101.91.60.80 /index.php/Wx/Index/index?signature=13c8e74071b39ccce5a166ca4c55d1319ba5a1fc&timestamp=1565783334&nonce=656060426&openid=ofrczvzQH2Ejb5ck_6G6jEgFLOig
INFO: [ app_init ] --START--
INFO: Run Behavior\BuildLiteBehavior [ RunTime:0.000009s ]
INFO: [ app_init ] --END-- [ RunTime:0.000224s ]
INFO: [ app_begin ] --START--
INFO: Run Behavior\ReadHtmlCacheBehavior [ RunTime:0.000264s ]
INFO: [ app_begin ] --END-- [ RunTime:0.000291s ]
NOTIC: [2] Declaration of Wx\Controller\IndexController::get() should be compatible with Think\Controller::get($name = '') /home/bae/app/Application/Wx/Controller/IndexController.class.php 第 732 行.
NOTIC: [8] Undefined index: echostr /home/bae/app/Application/Wx/Controller/IndexController.class.php 第 24 行.
NOTIC: [8] Undefined variable: Content /home/bae/app/Application/Wx/Controller/IndexController.class.php 第 391 行.
INFO: [ app_end ] --START--
INFO: Run Behavior\ShowPageTraceBehavior [ RunTime:0.000311s ]
INFO: [ app_end ] --END-- [ RunTime:0.000336s ]

[ 2019-08-14T19:49:58+08:00 ] 101.91.60.80 /index.php/Wx/Index/index?signature=90cb3bfdfd65e297926f695c520ca8c7bffc6dc4&timestamp=1565783398&nonce=725389066&openid=ofrczvzQH2Ejb5ck_6G6jEgFLOig
INFO: [ app_init ] --START--
INFO: Run Behavior\BuildLiteBehavior [ RunTime:0.000009s ]
INFO: [ app_init ] --END-- [ RunTime:0.000215s ]
INFO: [ app_begin ] --START--
INFO: Run Behavior\ReadHtmlCacheBehavior [ RunTime:0.000261s ]
INFO: [ app_begin ] --END-- [ RunTime:0.000289s ]
NOTIC: [2] Declaration of Wx\Controller\IndexController::get() should be compatible with Think\Controller::get($name = '') /home/bae/app/Application/Wx/Controller/IndexController.class.php 第 732 行.
NOTIC: [8] Undefined index: echostr /home/bae/app/Application/Wx/Controller/IndexController.class.php 第 24 行.
NOTIC: [8] Undefined variable: Content /home/bae/app/Application/Wx/Controller/IndexController.class.php 第 391 行.
INFO: [ app_end ] --START--
INFO: Run Behavior\ShowPageTraceBehavior [ RunTime:0.000307s ]
INFO: [ app_end ] --END-- [ RunTime:0.000333s ]

[ 2019-08-14T19:51:52+08:00 ] 101.91.60.80 /index.php/Wx/Index/index?signature=b02106eca607d44a2920724f4fd0fd16846db85c&timestamp=1565783512&nonce=1719377061&openid=ofrczvzQH2Ejb5ck_6G6jEgFLOig
INFO: [ app_init ] --START--
INFO: Run Behavior\BuildLiteBehavior [ RunTime:0.000008s ]
INFO: [ app_init ] --END-- [ RunTime:0.000226s ]
INFO: [ app_begin ] --START--
INFO: Run Behavior\ReadHtmlCacheBehavior [ RunTime:0.000267s ]
INFO: [ app_begin ] --END-- [ RunTime:0.000295s ]
NOTIC: [2] Declaration of Wx\Controller\IndexController::get() should be compatible with Think\Controller::get($name = '') /home/bae/app/Application/Wx/Controller/IndexController.class.php 第 732 行.
NOTIC: [8] Undefined index: echostr /home/bae/app/Application/Wx/Controller/IndexController.class.php 第 24 行.
NOTIC: [8] Undefined variable: Content /home/bae/app/Application/Wx/Controller/IndexController.class.php 第 391 行.
INFO: [ app_end ] --START--
INFO: Run Behavior\ShowPageTraceBehavior [ RunTime:0.000313s ]
INFO: [ app_end ] --END-- [ RunTime:0.000337s ]

[ 2019-08-14T19:52:16+08:00 ] 101.91.60.80 /index.php/Wx/Index/index?signature=15fa187db7fd7b31c5196415e9e2ca707952e92e&timestamp=1565783536&nonce=372390619&openid=ofrczvzQH2Ejb5ck_6G6jEgFLOig
INFO: [ app_init ] --START--
INFO: Run Behavior\BuildLiteBehavior [ RunTime:0.000012s ]
INFO: [ app_init ] --END-- [ RunTime:0.000273s ]
INFO: [ app_begin ] --START--
INFO: Run Behavior\ReadHtmlCacheBehavior [ RunTime:0.000301s ]
INFO: [ app_begin ] --END-- [ RunTime:0.000337s ]
NOTIC: [2] Declaration of Wx\Controller\IndexController::get() should be compatible with Think\Controller::get($name = '') /home/bae/app/Application/Wx/Controller/IndexController.class.php 第 732 行.
NOTIC: [8] Undefined index: echostr /home/bae/app/Application/Wx/Controller/IndexController.class.php 第 24 行.
NOTIC: [8] Undefined variable: Content /home/bae/app/Application/Wx/Controller/IndexController.class.php 第 391 行.
INFO: [ app_end ] --START--
INFO: Run Behavior\ShowPageTraceBehavior [ RunTime:0.000317s ]
INFO: [ app_end ] --END-- [ RunTime:0.000342s ]

[ 2019-08-14T19:53:16+08:00 ] 101.91.60.80 /index.php/Wx/Index/index?signature=ae606f7f42f5f49bd617dc622332da82f3da132f&timestamp=1565783596&nonce=1716237040&openid=ofrczvzQH2Ejb5ck_6G6jEgFLOig
INFO: [ app_init ] --START--
INFO: Run Behavior\BuildLiteBehavior [ RunTime:0.000009s ]
INFO: [ app_init ] --END-- [ RunTime:0.000234s ]
INFO: [ app_begin ] --START--
INFO: Run Behavior\ReadHtmlCacheBehavior [ RunTime:0.000281s ]
INFO: [ app_begin ] --END-- [ RunTime:0.000313s ]
NOTIC: [2] Declaration of Wx\Controller\IndexController::get() should be compatible with Think\Controller::get($name = '') /home/bae/app/Application/Wx/Controller/IndexController.class.php 第 732 行.
NOTIC: [8] Undefined index: echostr /home/bae/app/Application/Wx/Controller/IndexController.class.php 第 24 行.
NOTIC: [8] Undefined variable: Content /home/bae/app/Application/Wx/Controller/IndexController.class.php 第 391 行.
INFO: [ app_end ] --START--
INFO: Run Behavior\ShowPageTraceBehavior [ RunTime:0.000318s ]
INFO: [ app_end ] --END-- [ RunTime:0.000347s ]

[ 2019-08-14T19:57:33+08:00 ] 101.91.60.80 /index.php/Wx/Index/index?signature=df33553f21435a2574b7787bf05ce28b0c69f54f&timestamp=1565783853&nonce=971294395&openid=ofrczvzQH2Ejb5ck_6G6jEgFLOig
INFO: [ app_init ] --START--
INFO: Run Behavior\BuildLiteBehavior [ RunTime:0.000011s ]
INFO: [ app_init ] --END-- [ RunTime:0.000290s ]
INFO: [ app_begin ] --START--
INFO: Run Behavior\ReadHtmlCacheBehavior [ RunTime:0.000278s ]
INFO: [ app_begin ] --END-- [ RunTime:0.000311s ]
NOTIC: [2] Declaration of Wx\Controller\IndexController::get() should be compatible with Think\Controller::get($name = '') /home/bae/app/Application/Wx/Controller/IndexController.class.php 第 732 行.
NOTIC: [8] Undefined index: echostr /home/bae/app/Application/Wx/Controller/IndexController.class.php 第 24 行.
NOTIC: [8] Undefined variable: Content /home/bae/app/Application/Wx/Controller/IndexController.class.php 第 391 行.
INFO: [ app_end ] --START--
INFO: Run Behavior\ShowPageTraceBehavior [ RunTime:0.000307s ]
INFO: [ app_end ] --END-- [ RunTime:0.000332s ]

