[ 2019-08-21T15:50:44+08:00 ] 222.135.77.242 /index.php/Wx/Index/get
INFO: [ app_init ] --START--
INFO: Run Behavior\BuildLiteBehavior [ RunTime:0.000011s ]
INFO: [ app_init ] --END-- [ RunTime:0.000734s ]
INFO: [ app_begin ] --START--
INFO: Run Behavior\ReadHtmlCacheBehavior [ RunTime:0.000644s ]
INFO: [ app_begin ] --END-- [ RunTime:0.000673s ]
NOTIC: [2] Declaration of Wx\Controller\IndexController::get() should be compatible with Think\Controller::get($name = '') /home/bae/app/Application/Wx/Controller/IndexController.class.php 第 889 行.
INFO: [ view_parse ] --START--
INFO: [ template_filter ] --START--
INFO: Run Behavior\ContentReplaceBehavior [ RunTime:0.001257s ]
INFO: [ template_filter ] --END-- [ RunTime:0.001286s ]
INFO: Run Behavior\ParseTemplateBehavior [ RunTime:0.008547s ]
INFO: [ view_parse ] --END-- [ RunTime:0.008573s ]
INFO: [ view_filter ] --START--
INFO: Run Behavior\WriteHtmlCacheBehavior [ RunTime:0.000715s ]
INFO: [ view_filter ] --END-- [ RunTime:0.000735s ]
INFO: [ app_end ] --START--
INFO: Run Behavior\ShowPageTraceBehavior [ RunTime:0.000623s ]
INFO: [ app_end ] --END-- [ RunTime:0.000645s ]

[ 2019-08-21T15:50:45+08:00 ] 222.135.77.242 /index.php/Wx/Index/favicon.ico
INFO: [ app_init ] --START--
INFO: Run Behavior\BuildLiteBehavior [ RunTime:0.000008s ]
INFO: [ app_init ] --END-- [ RunTime:0.000221s ]

[ 2019-08-21T16:03:59+08:00 ] 101.91.60.80 /index.php/Wx/Index/index?signature=927a8bae3e223247b575e56f5fde10d0ba080917&timestamp=1566374639&nonce=1226828415&openid=ofrczvzQH2Ejb5ck_6G6jEgFLOig
INFO: [ app_init ] --START--
INFO: Run Behavior\BuildLiteBehavior [ RunTime:0.000010s ]
INFO: [ app_init ] --END-- [ RunTime:0.000288s ]

[ 2019-08-21T16:04:02+08:00 ] 101.91.60.80 /index.php/Wx/Index/index?signature=7425b78852b9bdd7ce4457ce68963cdcd9a01757&timestamp=1566374642&nonce=882051363&openid=ofrczvzQH2Ejb5ck_6G6jEgFLOig
INFO: [ app_init ] --START--
INFO: Run Behavior\BuildLiteBehavior [ RunTime:0.000008s ]
INFO: [ app_init ] --END-- [ RunTime:0.000228s ]

[ 2019-08-21T16:04:03+08:00 ] 123.151.77.73 /index.php/Wx/Index/get
INFO: [ app_init ] --START--
INFO: Run Behavior\BuildLiteBehavior [ RunTime:0.000009s ]
INFO: [ app_init ] --END-- [ RunTime:0.000219s ]

[ 2019-08-21T16:04:05+08:00 ] 112.224.67.64 /index.php/Wx/Index/favicon.ico
INFO: [ app_init ] --START--
INFO: Run Behavior\BuildLiteBehavior [ RunTime:0.000009s ]
INFO: [ app_init ] --END-- [ RunTime:0.000229s ]

[ 2019-08-21T16:04:27+08:00 ] 123.151.77.73 /index.php/Wx/Index/Login_check
INFO: [ app_init ] --START--
INFO: Run Behavior\BuildLiteBehavior [ RunTime:0.000009s ]
INFO: [ app_init ] --END-- [ RunTime:0.000242s ]

[ 2019-08-21T16:04:28+08:00 ] 123.151.77.73 /index.php/Wx/Index/index2
INFO: [ app_init ] --START--
INFO: Run Behavior\BuildLiteBehavior [ RunTime:0.000011s ]
INFO: [ app_init ] --END-- [ RunTime:0.000245s ]

[ 2019-08-21T16:04:48+08:00 ] 123.151.77.73 /index.php/Wx/Index/Login_check
INFO: [ app_init ] --START--
INFO: Run Behavior\BuildLiteBehavior [ RunTime:0.000008s ]
INFO: [ app_init ] --END-- [ RunTime:0.000235s ]

[ 2019-08-21T16:04:48+08:00 ] 123.151.77.73 /index.php/Wx/Index/getBaseInfo.html
INFO: [ app_init ] --START--
INFO: Run Behavior\BuildLiteBehavior [ RunTime:0.000010s ]
INFO: [ app_init ] --END-- [ RunTime:0.000236s ]

[ 2019-08-21T16:04:50+08:00 ] 220.194.106.93 /index.php/Wx/Index/getUserOpenId?code=011OxPki2vnPkA0wMNji26CUki2OxPkX&state=123
INFO: [ app_init ] --START--
INFO: Run Behavior\BuildLiteBehavior [ RunTime:0.000009s ]
INFO: [ app_init ] --END-- [ RunTime:0.000337s ]

[ 2019-08-21T16:04:50+08:00 ] 123.151.77.73 /index.php/Wx/Index/index1.html
INFO: [ app_init ] --START--
INFO: Run Behavior\BuildLiteBehavior [ RunTime:0.000009s ]
INFO: [ app_init ] --END-- [ RunTime:0.000238s ]

[ 2019-08-21T16:04:51+08:00 ] 101.227.139.172 /index.php/Wx/Index/getBaseInfo.html
INFO: [ app_init ] --START--
INFO: Run Behavior\BuildLiteBehavior [ RunTime:0.000008s ]
INFO: [ app_init ] --END-- [ RunTime:0.000221s ]

[ 2019-08-21T16:04:51+08:00 ] 101.227.139.172 /index.php/Wx/Index/index1.html
INFO: [ app_init ] --START--
INFO: Run Behavior\BuildLiteBehavior [ RunTime:0.000008s ]
INFO: [ app_init ] --END-- [ RunTime:0.000212s ]

[ 2019-08-21T16:04:51+08:00 ] 101.227.139.172 /index.php/Wx/Index/getUserOpenId?code=011OxPki2vnPkA0wMNji26CUki2OxPkX&state=123
INFO: [ app_init ] --START--
INFO: Run Behavior\BuildLiteBehavior [ RunTime:0.000009s ]
INFO: [ app_init ] --END-- [ RunTime:0.000273s ]

[ 2019-08-21T16:05:51+08:00 ] 222.135.77.242 /index.php/Wx/Index/sendTemplateMsg/keyidd/ofrczvzQH2Ejb5ck_6G6jEgFLOig.html
INFO: [ app_init ] --START--
INFO: Run Behavior\BuildLiteBehavior [ RunTime:0.000009s ]
INFO: [ app_init ] --END-- [ RunTime:0.000229s ]

[ 2019-08-21T16:05:52+08:00 ] 101.91.60.80 /index.php/Wx/Index/index?signature=deeb2f839a8018affb8bf626e0bcee0ecdda189e&timestamp=1566374752&nonce=1098451362&openid=ofrczvzQH2Ejb5ck_6G6jEgFLOig
INFO: [ app_init ] --START--
INFO: Run Behavior\BuildLiteBehavior [ RunTime:0.000009s ]
INFO: [ app_init ] --END-- [ RunTime:0.000394s ]

[ 2019-08-21T16:06:18+08:00 ] 222.135.77.242 /index.php/Wx/Index/sendTemplateMsg/keyidd/ofrczvzQH2Ejb5ck_6G6jEgFLOig.html
INFO: [ app_init ] --START--
INFO: Run Behavior\BuildLiteBehavior [ RunTime:0.000009s ]
INFO: [ app_init ] --END-- [ RunTime:0.000219s ]

[ 2019-08-21T16:06:19+08:00 ] 101.91.60.80 /index.php/Wx/Index/index?signature=2fc7546db9f4b0f5be591c79e7810dcca75d60bd&timestamp=1566374778&nonce=571539653&openid=ofrczvzQH2Ejb5ck_6G6jEgFLOig
INFO: [ app_init ] --START--
INFO: Run Behavior\BuildLiteBehavior [ RunTime:0.000008s ]
INFO: [ app_init ] --END-- [ RunTime:0.000227s ]

[ 2019-08-21T16:07:55+08:00 ] 222.135.77.242 /index.php/Wx/Index/sendTemplateMsg/keyidd/ofrczvzQH2Ejb5ck_6G6jEgFLOig.html
INFO: [ app_init ] --START--
INFO: Run Behavior\BuildLiteBehavior [ RunTime:0.000009s ]
INFO: [ app_init ] --END-- [ RunTime:0.000216s ]

[ 2019-08-21T16:07:55+08:00 ] 101.91.60.80 /index.php/Wx/Index/index?signature=62a2587e897d16d180e5df7a3468b69f0fe01f76&timestamp=1566374875&nonce=621605226&openid=ofrczvzQH2Ejb5ck_6G6jEgFLOig
INFO: [ app_init ] --START--
INFO: Run Behavior\BuildLiteBehavior [ RunTime:0.000008s ]
INFO: [ app_init ] --END-- [ RunTime:0.000231s ]

[ 2019-08-21T16:09:55+08:00 ] 222.135.77.242 /index.php/Wx/Index/sendTemplateMsg3/keyidd/ofrczvzQH2Ejb5ck_6G6jEgFLOig.html
INFO: [ app_init ] --START--
INFO: Run Behavior\BuildLiteBehavior [ RunTime:0.000016s ]
INFO: [ app_init ] --END-- [ RunTime:0.000358s ]

[ 2019-08-21T16:09:55+08:00 ] 101.91.60.80 /index.php/Wx/Index/index?signature=dbe7f1c376517dd0847845ad5a8b95a670a2ac50&timestamp=1566374995&nonce=1049331768&openid=ofrczvzQH2Ejb5ck_6G6jEgFLOig
INFO: [ app_init ] --START--
INFO: Run Behavior\BuildLiteBehavior [ RunTime:0.000008s ]
INFO: [ app_init ] --END-- [ RunTime:0.000233s ]

[ 2019-08-21T16:10:07+08:00 ] 222.135.77.242 /index.php/Wx/Index/sendTemplateMsg2/keyidd/ofrczvzQH2Ejb5ck_6G6jEgFLOig.html
INFO: [ app_init ] --START--
INFO: Run Behavior\BuildLiteBehavior [ RunTime:0.000009s ]
INFO: [ app_init ] --END-- [ RunTime:0.000227s ]

[ 2019-08-21T16:10:08+08:00 ] 101.91.60.80 /index.php/Wx/Index/index?signature=34464a58c4c373c74cc7b4b3a92f8dd17213aa89&timestamp=1566375007&nonce=230556563&openid=ofrczvzQH2Ejb5ck_6G6jEgFLOig
INFO: [ app_init ] --START--
INFO: Run Behavior\BuildLiteBehavior [ RunTime:0.000008s ]
INFO: [ app_init ] --END-- [ RunTime:0.000228s ]

[ 2019-08-21T16:10:21+08:00 ] 222.135.77.242 /index.php/Wx/Index/sendTemplateMsg1/keyidd/ofrczvzQH2Ejb5ck_6G6jEgFLOig.html
INFO: [ app_init ] --START--
INFO: Run Behavior\BuildLiteBehavior [ RunTime:0.000010s ]
INFO: [ app_init ] --END-- [ RunTime:0.000230s ]

[ 2019-08-21T16:10:21+08:00 ] 101.91.60.80 /index.php/Wx/Index/index?signature=19ee99ee0df76f89028c03ed6391abb88f08e6a6&timestamp=1566375021&nonce=909807757&openid=ofrczvzQH2Ejb5ck_6G6jEgFLOig
INFO: [ app_init ] --START--
INFO: Run Behavior\BuildLiteBehavior [ RunTime:0.000009s ]
INFO: [ app_init ] --END-- [ RunTime:0.000237s ]

[ 2019-08-21T16:10:24+08:00 ] 222.135.77.242 /index.php/Wx/Index/sendTemplateMsg3/keyidd/ofrczvzQH2Ejb5ck_6G6jEgFLOig.html
INFO: [ app_init ] --START--
INFO: Run Behavior\BuildLiteBehavior [ RunTime:0.000012s ]
INFO: [ app_init ] --END-- [ RunTime:0.000244s ]

[ 2019-08-21T16:10:24+08:00 ] 101.91.60.80 /index.php/Wx/Index/index?signature=aa46d4f9fd2b5c62ac7bcad36c926d144953cfb4&timestamp=1566375024&nonce=1601291943&openid=ofrczvzQH2Ejb5ck_6G6jEgFLOig
INFO: [ app_init ] --START--
INFO: Run Behavior\BuildLiteBehavior [ RunTime:0.000009s ]
INFO: [ app_init ] --END-- [ RunTime:0.000222s ]

[ 2019-08-21T16:10:34+08:00 ] 222.135.77.242 /index.php/Wx/Index/sendTemplateMsg1/keyidd/ofrczvzQH2Ejb5ck_6G6jEgFLOig.html
INFO: [ app_init ] --START--
INFO: Run Behavior\BuildLiteBehavior [ RunTime:0.000009s ]
INFO: [ app_init ] --END-- [ RunTime:0.000216s ]

[ 2019-08-21T16:10:34+08:00 ] 101.91.60.80 /index.php/Wx/Index/index?signature=b1d6766194f65478cdb019c7d82993713cb9e8df&timestamp=1566375034&nonce=801405847&openid=ofrczvzQH2Ejb5ck_6G6jEgFLOig
INFO: [ app_init ] --START--
INFO: Run Behavior\BuildLiteBehavior [ RunTime:0.000008s ]
INFO: [ app_init ] --END-- [ RunTime:0.000220s ]

[ 2019-08-21T16:10:41+08:00 ] 222.135.77.242 /index.php/Wx/Index/sendTemplateMsg2/keyidd/ofrczvzQH2Ejb5ck_6G6jEgFLOig.html
INFO: [ app_init ] --START--
INFO: Run Behavior\BuildLiteBehavior [ RunTime:0.000009s ]
INFO: [ app_init ] --END-- [ RunTime:0.000218s ]

[ 2019-08-21T16:10:41+08:00 ] 101.91.60.80 /index.php/Wx/Index/index?signature=e2bc381c5311ae44f69690831602c1756ab09607&timestamp=1566375041&nonce=1663034796&openid=ofrczvzQH2Ejb5ck_6G6jEgFLOig
INFO: [ app_init ] --START--
INFO: Run Behavior\BuildLiteBehavior [ RunTime:0.000009s ]
INFO: [ app_init ] --END-- [ RunTime:0.000222s ]

