[ 2019-09-03T14:18:36+08:00 ] 119.190.200.167 /index.php/Wx/Index/getBaseInfo
INFO: [ app_init ] --START--
INFO: Run Behavior\BuildLiteBehavior [ RunTime:0.000010s ]
INFO: [ app_init ] --END-- [ RunTime:0.000806s ]
ERR: syntax error, unexpected '=>' (T_DOUBLE_ARROW), expecting ',' or ')'

[ 2019-09-03T14:19:31+08:00 ] 119.190.200.167 /index.php/Wx/Index/getBaseInfo
INFO: [ app_init ] --START--
INFO: Run Behavior\BuildLiteBehavior [ RunTime:0.000009s ]
INFO: [ app_init ] --END-- [ RunTime:0.000222s ]

[ 2019-09-03T14:19:32+08:00 ] 119.190.200.167 /index.php/Wx/Index/getUserOpenId?code=0217XTqo0he7Nk1NAdro0nPUqo07XTqv&state=123
INFO: [ app_init ] --START--
INFO: Run Behavior\BuildLiteBehavior [ RunTime:0.000009s ]
INFO: [ app_init ] --END-- [ RunTime:0.000221s ]

[ 2019-09-03T14:19:32+08:00 ] 119.190.200.167 /index.php/Wx/Index/web.html
INFO: [ app_init ] --START--
INFO: Run Behavior\BuildLiteBehavior [ RunTime:0.000012s ]
INFO: [ app_init ] --END-- [ RunTime:0.000308s ]

[ 2019-09-03T14:19:34+08:00 ] 119.190.200.167 /index.php/Wx/Index/favicon.ico
INFO: [ app_init ] --START--
INFO: Run Behavior\BuildLiteBehavior [ RunTime:0.000008s ]
INFO: [ app_init ] --END-- [ RunTime:0.000244s ]

[ 2019-09-03T14:19:40+08:00 ] 101.91.60.80 /index.php/Wx/Index/index?signature=343e498087ee68da0506c2ef66acb461dbff87e6&timestamp=1567491580&nonce=2006136370&openid=ofrczvzQH2Ejb5ck_6G6jEgFLOig
INFO: [ app_init ] --START--
INFO: Run Behavior\BuildLiteBehavior [ RunTime:0.000010s ]
INFO: [ app_init ] --END-- [ RunTime:0.000232s ]

[ 2019-09-03T14:19:41+08:00 ] 123.151.77.73 /index.php/Wx/Index/getBaseInfo
INFO: [ app_init ] --START--
INFO: Run Behavior\BuildLiteBehavior [ RunTime:0.000008s ]
INFO: [ app_init ] --END-- [ RunTime:0.000271s ]

[ 2019-09-03T14:19:42+08:00 ] 123.151.77.73 /index.php/Wx/Index/getUserOpenId?code=081hptk11WKo6X12UGm11c0kk11hptkQ&state=123
INFO: [ app_init ] --START--
INFO: Run Behavior\BuildLiteBehavior [ RunTime:0.000010s ]
INFO: [ app_init ] --END-- [ RunTime:0.000252s ]

[ 2019-09-03T14:19:43+08:00 ] 220.194.106.93 /index.php/Wx/Index/web.html
INFO: [ app_init ] --START--
INFO: Run Behavior\BuildLiteBehavior [ RunTime:0.000013s ]
INFO: [ app_init ] --END-- [ RunTime:0.000311s ]

[ 2019-09-03T14:19:45+08:00 ] 112.224.67.250 /index.php/Wx/Index/favicon.ico
INFO: [ app_init ] --START--
INFO: Run Behavior\BuildLiteBehavior [ RunTime:0.000008s ]
INFO: [ app_init ] --END-- [ RunTime:0.000220s ]

[ 2019-09-03T14:20:01+08:00 ] 123.151.77.73 /index.php/Wx/Index/Login_check
INFO: [ app_init ] --START--
INFO: Run Behavior\BuildLiteBehavior [ RunTime:0.000010s ]
INFO: [ app_init ] --END-- [ RunTime:0.000247s ]

[ 2019-09-03T14:20:01+08:00 ] 123.151.77.73 /index.php/Wx/Index/getBaseInfo.html
INFO: [ app_init ] --START--
INFO: Run Behavior\BuildLiteBehavior [ RunTime:0.000013s ]
INFO: [ app_init ] --END-- [ RunTime:0.000349s ]

[ 2019-09-03T14:20:03+08:00 ] 123.151.77.73 /index.php/Wx/Index/getUserOpenId?code=021y8VO12J9DKW0vWyS12FVLO12y8VOf&state=123
INFO: [ app_init ] --START--
INFO: Run Behavior\BuildLiteBehavior [ RunTime:0.000009s ]
INFO: [ app_init ] --END-- [ RunTime:0.000257s ]

[ 2019-09-03T14:20:03+08:00 ] 123.151.77.73 /index.php/Wx/Index/web.html
INFO: [ app_init ] --START--
INFO: Run Behavior\BuildLiteBehavior [ RunTime:0.000009s ]
INFO: [ app_init ] --END-- [ RunTime:0.000222s ]

[ 2019-09-03T14:21:41+08:00 ] 123.151.77.73 /index.php/Wx/Index/quxiao
INFO: [ app_init ] --START--
INFO: Run Behavior\BuildLiteBehavior [ RunTime:0.000009s ]
INFO: [ app_init ] --END-- [ RunTime:0.000239s ]

[ 2019-09-03T14:21:41+08:00 ] 123.151.77.73 /index.php/Wx/Index/getBaseInfo.html
INFO: [ app_init ] --START--
INFO: Run Behavior\BuildLiteBehavior [ RunTime:0.000008s ]
INFO: [ app_init ] --END-- [ RunTime:0.000234s ]

[ 2019-09-03T14:21:43+08:00 ] 123.151.77.73 /index.php/Wx/Index/getUserOpenId?code=001EdXye1yH44y0zSMwe1hPfze1EdXyi&state=123
INFO: [ app_init ] --START--
INFO: Run Behavior\BuildLiteBehavior [ RunTime:0.000009s ]
INFO: [ app_init ] --END-- [ RunTime:0.000229s ]

[ 2019-09-03T14:21:43+08:00 ] 123.151.77.73 /index.php/Wx/Index/web.html
INFO: [ app_init ] --START--
INFO: Run Behavior\BuildLiteBehavior [ RunTime:0.000011s ]
INFO: [ app_init ] --END-- [ RunTime:0.000299s ]

[ 2019-09-03T14:21:53+08:00 ] 123.151.77.73 /index.php/Wx/Index/quxiao
INFO: [ app_init ] --START--
INFO: Run Behavior\BuildLiteBehavior [ RunTime:0.000008s ]
INFO: [ app_init ] --END-- [ RunTime:0.000219s ]

[ 2019-09-03T14:21:54+08:00 ] 123.151.77.73 /index.php/Wx/Index/getBaseInfo.html
INFO: [ app_init ] --START--
INFO: Run Behavior\BuildLiteBehavior [ RunTime:0.000011s ]
INFO: [ app_init ] --END-- [ RunTime:0.000235s ]

[ 2019-09-03T14:21:55+08:00 ] 123.151.77.73 /index.php/Wx/Index/getUserOpenId?code=081DxMs60nSfUC1NBSu60j8Ss60DxMs9&state=123
INFO: [ app_init ] --START--
INFO: Run Behavior\BuildLiteBehavior [ RunTime:0.000008s ]
INFO: [ app_init ] --END-- [ RunTime:0.000216s ]

[ 2019-09-03T14:21:55+08:00 ] 123.151.77.73 /index.php/Wx/Index/web.html
INFO: [ app_init ] --START--
INFO: Run Behavior\BuildLiteBehavior [ RunTime:0.000008s ]
INFO: [ app_init ] --END-- [ RunTime:0.000221s ]

[ 2019-09-03T14:27:04+08:00 ] 119.190.200.167 /index.php/Wx/Index/getBaseInfo
INFO: [ app_init ] --START--
INFO: Run Behavior\BuildLiteBehavior [ RunTime:0.000018s ]
INFO: [ app_init ] --END-- [ RunTime:0.000446s ]

[ 2019-09-03T14:27:05+08:00 ] 119.190.200.167 /index.php/Wx/Index/getUserOpenId?code=011G00vO1YPpW81jZguO17fXuO1G00vQ&state=123
INFO: [ app_init ] --START--
INFO: Run Behavior\BuildLiteBehavior [ RunTime:0.000009s ]
INFO: [ app_init ] --END-- [ RunTime:0.000224s ]

[ 2019-09-03T14:27:05+08:00 ] 119.190.200.167 /index.php/Wx/Index/web.html
INFO: [ app_init ] --START--
INFO: Run Behavior\BuildLiteBehavior [ RunTime:0.000008s ]
INFO: [ app_init ] --END-- [ RunTime:0.000214s ]

[ 2019-09-03T14:27:20+08:00 ] 101.91.60.80 /index.php/Wx/Index/index?signature=214a3e8e736d33a281b60f33ddd681ae4b1e01fa&timestamp=1567492040&nonce=1827625066&openid=ofrczvzQH2Ejb5ck_6G6jEgFLOig
INFO: [ app_init ] --START--
INFO: Run Behavior\BuildLiteBehavior [ RunTime:0.000009s ]
INFO: [ app_init ] --END-- [ RunTime:0.000217s ]

[ 2019-09-03T14:27:21+08:00 ] 220.194.106.93 /index.php/Wx/Index/getBaseInfo
INFO: [ app_init ] --START--
INFO: Run Behavior\BuildLiteBehavior [ RunTime:0.000009s ]
INFO: [ app_init ] --END-- [ RunTime:0.000221s ]

[ 2019-09-03T14:27:22+08:00 ] 123.151.77.73 /index.php/Wx/Index/getUserOpenId?code=0715jVSe0Q94lt14jHSe0CGVSe05jVSj&state=123
INFO: [ app_init ] --START--
INFO: Run Behavior\BuildLiteBehavior [ RunTime:0.000009s ]
INFO: [ app_init ] --END-- [ RunTime:0.000235s ]

[ 2019-09-03T14:27:22+08:00 ] 220.194.106.93 /index.php/Wx/Index/web.html
INFO: [ app_init ] --START--
INFO: Run Behavior\BuildLiteBehavior [ RunTime:0.000009s ]
INFO: [ app_init ] --END-- [ RunTime:0.000259s ]

[ 2019-09-03T14:27:23+08:00 ] 112.224.67.250 /index.php/Wx/Index/favicon.ico
INFO: [ app_init ] --START--
INFO: Run Behavior\BuildLiteBehavior [ RunTime:0.000009s ]
INFO: [ app_init ] --END-- [ RunTime:0.000213s ]

[ 2019-09-03T14:27:39+08:00 ] 220.194.106.93 /index.php/Wx/Index/Login_check
INFO: [ app_init ] --START--
INFO: Run Behavior\BuildLiteBehavior [ RunTime:0.000009s ]
INFO: [ app_init ] --END-- [ RunTime:0.000232s ]

[ 2019-09-03T14:27:39+08:00 ] 123.151.77.73 /index.php/Wx/Index/getBaseInfo.html
INFO: [ app_init ] --START--
INFO: Run Behavior\BuildLiteBehavior [ RunTime:0.000009s ]
INFO: [ app_init ] --END-- [ RunTime:0.000219s ]

[ 2019-09-03T14:27:41+08:00 ] 220.194.106.93 /index.php/Wx/Index/getUserOpenId?code=061imjBw1ug4bg06MRAw1ZzkBw1imjBR&state=123
INFO: [ app_init ] --START--
INFO: Run Behavior\BuildLiteBehavior [ RunTime:0.000008s ]
INFO: [ app_init ] --END-- [ RunTime:0.000216s ]

[ 2019-09-03T14:27:41+08:00 ] 123.151.77.73 /index.php/Wx/Index/web.html
INFO: [ app_init ] --START--
INFO: Run Behavior\BuildLiteBehavior [ RunTime:0.000010s ]
INFO: [ app_init ] --END-- [ RunTime:0.000219s ]

[ 2019-09-03T14:27:44+08:00 ] 123.151.77.73 /index.php/Wx/Index/quxiao
INFO: [ app_init ] --START--
INFO: Run Behavior\BuildLiteBehavior [ RunTime:0.000008s ]
INFO: [ app_init ] --END-- [ RunTime:0.000213s ]

[ 2019-09-03T14:27:44+08:00 ] 220.194.106.93 /index.php/Wx/Index/getBaseInfo.html
INFO: [ app_init ] --START--
INFO: Run Behavior\BuildLiteBehavior [ RunTime:0.000008s ]
INFO: [ app_init ] --END-- [ RunTime:0.000215s ]

[ 2019-09-03T14:27:46+08:00 ] 220.194.106.93 /index.php/Wx/Index/getUserOpenId?code=061h1Iye2KCJJI0yLnze2qauye2h1IyD&state=123
INFO: [ app_init ] --START--
INFO: Run Behavior\BuildLiteBehavior [ RunTime:0.000009s ]
INFO: [ app_init ] --END-- [ RunTime:0.000213s ]

[ 2019-09-03T14:27:46+08:00 ] 123.151.77.73 /index.php/Wx/Index/web.html
INFO: [ app_init ] --START--
INFO: Run Behavior\BuildLiteBehavior [ RunTime:0.000009s ]
INFO: [ app_init ] --END-- [ RunTime:0.000221s ]

[ 2019-09-03T14:28:06+08:00 ] 123.151.77.73 /index.php/Wx/Index/Login_check
INFO: [ app_init ] --START--
INFO: Run Behavior\BuildLiteBehavior [ RunTime:0.000009s ]
INFO: [ app_init ] --END-- [ RunTime:0.000383s ]

[ 2019-09-03T14:28:07+08:00 ] 220.194.106.93 /index.php/Wx/Index/getBaseInfo.html
INFO: [ app_init ] --START--
INFO: Run Behavior\BuildLiteBehavior [ RunTime:0.000009s ]
INFO: [ app_init ] --END-- [ RunTime:0.000212s ]

[ 2019-09-03T14:28:08+08:00 ] 123.151.77.73 /index.php/Wx/Index/getUserOpenId?code=001nnNwW06OMT124PRuW0YVWwW0nnNwR&state=123
INFO: [ app_init ] --START--
INFO: Run Behavior\BuildLiteBehavior [ RunTime:0.000008s ]
INFO: [ app_init ] --END-- [ RunTime:0.000224s ]

[ 2019-09-03T14:28:08+08:00 ] 123.151.77.73 /index.php/Wx/Index/web.html
INFO: [ app_init ] --START--
INFO: Run Behavior\BuildLiteBehavior [ RunTime:0.000009s ]
INFO: [ app_init ] --END-- [ RunTime:0.000222s ]

[ 2019-09-03T14:28:56+08:00 ] 61.129.6.159 /index.php/Wx/Index/quxiao
INFO: [ app_init ] --START--
INFO: Run Behavior\BuildLiteBehavior [ RunTime:0.000011s ]
INFO: [ app_init ] --END-- [ RunTime:0.000221s ]

