[ 2019-12-04T11:24:53+08:00 ] 119.190.204.15 /index.php/Wx/Index/getBaseInfo
INFO: [ app_init ] --START--
INFO: Run Behavior\BuildLiteBehavior [ RunTime:0.000011s ]
INFO: [ app_init ] --END-- [ RunTime:0.000282s ]

[ 2019-12-04T11:24:54+08:00 ] 119.190.204.15 /index.php/Wx/Index/getUserOpenId?code=011AW0f924LigK0jqlf92sANe92AW0f9&state=123
INFO: [ app_init ] --START--
INFO: Run Behavior\BuildLiteBehavior [ RunTime:0.000007s ]
INFO: [ app_init ] --END-- [ RunTime:0.000164s ]

[ 2019-12-04T11:24:54+08:00 ] 119.190.204.15 /index.php/Wx/Index/web.html
INFO: [ app_init ] --START--
INFO: Run Behavior\BuildLiteBehavior [ RunTime:0.000008s ]
INFO: [ app_init ] --END-- [ RunTime:0.000173s ]

[ 2019-12-04T11:25:40+08:00 ] 119.190.204.15 /index.php/Wx/Index/sendTemplateMsg5
INFO: [ app_init ] --START--
INFO: Run Behavior\BuildLiteBehavior [ RunTime:0.000007s ]
INFO: [ app_init ] --END-- [ RunTime:0.000165s ]
ERR: 参数错误或者未定义:keyidd

[ 2019-12-04T11:26:26+08:00 ] 119.190.204.15 /index.php/Wx/Index/sendTemplateMsg1/keyidd/ofrczvzQH2Ejb5ck_6G6jEgFLOig.html
INFO: [ app_init ] --START--
INFO: Run Behavior\BuildLiteBehavior [ RunTime:0.000007s ]
INFO: [ app_init ] --END-- [ RunTime:0.000168s ]

[ 2019-12-04T11:26:26+08:00 ] 101.91.60.80 /index.php/Wx/Index/index?signature=a8ac5ae0a0d8c0fd8bc0496a2b584d70bd91f821&timestamp=1575429986&nonce=505112591&openid=ofrczvzQH2Ejb5ck_6G6jEgFLOig
INFO: [ app_init ] --START--
INFO: Run Behavior\BuildLiteBehavior [ RunTime:0.000008s ]
INFO: [ app_init ] --END-- [ RunTime:0.000166s ]

[ 2019-12-04T11:30:34+08:00 ] 101.91.60.80 /index.php/Wx/Index/index?signature=20682fd4bbc6b9a7d684ccdf1d400fa1edddc598&timestamp=1575430234&nonce=665799299&openid=ofrczvzQH2Ejb5ck_6G6jEgFLOig
INFO: [ app_init ] --START--
INFO: Run Behavior\BuildLiteBehavior [ RunTime:0.000006s ]
INFO: [ app_init ] --END-- [ RunTime:0.000161s ]

[ 2019-12-04T11:30:36+08:00 ] 220.194.106.93 /index.php/Wx/Index/getBaseInfo?nsukey=hYlmQ8CKk%2BfBf%2F53yq09ulMKwH97FLUpWPenQR6GKcTOdZo34IDQa8SdmwicaYBZklhDNU6B5cjQvm7VV09avhxeqyZxi1%2BLdCSBp3SGR4%2BqO%2BKwTlbBawROdVjFO2wqQBWk5ArlU7I4pVM4h2u%2FAzY5Zwtoxz7YD6KZR1P3D6g9YhwsNN8pebrn1WblrJKPlgLBMdfuiLO%2BlDBCtXjQWA%3D%3D
INFO: [ app_init ] --START--
INFO: Run Behavior\BuildLiteBehavior [ RunTime:0.000007s ]
INFO: [ app_init ] --END-- [ RunTime:0.000163s ]

[ 2019-12-04T11:30:41+08:00 ] 220.194.106.93 /index.php/Wx/Index/getUserOpenId?code=061m8NAX0wxeUV1lbLxX0FQXAX0m8NA-&state=123&nsukey=YC11Sxi5j%2FAM3lnsuU0sWUlf1qwsS61iSnJfIc6xFvnPHro7bhtQzepyYcjRgds5f0kVjAb31MOaBGT7bqRiupHUFmysbBnvUGCCEIKe2dh7KbDQKMQH0f9MCsnQforID3i%2Bk1GiRR0LzCssQnDPDr3QqyFFOyagTfliBmsSeyYGi7vckorWhkNpwjvT43GXx5JRKh4YSXNkyTlKx9it4Q%3D%3D
INFO: [ app_init ] --START--
INFO: Run Behavior\BuildLiteBehavior [ RunTime:0.000008s ]
INFO: [ app_init ] --END-- [ RunTime:0.000190s ]

[ 2019-12-04T11:30:41+08:00 ] 220.194.106.93 /index.php/Wx/Index/web.html
INFO: [ app_init ] --START--
INFO: Run Behavior\BuildLiteBehavior [ RunTime:0.000009s ]
INFO: [ app_init ] --END-- [ RunTime:0.000204s ]

[ 2019-12-04T11:59:28+08:00 ] 101.91.60.80 /index.php/Wx/Index/index?signature=4d2a31f9533a12957950af8bbf2936678c410245&timestamp=1575431968&nonce=411546832&openid=ofrczvzQH2Ejb5ck_6G6jEgFLOig
INFO: [ app_init ] --START--
INFO: Run Behavior\BuildLiteBehavior [ RunTime:0.000008s ]
INFO: [ app_init ] --END-- [ RunTime:0.000162s ]

[ 2019-12-04T11:59:32+08:00 ] 123.151.77.132 /index.php/Wx/Index/getBaseInfo?nsukey=Ceh%2BoGI9x8AtIIcZyiKek74lf8nIXwdL7JM1En%2Farg4U%2FVgkFxwCTVNoa4gPrd7SodTrNqi9%2BlK14%2FKtIV18IkMGJbApU9OK2k2Q%2Bu4vhRCczaaTHSBbDvJ65OG0JtiMbL%2BnsCQzV7zD9DNZrAPkQKBEN1dMMhklDVsaCtM%2FaN8c4FeQRPbbs7uo17fg2goBLqTAjZBzQ21aqsMvHLas5A%3D%3D
INFO: [ app_init ] --START--
INFO: Run Behavior\BuildLiteBehavior [ RunTime:0.000008s ]
INFO: [ app_init ] --END-- [ RunTime:0.000176s ]

[ 2019-12-04T11:59:36+08:00 ] 123.151.77.132 /index.php/Wx/Index/getUserOpenId?code=011vVvbr1t083m0d5Q9r1Tmpbr1vVvbY&state=123&nsukey=mUF7O74dDBxNxSoBpjU8%2B8SZdQRqO22n5h%2BT36C%2BWunm%2F4PT%2B%2BM2NqC6prekoaTRANyt5aoZU7xvkELHKjcP2ZpM6OwtjafnbQ8YZJiRzUeM6VLlpX48xkW0Ew2Wx2kL4nD0%2FFIMtddy6TwbbFi7OIuO%2BJSbOX8lwlNEU32e3Yb9iG2uTyyFxZU6T3A%2BY0N8JOGBKi6JtmBDuwOLjQIB8Q%3D%3D
INFO: [ app_init ] --START--
INFO: Run Behavior\BuildLiteBehavior [ RunTime:0.000008s ]
INFO: [ app_init ] --END-- [ RunTime:0.000226s ]

[ 2019-12-04T11:59:37+08:00 ] 123.151.77.132 /index.php/Wx/Index/web.html
INFO: [ app_init ] --START--
INFO: Run Behavior\BuildLiteBehavior [ RunTime:0.000008s ]
INFO: [ app_init ] --END-- [ RunTime:0.000195s ]

[ 2019-12-04T11:59:37+08:00 ] 112.224.69.110 /index.php/Wx/Index/favicon.ico
INFO: [ app_init ] --START--
INFO: Run Behavior\BuildLiteBehavior [ RunTime:0.000007s ]
INFO: [ app_init ] --END-- [ RunTime:0.000163s ]

[ 2019-12-04T11:59:50+08:00 ] 123.151.77.132 /index.php/Wx/Index/Login_check
INFO: [ app_init ] --START--
INFO: Run Behavior\BuildLiteBehavior [ RunTime:0.000007s ]
INFO: [ app_init ] --END-- [ RunTime:0.000167s ]

[ 2019-12-04T11:59:50+08:00 ] 123.151.77.132 /index.php/Wx/Index/getBaseInfo.html
INFO: [ app_init ] --START--
INFO: Run Behavior\BuildLiteBehavior [ RunTime:0.000007s ]
INFO: [ app_init ] --END-- [ RunTime:0.000172s ]

[ 2019-12-04T11:59:52+08:00 ] 123.151.77.132 /index.php/Wx/Index/getUserOpenId?code=011oNljl1JE8jn0dx7kl1GZAjl1oNlj5&state=123
INFO: [ app_init ] --START--
INFO: Run Behavior\BuildLiteBehavior [ RunTime:0.000007s ]
INFO: [ app_init ] --END-- [ RunTime:0.000169s ]

[ 2019-12-04T11:59:52+08:00 ] 220.194.106.93 /index.php/Wx/Index/web.html
INFO: [ app_init ] --START--
INFO: Run Behavior\BuildLiteBehavior [ RunTime:0.000007s ]
INFO: [ app_init ] --END-- [ RunTime:0.000171s ]

[ 2019-12-04T12:00:01+08:00 ] 123.151.77.132 /index.php/Wx/Index/quxiao
INFO: [ app_init ] --START--
INFO: Run Behavior\BuildLiteBehavior [ RunTime:0.000007s ]
INFO: [ app_init ] --END-- [ RunTime:0.000170s ]

[ 2019-12-04T12:00:01+08:00 ] 220.194.106.93 /index.php/Wx/Index/getBaseInfo.html
INFO: [ app_init ] --START--
INFO: Run Behavior\BuildLiteBehavior [ RunTime:0.000008s ]
INFO: [ app_init ] --END-- [ RunTime:0.000190s ]

[ 2019-12-04T12:00:03+08:00 ] 220.194.106.93 /index.php/Wx/Index/getUserOpenId?code=061cY3M71uKoEL1cqKM71JX8M71cY3Mg&state=123
INFO: [ app_init ] --START--
INFO: Run Behavior\BuildLiteBehavior [ RunTime:0.000007s ]
INFO: [ app_init ] --END-- [ RunTime:0.000178s ]

[ 2019-12-04T12:00:03+08:00 ] 123.151.77.132 /index.php/Wx/Index/web.html
INFO: [ app_init ] --START--
INFO: Run Behavior\BuildLiteBehavior [ RunTime:0.000007s ]
INFO: [ app_init ] --END-- [ RunTime:0.000167s ]

[ 2019-12-04T12:00:13+08:00 ] 123.151.77.132 /index.php/Wx/Index/Login_check
INFO: [ app_init ] --START--
INFO: Run Behavior\BuildLiteBehavior [ RunTime:0.000010s ]
INFO: [ app_init ] --END-- [ RunTime:0.000202s ]

[ 2019-12-04T12:00:13+08:00 ] 123.151.77.132 /index.php/Wx/Index/getBaseInfo.html
INFO: [ app_init ] --START--
INFO: Run Behavior\BuildLiteBehavior [ RunTime:0.000009s ]
INFO: [ app_init ] --END-- [ RunTime:0.000195s ]

[ 2019-12-04T12:00:14+08:00 ] 123.151.77.132 /index.php/Wx/Index/getUserOpenId?code=071nfzf026jU6T0LDxb02FRpf02nfzfR&state=123
INFO: [ app_init ] --START--
INFO: Run Behavior\BuildLiteBehavior [ RunTime:0.000009s ]
INFO: [ app_init ] --END-- [ RunTime:0.000214s ]

[ 2019-12-04T12:00:15+08:00 ] 220.194.106.93 /index.php/Wx/Index/web.html
INFO: [ app_init ] --START--
INFO: Run Behavior\BuildLiteBehavior [ RunTime:0.000010s ]
INFO: [ app_init ] --END-- [ RunTime:0.000235s ]

[ 2019-12-04T12:00:23+08:00 ] 101.91.60.80 /index.php/Wx/Index/index?signature=1d28d3b18482a5058313d8822259ba4b55f12cdd&timestamp=1575432023&nonce=1848382785&openid=ofrczvzQH2Ejb5ck_6G6jEgFLOig
INFO: [ app_init ] --START--
INFO: Run Behavior\BuildLiteBehavior [ RunTime:0.000009s ]
INFO: [ app_init ] --END-- [ RunTime:0.000185s ]

[ 2019-12-04T12:00:24+08:00 ] 220.194.106.93 /index.php/Wx/Index/getBaseInfo?nsukey=S1CD8FPLyEyHso7qWyFLSI2fb7QAKLRmBRmZo1j9rJ%2BrNDbjqHcw72PcUt32vSKj%2Fhiu51iFF98WrgfBhbkeTcwNcG4jBmmHeaKL0n3nzCOHPcyPx0HfIfvMvzrd5EH7oJ8pXdnL2SpMH9tMcS%2B0LBgGYvSczdqnhXbA7j%2Bn3ICJJAouYQESTkunN3aljonoKXccbGRmu0kPtQ3rRN1p%2Bw%3D%3D
INFO: [ app_init ] --START--
INFO: Run Behavior\BuildLiteBehavior [ RunTime:0.000008s ]
INFO: [ app_init ] --END-- [ RunTime:0.000166s ]

[ 2019-12-04T12:00:26+08:00 ] 220.194.106.93 /index.php/Wx/Index/getBaseInfo?nsukey=S1CD8FPLyEyHso7qWyFLSI2fb7QAKLRmBRmZo1j9rJ%2BrNDbjqHcw72PcUt32vSKj%2Fhiu51iFF98WrgfBhbkeTcwNcG4jBmmHeaKL0n3nzCOHPcyPx0HfIfvMvzrd5EH7oJ8pXdnL2SpMH9tMcS%2B0LBgGYvSczdqnhXbA7j%2Bn3ICJJAouYQESTkunN3aljonoKXccbGRmu0kPtQ3rRN1p%2Bw%3D%3D
INFO: [ app_init ] --START--
INFO: Run Behavior\BuildLiteBehavior [ RunTime:0.000012s ]
INFO: [ app_init ] --END-- [ RunTime:0.000255s ]

[ 2019-12-04T12:00:27+08:00 ] 220.194.106.93 /index.php/Wx/Index/getUserOpenId?code=0813Fa1m0bs49r1rZU3m0BR61m03Fa1z&state=123
INFO: [ app_init ] --START--
INFO: Run Behavior\BuildLiteBehavior [ RunTime:0.000007s ]
INFO: [ app_init ] --END-- [ RunTime:0.000178s ]

[ 2019-12-04T12:00:29+08:00 ] 123.151.77.132 /index.php/Wx/Index/web.html
INFO: [ app_init ] --START--
INFO: Run Behavior\BuildLiteBehavior [ RunTime:0.000007s ]
INFO: [ app_init ] --END-- [ RunTime:0.000174s ]

[ 2019-12-04T12:00:46+08:00 ] 119.190.204.15 /index.php/Wx/Index/sendTemplateMsg1/keyidd/ofrczvzQH2Ejb5ck_6G6jEgFLOig.html
INFO: [ app_init ] --START--
INFO: Run Behavior\BuildLiteBehavior [ RunTime:0.000007s ]
INFO: [ app_init ] --END-- [ RunTime:0.000158s ]

[ 2019-12-04T12:00:47+08:00 ] 101.91.60.80 /index.php/Wx/Index/index?signature=847fbba38b3dc267e52e6572007aedf3ef18f99d&timestamp=1575432047&nonce=1271429946&openid=ofrczvzQH2Ejb5ck_6G6jEgFLOig
INFO: [ app_init ] --START--
INFO: Run Behavior\BuildLiteBehavior [ RunTime:0.000009s ]
INFO: [ app_init ] --END-- [ RunTime:0.000215s ]

[ 2019-12-04T12:01:04+08:00 ] 119.190.204.15 /index.php/Wx/Index/sendTemplateMsg2/keyidd/ofrczvzQH2Ejb5ck_6G6jEgFLOig.html
INFO: [ app_init ] --START--
INFO: Run Behavior\BuildLiteBehavior [ RunTime:0.000009s ]
INFO: [ app_init ] --END-- [ RunTime:0.000174s ]

[ 2019-12-04T12:01:05+08:00 ] 101.91.60.80 /index.php/Wx/Index/index?signature=1e066458429e4a41fad0333246da9e5a1244937f&timestamp=1575432065&nonce=1172328057&openid=ofrczvzQH2Ejb5ck_6G6jEgFLOig
INFO: [ app_init ] --START--
INFO: Run Behavior\BuildLiteBehavior [ RunTime:0.000009s ]
INFO: [ app_init ] --END-- [ RunTime:0.000175s ]

[ 2019-12-04T12:01:11+08:00 ] 119.190.204.15 /index.php/Wx/Index/sendTemplateMsg/keyidd/ofrczvzQH2Ejb5ck_6G6jEgFLOig.html
INFO: [ app_init ] --START--
INFO: Run Behavior\BuildLiteBehavior [ RunTime:0.000012s ]
INFO: [ app_init ] --END-- [ RunTime:0.000253s ]

[ 2019-12-04T12:01:12+08:00 ] 101.91.60.80 /index.php/Wx/Index/index?signature=079096021807d9cd116ae37efee4369370703075&timestamp=1575432072&nonce=1106634920&openid=ofrczvzQH2Ejb5ck_6G6jEgFLOig
INFO: [ app_init ] --START--
INFO: Run Behavior\BuildLiteBehavior [ RunTime:0.000007s ]
INFO: [ app_init ] --END-- [ RunTime:0.000162s ]

[ 2019-12-04T12:02:21+08:00 ] 119.190.204.15 /index.php/Wx/Index/sendTemplateMsg5/keyidd/ofrczvzQH2Ejb5ck_6G6jEgFLOig.html
INFO: [ app_init ] --START--
INFO: Run Behavior\BuildLiteBehavior [ RunTime:0.000008s ]
INFO: [ app_init ] --END-- [ RunTime:0.000202s ]

[ 2019-12-04T12:02:22+08:00 ] 101.91.60.80 /index.php/Wx/Index/index?signature=9482581285ac96f68226894ca6317bce53228426&timestamp=1575432141&nonce=1282841418&openid=ofrczvzQH2Ejb5ck_6G6jEgFLOig
INFO: [ app_init ] --START--
INFO: Run Behavior\BuildLiteBehavior [ RunTime:0.000007s ]
INFO: [ app_init ] --END-- [ RunTime:0.000168s ]

[ 2019-12-04T12:05:31+08:00 ] 119.190.204.15 /index.php/Wx/Index/sendTemplateMsg4/keyidd/ofrczvzQH2Ejb5ck_6G6jEgFLOig.html
INFO: [ app_init ] --START--
INFO: Run Behavior\BuildLiteBehavior [ RunTime:0.000007s ]
INFO: [ app_init ] --END-- [ RunTime:0.000207s ]

[ 2019-12-04T12:05:31+08:00 ] 101.91.60.80 /index.php/Wx/Index/index?signature=1fc5de5e7ee2017926500fd52f41a03244377d20&timestamp=1575432331&nonce=2015844282&openid=ofrczvzQH2Ejb5ck_6G6jEgFLOig
INFO: [ app_init ] --START--
INFO: Run Behavior\BuildLiteBehavior [ RunTime:0.000008s ]
INFO: [ app_init ] --END-- [ RunTime:0.000190s ]

[ 2019-12-04T12:06:26+08:00 ] 123.151.77.132 /index.php/Wx/Index/quxiao
INFO: [ app_init ] --START--
INFO: Run Behavior\BuildLiteBehavior [ RunTime:0.000007s ]
INFO: [ app_init ] --END-- [ RunTime:0.000173s ]

[ 2019-12-04T12:06:26+08:00 ] 123.151.77.132 /index.php/Wx/Index/getBaseInfo.html
INFO: [ app_init ] --START--
INFO: Run Behavior\BuildLiteBehavior [ RunTime:0.000007s ]
INFO: [ app_init ] --END-- [ RunTime:0.000165s ]

[ 2019-12-04T12:06:27+08:00 ] 123.151.77.132 /index.php/Wx/Index/getUserOpenId?code=021PGhiN1bxgxa1FGGjN1Wb4iN1PGhiF&state=123
INFO: [ app_init ] --START--
INFO: Run Behavior\BuildLiteBehavior [ RunTime:0.000008s ]
INFO: [ app_init ] --END-- [ RunTime:0.000226s ]

[ 2019-12-04T12:06:28+08:00 ] 123.151.77.132 /index.php/Wx/Index/web.html
INFO: [ app_init ] --START--
INFO: Run Behavior\BuildLiteBehavior [ RunTime:0.000008s ]
INFO: [ app_init ] --END-- [ RunTime:0.000184s ]

[ 2019-12-04T12:06:28+08:00 ] 112.224.69.110 /index.php/Wx/Index/favicon.ico
INFO: [ app_init ] --START--
INFO: Run Behavior\BuildLiteBehavior [ RunTime:0.000007s ]
INFO: [ app_init ] --END-- [ RunTime:0.000168s ]

[ 2019-12-04T14:27:13+08:00 ] 101.91.60.80 /index.php/Wx/Index/index?signature=9d5b77a77cb0eedc66ca0b84ada37c1dc6cae116&timestamp=1575440832&nonce=688004114&openid=ofrczvzQH2Ejb5ck_6G6jEgFLOig
INFO: [ app_init ] --START--
INFO: Run Behavior\BuildLiteBehavior [ RunTime:0.000008s ]
INFO: [ app_init ] --END-- [ RunTime:0.000192s ]

[ 2019-12-04T15:31:01+08:00 ] 101.91.60.80 /index.php/Wx/Index/index?signature=a2c481ea7550ee090d3817d5d5d796c2a5201bb2&timestamp=1575444660&nonce=1206763914&openid=ofrczvzQH2Ejb5ck_6G6jEgFLOig
INFO: [ app_init ] --START--
INFO: Run Behavior\BuildLiteBehavior [ RunTime:0.000009s ]
INFO: [ app_init ] --END-- [ RunTime:0.000205s ]

[ 2019-12-04T15:31:11+08:00 ] 123.151.77.132 /index.php/Wx/Index/getBaseInfo?nsukey=MwCpj92Kd%2BOSHIaBjmuT7Zhi7iLbljiEWorgw1y0amSLoCjtvRbOuC87p%2FCq%2BPoLJQz0lILGXcOK7Yd4HVs05%2FDbw1WoWJCLk51%2BNnOfT3yf%2FytoFE%2B8yzGr4lYfy2FVG7J%2BsMuX3bKSVoE%2BvkjrqKHpA4akQLwMti%2BgIjz0iUz4Hm3M3iBAJU%2BZHmznX7F4IffD2IJNb30ODg%2FBMk738g%3D%3D
INFO: [ app_init ] --START--
INFO: Run Behavior\BuildLiteBehavior [ RunTime:0.000007s ]
INFO: [ app_init ] --END-- [ RunTime:0.000173s ]

[ 2019-12-04T15:31:12+08:00 ] 123.151.77.132 /index.php/Wx/Index/getBaseInfo?nsukey=MwCpj92Kd%2BOSHIaBjmuT7Zhi7iLbljiEWorgw1y0amSLoCjtvRbOuC87p%2FCq%2BPoLJQz0lILGXcOK7Yd4HVs05%2FDbw1WoWJCLk51%2BNnOfT3yf%2FytoFE%2B8yzGr4lYfy2FVG7J%2BsMuX3bKSVoE%2BvkjrqKHpA4akQLwMti%2BgIjz0iUz4Hm3M3iBAJU%2BZHmznX7F4IffD2IJNb30ODg%2FBMk738g%3D%3D
INFO: [ app_init ] --START--
INFO: Run Behavior\BuildLiteBehavior [ RunTime:0.000007s ]
INFO: [ app_init ] --END-- [ RunTime:0.000172s ]

[ 2019-12-04T15:31:13+08:00 ] 220.194.106.93 /index.php/Wx/Index/getUserOpenId?code=0110rHkv08rN2i1MIojv0c0Vkv00rHkw&state=123
INFO: [ app_init ] --START--
INFO: Run Behavior\BuildLiteBehavior [ RunTime:0.000009s ]
INFO: [ app_init ] --END-- [ RunTime:0.000196s ]

[ 2019-12-04T15:31:14+08:00 ] 123.151.77.132 /index.php/Wx/Index/web.html
INFO: [ app_init ] --START--
INFO: Run Behavior\BuildLiteBehavior [ RunTime:0.000008s ]
INFO: [ app_init ] --END-- [ RunTime:0.000183s ]

[ 2019-12-04T15:31:14+08:00 ] 112.224.69.110 /index.php/Wx/Index/favicon.ico
INFO: [ app_init ] --START--
INFO: Run Behavior\BuildLiteBehavior [ RunTime:0.000011s ]
INFO: [ app_init ] --END-- [ RunTime:0.000275s ]

[ 2019-12-04T15:31:21+08:00 ] 101.91.60.80 /index.php/Wx/Index/index?signature=30875a0884491cf48fd58a44583b90d7f7a27e34&timestamp=1575444680&nonce=1614933380&openid=ofrczvzQH2Ejb5ck_6G6jEgFLOig
INFO: [ app_init ] --START--
INFO: Run Behavior\BuildLiteBehavior [ RunTime:0.000008s ]
INFO: [ app_init ] --END-- [ RunTime:0.000175s ]

[ 2019-12-04T15:31:22+08:00 ] 123.151.77.132 /index.php/Wx/Index/getBaseInfo?nsukey=%2BwqnnArVdbuZESAs5%2FDquk5Dr%2FSFmA9RDb%2BnQ7IJQ6YmAobrScmuyoNLBgo5VET0BUWbcmySUYzD42a5RLkE5eUclwaZTOWSi25deFYMqvF%2BKsagIx4B%2BCepp6kNB%2BdWSg7KKZNg0JbkubHQINa0%2FYHeprtcEDzIWRLngdME6SGfAVNBtItH0ZNVgxAESRqpobGJQ5U%2F%2BPrdj8%2Bz8WV5nA%3D%3D
INFO: [ app_init ] --START--
INFO: Run Behavior\BuildLiteBehavior [ RunTime:0.000007s ]
INFO: [ app_init ] --END-- [ RunTime:0.000164s ]

[ 2019-12-04T15:31:24+08:00 ] 123.151.77.132 /index.php/Wx/Index/getUserOpenId?code=071rblZb0fq6fB1kb2Xb0T21Zb0rblZq&state=123&nsukey=7pWH4zC8FGdOwsg49wm3qFrpuOKAdkvZphbauJvE0SCRsv4o23mjiLJgOY8BueS7Tz%2FAHkvNkLyP7UqQ3RzClYTWmASkKSIMul1OC%2BN%2BIbTEaIcCzsZc8gXiZNAji9om6zdD49EFZ965LyYEVJYXHmPU7JzF3XnqBNPGcxtuZ8iywoA4xXdcZTS1gjVPbTtA9F0XmLUkkZ%2BJF0eQqQsLbg%3D%3D
INFO: [ app_init ] --START--
INFO: Run Behavior\BuildLiteBehavior [ RunTime:0.000007s ]
INFO: [ app_init ] --END-- [ RunTime:0.000183s ]

[ 2019-12-04T15:31:25+08:00 ] 220.194.106.93 /index.php/Wx/Index/web.html
INFO: [ app_init ] --START--
INFO: Run Behavior\BuildLiteBehavior [ RunTime:0.000009s ]
INFO: [ app_init ] --END-- [ RunTime:0.000225s ]

[ 2019-12-04T15:31:25+08:00 ] 112.224.69.110 /index.php/Wx/Index/favicon.ico
INFO: [ app_init ] --START--
INFO: Run Behavior\BuildLiteBehavior [ RunTime:0.000008s ]
INFO: [ app_init ] --END-- [ RunTime:0.000173s ]

[ 2019-12-04T15:31:39+08:00 ] 123.151.77.132 /index.php/Wx/Index/Login_check
INFO: [ app_init ] --START--
INFO: Run Behavior\BuildLiteBehavior [ RunTime:0.000006s ]
INFO: [ app_init ] --END-- [ RunTime:0.000166s ]

[ 2019-12-04T15:31:39+08:00 ] 123.151.77.132 /index.php/Wx/Index/getBaseInfo.html
INFO: [ app_init ] --START--
INFO: Run Behavior\BuildLiteBehavior [ RunTime:0.000007s ]
INFO: [ app_init ] --END-- [ RunTime:0.000172s ]

[ 2019-12-04T15:31:40+08:00 ] 123.151.77.132 /index.php/Wx/Index/getUserOpenId?code=001rT3WD12QCG40tyXXD1fCQVD1rT3WB&state=123
INFO: [ app_init ] --START--
INFO: Run Behavior\BuildLiteBehavior [ RunTime:0.000008s ]
INFO: [ app_init ] --END-- [ RunTime:0.000173s ]

[ 2019-12-04T15:31:40+08:00 ] 123.151.77.132 /index.php/Wx/Index/web.html
INFO: [ app_init ] --START--
INFO: Run Behavior\BuildLiteBehavior [ RunTime:0.000010s ]
INFO: [ app_init ] --END-- [ RunTime:0.000237s ]

[ 2019-12-04T15:32:11+08:00 ] 222.135.77.242 /index.php/Wx/Index/sendTemplateMsg1/keyidd/ofrczvzQH2Ejb5ck_6G6jEgFLOig.html
INFO: [ app_init ] --START--
INFO: Run Behavior\BuildLiteBehavior [ RunTime:0.000007s ]
INFO: [ app_init ] --END-- [ RunTime:0.000160s ]

[ 2019-12-04T15:32:12+08:00 ] 101.91.60.80 /index.php/Wx/Index/index?signature=d20a48e2d0841e7201d19f2108a499ed50a856e1&timestamp=1575444731&nonce=683569014&openid=ofrczvzQH2Ejb5ck_6G6jEgFLOig
INFO: [ app_init ] --START--
INFO: Run Behavior\BuildLiteBehavior [ RunTime:0.000006s ]
INFO: [ app_init ] --END-- [ RunTime:0.000160s ]

[ 2019-12-04T15:32:20+08:00 ] 222.135.77.242 /index.php/Wx/Index/sendTemplateMsg1/keyidd/ofrczvzQH2Ejb5ck_6G6jEgFLOig.html
INFO: [ app_init ] --START--
INFO: Run Behavior\BuildLiteBehavior [ RunTime:0.000008s ]
INFO: [ app_init ] --END-- [ RunTime:0.000171s ]

[ 2019-12-04T15:32:20+08:00 ] 101.91.60.80 /index.php/Wx/Index/index?signature=91d165fb35c70ff2b7dcca05ef8b501c132d1522&timestamp=1575444740&nonce=469408879&openid=ofrczvzQH2Ejb5ck_6G6jEgFLOig
INFO: [ app_init ] --START--
INFO: Run Behavior\BuildLiteBehavior [ RunTime:0.000007s ]
INFO: [ app_init ] --END-- [ RunTime:0.000165s ]

[ 2019-12-04T15:32:23+08:00 ] 222.135.77.242 /index.php/Wx/Index/sendTemplateMsg3/keyidd/ofrczvzQH2Ejb5ck_6G6jEgFLOig.html
INFO: [ app_init ] --START--
INFO: Run Behavior\BuildLiteBehavior [ RunTime:0.000006s ]
INFO: [ app_init ] --END-- [ RunTime:0.000158s ]

[ 2019-12-04T15:32:23+08:00 ] 101.91.60.80 /index.php/Wx/Index/index?signature=41082a3cdd553303dce4694ab556932ca422a5e1&timestamp=1575444743&nonce=1612743996&openid=ofrczvzQH2Ejb5ck_6G6jEgFLOig
INFO: [ app_init ] --START--
INFO: Run Behavior\BuildLiteBehavior [ RunTime:0.000007s ]
INFO: [ app_init ] --END-- [ RunTime:0.000180s ]

[ 2019-12-04T15:32:26+08:00 ] 222.135.77.242 /index.php/Wx/Index/sendTemplateMsg1/keyidd/ofrczvzQH2Ejb5ck_6G6jEgFLOig.html
INFO: [ app_init ] --START--
INFO: Run Behavior\BuildLiteBehavior [ RunTime:0.000008s ]
INFO: [ app_init ] --END-- [ RunTime:0.000166s ]

[ 2019-12-04T15:32:26+08:00 ] 101.91.60.80 /index.php/Wx/Index/index?signature=1266d7a1dd76d338f1cdb824f75f8d9aca4e47cd&timestamp=1575444746&nonce=272788898&openid=ofrczvzQH2Ejb5ck_6G6jEgFLOig
INFO: [ app_init ] --START--
INFO: Run Behavior\BuildLiteBehavior [ RunTime:0.000006s ]
INFO: [ app_init ] --END-- [ RunTime:0.000165s ]

[ 2019-12-04T15:32:37+08:00 ] 222.135.77.242 /index.php/Wx/Index/sendTemplateMsg5/keyidd/ofrczvzQH2Ejb5ck_6G6jEgFLOig.html
INFO: [ app_init ] --START--
INFO: Run Behavior\BuildLiteBehavior [ RunTime:0.000020s ]
INFO: [ app_init ] --END-- [ RunTime:0.000240s ]

[ 2019-12-04T15:32:37+08:00 ] 101.91.60.80 /index.php/Wx/Index/index?signature=ba40ecc46ba64e96e7595e573d58f014eb6ff4e5&timestamp=1575444757&nonce=1795396254&openid=ofrczvzQH2Ejb5ck_6G6jEgFLOig
INFO: [ app_init ] --START--
INFO: Run Behavior\BuildLiteBehavior [ RunTime:0.000007s ]
INFO: [ app_init ] --END-- [ RunTime:0.000168s ]

[ 2019-12-04T15:32:46+08:00 ] 222.135.77.242 /index.php/Wx/Index/sendTemplateMsg4/keyidd/ofrczvzQH2Ejb5ck_6G6jEgFLOig.html
INFO: [ app_init ] --START--
INFO: Run Behavior\BuildLiteBehavior [ RunTime:0.000007s ]
INFO: [ app_init ] --END-- [ RunTime:0.000170s ]

[ 2019-12-04T15:32:47+08:00 ] 101.91.60.80 /index.php/Wx/Index/index?signature=f2df0c8c36319687a7ce6e90fc5970757c5c4f69&timestamp=1575444767&nonce=223995085&openid=ofrczvzQH2Ejb5ck_6G6jEgFLOig
INFO: [ app_init ] --START--
INFO: Run Behavior\BuildLiteBehavior [ RunTime:0.000007s ]
INFO: [ app_init ] --END-- [ RunTime:0.000167s ]

[ 2019-12-04T16:48:52+08:00 ] 101.91.60.80 /index.php/Wx/Index/index?signature=e9848170bf1e1a7349e58b72596e69dba269a952&timestamp=1575449332&nonce=1980846930&openid=ofrczvzQH2Ejb5ck_6G6jEgFLOig
INFO: [ app_init ] --START--
INFO: Run Behavior\BuildLiteBehavior [ RunTime:0.000007s ]
INFO: [ app_init ] --END-- [ RunTime:0.000175s ]

[ 2019-12-04T16:48:54+08:00 ] 123.151.77.132 /index.php/Wx/Index/getBaseInfo?nsukey=dhF6GBiwHMv0J1qdEwOLgYGU820mIlZz6mWayscMgOJfgEOtoAbdEy8FjTdJbdMzIM5LFAKFNtT9vbIyNo3BNg%2BCgH8N2Hs%2BmrxJF40FjwBKhXUooJNDmXIApZwFmI7oVzapL6rMUMEV1BQ%2FOZ9gynO9TIs%2FaYPvBvLq3ou6ynQGr10jVp2UKbkGkaZS6pp%2BPWR5ewCD%2FZwjdY22JYOkDg%3D%3D
INFO: [ app_init ] --START--
INFO: Run Behavior\BuildLiteBehavior [ RunTime:0.000007s ]
INFO: [ app_init ] --END-- [ RunTime:0.000165s ]

[ 2019-12-04T16:48:57+08:00 ] 123.151.77.132 /index.php/Wx/Index/getUserOpenId?code=021IxMxU1tSlOY0ebAyU1SsJxU1IxMxI&state=123&nsukey=pyk1qnG%2FmdDDIzctxDuns%2FTVbW1ufLDsGYkE2Ka0LLOL0nmR6J2clNHRnlw8G%2B0qhjvo99M5PRpfdIPqwwZSspKxVQo7zAsGoSKbKHP1%2BbUTbb%2FMugad5tYMtTjFUMdweeP8EoMwwpd8l8lgd08ijjc%2FoiF5ZMbHv1A1siPy0I9Ea6W9Zt7fIZ04ETK%2BSATI
INFO: [ app_init ] --START--
INFO: Run Behavior\BuildLiteBehavior [ RunTime:0.000007s ]
INFO: [ app_init ] --END-- [ RunTime:0.000165s ]

[ 2019-12-04T16:48:58+08:00 ] 123.151.77.132 /index.php/Wx/Index/web.html
INFO: [ app_init ] --START--
INFO: Run Behavior\BuildLiteBehavior [ RunTime:0.000008s ]
INFO: [ app_init ] --END-- [ RunTime:0.000162s ]

[ 2019-12-04T16:49:03+08:00 ] 123.151.77.132 /index.php/Wx/Index/quxiao
INFO: [ app_init ] --START--
INFO: Run Behavior\BuildLiteBehavior [ RunTime:0.000008s ]
INFO: [ app_init ] --END-- [ RunTime:0.000186s ]

[ 2019-12-04T16:49:03+08:00 ] 123.151.77.132 /index.php/Wx/Index/getBaseInfo.html
INFO: [ app_init ] --START--
INFO: Run Behavior\BuildLiteBehavior [ RunTime:0.000009s ]
INFO: [ app_init ] --END-- [ RunTime:0.000198s ]

[ 2019-12-04T16:49:05+08:00 ] 220.194.106.93 /index.php/Wx/Index/getUserOpenId?code=0017GV0g2LMcXH0n892g28Z11g27GV0t&state=123
INFO: [ app_init ] --START--
INFO: Run Behavior\BuildLiteBehavior [ RunTime:0.000007s ]
INFO: [ app_init ] --END-- [ RunTime:0.000167s ]

[ 2019-12-04T16:49:05+08:00 ] 123.151.77.132 /index.php/Wx/Index/web.html
INFO: [ app_init ] --START--
INFO: Run Behavior\BuildLiteBehavior [ RunTime:0.000007s ]
INFO: [ app_init ] --END-- [ RunTime:0.000171s ]

[ 2019-12-04T16:49:06+08:00 ] 112.224.69.110 /index.php/Wx/Index/favicon.ico
INFO: [ app_init ] --START--
INFO: Run Behavior\BuildLiteBehavior [ RunTime:0.000007s ]
INFO: [ app_init ] --END-- [ RunTime:0.000161s ]

[ 2019-12-04T17:03:35+08:00 ] 59.36.121.171 /index.php/Wx/Index/web.html
INFO: [ app_init ] --START--
INFO: Run Behavior\BuildLiteBehavior [ RunTime:0.000009s ]
INFO: [ app_init ] --END-- [ RunTime:0.000223s ]

[ 2019-12-04T22:42:59+08:00 ] 101.91.60.80 /index.php/Wx/Index/index?signature=c81e8cd5dc475ed761eb2800fabcada1cba9ea1c&timestamp=1575470579&nonce=968126444&openid=ofrczvzQH2Ejb5ck_6G6jEgFLOig
INFO: [ app_init ] --START--
INFO: Run Behavior\BuildLiteBehavior [ RunTime:0.000007s ]
INFO: [ app_init ] --END-- [ RunTime:0.000166s ]

[ 2019-12-04T22:43:03+08:00 ] 123.151.77.132 /index.php/Wx/Index/getBaseInfo?nsukey=nYl%2BWnWRvVqpq32M3ZpPmFX8QONAm1OyROwkuNdPO6sqDen%2BvhpBmxJiHpMKraph4YEChapvK2srMtl1erNZ5PEY0FG%2ByZB%2BVAfosSV3N0uU1XO3tmzsbnscEKryxvRVPbdJW0zH4HofKdM44E60WfZ7rfHlZGHBctoi7I%2FZLJsCmREq2UrvwZurdwcHnjtkazJZf6v1zQRww5yMMH9Wfw%3D%3D
INFO: [ app_init ] --START--
INFO: Run Behavior\BuildLiteBehavior [ RunTime:0.000007s ]
INFO: [ app_init ] --END-- [ RunTime:0.000165s ]

[ 2019-12-04T22:43:06+08:00 ] 123.151.77.132 /index.php/Wx/Index/getUserOpenId?code=01122kOd2y8vtF0hPhOd2MVvOd222kOP&state=123&nsukey=45qeTPTDt1YMeIoKVqWWlRGONe0y%2BnwD6bNAdnRwU4b6BYqYz9v8vkv5PCkxwIrhcb4nLKQTObDzNwiw9f5YwE62M8V9hZ7HWjI9QPe4ukdS4jZiuFHKFPWvVCekZoHbNXzYbbkK27ZIAwZWfj8qsQmyYRjDLzO85%2BOgCaf3bFe029gmGo8%2FWMpEXSeftAJngpzydzA4JFAeuimJ%2FZxhgA%3D%3D
INFO: [ app_init ] --START--
INFO: Run Behavior\BuildLiteBehavior [ RunTime:0.000007s ]
INFO: [ app_init ] --END-- [ RunTime:0.000167s ]

[ 2019-12-04T22:43:06+08:00 ] 123.151.77.132 /index.php/Wx/Index/web.html
INFO: [ app_init ] --START--
INFO: Run Behavior\BuildLiteBehavior [ RunTime:0.000008s ]
INFO: [ app_init ] --END-- [ RunTime:0.000174s ]

[ 2019-12-04T22:43:07+08:00 ] 112.224.67.49 /index.php/Wx/Index/favicon.ico
INFO: [ app_init ] --START--
INFO: Run Behavior\BuildLiteBehavior [ RunTime:0.000010s ]
INFO: [ app_init ] --END-- [ RunTime:0.000269s ]

[ 2019-12-04T22:43:19+08:00 ] 123.151.77.132 /index.php/Wx/Index/Login_check
INFO: [ app_init ] --START--
INFO: Run Behavior\BuildLiteBehavior [ RunTime:0.000007s ]
INFO: [ app_init ] --END-- [ RunTime:0.000171s ]

[ 2019-12-04T22:43:19+08:00 ] 220.194.106.93 /index.php/Wx/Index/getBaseInfo.html
INFO: [ app_init ] --START--
INFO: Run Behavior\BuildLiteBehavior [ RunTime:0.000008s ]
INFO: [ app_init ] --END-- [ RunTime:0.000183s ]

[ 2019-12-04T22:43:20+08:00 ] 123.151.77.132 /index.php/Wx/Index/getUserOpenId?code=001b7xE70wDRIF1gjtB70wFtE70b7xEL&state=123
INFO: [ app_init ] --START--
INFO: Run Behavior\BuildLiteBehavior [ RunTime:0.000010s ]
INFO: [ app_init ] --END-- [ RunTime:0.000234s ]

[ 2019-12-04T22:43:21+08:00 ] 123.151.77.132 /index.php/Wx/Index/web.html
INFO: [ app_init ] --START--
INFO: Run Behavior\BuildLiteBehavior [ RunTime:0.000010s ]
INFO: [ app_init ] --END-- [ RunTime:0.000238s ]

[ 2019-12-04T22:44:28+08:00 ] 112.224.67.49 /index.php/Wx/Index/sendTemplateMsg1/keyidd/ofrczvzQH2Ejb5ck_6G6jEgFLOig.html
INFO: [ app_init ] --START--
INFO: Run Behavior\BuildLiteBehavior [ RunTime:0.000007s ]
INFO: [ app_init ] --END-- [ RunTime:0.000165s ]

[ 2019-12-04T22:44:28+08:00 ] 101.91.60.80 /index.php/Wx/Index/index?signature=57e32d292ffeede63b98bd3d05be7e1a7441e5b1&timestamp=1575470668&nonce=814852741&openid=ofrczvzQH2Ejb5ck_6G6jEgFLOig
INFO: [ app_init ] --START--
INFO: Run Behavior\BuildLiteBehavior [ RunTime:0.000007s ]
INFO: [ app_init ] --END-- [ RunTime:0.000165s ]

[ 2019-12-04T22:44:37+08:00 ] 112.224.67.49 /index.php/Wx/Index/sendTemplateMsg3/keyidd/ofrczvzQH2Ejb5ck_6G6jEgFLOig.html
INFO: [ app_init ] --START--
INFO: Run Behavior\BuildLiteBehavior [ RunTime:0.000007s ]
INFO: [ app_init ] --END-- [ RunTime:0.000162s ]

[ 2019-12-04T22:44:37+08:00 ] 101.91.60.80 /index.php/Wx/Index/index?signature=d5992a60dd0dacca4036af1289bc4e91294e84f4&timestamp=1575470677&nonce=2037738042&openid=ofrczvzQH2Ejb5ck_6G6jEgFLOig
INFO: [ app_init ] --START--
INFO: Run Behavior\BuildLiteBehavior [ RunTime:0.000008s ]
INFO: [ app_init ] --END-- [ RunTime:0.000165s ]

[ 2019-12-04T22:44:56+08:00 ] 112.224.67.49 /index.php/Wx/Index/sendTemplateMsg1/keyidd/ofrczvzQH2Ejb5ck_6G6jEgFLOig.html
INFO: [ app_init ] --START--
INFO: Run Behavior\BuildLiteBehavior [ RunTime:0.000008s ]
INFO: [ app_init ] --END-- [ RunTime:0.000165s ]

[ 2019-12-04T22:44:56+08:00 ] 101.91.60.80 /index.php/Wx/Index/index?signature=7512ede806ebbed76e9a1a81788c9ae1ca891c33&timestamp=1575470696&nonce=1209850996&openid=ofrczvzQH2Ejb5ck_6G6jEgFLOig
INFO: [ app_init ] --START--
INFO: Run Behavior\BuildLiteBehavior [ RunTime:0.000008s ]
INFO: [ app_init ] --END-- [ RunTime:0.000166s ]

[ 2019-12-04T22:47:07+08:00 ] 112.224.67.49 /index.php/Wx/Index/sendTemplateMsg4/keyidd/ofrczvzQH2Ejb5ck_6G6jEgFLOig.html
INFO: [ app_init ] --START--
INFO: Run Behavior\BuildLiteBehavior [ RunTime:0.000008s ]
INFO: [ app_init ] --END-- [ RunTime:0.000168s ]

[ 2019-12-04T22:47:07+08:00 ] 101.91.60.80 /index.php/Wx/Index/index?signature=df913ca90f1a873732cb3f8c85a6794319ce8eb3&timestamp=1575470827&nonce=1814245058&openid=ofrczvzQH2Ejb5ck_6G6jEgFLOig
INFO: [ app_init ] --START--
INFO: Run Behavior\BuildLiteBehavior [ RunTime:0.000008s ]
INFO: [ app_init ] --END-- [ RunTime:0.000179s ]

[ 2019-12-04T22:48:20+08:00 ] 112.224.67.49 /index.php/Wx/Index/sendTemplateMsg5/keyidd/ofrczvzQH2Ejb5ck_6G6jEgFLOig.html
INFO: [ app_init ] --START--
INFO: Run Behavior\BuildLiteBehavior [ RunTime:0.000008s ]
INFO: [ app_init ] --END-- [ RunTime:0.000169s ]

[ 2019-12-04T22:48:20+08:00 ] 101.91.60.80 /index.php/Wx/Index/index?signature=343393ff66fdfc17cada1131b226276db14c3737&timestamp=1575470900&nonce=1585978773&openid=ofrczvzQH2Ejb5ck_6G6jEgFLOig
INFO: [ app_init ] --START--
INFO: Run Behavior\BuildLiteBehavior [ RunTime:0.000007s ]
INFO: [ app_init ] --END-- [ RunTime:0.000171s ]

