[ 2019-10-06T15:20:56+08:00 ] 222.135.77.242 /index.php/Wx/Index/sendTemplateMsg4/keyidd/ofrczvzQH2Ejb5ck_6G6jEgFLOig.html
INFO: [ app_init ] --START--
INFO: Run Behavior\BuildLiteBehavior [ RunTime:0.000013s ]
INFO: [ app_init ] --END-- [ RunTime:0.000273s ]

[ 2019-10-06T15:20:56+08:00 ] 101.91.60.80 /index.php/Wx/Index/index?signature=47bebd668db48e0c60793c8c015bff03b641ae69&timestamp=1570346456&nonce=667692740&openid=ofrczvzQH2Ejb5ck_6G6jEgFLOig
INFO: [ app_init ] --START--
INFO: Run Behavior\BuildLiteBehavior [ RunTime:0.000008s ]
INFO: [ app_init ] --END-- [ RunTime:0.000235s ]

[ 2019-10-06T15:23:03+08:00 ] 222.135.77.242 /index.php/Wx/Index/sendTemplateMsg4.html
INFO: [ app_init ] --START--
INFO: Run Behavior\BuildLiteBehavior [ RunTime:0.000009s ]
INFO: [ app_init ] --END-- [ RunTime:0.000230s ]
ERR: 参数错误或者未定义:keyidd

[ 2019-10-06T15:26:43+08:00 ] 222.135.77.242 /index.php/Wx/Index/sendTemplateMsg4.html
INFO: [ app_init ] --START--
INFO: Run Behavior\BuildLiteBehavior [ RunTime:0.000012s ]
INFO: [ app_init ] --END-- [ RunTime:0.000322s ]
ERR: 参数错误或者未定义:keyidd

[ 2019-10-06T15:27:44+08:00 ] 101.91.60.80 /index.php/Wx/Index/index?signature=a86c962409a1b7ab5960dc461d33210b873501eb&timestamp=1570346863&nonce=1172148283&openid=ofrczvzQH2Ejb5ck_6G6jEgFLOig
INFO: [ app_init ] --START--
INFO: Run Behavior\BuildLiteBehavior [ RunTime:0.000008s ]
INFO: [ app_init ] --END-- [ RunTime:0.000221s ]

[ 2019-10-06T15:27:44+08:00 ] 123.151.77.73 /index.php/Wx/Index/getBaseInfo
INFO: [ app_init ] --START--
INFO: Run Behavior\BuildLiteBehavior [ RunTime:0.000008s ]
INFO: [ app_init ] --END-- [ RunTime:0.000295s ]

[ 2019-10-06T15:27:46+08:00 ] 123.151.77.73 /index.php/Wx/Index/getUserOpenId?code=001Jrb3424NEvP0RK6342Vr2342Jrb3E&state=123
INFO: [ app_init ] --START--
INFO: Run Behavior\BuildLiteBehavior [ RunTime:0.000009s ]
INFO: [ app_init ] --END-- [ RunTime:0.000229s ]

[ 2019-10-06T15:27:46+08:00 ] 220.194.106.93 /index.php/Wx/Index/web.html
INFO: [ app_init ] --START--
INFO: Run Behavior\BuildLiteBehavior [ RunTime:0.000008s ]
INFO: [ app_init ] --END-- [ RunTime:0.000235s ]

[ 2019-10-06T15:27:48+08:00 ] 112.224.69.53 /index.php/Wx/Index/favicon.ico
INFO: [ app_init ] --START--
INFO: Run Behavior\BuildLiteBehavior [ RunTime:0.000010s ]
INFO: [ app_init ] --END-- [ RunTime:0.000227s ]

[ 2019-10-06T15:28:01+08:00 ] 220.194.106.93 /index.php/Wx/Index/Login_check
INFO: [ app_init ] --START--
INFO: Run Behavior\BuildLiteBehavior [ RunTime:0.000008s ]
INFO: [ app_init ] --END-- [ RunTime:0.000220s ]

[ 2019-10-06T15:28:01+08:00 ] 123.151.77.73 /index.php/Wx/Index/getBaseInfo.html
INFO: [ app_init ] --START--
INFO: Run Behavior\BuildLiteBehavior [ RunTime:0.000010s ]
INFO: [ app_init ] --END-- [ RunTime:0.000255s ]

[ 2019-10-06T15:28:03+08:00 ] 123.151.77.73 /index.php/Wx/Index/getUserOpenId?code=081U5hm02U6rDS0GHLl02MBtm02U5hm3&state=123
INFO: [ app_init ] --START--
INFO: Run Behavior\BuildLiteBehavior [ RunTime:0.000009s ]
INFO: [ app_init ] --END-- [ RunTime:0.000275s ]

[ 2019-10-06T15:28:03+08:00 ] 220.194.106.93 /index.php/Wx/Index/web.html
INFO: [ app_init ] --START--
INFO: Run Behavior\BuildLiteBehavior [ RunTime:0.000009s ]
INFO: [ app_init ] --END-- [ RunTime:0.000223s ]

[ 2019-10-06T15:28:29+08:00 ] 222.135.77.242 /index.php/Wx/Index/sendTemplateMsg4/keyidd/ofrczvzQH2Ejb5ck_6G6jEgFLOig.html
INFO: [ app_init ] --START--
INFO: Run Behavior\BuildLiteBehavior [ RunTime:0.000009s ]
INFO: [ app_init ] --END-- [ RunTime:0.000227s ]

[ 2019-10-06T15:28:29+08:00 ] 101.91.60.80 /index.php/Wx/Index/index?signature=6b4b85628fc0ef3b0192915f7a285a7b48f22f8d&timestamp=1570346909&nonce=1141008134&openid=ofrczvzQH2Ejb5ck_6G6jEgFLOig
INFO: [ app_init ] --START--
INFO: Run Behavior\BuildLiteBehavior [ RunTime:0.000013s ]
INFO: [ app_init ] --END-- [ RunTime:0.000248s ]

[ 2019-10-06T15:28:36+08:00 ] 101.91.60.80 /index.php/Wx/Index/index?signature=da460054a8e3a666af38040ceca60d31c2e54ed9&timestamp=1570346915&nonce=400946448&openid=ofrczvzQH2Ejb5ck_6G6jEgFLOig
INFO: [ app_init ] --START--
INFO: Run Behavior\BuildLiteBehavior [ RunTime:0.000009s ]
INFO: [ app_init ] --END-- [ RunTime:0.000286s ]

[ 2019-10-06T15:28:36+08:00 ] 220.194.106.93 /index.php/Wx/Index/getBaseInfo
INFO: [ app_init ] --START--
INFO: Run Behavior\BuildLiteBehavior [ RunTime:0.000009s ]
INFO: [ app_init ] --END-- [ RunTime:0.000219s ]

[ 2019-10-06T15:28:37+08:00 ] 123.151.77.73 /index.php/Wx/Index/getUserOpenId?code=081zyJlC1PAhM60Fx1oC1JOzlC1zyJlg&state=123
INFO: [ app_init ] --START--
INFO: Run Behavior\BuildLiteBehavior [ RunTime:0.000010s ]
INFO: [ app_init ] --END-- [ RunTime:0.000252s ]

[ 2019-10-06T15:28:37+08:00 ] 123.151.77.73 /index.php/Wx/Index/web.html
INFO: [ app_init ] --START--
INFO: Run Behavior\BuildLiteBehavior [ RunTime:0.000010s ]
INFO: [ app_init ] --END-- [ RunTime:0.000258s ]

[ 2019-10-06T15:28:44+08:00 ] 220.194.106.93 /index.php/Wx/Index/quxiao
INFO: [ app_init ] --START--
INFO: Run Behavior\BuildLiteBehavior [ RunTime:0.000011s ]
INFO: [ app_init ] --END-- [ RunTime:0.000284s ]

[ 2019-10-06T15:28:44+08:00 ] 123.151.77.73 /index.php/Wx/Index/getBaseInfo.html
INFO: [ app_init ] --START--
INFO: Run Behavior\BuildLiteBehavior [ RunTime:0.000009s ]
INFO: [ app_init ] --END-- [ RunTime:0.000228s ]

[ 2019-10-06T15:28:45+08:00 ] 123.151.77.73 /index.php/Wx/Index/getUserOpenId?code=021up6Um1andxq06iZUm1aFMTm1up6Ur&state=123
INFO: [ app_init ] --START--
INFO: Run Behavior\BuildLiteBehavior [ RunTime:0.000009s ]
INFO: [ app_init ] --END-- [ RunTime:0.000232s ]

[ 2019-10-06T15:28:46+08:00 ] 123.151.77.73 /index.php/Wx/Index/web.html
INFO: [ app_init ] --START--
INFO: Run Behavior\BuildLiteBehavior [ RunTime:0.000009s ]
INFO: [ app_init ] --END-- [ RunTime:0.000292s ]

[ 2019-10-06T15:28:46+08:00 ] 112.224.69.53 /index.php/Wx/Index/favicon.ico
INFO: [ app_init ] --START--
INFO: Run Behavior\BuildLiteBehavior [ RunTime:0.000009s ]
INFO: [ app_init ] --END-- [ RunTime:0.000267s ]

[ 2019-10-06T15:29:30+08:00 ] 220.194.106.93 /index.php/Wx/Index/Login_check
INFO: [ app_init ] --START--
INFO: Run Behavior\BuildLiteBehavior [ RunTime:0.000010s ]
INFO: [ app_init ] --END-- [ RunTime:0.000226s ]

[ 2019-10-06T15:29:30+08:00 ] 220.194.106.93 /index.php/Wx/Index/getBaseInfo.html
INFO: [ app_init ] --START--
INFO: Run Behavior\BuildLiteBehavior [ RunTime:0.000009s ]
INFO: [ app_init ] --END-- [ RunTime:0.000273s ]

[ 2019-10-06T15:29:32+08:00 ] 220.194.106.93 /index.php/Wx/Index/getUserOpenId?code=081fg4Ys0YU2kf1lOsXs0XtYXs0fg4Ym&state=123
INFO: [ app_init ] --START--
INFO: Run Behavior\BuildLiteBehavior [ RunTime:0.000013s ]
INFO: [ app_init ] --END-- [ RunTime:0.000301s ]

[ 2019-10-06T15:29:32+08:00 ] 220.194.106.93 /index.php/Wx/Index/web.html
INFO: [ app_init ] --START--
INFO: Run Behavior\BuildLiteBehavior [ RunTime:0.000011s ]
INFO: [ app_init ] --END-- [ RunTime:0.000268s ]

[ 2019-10-06T15:31:36+08:00 ] 222.135.77.242 /index.php/Wx/Index/sendTemplateMsg5/keyidd/ofrczvzQH2Ejb5ck_6G6jEgFLOig.html
INFO: [ app_init ] --START--
INFO: Run Behavior\BuildLiteBehavior [ RunTime:0.000010s ]
INFO: [ app_init ] --END-- [ RunTime:0.000253s ]

[ 2019-10-06T15:31:36+08:00 ] 101.91.60.80 /index.php/Wx/Index/index?signature=94ddb7fc68d2e8c7d8fa1fc5d48828d983b21d4c&timestamp=1570347096&nonce=278523400&openid=ofrczvzQH2Ejb5ck_6G6jEgFLOig
INFO: [ app_init ] --START--
INFO: Run Behavior\BuildLiteBehavior [ RunTime:0.000009s ]
INFO: [ app_init ] --END-- [ RunTime:0.000245s ]

[ 2019-10-06T15:31:57+08:00 ] 101.91.60.80 /index.php/Wx/Index/index?signature=165d6ec14f02755c3210bc6f45a5c49052fa7b47&timestamp=1570347117&nonce=2126545767&openid=ofrczvzQH2Ejb5ck_6G6jEgFLOig
INFO: [ app_init ] --START--
INFO: Run Behavior\BuildLiteBehavior [ RunTime:0.000014s ]
INFO: [ app_init ] --END-- [ RunTime:0.000340s ]

[ 2019-10-06T15:31:57+08:00 ] 220.194.106.93 /index.php/Wx/Index/getBaseInfo
INFO: [ app_init ] --START--
INFO: Run Behavior\BuildLiteBehavior [ RunTime:0.000008s ]
INFO: [ app_init ] --END-- [ RunTime:0.000219s ]

[ 2019-10-06T15:31:59+08:00 ] 123.151.77.73 /index.php/Wx/Index/getUserOpenId?code=071gQi2b02wjwx1HoY3b0sUk2b0gQi2t&state=123
INFO: [ app_init ] --START--
INFO: Run Behavior\BuildLiteBehavior [ RunTime:0.000009s ]
INFO: [ app_init ] --END-- [ RunTime:0.000221s ]

[ 2019-10-06T15:31:59+08:00 ] 220.194.106.93 /index.php/Wx/Index/web.html
INFO: [ app_init ] --START--
INFO: Run Behavior\BuildLiteBehavior [ RunTime:0.000010s ]
INFO: [ app_init ] --END-- [ RunTime:0.000265s ]

[ 2019-10-06T15:32:01+08:00 ] 123.151.77.73 /index.php/Wx/Index/quxiao
INFO: [ app_init ] --START--
INFO: Run Behavior\BuildLiteBehavior [ RunTime:0.000011s ]
INFO: [ app_init ] --END-- [ RunTime:0.000228s ]

[ 2019-10-06T15:32:01+08:00 ] 220.194.106.93 /index.php/Wx/Index/getBaseInfo.html
INFO: [ app_init ] --START--
INFO: Run Behavior\BuildLiteBehavior [ RunTime:0.000014s ]
INFO: [ app_init ] --END-- [ RunTime:0.000341s ]

[ 2019-10-06T15:32:02+08:00 ] 123.151.77.73 /index.php/Wx/Index/getUserOpenId?code=061VxfSH0cHFVf20uxTH0a8kSH0VxfSd&state=123
INFO: [ app_init ] --START--
INFO: Run Behavior\BuildLiteBehavior [ RunTime:0.000009s ]
INFO: [ app_init ] --END-- [ RunTime:0.000265s ]

[ 2019-10-06T15:32:03+08:00 ] 220.194.106.93 /index.php/Wx/Index/web.html
INFO: [ app_init ] --START--
INFO: Run Behavior\BuildLiteBehavior [ RunTime:0.000013s ]
INFO: [ app_init ] --END-- [ RunTime:0.000315s ]

[ 2019-10-06T15:32:04+08:00 ] 112.224.69.53 /index.php/Wx/Index/favicon.ico
INFO: [ app_init ] --START--
INFO: Run Behavior\BuildLiteBehavior [ RunTime:0.000010s ]
INFO: [ app_init ] --END-- [ RunTime:0.000221s ]

[ 2019-10-06T15:32:35+08:00 ] 220.194.106.93 /index.php/Wx/Index/Login_check
INFO: [ app_init ] --START--
INFO: Run Behavior\BuildLiteBehavior [ RunTime:0.000009s ]
INFO: [ app_init ] --END-- [ RunTime:0.000249s ]

[ 2019-10-06T15:32:35+08:00 ] 220.194.106.93 /index.php/Wx/Index/getBaseInfo.html
INFO: [ app_init ] --START--
INFO: Run Behavior\BuildLiteBehavior [ RunTime:0.000008s ]
INFO: [ app_init ] --END-- [ RunTime:0.000247s ]

[ 2019-10-06T15:32:36+08:00 ] 220.194.106.93 /index.php/Wx/Index/getUserOpenId?code=011eGd692fvV7K0MZE492k70692eGd6Z&state=123
INFO: [ app_init ] --START--
INFO: Run Behavior\BuildLiteBehavior [ RunTime:0.000009s ]
INFO: [ app_init ] --END-- [ RunTime:0.000232s ]

[ 2019-10-06T15:32:37+08:00 ] 220.194.106.93 /index.php/Wx/Index/web.html
INFO: [ app_init ] --START--
INFO: Run Behavior\BuildLiteBehavior [ RunTime:0.000010s ]
INFO: [ app_init ] --END-- [ RunTime:0.000235s ]

[ 2019-10-06T15:32:45+08:00 ] 222.135.77.242 /index.php/Wx/Index/sendTemplateMsg5/keyidd/ofrczvzQH2Ejb5ck_6G6jEgFLOig.html
INFO: [ app_init ] --START--
INFO: Run Behavior\BuildLiteBehavior [ RunTime:0.000009s ]
INFO: [ app_init ] --END-- [ RunTime:0.000223s ]

[ 2019-10-06T15:32:45+08:00 ] 101.91.60.80 /index.php/Wx/Index/index?signature=70447263c3d9d58485120045f6a26aa6cbe98123&timestamp=1570347165&nonce=944821910&openid=ofrczvzQH2Ejb5ck_6G6jEgFLOig
INFO: [ app_init ] --START--
INFO: Run Behavior\BuildLiteBehavior [ RunTime:0.000010s ]
INFO: [ app_init ] --END-- [ RunTime:0.000254s ]

