[ 2019-07-01T14:37:06+08:00 ] ::1 /weixin/index.php/Student/login/index.html
INFO: [ app_init ] --START--
INFO: Run Behavior\BuildLiteBehavior [ RunTime:0.000043s ]
INFO: [ app_init ] --END-- [ RunTime:0.014408s ]
INFO: [ app_begin ] --START--
INFO: Run Behavior\ReadHtmlCacheBehavior [ RunTime:0.006310s ]
INFO: [ app_begin ] --END-- [ RunTime:0.006421s ]
INFO: [ view_parse ] --START--
INFO: [ template_filter ] --START--
INFO: Run Behavior\ContentReplaceBehavior [ RunTime:0.000797s ]
INFO: [ template_filter ] --END-- [ RunTime:0.000927s ]
INFO: Run Behavior\ParseTemplateBehavior [ RunTime:0.070932s ]
INFO: [ view_parse ] --END-- [ RunTime:0.071109s ]
INFO: [ view_filter ] --START--
INFO: Run Behavior\WriteHtmlCacheBehavior [ RunTime:0.019244s ]
INFO: [ view_filter ] --END-- [ RunTime:0.019339s ]
INFO: [ app_end ] --START--
INFO: Run Behavior\ShowPageTraceBehavior [ RunTime:0.017699s ]
INFO: [ app_end ] --END-- [ RunTime:0.017824s ]

[ 2019-07-01T14:37:08+08:00 ] ::1 /weixin/index.php/Student/login/favicon.ico
INFO: [ app_init ] --START--
INFO: Run Behavior\BuildLiteBehavior [ RunTime:0.000018s ]
INFO: [ app_init ] --END-- [ RunTime:0.000740s ]

[ 2019-07-01T15:44:47+08:00 ] ::1 /weixin/index.php/Student/login/index.html
INFO: [ app_init ] --START--
INFO: Run Behavior\BuildLiteBehavior [ RunTime:0.000020s ]
INFO: [ app_init ] --END-- [ RunTime:0.001193s ]
INFO: [ app_begin ] --START--
INFO: Run Behavior\ReadHtmlCacheBehavior [ RunTime:0.001071s ]
INFO: [ app_begin ] --END-- [ RunTime:0.001128s ]
INFO: [ view_parse ] --START--
INFO: [ template_filter ] --START--
INFO: Run Behavior\ContentReplaceBehavior [ RunTime:0.000098s ]
INFO: [ template_filter ] --END-- [ RunTime:0.000159s ]
INFO: Run Behavior\ParseTemplateBehavior [ RunTime:0.017511s ]
INFO: [ view_parse ] --END-- [ RunTime:0.017609s ]
INFO: [ view_filter ] --START--
INFO: Run Behavior\WriteHtmlCacheBehavior [ RunTime:0.002399s ]
INFO: [ view_filter ] --END-- [ RunTime:0.002488s ]
INFO: [ app_end ] --START--
INFO: Run Behavior\ShowPageTraceBehavior [ RunTime:0.001623s ]
INFO: [ app_end ] --END-- [ RunTime:0.001680s ]

[ 2019-07-01T15:44:47+08:00 ] ::1 /weixin/index.php/Student/login/favicon.ico
INFO: [ app_init ] --START--
INFO: Run Behavior\BuildLiteBehavior [ RunTime:0.000011s ]
INFO: [ app_init ] --END-- [ RunTime:0.000394s ]

[ 2019-07-01T15:45:37+08:00 ] ::1 /weixin/index.php/Student/login/index.html
INFO: [ app_init ] --START--
INFO: Run Behavior\BuildLiteBehavior [ RunTime:0.000012s ]
INFO: [ app_init ] --END-- [ RunTime:0.000439s ]
INFO: [ app_begin ] --START--
INFO: Run Behavior\ReadHtmlCacheBehavior [ RunTime:0.000968s ]
INFO: [ app_begin ] --END-- [ RunTime:0.001035s ]
INFO: [ view_parse ] --START--
INFO: [ template_filter ] --START--
INFO: Run Behavior\ContentReplaceBehavior [ RunTime:0.000047s ]
INFO: [ template_filter ] --END-- [ RunTime:0.000083s ]
INFO: Run Behavior\ParseTemplateBehavior [ RunTime:0.007841s ]
INFO: [ view_parse ] --END-- [ RunTime:0.007879s ]
INFO: [ view_filter ] --START--
INFO: Run Behavior\WriteHtmlCacheBehavior [ RunTime:0.000415s ]
INFO: [ view_filter ] --END-- [ RunTime:0.000441s ]
INFO: [ app_end ] --START--
INFO: Run Behavior\ShowPageTraceBehavior [ RunTime:0.000675s ]
INFO: [ app_end ] --END-- [ RunTime:0.000705s ]

[ 2019-07-01T15:46:02+08:00 ] ::1 /weixin/index.php/Student/Login/Login_check?kind=paper_student
INFO: [ app_init ] --START--
INFO: Run Behavior\BuildLiteBehavior [ RunTime:0.000113s ]
INFO: [ app_init ] --END-- [ RunTime:0.001686s ]
INFO: [ app_begin ] --START--
INFO: Run Behavior\ReadHtmlCacheBehavior [ RunTime:0.000902s ]
INFO: [ app_begin ] --END-- [ RunTime:0.000949s ]
SQL: SHOW COLUMNS FROM `paper_student` [ RunTime:0.1500s ]
SQL: SELECT * FROM `paper_student` WHERE `id` = '1630090601' LIMIT 1   [ RunTime:0.0012s ]
SQL: SHOW COLUMNS FROM `paper_system` [ RunTime:0.0484s ]
SQL: SELECT * FROM `paper_system` WHERE `id` = null LIMIT 1   [ RunTime:0.0006s ]
INFO: [ view_parse ] --START--
INFO: [ template_filter ] --START--
INFO: Run Behavior\ContentReplaceBehavior [ RunTime:0.000095s ]
INFO: [ template_filter ] --END-- [ RunTime:0.000192s ]
INFO: Run Behavior\ParseTemplateBehavior [ RunTime:0.032525s ]
INFO: [ view_parse ] --END-- [ RunTime:0.032648s ]
INFO: [ view_filter ] --START--
INFO: Run Behavior\WriteHtmlCacheBehavior [ RunTime:0.001558s ]
INFO: [ view_filter ] --END-- [ RunTime:0.001642s ]

[ 2019-07-01T15:47:53+08:00 ] ::1 /weixin/index.php/Student/Login/Login_check?kind=paper_student
INFO: [ app_init ] --START--
INFO: Run Behavior\BuildLiteBehavior [ RunTime:0.000042s ]
INFO: [ app_init ] --END-- [ RunTime:0.000636s ]
INFO: [ app_begin ] --START--
INFO: Run Behavior\ReadHtmlCacheBehavior [ RunTime:0.001457s ]
INFO: [ app_begin ] --END-- [ RunTime:0.001496s ]
SQL: SHOW COLUMNS FROM `paper_student` [ RunTime:0.0310s ]
SQL: SELECT * FROM `paper_student` WHERE `id` = '1630090205' LIMIT 1   [ RunTime:0.0007s ]
SQL: SHOW COLUMNS FROM `paper_system` [ RunTime:0.0294s ]
SQL: SELECT * FROM `paper_system` WHERE `id` = 'r0003' LIMIT 1   [ RunTime:0.0005s ]
NOTIC: [8] Undefined variable: kind E:\phpstudy\PHPTutorial\WWW\weixin\Application\Student\Controller\LoginController.class.php 第 86 行.
INFO: [ view_parse ] --START--
INFO: [ template_filter ] --START--
INFO: Run Behavior\ContentReplaceBehavior [ RunTime:0.000063s ]
INFO: [ template_filter ] --END-- [ RunTime:0.000131s ]
INFO: Run Behavior\ParseTemplateBehavior [ RunTime:0.019307s ]
INFO: [ view_parse ] --END-- [ RunTime:0.019423s ]
INFO: [ view_filter ] --START--
INFO: Run Behavior\WriteHtmlCacheBehavior [ RunTime:0.002353s ]
INFO: [ view_filter ] --END-- [ RunTime:0.002405s ]
INFO: [ app_end ] --START--
INFO: Run Behavior\ShowPageTraceBehavior [ RunTime:0.002770s ]
INFO: [ app_end ] --END-- [ RunTime:0.002830s ]

[ 2019-07-01T15:47:55+08:00 ] ::1 /weixin/index.php/Student/Student/index.html
INFO: [ app_init ] --START--
INFO: Run Behavior\BuildLiteBehavior [ RunTime:0.000018s ]
INFO: [ app_init ] --END-- [ RunTime:0.001010s ]
INFO: [ app_begin ] --START--
INFO: Run Behavior\ReadHtmlCacheBehavior [ RunTime:0.001718s ]
INFO: [ app_begin ] --END-- [ RunTime:0.001776s ]
SQL: SHOW COLUMNS FROM `paper_student` [ RunTime:0.0311s ]
SQL: select state from paper_student where id='1630090205' [ RunTime:0.0004s ]
SQL: SELECT * FROM `paper_student` WHERE `id` = '1630090205' LIMIT 1   [ RunTime:0.0006s ]
SQL: SHOW COLUMNS FROM `paper_system` [ RunTime:0.0288s ]
SQL: SELECT `name` FROM `paper_system` WHERE `id` = 'r0003'  [ RunTime:0.0004s ]
SQL: SELECT `topic_state1`,`topic_state2` FROM `paper_student` WHERE `id` = '1630090205'  [ RunTime:0.0004s ]
INFO: [ view_parse ] --START--
INFO: [ template_filter ] --START--
INFO: Run Behavior\ContentReplaceBehavior [ RunTime:0.000167s ]
INFO: [ template_filter ] --END-- [ RunTime:0.000272s ]
INFO: Run Behavior\ParseTemplateBehavior [ RunTime:0.070324s ]
INFO: [ view_parse ] --END-- [ RunTime:0.070464s ]
INFO: [ view_filter ] --START--
INFO: Run Behavior\WriteHtmlCacheBehavior [ RunTime:0.004008s ]
INFO: [ view_filter ] --END-- [ RunTime:0.004126s ]
INFO: [ app_end ] --START--
INFO: Run Behavior\ShowPageTraceBehavior [ RunTime:0.004622s ]
INFO: [ app_end ] --END-- [ RunTime:0.004724s ]

[ 2019-07-01T15:47:55+08:00 ] ::1 /weixin/index.php/Student/Student/js/raphael-min.js
INFO: [ app_init ] --START--
INFO: Run Behavior\BuildLiteBehavior [ RunTime:0.000018s ]
INFO: [ app_init ] --END-- [ RunTime:0.000697s ]
INFO: [ app_begin ] --START--
INFO: Run Behavior\ReadHtmlCacheBehavior [ RunTime:0.000812s ]
INFO: [ app_begin ] --END-- [ RunTime:0.000863s ]
ERR: 非法操作:js

[ 2019-07-01T15:47:55+08:00 ] ::1 /weixin/index.php/Student/Student/js/raphael-min.js
INFO: [ app_init ] --START--
INFO: Run Behavior\BuildLiteBehavior [ RunTime:0.000019s ]
INFO: [ app_init ] --END-- [ RunTime:0.001061s ]
INFO: [ app_begin ] --START--
INFO: Run Behavior\ReadHtmlCacheBehavior [ RunTime:0.002638s ]
INFO: [ app_begin ] --END-- [ RunTime:0.002709s ]
ERR: 非法操作:js

