[ 2019-10-13T11:21:29+08:00 ] 222.135.77.242 /index.php/Student/Student/page_upload_report
INFO: [ app_init ] --START--
INFO: Run Behavior\BuildLiteBehavior [ RunTime:0.000010s ]
INFO: [ app_init ] --END-- [ RunTime:0.000224s ]
INFO: [ app_begin ] --START--
INFO: Run Behavior\ReadHtmlCacheBehavior [ RunTime:0.000323s ]
INFO: [ app_begin ] --END-- [ RunTime:0.000351s ]

[ 2019-10-13T11:21:29+08:00 ] 222.135.77.242 /index.php/Student/login/index.html
INFO: [ app_init ] --START--
INFO: Run Behavior\BuildLiteBehavior [ RunTime:0.000008s ]
INFO: [ app_init ] --END-- [ RunTime:0.000225s ]
INFO: [ app_begin ] --START--
INFO: Run Behavior\ReadHtmlCacheBehavior [ RunTime:0.000291s ]
INFO: [ app_begin ] --END-- [ RunTime:0.000319s ]
INFO: [ view_parse ] --START--
INFO: [ template_filter ] --START--
INFO: Run Behavior\ContentReplaceBehavior [ RunTime:0.000049s ]
INFO: [ template_filter ] --END-- [ RunTime:0.000089s ]
INFO: Run Behavior\ParseTemplateBehavior [ RunTime:0.003996s ]
INFO: [ view_parse ] --END-- [ RunTime:0.004021s ]
INFO: [ view_filter ] --START--
INFO: Run Behavior\WriteHtmlCacheBehavior [ RunTime:0.000117s ]
INFO: [ view_filter ] --END-- [ RunTime:0.000136s ]
INFO: [ app_end ] --START--
INFO: Run Behavior\ShowPageTraceBehavior [ RunTime:0.000320s ]
INFO: [ app_end ] --END-- [ RunTime:0.000343s ]

[ 2019-10-13T11:21:30+08:00 ] 222.135.77.242 /index.php/Student/login/favicon.ico
INFO: [ app_init ] --START--
INFO: Run Behavior\BuildLiteBehavior [ RunTime:0.000008s ]
INFO: [ app_init ] --END-- [ RunTime:0.000246s ]

[ 2019-10-13T11:21:39+08:00 ] 222.135.77.242 /index.php/Student/Login/Login_check?kind=paper_student
INFO: [ app_init ] --START--
INFO: Run Behavior\BuildLiteBehavior [ RunTime:0.000009s ]
INFO: [ app_init ] --END-- [ RunTime:0.000252s ]
INFO: [ app_begin ] --START--
INFO: Run Behavior\ReadHtmlCacheBehavior [ RunTime:0.000284s ]
INFO: [ app_begin ] --END-- [ RunTime:0.000312s ]
SQL: SHOW COLUMNS FROM `paper_student` [ RunTime:0.0008s ]
SQL: SELECT * FROM `paper_student` WHERE `id` = '1630090257' LIMIT 1   [ RunTime:0.0005s ]
SQL: SHOW COLUMNS FROM `paper_system` [ RunTime:0.0010s ]
SQL: SELECT * FROM `paper_system` WHERE `id` = 'r0007' LIMIT 1   [ RunTime:0.0004s ]
NOTIC: [8] Undefined variable: kind /home/bae/app/Application/Student/Controller/LoginController.class.php 第 86 行.
INFO: [ view_parse ] --START--
INFO: [ template_filter ] --START--
INFO: Run Behavior\ContentReplaceBehavior [ RunTime:0.000025s ]
INFO: [ template_filter ] --END-- [ RunTime:0.000051s ]
INFO: Run Behavior\ParseTemplateBehavior [ RunTime:0.003861s ]
INFO: [ view_parse ] --END-- [ RunTime:0.003892s ]
INFO: [ view_filter ] --START--
INFO: Run Behavior\WriteHtmlCacheBehavior [ RunTime:0.000125s ]
INFO: [ view_filter ] --END-- [ RunTime:0.000144s ]
INFO: [ app_end ] --START--
INFO: Run Behavior\ShowPageTraceBehavior [ RunTime:0.000293s ]
INFO: [ app_end ] --END-- [ RunTime:0.000314s ]

[ 2019-10-13T11:21:40+08:00 ] 222.135.77.242 /index.php/Student/Student/index.html
INFO: [ app_init ] --START--
INFO: Run Behavior\BuildLiteBehavior [ RunTime:0.000009s ]
INFO: [ app_init ] --END-- [ RunTime:0.000230s ]
INFO: [ app_begin ] --START--
INFO: Run Behavior\ReadHtmlCacheBehavior [ RunTime:0.000289s ]
INFO: [ app_begin ] --END-- [ RunTime:0.000317s ]
SQL: SHOW COLUMNS FROM `paper_student` [ RunTime:0.0010s ]
SQL: select state from paper_student where id='1630090257' [ RunTime:0.0006s ]
SQL: SELECT * FROM `paper_student` WHERE `id` = '1630090257' LIMIT 1   [ RunTime:0.0005s ]
SQL: SHOW COLUMNS FROM `paper_system` [ RunTime:0.0007s ]
SQL: SELECT `name` FROM `paper_system` WHERE `id` = 'r0007'  [ RunTime:0.0004s ]
SQL: SELECT `topic_state1`,`topic_state2` FROM `paper_student` WHERE `id` = '1630090257'  [ RunTime:0.0004s ]
INFO: [ view_parse ] --START--
INFO: [ template_filter ] --START--
INFO: Run Behavior\ContentReplaceBehavior [ RunTime:0.000072s ]
INFO: [ template_filter ] --END-- [ RunTime:0.000118s ]
INFO: Run Behavior\ParseTemplateBehavior [ RunTime:0.006734s ]
INFO: [ view_parse ] --END-- [ RunTime:0.006762s ]
INFO: [ view_filter ] --START--
INFO: Run Behavior\WriteHtmlCacheBehavior [ RunTime:0.000119s ]
INFO: [ view_filter ] --END-- [ RunTime:0.000139s ]
INFO: [ app_end ] --START--
INFO: Run Behavior\ShowPageTraceBehavior [ RunTime:0.000348s ]
INFO: [ app_end ] --END-- [ RunTime:0.000369s ]

[ 2019-10-13T11:21:40+08:00 ] 222.135.77.242 /index.php/Student/Student/js/raphael-min.js
INFO: [ app_init ] --START--
INFO: Run Behavior\BuildLiteBehavior [ RunTime:0.000009s ]
INFO: [ app_init ] --END-- [ RunTime:0.000236s ]
INFO: [ app_begin ] --START--
INFO: Run Behavior\ReadHtmlCacheBehavior [ RunTime:0.000300s ]
INFO: [ app_begin ] --END-- [ RunTime:0.000370s ]
ERR: 非法操作:js

[ 2019-10-13T11:21:40+08:00 ] 222.135.77.242 /index.php/Student/Student/js/raphael-min.js
INFO: [ app_init ] --START--
INFO: Run Behavior\BuildLiteBehavior [ RunTime:0.000008s ]
INFO: [ app_init ] --END-- [ RunTime:0.000241s ]
INFO: [ app_begin ] --START--
INFO: Run Behavior\ReadHtmlCacheBehavior [ RunTime:0.000286s ]
INFO: [ app_begin ] --END-- [ RunTime:0.000321s ]
ERR: 非法操作:js

[ 2019-10-13T12:31:11+08:00 ] 60.212.177.32 /index.php/Student/Student/page_upload_report
INFO: [ app_init ] --START--
INFO: Run Behavior\BuildLiteBehavior [ RunTime:0.000015s ]
INFO: [ app_init ] --END-- [ RunTime:0.000830s ]
INFO: [ app_begin ] --START--
INFO: Run Behavior\ReadHtmlCacheBehavior [ RunTime:0.000851s ]
INFO: [ app_begin ] --END-- [ RunTime:0.000883s ]

[ 2019-10-13T12:31:11+08:00 ] 60.212.177.32 /index.php/Student/login/index.html
INFO: [ app_init ] --START--
INFO: Run Behavior\BuildLiteBehavior [ RunTime:0.000009s ]
INFO: [ app_init ] --END-- [ RunTime:0.000225s ]
INFO: [ app_begin ] --START--
INFO: Run Behavior\ReadHtmlCacheBehavior [ RunTime:0.000281s ]
INFO: [ app_begin ] --END-- [ RunTime:0.000325s ]
INFO: [ view_parse ] --START--
INFO: [ template_filter ] --START--
INFO: Run Behavior\ContentReplaceBehavior [ RunTime:0.001439s ]
INFO: [ template_filter ] --END-- [ RunTime:0.001484s ]
INFO: Run Behavior\ParseTemplateBehavior [ RunTime:0.008721s ]
INFO: [ view_parse ] --END-- [ RunTime:0.008749s ]
INFO: [ view_filter ] --START--
INFO: Run Behavior\WriteHtmlCacheBehavior [ RunTime:0.000685s ]
INFO: [ view_filter ] --END-- [ RunTime:0.000704s ]
INFO: [ app_end ] --START--
INFO: Run Behavior\ShowPageTraceBehavior [ RunTime:0.000745s ]
INFO: [ app_end ] --END-- [ RunTime:0.000768s ]

[ 2019-10-13T12:31:12+08:00 ] 60.212.177.32 /index.php/Student/login/favicon.ico
INFO: [ app_init ] --START--
INFO: Run Behavior\BuildLiteBehavior [ RunTime:0.000008s ]
INFO: [ app_init ] --END-- [ RunTime:0.000238s ]

[ 2019-10-13T12:31:22+08:00 ] 60.212.177.32 /index.php/Student/Login/Login_check?kind=paper_student
INFO: [ app_init ] --START--
INFO: Run Behavior\BuildLiteBehavior [ RunTime:0.000012s ]
INFO: [ app_init ] --END-- [ RunTime:0.000313s ]
INFO: [ app_begin ] --START--
INFO: Run Behavior\ReadHtmlCacheBehavior [ RunTime:0.000405s ]
INFO: [ app_begin ] --END-- [ RunTime:0.000440s ]
SQL: SHOW COLUMNS FROM `paper_student` [ RunTime:0.0010s ]
SQL: SELECT * FROM `paper_student` WHERE `id` = '1630090257' LIMIT 1   [ RunTime:0.0006s ]
SQL: SHOW COLUMNS FROM `paper_system` [ RunTime:0.0007s ]
SQL: SELECT * FROM `paper_system` WHERE `id` = 'r0007' LIMIT 1   [ RunTime:0.0004s ]
NOTIC: [8] Undefined variable: kind /home/bae/app/Application/Student/Controller/LoginController.class.php 第 86 行.
INFO: [ view_parse ] --START--
INFO: [ template_filter ] --START--
INFO: Run Behavior\ContentReplaceBehavior [ RunTime:0.000031s ]
INFO: [ template_filter ] --END-- [ RunTime:0.000059s ]
INFO: Run Behavior\ParseTemplateBehavior [ RunTime:0.004401s ]
INFO: [ view_parse ] --END-- [ RunTime:0.004426s ]
INFO: [ view_filter ] --START--
INFO: Run Behavior\WriteHtmlCacheBehavior [ RunTime:0.000129s ]
INFO: [ view_filter ] --END-- [ RunTime:0.000149s ]
INFO: [ app_end ] --START--
INFO: Run Behavior\ShowPageTraceBehavior [ RunTime:0.000372s ]
INFO: [ app_end ] --END-- [ RunTime:0.000395s ]

[ 2019-10-13T12:31:23+08:00 ] 60.212.177.32 /index.php/Student/Student/index.html
INFO: [ app_init ] --START--
INFO: Run Behavior\BuildLiteBehavior [ RunTime:0.000009s ]
INFO: [ app_init ] --END-- [ RunTime:0.000219s ]
INFO: [ app_begin ] --START--
INFO: Run Behavior\ReadHtmlCacheBehavior [ RunTime:0.000281s ]
INFO: [ app_begin ] --END-- [ RunTime:0.000308s ]
SQL: SHOW COLUMNS FROM `paper_student` [ RunTime:0.0009s ]
SQL: select state from paper_student where id='1630090257' [ RunTime:0.0004s ]
SQL: SELECT * FROM `paper_student` WHERE `id` = '1630090257' LIMIT 1   [ RunTime:0.0004s ]
SQL: SHOW COLUMNS FROM `paper_system` [ RunTime:0.0006s ]
SQL: SELECT `name` FROM `paper_system` WHERE `id` = 'r0007'  [ RunTime:0.0004s ]
SQL: SELECT `topic_state1`,`topic_state2` FROM `paper_student` WHERE `id` = '1630090257'  [ RunTime:0.0006s ]
INFO: [ view_parse ] --START--
INFO: [ template_filter ] --START--
INFO: Run Behavior\ContentReplaceBehavior [ RunTime:0.000068s ]
INFO: [ template_filter ] --END-- [ RunTime:0.000094s ]
INFO: Run Behavior\ParseTemplateBehavior [ RunTime:0.007062s ]
INFO: [ view_parse ] --END-- [ RunTime:0.007089s ]
INFO: [ view_filter ] --START--
INFO: Run Behavior\WriteHtmlCacheBehavior [ RunTime:0.000115s ]
INFO: [ view_filter ] --END-- [ RunTime:0.000134s ]
INFO: [ app_end ] --START--
INFO: Run Behavior\ShowPageTraceBehavior [ RunTime:0.000305s ]
INFO: [ app_end ] --END-- [ RunTime:0.000326s ]

[ 2019-10-13T12:31:24+08:00 ] 60.212.177.32 /index.php/Student/Student/js/raphael-min.js
INFO: [ app_init ] --START--
INFO: Run Behavior\BuildLiteBehavior [ RunTime:0.000010s ]
INFO: [ app_init ] --END-- [ RunTime:0.000225s ]
INFO: [ app_begin ] --START--
INFO: Run Behavior\ReadHtmlCacheBehavior [ RunTime:0.000277s ]
INFO: [ app_begin ] --END-- [ RunTime:0.000312s ]
ERR: 非法操作:js

[ 2019-10-13T12:31:28+08:00 ] 60.212.177.32 /index.php/Student/Student/page_select_title
INFO: [ app_init ] --START--
INFO: Run Behavior\BuildLiteBehavior [ RunTime:0.000009s ]
INFO: [ app_init ] --END-- [ RunTime:0.000218s ]
INFO: [ app_begin ] --START--
INFO: Run Behavior\ReadHtmlCacheBehavior [ RunTime:0.000289s ]
INFO: [ app_begin ] --END-- [ RunTime:0.000315s ]
SQL: SHOW COLUMNS FROM `paper_student` [ RunTime:0.0010s ]
SQL: select state from paper_student where id='1630090257' [ RunTime:0.0006s ]
SQL: SELECT `topic_state1`,`topic_state2` FROM `paper_student` WHERE `id` = '1630090257'  [ RunTime:0.0005s ]
SQL: SHOW COLUMNS FROM `paper_name` [ RunTime:0.0008s ]
SQL: select id,name from paper_name where sid='r0007' [ RunTime:0.0005s ]
INFO: [ view_parse ] --START--
INFO: [ template_filter ] --START--
INFO: Run Behavior\ContentReplaceBehavior [ RunTime:0.000071s ]
INFO: [ template_filter ] --END-- [ RunTime:0.000100s ]
NOTIC: [8] Undefined variable: topic_state /home/bae/app/Application/Runtime/Cache/Student/fb2fb3c3003d69adc9e7529b1b24a543.php 第 73 行.
INFO: Run Behavior\ParseTemplateBehavior [ RunTime:0.006243s ]
INFO: [ view_parse ] --END-- [ RunTime:0.006267s ]
INFO: [ view_filter ] --START--
INFO: Run Behavior\WriteHtmlCacheBehavior [ RunTime:0.000120s ]
INFO: [ view_filter ] --END-- [ RunTime:0.000139s ]
INFO: [ app_end ] --START--
INFO: Run Behavior\ShowPageTraceBehavior [ RunTime:0.000310s ]
INFO: [ app_end ] --END-- [ RunTime:0.000331s ]

[ 2019-10-13T12:31:28+08:00 ] 60.212.177.32 /index.php/Student/Student/js/raphael-min.js
INFO: [ app_init ] --START--
INFO: Run Behavior\BuildLiteBehavior [ RunTime:0.000010s ]
INFO: [ app_init ] --END-- [ RunTime:0.000234s ]
INFO: [ app_begin ] --START--
INFO: Run Behavior\ReadHtmlCacheBehavior [ RunTime:0.000288s ]
INFO: [ app_begin ] --END-- [ RunTime:0.000314s ]
ERR: 非法操作:js

[ 2019-10-13T12:31:29+08:00 ] 60.212.177.32 /index.php/Student/Student/page_upload_report
INFO: [ app_init ] --START--
INFO: Run Behavior\BuildLiteBehavior [ RunTime:0.000010s ]
INFO: [ app_init ] --END-- [ RunTime:0.000291s ]
INFO: [ app_begin ] --START--
INFO: Run Behavior\ReadHtmlCacheBehavior [ RunTime:0.000292s ]
INFO: [ app_begin ] --END-- [ RunTime:0.000319s ]
SQL: SHOW COLUMNS FROM `paper_student` [ RunTime:0.0009s ]
SQL: select state from paper_student where id='1630090257' [ RunTime:0.0005s ]
SQL: select state from paper_student where id='1630090257' [ RunTime:0.0004s ]
INFO: [ view_parse ] --START--
INFO: [ template_filter ] --START--
INFO: Run Behavior\ContentReplaceBehavior [ RunTime:0.000061s ]
INFO: [ template_filter ] --END-- [ RunTime:0.000086s ]
INFO: Run Behavior\ParseTemplateBehavior [ RunTime:0.005607s ]
INFO: [ view_parse ] --END-- [ RunTime:0.005632s ]
INFO: [ view_filter ] --START--
INFO: Run Behavior\WriteHtmlCacheBehavior [ RunTime:0.000118s ]
INFO: [ view_filter ] --END-- [ RunTime:0.000137s ]
INFO: [ app_end ] --START--
INFO: Run Behavior\ShowPageTraceBehavior [ RunTime:0.000333s ]
INFO: [ app_end ] --END-- [ RunTime:0.000354s ]

[ 2019-10-13T12:31:29+08:00 ] 60.212.177.32 /index.php/Student/Student/js/raphael-min.js
INFO: [ app_init ] --START--
INFO: Run Behavior\BuildLiteBehavior [ RunTime:0.000013s ]
INFO: [ app_init ] --END-- [ RunTime:0.000392s ]
INFO: [ app_begin ] --START--
INFO: Run Behavior\ReadHtmlCacheBehavior [ RunTime:0.000398s ]
INFO: [ app_begin ] --END-- [ RunTime:0.000433s ]
ERR: 非法操作:js

[ 2019-10-13T12:31:30+08:00 ] 60.212.177.32 /index.php/Student/Student/index
INFO: [ app_init ] --START--
INFO: Run Behavior\BuildLiteBehavior [ RunTime:0.000013s ]
INFO: [ app_init ] --END-- [ RunTime:0.000348s ]
INFO: [ app_begin ] --START--
INFO: Run Behavior\ReadHtmlCacheBehavior [ RunTime:0.000464s ]
INFO: [ app_begin ] --END-- [ RunTime:0.000504s ]
SQL: SHOW COLUMNS FROM `paper_student` [ RunTime:0.0009s ]
SQL: select state from paper_student where id='1630090257' [ RunTime:0.0005s ]
SQL: SELECT * FROM `paper_student` WHERE `id` = '1630090257' LIMIT 1   [ RunTime:0.0007s ]
SQL: SHOW COLUMNS FROM `paper_system` [ RunTime:0.0007s ]
SQL: SELECT `name` FROM `paper_system` WHERE `id` = 'r0007'  [ RunTime:0.0005s ]
SQL: SELECT `topic_state1`,`topic_state2` FROM `paper_student` WHERE `id` = '1630090257'  [ RunTime:0.0006s ]
INFO: [ view_parse ] --START--
INFO: [ template_filter ] --START--
INFO: Run Behavior\ContentReplaceBehavior [ RunTime:0.000070s ]
INFO: [ template_filter ] --END-- [ RunTime:0.000095s ]
INFO: Run Behavior\ParseTemplateBehavior [ RunTime:0.004597s ]
INFO: [ view_parse ] --END-- [ RunTime:0.004625s ]
INFO: [ view_filter ] --START--
INFO: Run Behavior\WriteHtmlCacheBehavior [ RunTime:0.000119s ]
INFO: [ view_filter ] --END-- [ RunTime:0.000139s ]
INFO: [ app_end ] --START--
INFO: Run Behavior\ShowPageTraceBehavior [ RunTime:0.000308s ]
INFO: [ app_end ] --END-- [ RunTime:0.000329s ]

[ 2019-10-13T12:31:31+08:00 ] 60.212.177.32 /index.php/Student/Student/js/raphael-min.js
INFO: [ app_init ] --START--
INFO: Run Behavior\BuildLiteBehavior [ RunTime:0.000009s ]
INFO: [ app_init ] --END-- [ RunTime:0.000223s ]
INFO: [ app_begin ] --START--
INFO: Run Behavior\ReadHtmlCacheBehavior [ RunTime:0.000280s ]
INFO: [ app_begin ] --END-- [ RunTime:0.000306s ]
ERR: 非法操作:js

